11:13:40 INFO  : Processing command line option -hwspec C:/Users/Kasper/Documents/GitHub/TIHSC/AI_Project/ZyboCar/ZyboCar.sdk/ZyboCarDesign_wrapper.hdf.
11:13:46 INFO  : Launching XSDB server: xsdb.bat -s C:/Xilinx/SDK/2014.4/scripts/xsdb/xsdb/xsdb-server.tcl 2450
11:14:11 INFO  : BSP Project P/ZyboCar_Motor_Test_bsp has been successfully migrated.
11:15:35 INFO  : Saving repository preferences.
11:15:35 INFO  : Reading in cores from local repositories: 
		 C:\Users\Kasper\Documents\GitHub\TIHSC\MotorControl\MotorControl\solution1\impl\ip
11:15:35 INFO  : Cleaning BSP projects in the workspace.
11:16:07 ERROR : Failed to regenerate sources for BSP project ZyboCar_Motor_Test_bsp
org.eclipse.core.internal.resources.ResourceException: Problems encountered while deleting resources.
	at org.eclipse.core.internal.resources.Resource.delete(Resource.java:816)
	at org.eclipse.core.internal.resources.Resource.delete(Resource.java:769)
	at com.xilinx.sdk.sw.ui.handlers.RegenBspSourcesHandler.internalGenerateBsp(RegenBspSourcesHandler.java:170)
	at com.xilinx.sdk.sw.ui.handlers.RegenBspSourcesHandler.access$2(RegenBspSourcesHandler.java:163)
	at com.xilinx.sdk.sw.ui.handlers.RegenBspSourcesHandler$1$1.run(RegenBspSourcesHandler.java:131)
	at org.eclipse.core.internal.resources.Workspace.run(Workspace.java:2345)
	at com.xilinx.sdk.sw.ui.handlers.RegenBspSourcesHandler$1.run(RegenBspSourcesHandler.java:135)
	at org.eclipse.jface.operation.ModalContext$ModalContextThread.run(ModalContext.java:121)
Contains: Could not delete '/ZyboCar_Motor_Test_bsp/ps7_cortexa9_0'.
org.eclipse.core.internal.resources.ResourceException: Problems encountered while deleting resources.
	at org.eclipse.core.internal.localstore.FileSystemResourceManager.delete(FileSystemResourceManager.java:351)
	at org.eclipse.core.internal.resources.ResourceTree.internalDeleteFolder(ResourceTree.java:352)
	at org.eclipse.core.internal.resources.ResourceTree.standardDeleteFolder(ResourceTree.java:798)
	at org.eclipse.core.internal.resources.Resource.unprotectedDelete(Resource.java:1977)
	at org.eclipse.core.internal.resources.Resource.delete(Resource.java:803)
	at org.eclipse.core.internal.resources.Resource.delete(Resource.java:769)
	at com.xilinx.sdk.sw.ui.handlers.RegenBspSourcesHandler.internalGenerateBsp(RegenBspSourcesHandler.java:170)
	at com.xilinx.sdk.sw.ui.handlers.RegenBspSourcesHandler.access$2(RegenBspSourcesHandler.java:163)
	at com.xilinx.sdk.sw.ui.handlers.RegenBspSourcesHandler$1$1.run(RegenBspSourcesHandler.java:131)
	at org.eclipse.core.internal.resources.Workspace.run(Workspace.java:2345)
	at com.xilinx.sdk.sw.ui.handlers.RegenBspSourcesHandler$1.run(RegenBspSourcesHandler.java:135)
	at org.eclipse.jface.operation.ModalContext$ModalContextThread.run(ModalContext.java:121)
Contains: Problems encountered while deleting files.
Contains: Could not delete: C:\Users\Kasper\Documents\GitHub\TIHSC\AI_Project\ZyboCar\ZyboCar.sdk\ZyboCar_Motor_Test_bsp\ps7_cortexa9_0\include\xil_types.h.
Contains: Could not delete: C:\Users\Kasper\Documents\GitHub\TIHSC\AI_Project\ZyboCar\ZyboCar.sdk\ZyboCar_Motor_Test_bsp\ps7_cortexa9_0\include\xl2cc.h.
Contains: Could not delete: C:\Users\Kasper\Documents\GitHub\TIHSC\AI_Project\ZyboCar\ZyboCar.sdk\ZyboCar_Motor_Test_bsp\ps7_cortexa9_0\include\xpm_counter.h.
Contains: Could not delete: C:\Users\Kasper\Documents\GitHub\TIHSC\AI_Project\ZyboCar\ZyboCar.sdk\ZyboCar_Motor_Test_bsp\ps7_cortexa9_0\include\xpseudo_asm_gcc.h.
Contains: Could not delete: C:\Users\Kasper\Documents\GitHub\TIHSC\AI_Project\ZyboCar\ZyboCar.sdk\ZyboCar_Motor_Test_bsp\ps7_cortexa9_0\include\xqspips.h.
Contains: Could not delete: C:\Users\Kasper\Documents\GitHub\TIHSC\AI_Project\ZyboCar\ZyboCar.sdk\ZyboCar_Motor_Test_bsp\ps7_cortexa9_0\include\xscugic_hw.h.
Contains: Could not delete: C:\Users\Kasper\Documents\GitHub\TIHSC\AI_Project\ZyboCar\ZyboCar.sdk\ZyboCar_Motor_Test_bsp\ps7_cortexa9_0\include\xscuwdt_hw.h.
Contains: Could not delete: C:\Users\Kasper\Documents\GitHub\TIHSC\AI_Project\ZyboCar\ZyboCar.sdk\ZyboCar_Motor_Test_bsp\ps7_cortexa9_0\include\xuartps_hw.h.
Contains: Could not delete: C:\Users\Kasper\Documents\GitHub\TIHSC\AI_Project\ZyboCar\ZyboCar.sdk\ZyboCar_Motor_Test_bsp\ps7_cortexa9_0\include.
Contains: Could not delete: C:\Users\Kasper\Documents\GitHub\TIHSC\AI_Project\ZyboCar\ZyboCar.sdk\ZyboCar_Motor_Test_bsp\ps7_cortexa9_0.
11:19:03 INFO  : BSP Project P/standalone_bsp_0 has been successfully migrated.
