13:35:28 INFO  : Processing command line option -hwspec C:/Users/Kasper/Documents/GitHub/TIHSC/lab4/lab4/lab4.sdk/system_wrapper.hdf.
13:35:35 INFO  : Launching XSDB server: xsdb.bat -s C:/Xilinx/SDK/2014.4/scripts/xsdb/xsdb/xsdb-server.tcl 2450
13:50:13 INFO  : No changes in MSS file content so not generating sources.
13:58:49 INFO  : No changes in MSS file content so not generating sources.
14:06:00 INFO  : FPGA configured successfully with bitstream "C:/Users/Kasper/Documents/GitHub/TIHSC/lab4/lab4/lab4.sdk/system_wrapper_hw_platform_0/system_wrapper.bit"
14:07:27 INFO  : Processor reset is completed for ps7_cortexa9_0
14:07:31 ERROR : Unexpected error while launching program.
java.lang.RuntimeException: Failed to download ELF file


    AP transaction error (DP CTRL_STAT=0xf0000021)
    Error Address = 0x00100000, Size = 0x00000004


	at com.xilinx.sdk.targetmanager.internal.TM.downloadELF(TM.java:666)
	at com.xilinx.sdk.debug.core.internal.AppRunner.run(AppRunner.java:129)
	at com.xilinx.sdk.debug.core.XilinxAppLaunchConfigurationDelegate.runApplication(XilinxAppLaunchConfigurationDelegate.java:605)
	at com.xilinx.sdk.debug.core.XilinxAppLaunchConfigurationDelegate.launch(XilinxAppLaunchConfigurationDelegate.java:293)
	at com.xilinx.sdk.debug.ui.XilinxAppLaunchDelegateWrapper.launch(XilinxAppLaunchDelegateWrapper.java:31)
	at org.eclipse.debug.internal.core.LaunchConfiguration.launch(LaunchConfiguration.java:858)
	at org.eclipse.debug.internal.core.LaunchConfiguration.launch(LaunchConfiguration.java:707)
	at org.eclipse.debug.internal.ui.DebugUIPlugin.buildAndLaunch(DebugUIPlugin.java:1018)
	at org.eclipse.debug.internal.ui.DebugUIPlugin$8.run(DebugUIPlugin.java:1222)
	at org.eclipse.core.internal.jobs.Worker.run(Worker.java:53)
14:08:55 ERROR : Unexpected error while parsing XMD response ?: com.google.gson.JsonSyntaxException: com.google.gson.stream.MalformedJsonException: invalid number or unquoted string near 
14:20:49 INFO  : Launching XSDB server: xsdb.bat -s C:/Xilinx/SDK/2014.4/scripts/xsdb/xsdb/xsdb-server.tcl 2450
14:21:08 INFO  : FPGA configured successfully with bitstream "C:/Users/Kasper/Documents/GitHub/TIHSC/lab4/lab4/lab4.sdk/system_wrapper_hw_platform_0/system_wrapper.bit"
14:21:22 INFO  : Processor reset is completed for ps7_cortexa9_0
14:21:23 ERROR : Unexpected error while launching program.
java.lang.RuntimeException: Failed to download ELF file


    Cannot access DDR: the controller is held in reset

	at com.xilinx.sdk.targetmanager.internal.TM.downloadELF(TM.java:666)
	at com.xilinx.sdk.debug.core.internal.AppRunner.run(AppRunner.java:129)
	at com.xilinx.sdk.debug.core.XilinxAppLaunchConfigurationDelegate.runApplication(XilinxAppLaunchConfigurationDelegate.java:605)
	at com.xilinx.sdk.debug.core.XilinxAppLaunchConfigurationDelegate.launch(XilinxAppLaunchConfigurationDelegate.java:293)
	at com.xilinx.sdk.debug.ui.XilinxAppLaunchDelegateWrapper.launch(XilinxAppLaunchDelegateWrapper.java:31)
	at org.eclipse.debug.internal.core.LaunchConfiguration.launch(LaunchConfiguration.java:858)
	at org.eclipse.debug.internal.core.LaunchConfiguration.launch(LaunchConfiguration.java:707)
	at org.eclipse.debug.internal.ui.DebugUIPlugin.buildAndLaunch(DebugUIPlugin.java:1018)
	at org.eclipse.debug.internal.ui.DebugUIPlugin$8.run(DebugUIPlugin.java:1222)
	at org.eclipse.core.internal.jobs.Worker.run(Worker.java:53)
14:22:10 INFO  : FPGA configured successfully with bitstream "C:/Users/Kasper/Documents/GitHub/TIHSC/lab4/lab4/lab4.sdk/system_wrapper_hw_platform_0/system_wrapper.bit"
14:23:38 INFO  : FPGA configured successfully with bitstream "C:/Users/Kasper/Documents/GitHub/TIHSC/lab4/lab4/lab4.sdk/system_wrapper_hw_platform_0/system_wrapper.bit"
14:26:20 INFO  : ps7_init is completed.
14:26:20 INFO  : ps7_post_config is completed.
14:26:20 INFO  : Processor reset is completed for ps7_cortexa9_0
14:28:23 INFO  : Inferring section assignments and sizes from elf file: C:\Users\Kasper\Documents\GitHub\TIHSC\lab4\lab4\lab4.sdk\lab4\Debug\lab4.elf
14:28:39 INFO  : Successfully generated C:\Users\Kasper\Documents\GitHub\TIHSC\lab4\lab4\lab4.sdk\lab4\src\lscript.ld.
14:28:39 INFO  : Applying linker script to all configurations of project lab4.
14:28:39 INFO  : Setting rebuild state to true for all configurations of project lab4.
14:30:45 INFO  : Processor reset is completed for ps7_cortexa9_0
14:32:19 ERROR : Unexpected error while parsing XMD response ?: com.google.gson.JsonSyntaxException: com.google.gson.stream.MalformedJsonException: invalid number or unquoted string near 
14:33:23 INFO  : Launching XSDB server: xsdb.bat -s C:/Xilinx/SDK/2014.4/scripts/xsdb/xsdb/xsdb-server.tcl 2450
