14:56:28 **** Build of configuration Debug for project standalone_bsp_0_xscutimer_polled_example_1 ****
make all 
Building file: ../src/xscutimer_polled_example.c
Invoking: ARM gcc compiler
arm-xilinx-eabi-gcc -Wall -O0 -g3 -c -fmessage-length=0 -MT"src/xscutimer_polled_example.o" -I../../standalone_bsp_0/ps7_cortexa9_0/include -MMD -MP -MF"src/xscutimer_polled_example.d" -MT"src/xscutimer_polled_example.d" -o "src/xscutimer_polled_example.o" "../src/xscutimer_polled_example.c"
../src/xscutimer_polled_example.c: In function 'ScuTimerPolledExample':
../src/xscutimer_polled_example.c:131:15: warning: variable 'CntValue2' set but not used [-Wunused-but-set-variable]
  volatile u32 CntValue2 = 0;
               ^
../src/xscutimer_polled_example.c:130:15: warning: variable 'CntValue1' set but not used [-Wunused-but-set-variable]
  volatile u32 CntValue1 = 0;
               ^
Finished building: ../src/xscutimer_polled_example.c
 
Building target: standalone_bsp_0_xscutimer_polled_example_1.elf
Invoking: ARM gcc linker
arm-xilinx-eabi-gcc -Wl,-T -Wl,../src/lscript.ld -L../../standalone_bsp_0/ps7_cortexa9_0/lib -o "standalone_bsp_0_xscutimer_polled_example_1.elf"  ./src/xscutimer_polled_example.o   -Wl,--start-group,-lxil,-lgcc,-lc,--end-group
c:/xilinx/sdk/2014.4/gnu/arm/nt/bin/../lib/gcc/arm-xilinx-eabi/4.8.3/../../../../arm-xilinx-eabi/bin/ld.exe: cannot find -lxil
collect2.exe: error: ld returned 1 exit status
make: *** [standalone_bsp_0_xscutimer_polled_example_1.elf] Fejl 1

14:56:28 Build Finished (took 840ms)

