@I [HLS-0] Workspace C:/Users/Kasper/Documents/GitHub/TIHSC/Exercise2/HLS_labs/lab2/yuv_filter.prj/solution1 opened at Fri May 08 12:32:51 +0200 2015
@I [HLS-100] Command "config_clock -quiet -name default -period 8 -default=false "
@I [SYN-201] Setting up clock 'default' with a period of 8ns.
@I [HLS-100] Command 'config_clock' returned 0; elapsed 0Total elapsed time: 2.50 sec.
@I [HLS-100] Command "open_platform DefaultPlatform "
@I [HLS-100] Command 'open_platform' returned 0; elapsed 0Total elapsed time: 2.50 sec.
@I [HLS-100] Command "import_lib C:/Xilinx/Vivado_HLS/2014.4/common/technology/xilinx/zynq/zynq "
@I [HLS-100] Command "source C:/Xilinx/Vivado_HLS/2014.4/common/technology/xilinx/common/xilinx.lib "
@I [HLS-100] Command "source C:/Xilinx/Vivado_HLS/2014.4/common/technology/xilinx/interface/xilinx_interface.lib "
@I [HLS-100] Command "source C:/Xilinx/Vivado_HLS/2014.4/common/technology/xilinx/interface/plb46.lib "
@I [HLS-100] Command 'ap_source' returned 0; elapsed 0Total elapsed time: 2.60 sec.
@I [HLS-100] Command "source C:/Xilinx/Vivado_HLS/2014.4/common/technology/xilinx/interface/fsl.lib "
@I [HLS-100] Command 'ap_source' returned 0; elapsed 0Total elapsed time: 2.60 sec.
@I [HLS-100] Command "source C:/Xilinx/Vivado_HLS/2014.4/common/technology/xilinx/interface/axi4.lib "
@I [HLS-100] Command 'ap_source' returned 0; elapsed 0Total elapsed time: 2.60 sec.
@I [HLS-100] Command "source C:/Xilinx/Vivado_HLS/2014.4/common/technology/xilinx/interface/maxi.lib "
@I [HLS-100] Command 'ap_source' returned 0; elapsed 0Total elapsed time: 2.60 sec.
@I [HLS-100] Command "source C:/Xilinx/Vivado_HLS/2014.4/common/technology/xilinx/interface/saxilite.lib "
@I [HLS-100] Command 'ap_source' returned 0; elapsed 0Total elapsed time: 2.60 sec.
@I [HLS-100] Command 'ap_source' returned 0; elapsed 0.01Total elapsed time: 2.60 sec.
@I [HLS-100] Command "source C:/Xilinx/Vivado_HLS/2014.4/common/technology/xilinx/common/dsp48.lib "
@I [HLS-100] Command 'ap_source' returned 0; elapsed 0Total elapsed time: 2.60 sec.
@I [HLS-100] Command "source C:/Xilinx/Vivado_HLS/2014.4/common/technology/xilinx/ip/xfft.lib "
@I [HLS-100] Command 'ap_source' returned 0; elapsed 0Total elapsed time: 2.60 sec.
@I [HLS-100] Command "source C:/Xilinx/Vivado_HLS/2014.4/common/technology/xilinx/ip/xfir.lib "
@I [HLS-100] Command 'ap_source' returned 0; elapsed 0Total elapsed time: 2.60 sec.
@I [HLS-100] Command 'ap_source' returned 0; elapsed 0.01Total elapsed time: 2.60 sec.
@I [HLS-100] Command "source C:/Xilinx/Vivado_HLS/2014.4/common/technology/xilinx/common/xilinx_old.lib "
@I [HLS-100] Command 'ap_source' returned 0; elapsed 0.01Total elapsed time: 2.70 sec.
@I [HLS-100] Command "source C:/Xilinx/Vivado_HLS/2014.4/common/technology/xilinx/common/xilinx_vivado.lib "
@I [HLS-100] Command 'ap_source' returned 0; elapsed 0Total elapsed time: 2.70 sec.
@I [HLS-100] Command "source C:/Xilinx/Vivado_HLS/2014.4/common/technology/xilinx/common/xilinx.hlp "
@I [HLS-100] Command "source C:/Xilinx/Vivado_HLS/2014.4/common/technology/xilinx/common/target_info.tcl "
@I [HLS-100] Command 'ap_source' returned 0; elapsed 0Total elapsed time: 2.90 sec.
@I [HLS-100] Command "source C:/Xilinx/Vivado_HLS/2014.4/common/technology/xilinx/interface/xilinx_interface.hlp "
@I [HLS-100] Command "source C:/Xilinx/Vivado_HLS/2014.4/common/technology/xilinx/interface/maxi.hlp "
@I [HLS-100] Command 'ap_source' returned 0; elapsed 0.01Total elapsed time: 2.110 sec.
@I [HLS-100] Command "source C:/Xilinx/Vivado_HLS/2014.4/common/technology/xilinx/interface/saxilite.hlp "
@I [HLS-100] Command 'ap_source' returned 0; elapsed 0.01Total elapsed time: 2.120 sec.
@I [HLS-100] Command 'ap_source' returned 0; elapsed 0.03Total elapsed time: 2.120 sec.
@I [HLS-100] Command "source C:/Xilinx/Vivado_HLS/2014.4/common/technology/xilinx/common/dsp48.hlp "
@I [HLS-100] Command 'ap_source' returned 0; elapsed 0.01Total elapsed time: 2.130 sec.
@I [HLS-100] Command 'ap_source' returned 0; elapsed 0.05Total elapsed time: 2.130 sec.
@I [HLS-100] Command "source C:/Xilinx/Vivado_HLS/2014.4/common/technology/xilinx/zynq/dsp48e1.hlp "
@I [HLS-100] Command 'ap_source' returned 0; elapsed 0.01Total elapsed time: 2.140 sec.
@I [HLS-100] Command "get_default_platform "
@I [HLS-100] Command 'get_default_platform' returned 0; elapsed 0Total elapsed time: 2.140 sec.
@I [HLS-100] Command "config_chip_info -quiet -resource  {SLICE 13300}  {LUT 53200}     {FF 106400} {DSP48E 220}   {BRAM 280}  "
@I [HLS-100] Command 'config_chip_info' returned 0; elapsed 0Total elapsed time: 2.140 sec.
@I [HLS-100] Command "config_chip_info -quiet -speed medium "
@I [HLS-100] Command 'config_chip_info' returned 0; elapsed 0Total elapsed time: 2.140 sec.
@I [HLS-100] Command 'import_lib' returned 0; elapsed 0.09Total elapsed time: 2.140 sec.
@I [HLS-100] Command "source C:/Xilinx/Vivado_HLS/2014.4/common/technology/xilinx/zynq/zynq.gen "
@I [HLS-100] Command "source C:/Xilinx/Vivado_HLS/2014.4/common/technology/xilinx/common/virtex.gen "
@I [HLS-100] Command "source C:/Xilinx/Vivado_HLS/2014.4/common/technology/xilinx/common/xilinx.gen "
@I [HLS-100] Command "source C:/Xilinx/Vivado_HLS/2014.4/common/technology/xilinx/interface/plb46.gen "
@I [HLS-100] Command 'ap_source' returned 0; elapsed 0Total elapsed time: 2.140 sec.
@I [HLS-100] Command "source C:/Xilinx/Vivado_HLS/2014.4/common/technology/xilinx/interface/fsl.gen "
@I [HLS-100] Command 'ap_source' returned 0; elapsed 0Total elapsed time: 2.140 sec.
@I [HLS-100] Command "source C:/Xilinx/Vivado_HLS/2014.4/common/technology/xilinx/interface/axi4.gen "
@I [HLS-100] Command 'ap_source' returned 0; elapsed 0.01Total elapsed time: 2.150 sec.
@I [HLS-100] Command "source C:/Xilinx/Vivado_HLS/2014.4/common/technology/xilinx/interface/nativeAXI4.gen "
@I [HLS-100] Command "source C:/Xilinx/Vivado_HLS/2014.4/common/technology/xilinx/interface/saxilite.gen "
@I [HLS-100] Command 'ap_source' returned 0; elapsed 0Total elapsed time: 2.150 sec.
@I [HLS-100] Command "source C:/Xilinx/Vivado_HLS/2014.4/common/technology/xilinx/interface/maxi.gen "
@I [HLS-100] Command 'ap_source' returned 0; elapsed 0.01Total elapsed time: 2.160 sec.
@I [HLS-100] Command 'ap_source' returned 0; elapsed 0.01Total elapsed time: 2.160 sec.
@I [HLS-100] Command "source C:/Xilinx/Vivado_HLS/2014.4/common/technology/xilinx/scripts/xilinxcoregen.gen "
@I [HLS-100] Command 'ap_source' returned 0; elapsed 0.03Total elapsed time: 2.190 sec.
@I [HLS-100] Command "source C:/Xilinx/Vivado_HLS/2014.4/common/technology/xilinx/interface/XilEDKCoreGen.gen "
@I [HLS-100] Command 'ap_source' returned 0; elapsed 0.01Total elapsed time: 2.200 sec.
@I [HLS-100] Command "source C:/Xilinx/Vivado_HLS/2014.4/common/technology/xilinx/ip/util.gen "
@I [HLS-100] Command 'ap_source' returned 0; elapsed 0.01Total elapsed time: 2.210 sec.
@I [HLS-100] Command "source C:/Xilinx/Vivado_HLS/2014.4/common/technology/xilinx/ip/xfft.gen "
@I [HLS-100] Command 'ap_source' returned 0; elapsed 0.135Total elapsed time: 2.345 sec.
@I [HLS-100] Command "source C:/Xilinx/Vivado_HLS/2014.4/common/technology/xilinx/ip/xfir.gen "
@I [HLS-100] Command "source C:/Xilinx/Vivado_HLS/2014.4/tps/tcl/tcllib1.11.1/struct/list.tcl "
@I [HLS-100] Command "source C:/Xilinx/Vivado_HLS/2014.4/tps/tcl/tcllib1.11.1/cmdline/cmdline.tcl "
@I [HLS-100] Command 'ap_source' returned 0; elapsed 0Total elapsed time: 2.375 sec.
@I [HLS-100] Command 'ap_source' returned 0; elapsed 0.01Total elapsed time: 2.375 sec.
@I [HLS-100] Command "source C:/Xilinx/Vivado_HLS/2014.4/tps/tcl/tcllib1.11.1/math/bignum.tcl "
@I [HLS-100] Command 'ap_source' returned 0; elapsed 0Total elapsed time: 2.385 sec.
@I [HLS-100] Command 'ap_source' returned 0; elapsed 0.05Total elapsed time: 2.395 sec.
@I [HLS-100] Command 'ap_source' returned 0; elapsed 0.255Total elapsed time: 2.395 sec.
@I [HLS-100] Command "source C:/Xilinx/Vivado_HLS/2014.4/common/technology/xilinx/common/dsp48.gen "
@I [HLS-100] Command 'ap_source' returned 0; elapsed 0Total elapsed time: 2.395 sec.
@I [HLS-100] Command 'ap_source' returned 0; elapsed 0.255Total elapsed time: 2.395 sec.
@I [HLS-100] Command 'ap_source' returned 0; elapsed 0.255Total elapsed time: 2.395 sec.
@I [HLS-100] Command "open_platform DefaultPlatform "
@I [HLS-100] Command 'open_platform' returned 0; elapsed 0Total elapsed time: 2.395 sec.
@I [HLS-100] Command "import_lib C:/Xilinx/Vivado_HLS/2014.4/common/technology/xilinx/zynq/zynq_fpv6 "
@I [HLS-100] Command "source C:/Xilinx/Vivado_HLS/2014.4/common/technology/xilinx/common/xilinx_fpv7.lib "
@I [HLS-100] Command 'ap_source' returned 0; elapsed 0Total elapsed time: 2.395 sec.
@I [HLS-100] Command "source C:/Xilinx/Vivado_HLS/2014.4/common/technology/xilinx/common/xilinx_fpv.hlp "
@I [HLS-100] Command "source C:/Xilinx/Vivado_HLS/2014.4/common/technology/xilinx/common/xilinx.hlp "
@I [HLS-100] Command "source C:/Xilinx/Vivado_HLS/2014.4/common/technology/xilinx/common/target_info.tcl "
@I [HLS-100] Command 'ap_source' returned 0; elapsed 0Total elapsed time: 2.435 sec.
@I [HLS-100] Command "source C:/Xilinx/Vivado_HLS/2014.4/common/technology/xilinx/interface/xilinx_interface.hlp "
@I [HLS-100] Command "source C:/Xilinx/Vivado_HLS/2014.4/common/technology/xilinx/interface/maxi.hlp "
@I [HLS-100] Command 'ap_source' returned 0; elapsed 0Total elapsed time: 2.435 sec.
@I [HLS-100] Command "source C:/Xilinx/Vivado_HLS/2014.4/common/technology/xilinx/interface/saxilite.hlp "
@I [HLS-100] Command 'ap_source' returned 0; elapsed 0Total elapsed time: 2.435 sec.
@I [HLS-100] Command 'ap_source' returned 0; elapsed 0Total elapsed time: 2.435 sec.
@I [HLS-100] Command "source C:/Xilinx/Vivado_HLS/2014.4/common/technology/xilinx/common/dsp48.hlp "
@I [HLS-100] Command 'ap_source' returned 0; elapsed 0Total elapsed time: 2.435 sec.
@I [HLS-100] Command 'ap_source' returned 0; elapsed 0Total elapsed time: 2.435 sec.
@I [HLS-100] Command 'ap_source' returned 0; elapsed 0.02Total elapsed time: 2.435 sec.
@I [HLS-100] Command 'import_lib' returned 0; elapsed 0.05Total elapsed time: 2.445 sec.
@I [HLS-100] Command "source C:/Xilinx/Vivado_HLS/2014.4/common/technology/xilinx/zynq/zynq_fpv6.gen "
@I [HLS-100] Command "source C:/Xilinx/Vivado_HLS/2014.4/common/technology/xilinx/common/xilinx_fpv6.gen "
@I [HLS-100] Command 'ap_source' returned 0; elapsed 0Total elapsed time: 2.445 sec.
@I [HLS-100] Command 'ap_source' returned 0; elapsed 0Total elapsed time: 2.445 sec.
@I [HLS-100] Command "set_part xc7z010clg400-1 "
@I [HLS-100] Command "add_library xilinx/zynq/zynq:xc7z010:clg400:-1 "
@I [HLS-100] Command "get_default_platform "
@I [HLS-100] Command 'get_default_platform' returned 0; elapsed 0Total elapsed time: 2.455 sec.
@I [HLS-100] Command "license_exists VIVADO_HLS "
@I [LICQ-103] Checked out feature [VIVADO_HLS]
@I [LIC-101] Checked out feature [VIVADO_HLS]
@I [HLS-100] Command 'license_exists' returned 0; elapsed 0Total elapsed time: 2.455 sec.
@I [HLS-100] Command "get_default_platform "
@I [HLS-100] Command 'get_default_platform' returned 0; elapsed 0Total elapsed time: 2.455 sec.
@I [HLS-100] Command "config_chip_info -quiet -resource  {SLICE 4400}   {LUT 17600}     {FF 35200}  {DSP48E 80}    {BRAM 120}  "
@I [HLS-100] Command 'config_chip_info' returned 0; elapsed 0Total elapsed time: 2.455 sec.
@I [HLS-100] Command "config_chip_info -quiet -speed slow "
@I [HLS-100] Command 'config_chip_info' returned 0; elapsed 0Total elapsed time: 2.455 sec.
@I [HLS-100] Command 'add_library' returned 0; elapsed 0Total elapsed time: 2.455 sec.
@I [HLS-100] Command "add_library xilinx/zynq/zynq_fpv6 "
@I [HLS-100] Command "get_default_platform "
@I [HLS-100] Command 'get_default_platform' returned 0; elapsed 0Total elapsed time: 2.455 sec.
@I [HLS-100] Command "license_exists VIVADO_HLS "
@I [HLS-100] Command 'license_exists' returned 0; elapsed 0Total elapsed time: 2.455 sec.
@I [HLS-100] Command 'add_library' returned 0; elapsed 0Total elapsed time: 2.455 sec.
@I [HLS-10] Setting target device to 'xc7z010clg400-1'
@I [HLS-100] Command 'set_part' returned 0; elapsed 0.01Total elapsed time: 2.455 sec.
@I [HLS-100] Command "get_default_platform "
@I [HLS-100] Command 'get_default_platform' returned 0; elapsed 0Total elapsed time: 2.455 sec.
@I [HLS-100] Command "config_chip_info -quiet -resource  {SLICE 4400}   {LUT 17600}     {FF 35200}  {DSP48E 80}    {BRAM 120}  "
@I [HLS-100] Command 'config_chip_info' returned 0; elapsed 0Total elapsed time: 2.455 sec.
@I [HLS-100] Command "config_chip_info -quiet -speed slow "
@I [HLS-100] Command 'config_chip_info' returned 0; elapsed 0Total elapsed time: 2.455 sec.
@I [HLS-100] Command 'open_solution' returned 0; elapsed 0.435Total elapsed time: 2.465 sec.
@I [HLS-100] Command "set_part xc7z010clg400-1 "
@I [HLS-100] Command "add_library xilinx/zynq/zynq:xc7z010:clg400:-1 "
@I [HLS-100] Command "get_default_platform "
@I [HLS-100] Command 'get_default_platform' returned 0; elapsed 0Total elapsed time: 2.465 sec.
@I [HLS-100] Command "license_exists VIVADO_HLS "
@I [HLS-100] Command 'license_exists' returned 0; elapsed 0Total elapsed time: 2.465 sec.
@I [HLS-100] Command "get_default_platform "
@I [HLS-100] Command 'get_default_platform' returned 0; elapsed 0Total elapsed time: 2.465 sec.
@I [HLS-100] Command "config_chip_info -quiet -resource  {SLICE 4400}   {LUT 17600}     {FF 35200}  {DSP48E 80}    {BRAM 120}  "
@I [HLS-100] Command 'config_chip_info' returned 0; elapsed 0Total elapsed time: 2.465 sec.
@I [HLS-100] Command "config_chip_info -quiet -speed slow "
@I [HLS-100] Command 'config_chip_info' returned 0; elapsed 0Total elapsed time: 2.465 sec.
@I [HLS-100] Command 'add_library' returned 0; elapsed 0.01Total elapsed time: 2.475 sec.
@I [HLS-100] Command "add_library xilinx/zynq/zynq_fpv6 "
@I [HLS-100] Command "get_default_platform "
@I [HLS-100] Command 'get_default_platform' returned 0; elapsed 0Total elapsed time: 2.475 sec.
@I [HLS-100] Command "license_exists VIVADO_HLS "
@I [HLS-100] Command 'license_exists' returned 0; elapsed 0Total elapsed time: 2.475 sec.
@I [HLS-100] Command 'add_library' returned 0; elapsed 0Total elapsed time: 2.475 sec.
@I [HLS-100] Command 'set_part' returned 0; elapsed 0.01Total elapsed time: 2.475 sec.
@I [HLS-100] Command "create_clock -period 8 -name default "
@I [HLS-100] Command 'create_clock' returned 0; elapsed 0Total elapsed time: 2.475 sec.
@I [HLS-100] Command "source ./yuv_filter.prj/solution1/directives.tcl "
@I [HLS-100] Command 'ap_source' returned 0; elapsed 0Total elapsed time: 2.475 sec.
@I [HLS-100] Command "csynth_design "
@I [HLS-100] Command "elaborate -effort=medium -skip_syncheck=0 -lm=0 -skip_cdt=0 -skip_transform=0 -ng=0 -g=0 -opt_fp=0 "
@I [HLS-10] Analyzing design file 'yuv_filter.c' ... 
@0 [HLS-0] Analyzing design file 'yuv_filter.c' ... 
@I [HLS-0] Compiling one TU...
@I [HLS-0] 
Checking before pre-process: exec clang -fno-limit-debug-info -gcc-toolchain "C:/Xilinx/Vivado_HLS/2014.4/msys" -hls    -D "__asm__(...)=" -fno-math-errno -c -emit-llvm -O0  -mllvm -disable-llvm-optzns -std=gnu89   -DAESL_SYN -D__SYNTHESIS__ -D__HLS_SYN__ -I "C:/Xilinx/Vivado_HLS/2014.4/common/technology/autopilot" -I "C:/Xilinx/Vivado_HLS/2014.4/common/technology/autopilot/ap_sysc" -include etc/autopilot_ssdm_op.h -D__cdecl=  "yuv_filter.c"  -o "C:/Users/Kasper/Documents/GitHub/TIHSC/Exercise2/HLS_labs/lab2/yuv_filter.prj/solution1/.autopilot/db/yuv_filter.pp.00.o"

@I [HLS-0] Syntax Checker time: 0 seconds per iteration
@I [HLS-0] 
Source preprocessing: exec clang -fno-limit-debug-info -gcc-toolchain "C:/Xilinx/Vivado_HLS/2014.4/msys" -hls -fno-exceptions  -D__llvm__  -CC -E "yuv_filter.c"     -D "__asm__(...)=" -fno-math-errno -c -emit-llvm -O0  -mllvm -disable-llvm-optzns -std=gnu89   -DAESL_SYN -D__SYNTHESIS__ -D__HLS_SYN__ -I "C:/Xilinx/Vivado_HLS/2014.4/common/technology/autopilot" -I "C:/Xilinx/Vivado_HLS/2014.4/common/technology/autopilot/ap_sysc" -include etc/autopilot_ssdm_op.h -D__cdecl= -D "__asm__(...)="  -o "C:/Users/Kasper/Documents/GitHub/TIHSC/Exercise2/HLS_labs/lab2/yuv_filter.prj/solution1/.autopilot/db/yuv_filter.pp.0.c"

@I [HLS-0] GCC PP time: 0 seconds per iteration
@I [HLS-100] Command "list_core -type functional_unit "
@I [HLS-100] Command 'list_core' returned 0; elapsed 0Total elapsed time: 2.695 sec.
@I [HLS-0] Marker-Pragma convertor: C:/Users/Kasper/Documents/GitHub/TIHSC/Exercise2/HLS_labs/lab2/yuv_filter.prj/solution1/.autopilot/db/yuv_filter.pp.0.c C:/Users/Kasper/Documents/GitHub/TIHSC/Exercise2/HLS_labs/lab2/yuv_filter.prj/solution1/.autopilot/db/yuv_filter.pp.0.c.ap-line.c C:/Users/Kasper/Documents/GitHub/TIHSC/Exercise2/HLS_labs/lab2/yuv_filter.prj/solution1/.autopilot/db/yuv_filter.pp.0.c.ap-line.c.CXX 1
@I [HLS-0] 
Source processor: exec C:/Xilinx/Vivado_HLS/2014.4/tps/win64/jre/bin/java -Xmx512m -classpath   "C:/Xilinx/Vivado_HLS/2014.4/lib/classes/autopilot.sourceprocessor.jar;C:/Xilinx/Vivado_HLS/2014.4/lib/classes/org.eclipse.cdt.core_5.3.0.xilinx_patch.jar;C:/Xilinx/Vivado_HLS/2014.4/lib/classes/org.eclipse.core.runtime_3.7.0.v20110110.jar;C:/Xilinx/Vivado_HLS/2014.4/lib/classes/org.eclipse.equinox.common_3.6.0.v20110523.jar;C:/Xilinx/Vivado_HLS/2014.4/lib/classes/com.ibm.icu_4.4.2.v20110208.jar;C:/Xilinx/Vivado_HLS/2014.4/lib/classes/jargs.jar;C:/Xilinx/Vivado_HLS/2014.4/win64/tools/eclipse/plugins/org.eclipse.emf.common_2.10.0.v20140514-1158.jar;C:/Xilinx/Vivado_HLS/2014.4/win64/tools/eclipse/plugins/org.eclipse.emf.ecore_2.10.0.v20140514-1158.jar;C:/Xilinx/Vivado_HLS/2014.4/win64/tools/eclipse/plugins/org.eclipse.emf.ecore.xmi_2.10.0.v20140514-1158.jar;C:/Xilinx/Vivado_HLS/2014.4/win64/tools/eclipse/plugins/com.autoesl.autopilot.ui.directiveFileModel_1.0.0.jar;C:/Xilinx/Vivado_HLS/2014.4/win64/tools/eclipse/plugins/com.autoesl.autopilot.ui.common_1.0.0.jar"  autopilot.sourceprocessor.CParser  "C:/Users/Kasper/Documents/GitHub/TIHSC/Exercise2/HLS_labs/lab2/yuv_filter.prj/solution1/.autopilot/db/yuv_filter.pp.0.c.ap-line.c"  -m "yuv_filter" -o "C:/Users/Kasper/Documents/GitHub/TIHSC/Exercise2/HLS_labs/lab2/yuv_filter.prj/solution1/.autopilot/db/yuv_filter.pp.0.c.ap-cdt.c" -c --ad --pc --pp --directive C:/Users/Kasper/Documents/GitHub/TIHSC/Exercise2/HLS_labs/lab2/yuv_filter.prj/solution1/solution1.directive --source C:/Users/Kasper/Documents/GitHub/TIHSC/Exercise2/HLS_labs/lab2/yuv_filter.c --error C:/Users/Kasper/Documents/GitHub/TIHSC/Exercise2/HLS_labs/lab2/yuv_filter.prj/solution1/.autopilot/db --funcunit "AddSub AddSub_DSP AddSubnS DAddSub_fulldsp DAddSub_nodsp DDiv DExp_fulldsp DExp_meddsp DExp_nodsp DLog_fulldsp DLog_meddsp DLog_nodsp DMul_fulldsp DMul_maxdsp DMul_meddsp DMul_nodsp DRSqrt DRecip DSqrt DivnS FAddSub_fulldsp FAddSub_nodsp FDiv FExp_fulldsp FExp_meddsp FExp_nodsp FLog_fulldsp FLog_meddsp FLog_nodsp FMul_fulldsp FMul_maxdsp FMul_meddsp FMul_nodsp FRSqrt_fulldsp FRSqrt_nodsp FRecip_fulldsp FRecip_nodsp FSqrt Mul Mul2S Mul3S Mul4S Mul5S Mul6S MulnS" --lp --ca --gf --df --pd --p2d C:/Users/Kasper/Documents/GitHub/TIHSC/Exercise2/HLS_labs/lab2/yuv_filter.prj/solution1/.autopilot/db --sd --scff C:/Users/Kasper/Documents/GitHub/TIHSC/Exercise2/HLS_labs/lab2/yuv_filter.prj/solution1/.autopilot/db/.systemc_flag

@I [HLS-0] Marker-Pragma convertor: C:/Users/Kasper/Documents/GitHub/TIHSC/Exercise2/HLS_labs/lab2/yuv_filter.prj/solution1/.autopilot/db/yuv_filter.pp.0.c.ap-cdt.c C:/Users/Kasper/Documents/GitHub/TIHSC/Exercise2/HLS_labs/lab2/yuv_filter.prj/solution1/.autopilot/db/yuv_filter.pragma.0.c C:/Users/Kasper/Documents/GitHub/TIHSC/Exercise2/HLS_labs/lab2/yuv_filter.prj/solution1/.autopilot/db/yuv_filter.pragma.0.c.ap-line.CXX 0
@I [HLS-100] Command "source C:/Users/Kasper/Documents/GitHub/TIHSC/Exercise2/HLS_labs/lab2/yuv_filter.prj/solution1/.autopilot/db/pragma.status.tcl "
@I [HLS-100] Command 'ap_source' returned 0; elapsed 0Total elapsed time: 3.963 sec.
@I [HLS-0] CDT processor time: 1 seconds per iteration
@I [HLS-0] Pragma handling time: 0 seconds per iteration
@I [HLS-0] 
Source preprocessing: exec clang -fno-limit-debug-info -gcc-toolchain "C:/Xilinx/Vivado_HLS/2014.4/msys" -hls -fno-exceptions  -D__llvm__  -CC -E "C:/Users/Kasper/Documents/GitHub/TIHSC/Exercise2/HLS_labs/lab2/yuv_filter.prj/solution1/.autopilot/db/yuv_filter.pragma.1.c"     -D "__asm__(...)=" -fno-math-errno -c -emit-llvm -O0  -mllvm -disable-llvm-optzns -std=gnu89   -DAESL_SYN -D__SYNTHESIS__ -D__HLS_SYN__ -I "C:/Xilinx/Vivado_HLS/2014.4/common/technology/autopilot" -I "C:/Xilinx/Vivado_HLS/2014.4/common/technology/autopilot/ap_sysc" -include etc/autopilot_ssdm_op.h -D__cdecl= -D "__asm__(...)="  -o "C:/Users/Kasper/Documents/GitHub/TIHSC/Exercise2/HLS_labs/lab2/yuv_filter.prj/solution1/.autopilot/db/yuv_filter.pragma.2.c"

@I [HLS-0] exec clang -fno-limit-debug-info -gcc-toolchain C:/Xilinx/Vivado_HLS/2014.4/msys -hls -fno-exceptions  -D__llvm__  -w  "C:/Users/Kasper/Documents/GitHub/TIHSC/Exercise2/HLS_labs/lab2/yuv_filter.prj/solution1/.autopilot/db/yuv_filter.pragma.2.c"    -D "__asm__(...)=" -fno-math-errno -c -emit-llvm -O0  -mllvm -disable-llvm-optzns -std=gnu89  -DAESL_SYN -D__SYNTHESIS__ -D__HLS_SYN__ -I "C:/Xilinx/Vivado_HLS/2014.4/common/technology/autopilot" -I "C:/Xilinx/Vivado_HLS/2014.4/common/technology/autopilot/ap_sysc" -include etc/autopilot_ssdm_op.h -g -o "C:/Users/Kasper/Documents/GitHub/TIHSC/Exercise2/HLS_labs/lab2/yuv_filter.prj/solution1/.autopilot/db/yuv_filter.g.bc"
@I [HLS-10] Validating synthesis directives ...
@0 [HLS-0] Validating synthesis directives ...
@I [HLS-100] Command "source C:/Users/Kasper/Documents/GitHub/TIHSC/Exercise2/HLS_labs/lab2/yuv_filter.prj/solution1/.autopilot/db/pragma.status.tcl "
@I [HLS-100] Command 'ap_source' returned 0; elapsed 0Total elapsed time: 4.113 sec.
@I [HLS-0] Linking all ...
@I [HLS-0] exec llvm-ld  "C:/Users/Kasper/Documents/GitHub/TIHSC/Exercise2/HLS_labs/lab2/yuv_filter.prj/solution1/.autopilot/db/yuv_filter.bc"  -disable-opt  -LC:/Xilinx/Vivado_HLS/2014.4/win64/lib -lm_basic -o "C:/Users/Kasper/Documents/GitHub/TIHSC/Exercise2/HLS_labs/lab2/yuv_filter.prj/solution1/.autopilot/db/a.o.pre"
@I [HLS-0] Link time: 0 seconds per iteration
@I [HLS-0] Linking all ...
@I [HLS-0] exec llvm-ld  "C:/Users/Kasper/Documents/GitHub/TIHSC/Exercise2/HLS_labs/lab2/yuv_filter.prj/solution1/.autopilot/db/yuv_filter.g.bc"  -disable-opt  -LC:/Xilinx/Vivado_HLS/2014.4/win64/lib -lm_basic -o "C:/Users/Kasper/Documents/GitHub/TIHSC/Exercise2/HLS_labs/lab2/yuv_filter.prj/solution1/.autopilot/db/a.g.pre"
@I [HLS-0] Link time: 0 seconds per iteration
@I [HLS-100] Command "opt_and_import_c a -opt_level=2 -skip_syncheck=0 -ng=0 "
@I [HLS-100] Command "cleanup_all_models "
@I [HLS-100] Command 'cleanup_all_models' returned 0; elapsed 0Total elapsed time: 4.263 sec.
@I [HLS-10] Starting code transformations ...
@0 [HLS-0] Starting code transformations ...
@I [HLS-0] std xform: transform -hls -share-std-xform -always-inline -promote-dbg-pointer  -interface-preproc  -scalarrepl -mem2reg -keep-read-access -instcombine -dce  -promote-dbg-pointer  -bitop-raise  -indvars -loop-simplify -xunroll  -constprop -instcombine -simplifycfg -indvars  -simplifycfg -dce -globaldce  -basicaa  -simplifycfg -mem2reg -globalopt  -global-constprop -deadargelim -instcombine -simplifycfg  -prune-eh -simplifycfg  -scalarrepl -instcombine -reassociate -licm  -simplifycfg -loop-simplify -indvars -instcombine  -simplifycfg -mem2reg -loop-simplify -indvars -instcombine  -gvn -gvn -instcombine -adce  -break-crit-edges  -simplifycfg -loop-delete  -global-array-opt -dce -dse -adce  -find-syn-modules -top yuv_filter  -deadargelim  -mem2reg -instcombine -dce  -presyn-prepare -auto-rom-infer  -interface-preproc  -syn-check -check-rec-only  -find-region -simplifycfg -func-extr -function-inline  -mem2reg -instcombine -dce   -gvn -globaldce -adce -adse  -constprop -instcombine -bit-constprop  -instcombine -dce -simplifycfg -bitop-raise  -simplifycfg -dce -loop-delete -reassociate  -globalopt -global-privatize -mem2reg -dce  -global-constprop -pointer-simplify -constprop -dce  -func-inst -deadargelim  -promote-dbg-pointer  -norm-name   C:/Users/Kasper/Documents/GitHub/TIHSC/Exercise2/HLS_labs/lab2/yuv_filter.prj/solution1/.autopilot/db/a.g.0.bc -o C:/Users/Kasper/Documents/GitHub/TIHSC/Exercise2/HLS_labs/lab2/yuv_filter.prj/solution1/.autopilot/db/a.g.1.bc -f  -phase std-opt
@I [HLS-0] Std xform time: 0 seconds per iteration
@I [HLS-10] Checking synthesizability ...
@0 [HLS-0] Checking synthesizability ...
@I [HLS-0] syn check 1/2: transform -hls -syn-check -check-rec-only -disaggr -scalarrepl -norm-name -dce  -mem2reg -instcombine -function-uniquify  -directive-preproc -function-uniquify -directive-preproc -mem2reg -dse -dce -auto-rom-infer -dce  -array-normalize -instcombine -dce  -array-seg-normalize -instcombine -dce  -array-flatten -instcombine -dce  -array-burst -dce  -deadargelim -promote-global-argument  -function-inline -dce  -doublePtrSimplify -doublePtrElim -dce  -doublePtrSimplify -promote-dbg-pointer  -dce -scalarrepl -dse -adse -instcombine  -ptrLegalization  -simplifycfg -dce -instcombine  -pointer-simplify -ptrArgReplace -dce -instcombine   -disaggr -scalarrepl -norm-name -dce  -mem2reg -instcombine -ptrLegalization   -simplifycfg -deadargelim  -instcombine -dce -inst-simplify -function-uniquify  -directive-preproc -function-uniquify -directive-preproc -mem2reg -dse -dce  -globaldce    C:/Users/Kasper/Documents/GitHub/TIHSC/Exercise2/HLS_labs/lab2/yuv_filter.prj/solution1/.autopilot/db/a.g.1.bc -o C:/Users/Kasper/Documents/GitHub/TIHSC/Exercise2/HLS_labs/lab2/yuv_filter.prj/solution1/.autopilot/db/a.g.2.prechk.bc -f
@I [HLS-0] Syn check 1/2 time: 0 seconds per iteration
@I [HLS-0] syn check 2/2: transform -syn-check   C:/Users/Kasper/Documents/GitHub/TIHSC/Exercise2/HLS_labs/lab2/yuv_filter.prj/solution1/.autopilot/db/a.g.2.prechk.bc -o C:/Users/Kasper/Documents/GitHub/TIHSC/Exercise2/HLS_labs/lab2/yuv_filter.prj/solution1/.autopilot/db/a.g.2.bc -f  -phase syn-check
@I [HLS-0] Syn check 2/2 time: 0 seconds per iteration
@I [HLS-0] Compiler optimizing ...
@I [HLS-0] Share syncheck's 1.bc for syn flow: copy C:/Users/Kasper/Documents/GitHub/TIHSC/Exercise2/HLS_labs/lab2/yuv_filter.prj/solution1/.autopilot/db/a.g.1.bc to C:/Users/Kasper/Documents/GitHub/TIHSC/Exercise2/HLS_labs/lab2/yuv_filter.prj/solution1/.autopilot/db/a.o.1.bc
@I [HLS-0] presyn 1: transform -hls -tmp C:/Users/Kasper/Documents/GitHub/TIHSC/Exercise2/HLS_labs/lab2/yuv_filter.prj/solution1/.autopilot/db -type-info -function-uniquify  -directive-preproc -function-uniquify -directive-preproc -mem2reg -dse -dce  -disaggr -scalarrepl -norm-name -deadargelim  -mem2reg -instcombine -dce -auto-rom-infer -dce -function-uniquify  -directive-preproc -function-uniquify -directive-preproc -mem2reg -dse -dce  -func-buffer -dce -array-normalize  -func-legal -instcombine -gvn -constprop -dce   -ptrArgReplace -mem2reg -instcombine -dce  -array-seg-normalize -deadargelim  -instcombine -dce  -pointer-simplify -dce  -port-alignment -dce  -interface-preproc  -data-pack -instcombine -dce   -basicaa -aggr-aa -aggrmodref-aa -aggr-aa -gvn -gvn  -basicaa -aggr-aa -aggrmodref-aa -aggr-aa -dse -adse -adce  -loop-simplify -indvars -instcombine  -gvn -loop-simplify -mem2reg -dce -simplifycfg  -find-region -instcombine  -auto-loop-pipeline  -inst-simplify  -interface-preproc  -indvars -auto-loop-unroll -loop-simplify -loop-bound -xunroll  -constprop -instcombine -simplifycfg -indvars  -simplifycfg -dce -globaldce  -gvn -disable-agg-range -inst-simplify  -constprop -simplifycfg -dce  -pointer-simplify -dce  -globalopt -constprop -dce  -array-promote -constprop -instcombine -dce -auto-par -instcombine -dce  -array-transform-check  -array-partition -instcombine -simplifycfg -dce  -ptrArgReplace -global-constprop -deadargelim -mem2reg  -func-legal -instcombine -dce -global-constprop -deadargelim -mem2reg  -instcombine -simplifycfg -dce  -array-reshape -instcombine -simplifycfg -dce   -mem-intrinsic-preproc -dce  -global-privatize  -mem2reg -globaldce  -promote-global-argument  -ptrArgReplace -mem2reg -instcombine -dce  -globalopt -mergereturn -simplify-global-access -mem2reg -dce  -pointer-simplify -dce  -functionattrs  -basicaa -aggr-aa -aggrmodref-aa -aggr-aa -gvn -gvn  -basicaa -aggr-aa -aggrmodref-aa -aggr-aa -dse -adse -adce  -inst-simplify -dce -norm-name  -function-inline  -func-inst -constprop -instcombine -simplifycfg -dce  -func-legal -dce   -directive-preproc -function-uniquify -directive-preproc -mem2reg -dse -dce  -loop-bound  -arraycheck -bitwidthmin -on-by-dataflow  -loop-delete -instcombine -simplifycfg -dce -loop-simplify -simplifycfg -loop-stream -instcombine -simplifycfg -dce -globaldce  -funstream-prep -function-stream -dce -globaldce  -array-streaming -instcombine -simplifycfg -dce    -group-axi-access    -simplifycfg -dce -loop-delete  -norm-name  C:/Users/Kasper/Documents/GitHub/TIHSC/Exercise2/HLS_labs/lab2/yuv_filter.prj/solution1/.autopilot/db/a.o.1.bc -o C:/Users/Kasper/Documents/GitHub/TIHSC/Exercise2/HLS_labs/lab2/yuv_filter.prj/solution1/.autopilot/db/a.o.1.tmp.bc -f
@I [XFORM-602] Inlining function 'yuv_scale' into 'yuv_filter' (yuv_filter.c:24) automatically.
@I [HLS-0] Presyn 1 time: 0 seconds per iteration
@I [HLS-0] presyn 2: transform -hls -keep-callgraph -scalarrepl -mem2reg  -port-alignment -dce  -indvars -loop-bound  -inst-simplify -instcombine -dce  -merge-array-access -mem2reg -dce  -clean-region -mergereturn -if-conv  -instcombine -dce -constprop  -basicaa -aggr-aa -aggrmodref-aa -aggr-aa -gvn -gvn  -basicaa -aggr-aa -aggrmodref-aa -aggr-aa -dse -adse -adce  -scalarrepl -mem2reg  -global-constprop -deadargelim -deadargelim  -instcombine -dce -simplifycfg    -ptrArgReplace -mem2reg -function-inline  -mem2reg -instcombine -dce -expr-balance  -instcombine -dce  -bitwidthmin  -directive-preproc  -inst-rectify -instcombine -dce  -functionattrs  -constprop -instcombine -bit-constprop  -simplify-global-access  -globalopt -globaldce  -inst-simplify -instcombine -elimdeaddata -dce  -loop-delete -simplifycfg   -norm-name C:/Users/Kasper/Documents/GitHub/TIHSC/Exercise2/HLS_labs/lab2/yuv_filter.prj/solution1/.autopilot/db/a.o.1.tmp.bc -o C:/Users/Kasper/Documents/GitHub/TIHSC/Exercise2/HLS_labs/lab2/yuv_filter.prj/solution1/.autopilot/db/a.o.2.bc -f  -phase presyn
@I [XFORM-401] Performing if-conversion on hyperblock from (yuv_filter.c:92:33) to (yuv_filter.c:92:27) in function 'yuv2rgb'... converting 7 basic blocks.
@I [XFORM-11] Balancing expressions in function 'rgb2yuv' (yuv_filter.c:30)...11 expression(s) balanced.
@I [HLS-0] Presyn 2 time: 0 seconds per iteration
@I [HLS-0] build ssdm: transform -hls -function-uniquify -auto-function-inline  -loop-simplify -indvars -licm -loop-dep  -loop-bound -licm -loop-simplify -flattenloopnest  -array-flatten -gvn -instcombine -dce  -array-map -dce -func-legal  -gvn -adce -instcombine -cfgopt -simplifycfg -loop-simplify   -array-burst -promote-global-argument -dce  -axi4-lower -array-seg-normalize  -basicaa -aggrmodref-aa -globalsmodref-aa -aggr-aa -gvn -gvn  -basicaa -aggrmodref-aa -globalsmodref-aa -aggr-aa -dse -adse -adce -licm  -inst-simplify -dce  -globaldce -array-streaming -instcombine  -dce   -deadargelim -doublePtrSimplify  -doublePtrElim -dce -doublePtrSimplify -promote-dbg-pointer  -dce -scalarrepl -mem2reg -disaggr -norm-name -mem2reg  -instcombine  -dse -adse -adce -ptrLegalization -dce -auto-rom-infer -array-flatten -dce -instcombine  -loop-rot -constprop -cfgopt -simplifycfg -indvars -pointer-simplify -dce -loop-bound  -loop-simplify -loop-preproc  -constprop -gvn -mem2reg -instcombine -dce  -loop-merge -dce  -bitwidthmin  -interface-preproc -interface-gen  -directive-preproc -inst-simplify -dce  -gvn -mem2reg -instcombine -dce -adse  -loop-bound  -instcombine -cfgopt -simplifycfg -loop-simplify  -clean-region -io-protocol  -find-region -mem2reg  -loop-simplify -phi-opt -bitop-raise  -inst-simplify -inst-rectify -instcombine -adce -deadargelim  -cfgopt -simplifycfg -strip-dead-prototypes  -interface-lower -bitop-lower -intrinsic-lower  -basicaa -aggrmodref-aa -globalsmodref-aa -aggr-aa  -inst-simplify -simplifycfg   -mergereturn -inst-simplify -inst-rectify  -dce -bitop-lower  -loop-rewind -pointer-simplify -dce -cfgopt  -norm-name -legalize -read-loop-dep -dce -bitwidth   -cdfg-build  C:/Users/Kasper/Documents/GitHub/TIHSC/Exercise2/HLS_labs/lab2/yuv_filter.prj/solution1/.autopilot/db/a.o.2.bc -o C:/Users/Kasper/Documents/GitHub/TIHSC/Exercise2/HLS_labs/lab2/yuv_filter.prj/solution1/.autopilot/db/a.o.3.bc -f  -phase build-ssdm
@I [HLS-0] Build ssdm time: 0 seconds per iteration
@I [HLS-0] Finish building internal data model.
@I [HLS-100] Command 'opt_and_import_c' returned 0; elapsed 1Total elapsed time: 5.263 sec.
@I [HLS-111] Elapsed time: 6.02 seconds; current memory usage: 69.8 MB.
@I [HLS-100] Command 'elaborate' returned 0; elapsed 2.787Total elapsed time: 5.263 sec.
@I [HLS-100] Command "autosyn "
@I [HLS-10] Starting hardware synthesis ...
@0 [HLS-0] Starting hardware synthesis ...
@I [HLS-0] Synthesizing C/C++ design ...
@I [HLS-10] Synthesizing 'yuv_filter' ...
@0 [HLS-0] Synthesizing 'yuv_filter' ...
@I [HLS-100] Command "ap_set_top_model yuv_filter "
@I [HLS-100] Command 'ap_set_top_model' returned 0; elapsed 0Total elapsed time: 5.273 sec.
@I [HLS-100] Command "get_model_list yuv_filter -filter all-wo-channel -topdown "
@I [HLS-100] Command 'get_model_list' returned 0; elapsed 0Total elapsed time: 5.273 sec.
@I [HLS-100] Command "preproc_iomode -model yuv_filter "
@I [HLS-100] Command 'preproc_iomode' returned 0; elapsed 0Total elapsed time: 5.273 sec.
@I [HLS-100] Command "preproc_iomode -model yuv_filter_yuv2rgb "
@I [HLS-100] Command 'preproc_iomode' returned 0; elapsed 0Total elapsed time: 5.273 sec.
@I [HLS-100] Command "preproc_iomode -model yuv_filter_rgb2yuv "
@I [HLS-100] Command 'preproc_iomode' returned 0; elapsed 0Total elapsed time: 5.273 sec.
@I [HLS-100] Command "get_model_list yuv_filter -filter all-wo-channel "
@I [HLS-100] Command 'get_model_list' returned 0; elapsed 0Total elapsed time: 5.273 sec.
@I [HLS-0] Model list for configure: yuv_filter_rgb2yuv yuv_filter_yuv2rgb yuv_filter
@I [HLS-0] Configuring Module : yuv_filter_rgb2yuv ...
@I [HLS-100] Command "set_default_model yuv_filter_rgb2yuv "
@I [HLS-100] Command 'set_default_model' returned 0; elapsed 0Total elapsed time: 5.273 sec.
@I [HLS-100] Command "apply_spec_resource_limit yuv_filter_rgb2yuv "
@I [HLS-100] Command 'apply_spec_resource_limit' returned 0; elapsed 0Total elapsed time: 5.273 sec.
@I [HLS-0] Configuring Module : yuv_filter_yuv2rgb ...
@I [HLS-100] Command "set_default_model yuv_filter_yuv2rgb "
@I [HLS-100] Command 'set_default_model' returned 0; elapsed 0Total elapsed time: 5.273 sec.
@I [HLS-100] Command "apply_spec_resource_limit yuv_filter_yuv2rgb "
@I [HLS-100] Command 'apply_spec_resource_limit' returned 0; elapsed 0Total elapsed time: 5.273 sec.
@I [HLS-0] Configuring Module : yuv_filter ...
@I [HLS-100] Command "set_default_model yuv_filter "
@I [HLS-100] Command 'set_default_model' returned 0; elapsed 0Total elapsed time: 5.273 sec.
@I [HLS-100] Command "apply_spec_resource_limit yuv_filter "
@I [HLS-100] Command 'apply_spec_resource_limit' returned 0; elapsed 0Total elapsed time: 5.273 sec.
@I [HLS-0] Model list for preprocess: yuv_filter_rgb2yuv yuv_filter_yuv2rgb yuv_filter
@I [HLS-0] Preprocessing Module: yuv_filter_rgb2yuv ...
@I [HLS-100] Command "set_default_model yuv_filter_rgb2yuv "
@I [HLS-100] Command 'set_default_model' returned 0; elapsed 0Total elapsed time: 5.273 sec.
@I [HLS-100] Command "cdfg_preprocess -model yuv_filter_rgb2yuv "
@I [HLS-100] Command 'cdfg_preprocess' returned 0; elapsed 0Total elapsed time: 5.273 sec.
@I [HLS-100] Command "rtl_gen_preprocess yuv_filter_rgb2yuv "
@I [HLS-100] Command 'rtl_gen_preprocess' returned 0; elapsed 0Total elapsed time: 5.273 sec.
@I [HLS-0] Preprocessing Module: yuv_filter_yuv2rgb ...
@I [HLS-100] Command "set_default_model yuv_filter_yuv2rgb "
@I [HLS-100] Command 'set_default_model' returned 0; elapsed 0Total elapsed time: 5.273 sec.
@I [HLS-100] Command "cdfg_preprocess -model yuv_filter_yuv2rgb "
@I [HLS-100] Command 'cdfg_preprocess' returned 0; elapsed 0Total elapsed time: 5.273 sec.
@I [HLS-100] Command "rtl_gen_preprocess yuv_filter_yuv2rgb "
@I [HLS-100] Command 'rtl_gen_preprocess' returned 0; elapsed 0Total elapsed time: 5.273 sec.
@I [HLS-0] Preprocessing Module: yuv_filter ...
@I [HLS-100] Command "set_default_model yuv_filter "
@I [HLS-100] Command 'set_default_model' returned 0; elapsed 0Total elapsed time: 5.273 sec.
@I [HLS-100] Command "cdfg_preprocess -model yuv_filter "
@I [HLS-100] Command 'cdfg_preprocess' returned 0; elapsed 0Total elapsed time: 5.273 sec.
@I [HLS-100] Command "rtl_gen_preprocess yuv_filter "
@I [HLS-100] Command 'rtl_gen_preprocess' returned 0; elapsed 0Total elapsed time: 5.273 sec.
@I [HLS-0] Model list for synthesis: yuv_filter_rgb2yuv yuv_filter_yuv2rgb yuv_filter
@I [HLS-10] ----------------------------------------------------------------
@0 [HLS-0] ----------------------------------------------------------------
@I [HLS-10] -- Scheduling module 'yuv_filter_rgb2yuv' 
@0 [HLS-0] -- Scheduling module 'yuv_filter_rgb2yuv' 
@I [HLS-10] ----------------------------------------------------------------
@0 [HLS-0] ----------------------------------------------------------------
@I [HLS-100] Command "set_default_model yuv_filter_rgb2yuv "
@I [HLS-100] Command 'set_default_model' returned 0; elapsed 0Total elapsed time: 5.273 sec.
@I [HLS-100] Command "schedule -model yuv_filter_rgb2yuv "
@I [SCHED-11] Starting scheduling ...
@I [SCHED-11] Finished scheduling.
@I [HLS-100] Command 'schedule' returned 0; elapsed 0.3Total elapsed time: 5.573 sec.
@I [HLS-111] Elapsed time: 0.32 seconds; current memory usage: 71.6 MB.
@I [HLS-100] Command "report -o C:/Users/Kasper/Documents/GitHub/TIHSC/Exercise2/HLS_labs/lab2/yuv_filter.prj/solution1/.autopilot/db/yuv_filter_rgb2yuv.verbose.sched.rpt -verbose -f "
@I [HLS-100] Command 'report' returned 0; elapsed 0.01Total elapsed time: 5.603 sec.
@I [HLS-100] Command "db_write -o C:/Users/Kasper/Documents/GitHub/TIHSC/Exercise2/HLS_labs/lab2/yuv_filter.prj/solution1/.autopilot/db/yuv_filter_rgb2yuv.sched.adb -f "
@I [HLS-100] Command 'db_write' returned 0; elapsed 0.02Total elapsed time: 5.623 sec.
@I [HLS-0] Finish scheduling yuv_filter_rgb2yuv.
@I [HLS-10] ----------------------------------------------------------------
@0 [HLS-0] ----------------------------------------------------------------
@I [HLS-10] -- Exploring micro-architecture for module 'yuv_filter_rgb2yuv' 
@0 [HLS-0] -- Exploring micro-architecture for module 'yuv_filter_rgb2yuv' 
@I [HLS-10] ----------------------------------------------------------------
@0 [HLS-0] ----------------------------------------------------------------
@I [HLS-100] Command "set_default_model yuv_filter_rgb2yuv "
@I [HLS-100] Command 'set_default_model' returned 0; elapsed 0Total elapsed time: 5.643 sec.
@I [HLS-100] Command "bind -model yuv_filter_rgb2yuv "
@I [BIND-110] clear=
@I [BIND-110] debug=
@I [BIND-110] drf=
@I [BIND-110] effort=
@I [BIND-110] fast_refine=
@I [BIND-110] fu_weight=[ 0.0 -- 1.0 ]
@I [BIND-110] global_opt=
@I [BIND-110] gsearch=
@I [BIND-110] help=
@I [BIND-110] help-hidden=
@I [BIND-110] min_mem_port=
@I [BIND-110] min_op=
@I [BIND-110] minreg=
@I [BIND-110] ml=
@I [BIND-110] model=yuv_filter_rgb2yuv
@I [BIND-110] no_false_path=
@I [BIND-110] no_min_op=
@I [BIND-110] normalize=
@I [BIND-110] quiet=
@I [BIND-110] refine=
@I [BIND-110] reg_weight=[ 0.0 -- 1.0 ]
@I [BIND-110] search=
@I [BIND-110] tight_delay=
@I [BIND-110] verbose=
@I [BIND-110] wFF=
@I [BIND-110] wFU=
@I [BIND-110] wMUX=
@I [BIND-110] wNET=
@I [BIND-100] Starting micro-architecture generation ...
@I [BIND-101] Performing variable lifetime analysis.
@I [BIND-101] Exploring resource sharing.
@I [BIND-101] Binding ...
@I [BIND-100] Finished micro-architecture generation.
@I [HLS-100] Command 'bind' returned 0; elapsed 0.01Total elapsed time: 5.653 sec.
@I [HLS-111] Elapsed time: 0.08 seconds; current memory usage: 71.6 MB.
@I [HLS-100] Command "report -o C:/Users/Kasper/Documents/GitHub/TIHSC/Exercise2/HLS_labs/lab2/yuv_filter.prj/solution1/.autopilot/db/yuv_filter_rgb2yuv.verbose.bind.rpt -verbose -f "
@I [HLS-100] Command 'report' returned 0; elapsed 0.03Total elapsed time: 5.693 sec.
@I [HLS-100] Command "db_write -o C:/Users/Kasper/Documents/GitHub/TIHSC/Exercise2/HLS_labs/lab2/yuv_filter.prj/solution1/.autopilot/db/yuv_filter_rgb2yuv.bind.adb -f "
@I [HLS-100] Command 'db_write' returned 0; elapsed 0.04Total elapsed time: 5.733 sec.
@I [HLS-0] Finish binding yuv_filter_rgb2yuv.
@I [HLS-10] ----------------------------------------------------------------
@0 [HLS-0] ----------------------------------------------------------------
@I [HLS-10] -- Scheduling module 'yuv_filter_yuv2rgb' 
@0 [HLS-0] -- Scheduling module 'yuv_filter_yuv2rgb' 
@I [HLS-10] ----------------------------------------------------------------
@0 [HLS-0] ----------------------------------------------------------------
@I [HLS-100] Command "set_default_model yuv_filter_yuv2rgb "
@I [HLS-100] Command 'set_default_model' returned 0; elapsed 0Total elapsed time: 5.733 sec.
@I [HLS-100] Command "schedule -model yuv_filter_yuv2rgb "
@I [SCHED-11] Starting scheduling ...
@I [SCHED-11] Finished scheduling.
@I [HLS-100] Command 'schedule' returned 0; elapsed 0.18Total elapsed time: 5.913 sec.
@I [HLS-111] Elapsed time: 0.25 seconds; current memory usage: 72.8 MB.
@I [HLS-100] Command "report -o C:/Users/Kasper/Documents/GitHub/TIHSC/Exercise2/HLS_labs/lab2/yuv_filter.prj/solution1/.autopilot/db/yuv_filter_yuv2rgb.verbose.sched.rpt -verbose -f "
@I [HLS-100] Command 'report' returned 0; elapsed 0.01Total elapsed time: 5.933 sec.
@I [HLS-100] Command "db_write -o C:/Users/Kasper/Documents/GitHub/TIHSC/Exercise2/HLS_labs/lab2/yuv_filter.prj/solution1/.autopilot/db/yuv_filter_yuv2rgb.sched.adb -f "
@I [HLS-100] Command 'db_write' returned 0; elapsed 0.03Total elapsed time: 5.963 sec.
@I [HLS-0] Finish scheduling yuv_filter_yuv2rgb.
@I [HLS-10] ----------------------------------------------------------------
@0 [HLS-0] ----------------------------------------------------------------
@I [HLS-10] -- Exploring micro-architecture for module 'yuv_filter_yuv2rgb' 
@0 [HLS-0] -- Exploring micro-architecture for module 'yuv_filter_yuv2rgb' 
@I [HLS-10] ----------------------------------------------------------------
@0 [HLS-0] ----------------------------------------------------------------
@I [HLS-100] Command "set_default_model yuv_filter_yuv2rgb "
@I [HLS-100] Command 'set_default_model' returned 0; elapsed 0Total elapsed time: 5.963 sec.
@I [HLS-100] Command "bind -model yuv_filter_yuv2rgb "
@I [BIND-110] clear=
@I [BIND-110] debug=
@I [BIND-110] drf=
@I [BIND-110] effort=
@I [BIND-110] fast_refine=
@I [BIND-110] fu_weight=[ 0.0 -- 1.0 ]
@I [BIND-110] global_opt=
@I [BIND-110] gsearch=
@I [BIND-110] help=
@I [BIND-110] help-hidden=
@I [BIND-110] min_mem_port=
@I [BIND-110] min_op=
@I [BIND-110] minreg=
@I [BIND-110] ml=
@I [BIND-110] model=yuv_filter_yuv2rgb
@I [BIND-110] no_false_path=
@I [BIND-110] no_min_op=
@I [BIND-110] normalize=
@I [BIND-110] quiet=
@I [BIND-110] refine=
@I [BIND-110] reg_weight=[ 0.0 -- 1.0 ]
@I [BIND-110] search=
@I [BIND-110] tight_delay=
@I [BIND-110] verbose=
@I [BIND-110] wFF=
@I [BIND-110] wFU=
@I [BIND-110] wMUX=
@I [BIND-110] wNET=
@I [BIND-100] Starting micro-architecture generation ...
@I [BIND-101] Performing variable lifetime analysis.
@I [BIND-101] Exploring resource sharing.
@I [BIND-101] Binding ...
@I [BIND-100] Finished micro-architecture generation.
@I [HLS-100] Command 'bind' returned 0; elapsed 0.01Total elapsed time: 5.973 sec.
@I [HLS-111] Elapsed time: 0.07 seconds; current memory usage: 72.8 MB.
@I [HLS-100] Command "report -o C:/Users/Kasper/Documents/GitHub/TIHSC/Exercise2/HLS_labs/lab2/yuv_filter.prj/solution1/.autopilot/db/yuv_filter_yuv2rgb.verbose.bind.rpt -verbose -f "
@I [HLS-100] Command 'report' returned 0; elapsed 0.03Total elapsed time: 6.13 sec.
@I [HLS-100] Command "db_write -o C:/Users/Kasper/Documents/GitHub/TIHSC/Exercise2/HLS_labs/lab2/yuv_filter.prj/solution1/.autopilot/db/yuv_filter_yuv2rgb.bind.adb -f "
@I [HLS-100] Command 'db_write' returned 0; elapsed 0.04Total elapsed time: 6.53 sec.
@I [HLS-0] Finish binding yuv_filter_yuv2rgb.
@I [HLS-10] ----------------------------------------------------------------
@0 [HLS-0] ----------------------------------------------------------------
@I [HLS-10] -- Scheduling module 'yuv_filter' 
@0 [HLS-0] -- Scheduling module 'yuv_filter' 
@I [HLS-10] ----------------------------------------------------------------
@0 [HLS-0] ----------------------------------------------------------------
@I [HLS-100] Command "set_default_model yuv_filter "
@I [HLS-100] Command 'set_default_model' returned 0; elapsed 0Total elapsed time: 6.53 sec.
@I [HLS-100] Command "schedule -model yuv_filter "
@I [SCHED-11] Starting scheduling ...
@I [SCHED-11] Finished scheduling.
@I [HLS-100] Command 'schedule' returned 0; elapsed 0.17Total elapsed time: 6.223 sec.
@I [HLS-111] Elapsed time: 0.24 seconds; current memory usage: 73.1 MB.
@I [HLS-100] Command "report -o C:/Users/Kasper/Documents/GitHub/TIHSC/Exercise2/HLS_labs/lab2/yuv_filter.prj/solution1/.autopilot/db/yuv_filter.verbose.sched.rpt -verbose -f "
@I [HLS-100] Command 'report' returned 0; elapsed 0Total elapsed time: 6.233 sec.
@I [HLS-100] Command "db_write -o C:/Users/Kasper/Documents/GitHub/TIHSC/Exercise2/HLS_labs/lab2/yuv_filter.prj/solution1/.autopilot/db/yuv_filter.sched.adb -f "
@I [HLS-100] Command 'db_write' returned 0; elapsed 0.019Total elapsed time: 6.262 sec.
@I [HLS-0] Finish scheduling yuv_filter.
@I [HLS-10] ----------------------------------------------------------------
@0 [HLS-0] ----------------------------------------------------------------
@I [HLS-10] -- Exploring micro-architecture for module 'yuv_filter' 
@0 [HLS-0] -- Exploring micro-architecture for module 'yuv_filter' 
@I [HLS-10] ----------------------------------------------------------------
@0 [HLS-0] ----------------------------------------------------------------
@I [HLS-100] Command "set_default_model yuv_filter "
@I [HLS-100] Command 'set_default_model' returned 0; elapsed 0Total elapsed time: 6.265 sec.
@I [HLS-100] Command "bind -model yuv_filter "
@I [BIND-110] clear=
@I [BIND-110] debug=
@I [BIND-110] drf=
@I [BIND-110] effort=
@I [BIND-110] fast_refine=
@I [BIND-110] fu_weight=[ 0.0 -- 1.0 ]
@I [BIND-110] global_opt=
@I [BIND-110] gsearch=
@I [BIND-110] help=
@I [BIND-110] help-hidden=
@I [BIND-110] min_mem_port=
@I [BIND-110] min_op=
@I [BIND-110] minreg=
@I [BIND-110] ml=
@I [BIND-110] model=yuv_filter
@I [BIND-110] no_false_path=
@I [BIND-110] no_min_op=
@I [BIND-110] normalize=
@I [BIND-110] quiet=
@I [BIND-110] refine=
@I [BIND-110] reg_weight=[ 0.0 -- 1.0 ]
@I [BIND-110] search=
@I [BIND-110] tight_delay=
@I [BIND-110] verbose=
@I [BIND-110] wFF=
@I [BIND-110] wFU=
@I [BIND-110] wMUX=
@I [BIND-110] wNET=
@I [BIND-100] Starting micro-architecture generation ...
@I [BIND-101] Performing variable lifetime analysis.
@I [BIND-101] Exploring resource sharing.
@I [BIND-101] Binding ...
@I [BIND-100] Finished micro-architecture generation.
@I [HLS-100] Command 'bind' returned 0; elapsed 0.024Total elapsed time: 6.289 sec.
@I [HLS-111] Elapsed time: 0.077 seconds; current memory usage: 73 MB.
@I [HLS-100] Command "report -o C:/Users/Kasper/Documents/GitHub/TIHSC/Exercise2/HLS_labs/lab2/yuv_filter.prj/solution1/.autopilot/db/yuv_filter.verbose.bind.rpt -verbose -f "
@I [HLS-100] Command 'report' returned 0; elapsed 0.05Total elapsed time: 6.349 sec.
@I [HLS-100] Command "db_write -o C:/Users/Kasper/Documents/GitHub/TIHSC/Exercise2/HLS_labs/lab2/yuv_filter.prj/solution1/.autopilot/db/yuv_filter.bind.adb -f "
@I [HLS-100] Command 'db_write' returned 0; elapsed 0.03Total elapsed time: 6.379 sec.
@I [HLS-0] Finish binding yuv_filter.
@I [HLS-100] Command "get_model_list yuv_filter -filter all-wo-channel "
@I [HLS-100] Command 'get_model_list' returned 0; elapsed 0Total elapsed time: 6.379 sec.
@I [HLS-0] Preprocessing for RTLGen ...
@I [HLS-100] Command "rtl_gen_preprocess yuv_filter_rgb2yuv "
@I [HLS-100] Command 'rtl_gen_preprocess' returned 0; elapsed 0Total elapsed time: 6.379 sec.
@I [HLS-100] Command "rtl_gen_preprocess yuv_filter_yuv2rgb "
@I [HLS-100] Command 'rtl_gen_preprocess' returned 0; elapsed 0Total elapsed time: 6.379 sec.
@I [HLS-100] Command "rtl_gen_preprocess yuv_filter "
@I [HLS-100] Command 'rtl_gen_preprocess' returned 0; elapsed 0.01Total elapsed time: 6.389 sec.
@I [HLS-0] Model list for RTL generation: yuv_filter_rgb2yuv yuv_filter_yuv2rgb yuv_filter
@I [HLS-10] ----------------------------------------------------------------
@0 [HLS-0] ----------------------------------------------------------------
@I [HLS-10] -- Generating RTL for module 'yuv_filter_rgb2yuv' 
@0 [HLS-0] -- Generating RTL for module 'yuv_filter_rgb2yuv' 
@I [HLS-10] ----------------------------------------------------------------
@0 [HLS-0] ----------------------------------------------------------------
@I [HLS-100] Command "create_rtl_model yuv_filter_rgb2yuv -vendor xilinx -mg_file C:/Users/Kasper/Documents/GitHub/TIHSC/Exercise2/HLS_labs/lab2/yuv_filter.prj/solution1/.autopilot/db/yuv_filter_rgb2yuv.compgen.tcl "
@I [RTGEN-100] Finished creating RTL model for 'yuv_filter_rgb2yuv'.
@I [HLS-100] Command 'create_rtl_model' returned 0; elapsed 0.04Total elapsed time: 6.429 sec.
@I [HLS-111] Elapsed time: 0.14 seconds; current memory usage: 72.9 MB.
@I [HLS-100] Command "source C:/Users/Kasper/Documents/GitHub/TIHSC/Exercise2/HLS_labs/lab2/yuv_filter.prj/solution1/.autopilot/db/yuv_filter.rtl_wrap.cfg.tcl "
@I [HLS-100] Command 'ap_source' returned 0; elapsed 0.01Total elapsed time: 6.449 sec.
@I [HLS-100] Command "gen_rtl yuv_filter_rgb2yuv -style xilinx -tracefl mytrace -tracefmt vcd -traceopt all -f -lang sc -o C:/Users/Kasper/Documents/GitHub/TIHSC/Exercise2/HLS_labs/lab2/yuv_filter.prj/solution1/syn/systemc/yuv_filter_rgb2yuv -synmodules yuv_filter_rgb2yuv yuv_filter_yuv2rgb yuv_filter "
@I [HLS-100] Command 'gen_rtl' returned 0; elapsed 0Total elapsed time: 6.449 sec.
@I [HLS-100] Command "gen_rtl yuv_filter_rgb2yuv -style xilinx -f -lang vhdl -o C:/Users/Kasper/Documents/GitHub/TIHSC/Exercise2/HLS_labs/lab2/yuv_filter.prj/solution1/syn/vhdl/yuv_filter_rgb2yuv "
@I [HLS-100] Command 'gen_rtl' returned 0; elapsed 0Total elapsed time: 6.449 sec.
@I [HLS-100] Command "gen_rtl yuv_filter_rgb2yuv -style xilinx -f -lang vlog -o C:/Users/Kasper/Documents/GitHub/TIHSC/Exercise2/HLS_labs/lab2/yuv_filter.prj/solution1/syn/verilog/yuv_filter_rgb2yuv "
@I [HLS-100] Command 'gen_rtl' returned 0; elapsed 0.01Total elapsed time: 6.459 sec.
@I [HLS-100] Command "gen_tb_info yuv_filter_rgb2yuv -o C:/Users/Kasper/Documents/GitHub/TIHSC/Exercise2/HLS_labs/lab2/yuv_filter.prj/solution1/.autopilot/db/yuv_filter_rgb2yuv -p C:/Users/Kasper/Documents/GitHub/TIHSC/Exercise2/HLS_labs/lab2/yuv_filter.prj/solution1/.autopilot/db "
@I [HLS-100] Command 'gen_tb_info' returned 0; elapsed 0Total elapsed time: 6.459 sec.
@I [HLS-100] Command "report -model yuv_filter_rgb2yuv -o C:/Users/Kasper/Documents/GitHub/TIHSC/Exercise2/HLS_labs/lab2/yuv_filter.prj/solution1/syn/report/yuv_filter_rgb2yuv_csynth.rpt -f "
@I [HLS-100] Command 'report' returned 0; elapsed 0.01Total elapsed time: 6.469 sec.
@I [HLS-100] Command "report -model yuv_filter_rgb2yuv -o C:/Users/Kasper/Documents/GitHub/TIHSC/Exercise2/HLS_labs/lab2/yuv_filter.prj/solution1/syn/report/yuv_filter_rgb2yuv_csynth.xml -f -x "
@I [HLS-100] Command 'report' returned 0; elapsed 0.01Total elapsed time: 6.479 sec.
@I [HLS-100] Command "report -model yuv_filter_rgb2yuv -o C:/Users/Kasper/Documents/GitHub/TIHSC/Exercise2/HLS_labs/lab2/yuv_filter.prj/solution1/.autopilot/db/yuv_filter_rgb2yuv.verbose.rpt -verbose -f "
@I [HLS-100] Command 'report' returned 0; elapsed 0.03Total elapsed time: 6.509 sec.
@I [HLS-100] Command "db_write -model yuv_filter_rgb2yuv -o C:/Users/Kasper/Documents/GitHub/TIHSC/Exercise2/HLS_labs/lab2/yuv_filter.prj/solution1/.autopilot/db/yuv_filter_rgb2yuv.adb -f "
@I [HLS-100] Command 'db_write' returned 0; elapsed 0.04Total elapsed time: 6.549 sec.
@I [HLS-10] ----------------------------------------------------------------
@0 [HLS-0] ----------------------------------------------------------------
@I [HLS-10] -- Generating RTL for module 'yuv_filter_yuv2rgb' 
@0 [HLS-0] -- Generating RTL for module 'yuv_filter_yuv2rgb' 
@I [HLS-10] ----------------------------------------------------------------
@0 [HLS-0] ----------------------------------------------------------------
@I [HLS-100] Command "create_rtl_model yuv_filter_yuv2rgb -vendor xilinx -mg_file C:/Users/Kasper/Documents/GitHub/TIHSC/Exercise2/HLS_labs/lab2/yuv_filter.prj/solution1/.autopilot/db/yuv_filter_yuv2rgb.compgen.tcl "
@I [RTGEN-100] Finished creating RTL model for 'yuv_filter_yuv2rgb'.
@I [HLS-100] Command 'create_rtl_model' returned 0; elapsed 0.03Total elapsed time: 7.67 sec.
@I [HLS-111] Elapsed time: 0.638 seconds; current memory usage: 73.4 MB.
@I [HLS-100] Command "source C:/Users/Kasper/Documents/GitHub/TIHSC/Exercise2/HLS_labs/lab2/yuv_filter.prj/solution1/.autopilot/db/yuv_filter.rtl_wrap.cfg.tcl "
@I [HLS-100] Command 'ap_source' returned 0; elapsed 0Total elapsed time: 7.77 sec.
@I [HLS-100] Command "gen_rtl yuv_filter_yuv2rgb -style xilinx -tracefl mytrace -tracefmt vcd -traceopt all -f -lang sc -o C:/Users/Kasper/Documents/GitHub/TIHSC/Exercise2/HLS_labs/lab2/yuv_filter.prj/solution1/syn/systemc/yuv_filter_yuv2rgb -synmodules yuv_filter_rgb2yuv yuv_filter_yuv2rgb yuv_filter "
@I [HLS-100] Command 'gen_rtl' returned 0; elapsed 0.01Total elapsed time: 7.87 sec.
@I [HLS-100] Command "gen_rtl yuv_filter_yuv2rgb -style xilinx -f -lang vhdl -o C:/Users/Kasper/Documents/GitHub/TIHSC/Exercise2/HLS_labs/lab2/yuv_filter.prj/solution1/syn/vhdl/yuv_filter_yuv2rgb "
@I [HLS-100] Command 'gen_rtl' returned 0; elapsed 0Total elapsed time: 7.87 sec.
@I [HLS-100] Command "gen_rtl yuv_filter_yuv2rgb -style xilinx -f -lang vlog -o C:/Users/Kasper/Documents/GitHub/TIHSC/Exercise2/HLS_labs/lab2/yuv_filter.prj/solution1/syn/verilog/yuv_filter_yuv2rgb "
@I [HLS-100] Command 'gen_rtl' returned 0; elapsed 0Total elapsed time: 7.87 sec.
@I [HLS-100] Command "gen_tb_info yuv_filter_yuv2rgb -o C:/Users/Kasper/Documents/GitHub/TIHSC/Exercise2/HLS_labs/lab2/yuv_filter.prj/solution1/.autopilot/db/yuv_filter_yuv2rgb -p C:/Users/Kasper/Documents/GitHub/TIHSC/Exercise2/HLS_labs/lab2/yuv_filter.prj/solution1/.autopilot/db "
@I [HLS-100] Command 'gen_tb_info' returned 0; elapsed 0.01Total elapsed time: 7.97 sec.
@I [HLS-100] Command "report -model yuv_filter_yuv2rgb -o C:/Users/Kasper/Documents/GitHub/TIHSC/Exercise2/HLS_labs/lab2/yuv_filter.prj/solution1/syn/report/yuv_filter_yuv2rgb_csynth.rpt -f "
@I [HLS-100] Command 'report' returned 0; elapsed 0.01Total elapsed time: 7.107 sec.
@I [HLS-100] Command "report -model yuv_filter_yuv2rgb -o C:/Users/Kasper/Documents/GitHub/TIHSC/Exercise2/HLS_labs/lab2/yuv_filter.prj/solution1/syn/report/yuv_filter_yuv2rgb_csynth.xml -f -x "
@I [HLS-100] Command 'report' returned 0; elapsed 0.01Total elapsed time: 7.117 sec.
@I [HLS-100] Command "report -model yuv_filter_yuv2rgb -o C:/Users/Kasper/Documents/GitHub/TIHSC/Exercise2/HLS_labs/lab2/yuv_filter.prj/solution1/.autopilot/db/yuv_filter_yuv2rgb.verbose.rpt -verbose -f "
@I [HLS-100] Command 'report' returned 0; elapsed 0.04Total elapsed time: 7.157 sec.
@I [HLS-100] Command "db_write -model yuv_filter_yuv2rgb -o C:/Users/Kasper/Documents/GitHub/TIHSC/Exercise2/HLS_labs/lab2/yuv_filter.prj/solution1/.autopilot/db/yuv_filter_yuv2rgb.adb -f "
@I [HLS-100] Command 'db_write' returned 0; elapsed 0.04Total elapsed time: 7.197 sec.
@I [HLS-10] ----------------------------------------------------------------
@0 [HLS-0] ----------------------------------------------------------------
@I [HLS-10] -- Generating RTL for module 'yuv_filter' 
@0 [HLS-0] -- Generating RTL for module 'yuv_filter' 
@I [HLS-10] ----------------------------------------------------------------
@0 [HLS-0] ----------------------------------------------------------------
@I [HLS-100] Command "create_rtl_model yuv_filter -vendor xilinx -mg_file C:/Users/Kasper/Documents/GitHub/TIHSC/Exercise2/HLS_labs/lab2/yuv_filter.prj/solution1/.autopilot/db/yuv_filter.compgen.tcl "
@I [RTGEN-500] Setting interface mode on port 'yuv_filter/in_channels_ch1' to 'ap_memory'.
@I [RTGEN-500] Setting interface mode on port 'yuv_filter/in_channels_ch2' to 'ap_memory'.
@I [RTGEN-500] Setting interface mode on port 'yuv_filter/in_channels_ch3' to 'ap_memory'.
@I [RTGEN-500] Setting interface mode on port 'yuv_filter/in_width' to 'ap_none'.
@I [RTGEN-500] Setting interface mode on port 'yuv_filter/in_height' to 'ap_none'.
@I [RTGEN-500] Setting interface mode on port 'yuv_filter/out_channels_ch1' to 'ap_memory'.
@I [RTGEN-500] Setting interface mode on port 'yuv_filter/out_channels_ch2' to 'ap_memory'.
@I [RTGEN-500] Setting interface mode on port 'yuv_filter/out_channels_ch3' to 'ap_memory'.
@I [RTGEN-500] Setting interface mode on port 'yuv_filter/out_width' to 'ap_vld'.
@I [RTGEN-500] Setting interface mode on port 'yuv_filter/out_height' to 'ap_vld'.
@I [RTGEN-500] Setting interface mode on port 'yuv_filter/Y_scale' to 'ap_none'.
@I [RTGEN-500] Setting interface mode on port 'yuv_filter/U_scale' to 'ap_none'.
@I [RTGEN-500] Setting interface mode on port 'yuv_filter/V_scale' to 'ap_none'.
@I [RTGEN-500] Setting interface mode on function 'yuv_filter' to 'ap_ctrl_hs'.
@I [RTGEN-100] Finished creating RTL model for 'yuv_filter'.
@I [HLS-100] Command 'create_rtl_model' returned 0; elapsed 0.03Total elapsed time: 7.662 sec.
@I [HLS-111] Elapsed time: 0.594 seconds; current memory usage: 74.2 MB.
@I [HLS-100] Command "source C:/Users/Kasper/Documents/GitHub/TIHSC/Exercise2/HLS_labs/lab2/yuv_filter.prj/solution1/.autopilot/db/yuv_filter.rtl_wrap.cfg.tcl "
@I [HLS-100] Command 'ap_source' returned 0; elapsed 0Total elapsed time: 7.672 sec.
@I [HLS-100] Command "gen_rtl yuv_filter -istop -style xilinx -tracefl mytrace -tracefmt vcd -traceopt all -f -lang sc -o C:/Users/Kasper/Documents/GitHub/TIHSC/Exercise2/HLS_labs/lab2/yuv_filter.prj/solution1/syn/systemc/yuv_filter -synmodules yuv_filter_rgb2yuv yuv_filter_yuv2rgb yuv_filter "
@I [HLS-100] Command 'gen_rtl' returned 0; elapsed 0.01Total elapsed time: 7.682 sec.
@I [HLS-100] Command "gen_rtl yuv_filter -istop -style xilinx -f -lang vhdl -o C:/Users/Kasper/Documents/GitHub/TIHSC/Exercise2/HLS_labs/lab2/yuv_filter.prj/solution1/syn/vhdl/yuv_filter "
@I [HLS-100] Command 'gen_rtl' returned 0; elapsed 0.01Total elapsed time: 7.692 sec.
@I [HLS-100] Command "gen_rtl yuv_filter -istop -style xilinx -f -lang vlog -o C:/Users/Kasper/Documents/GitHub/TIHSC/Exercise2/HLS_labs/lab2/yuv_filter.prj/solution1/syn/verilog/yuv_filter "
@I [HLS-100] Command 'gen_rtl' returned 0; elapsed 0.016Total elapsed time: 7.707 sec.
@I [HLS-100] Command "export_constraint_db -o C:/Users/Kasper/Documents/GitHub/TIHSC/Exercise2/HLS_labs/lab2/yuv_filter.prj/solution1/.autopilot/db/yuv_filter.constraint.tcl -f -tool general "
@I [HLS-100] Command 'export_constraint_db' returned 0; elapsed 0.001Total elapsed time: 7.708 sec.
@I [HLS-100] Command "report -model yuv_filter -o C:/Users/Kasper/Documents/GitHub/TIHSC/Exercise2/HLS_labs/lab2/yuv_filter.prj/solution1/.autopilot/db/yuv_filter.design.xml -verbose -f -dv "
@I [HLS-100] Command 'report' returned 0; elapsed 0.054Total elapsed time: 7.763 sec.
@I [HLS-100] Command "gen_tb_info yuv_filter -o C:/Users/Kasper/Documents/GitHub/TIHSC/Exercise2/HLS_labs/lab2/yuv_filter.prj/solution1/.autopilot/db/yuv_filter -p C:/Users/Kasper/Documents/GitHub/TIHSC/Exercise2/HLS_labs/lab2/yuv_filter.prj/solution1/.autopilot/db "
@I [HLS-100] Command 'gen_tb_info' returned 0; elapsed 0Total elapsed time: 7.763 sec.
@I [HLS-100] Command "report -model yuv_filter -o C:/Users/Kasper/Documents/GitHub/TIHSC/Exercise2/HLS_labs/lab2/yuv_filter.prj/solution1/syn/report/yuv_filter_csynth.rpt -f "
@I [HLS-100] Command 'report' returned 0; elapsed 0.02Total elapsed time: 7.783 sec.
@I [HLS-100] Command "report -model yuv_filter -o C:/Users/Kasper/Documents/GitHub/TIHSC/Exercise2/HLS_labs/lab2/yuv_filter.prj/solution1/syn/report/yuv_filter_csynth.xml -f -x "
@I [HLS-100] Command 'report' returned 0; elapsed 0.01Total elapsed time: 7.793 sec.
@I [HLS-100] Command "report -model yuv_filter -o C:/Users/Kasper/Documents/GitHub/TIHSC/Exercise2/HLS_labs/lab2/yuv_filter.prj/solution1/.autopilot/db/yuv_filter.verbose.rpt -verbose -f "
@I [HLS-100] Command 'report' returned 0; elapsed 0.07Total elapsed time: 7.863 sec.
@I [HLS-100] Command "db_write -model yuv_filter -o C:/Users/Kasper/Documents/GitHub/TIHSC/Exercise2/HLS_labs/lab2/yuv_filter.prj/solution1/.autopilot/db/yuv_filter.adb -f "
@I [HLS-100] Command 'db_write' returned 0; elapsed 0.05Total elapsed time: 7.913 sec.
@I [HLS-100] Command "sc_get_clocks yuv_filter "
@I [HLS-100] Command 'sc_get_clocks' returned 0; elapsed 0Total elapsed time: 8.253 sec.
@I [HLS-100] Command "sc_get_portdomain yuv_filter "
@I [HLS-100] Command 'sc_get_portdomain' returned 0; elapsed 0Total elapsed time: 8.253 sec.
@I [HLS-0] Model list for RTL component generation: yuv_filter_rgb2yuv yuv_filter_yuv2rgb yuv_filter
@I [HLS-0] Handling components in module [yuv_filter_rgb2yuv] ... 
@I [HLS-100] Command "source C:/Users/Kasper/Documents/GitHub/TIHSC/Exercise2/HLS_labs/lab2/yuv_filter.prj/solution1/.autopilot/db/yuv_filter_rgb2yuv.compgen.tcl "
@I [HLS-100] Command 'ap_source' returned 0; elapsed 0Total elapsed time: 8.283 sec.
@I [HLS-0] Handling components in module [yuv_filter_yuv2rgb] ... 
@I [HLS-100] Command "source C:/Users/Kasper/Documents/GitHub/TIHSC/Exercise2/HLS_labs/lab2/yuv_filter.prj/solution1/.autopilot/db/yuv_filter_yuv2rgb.compgen.tcl "
@I [HLS-100] Command 'ap_source' returned 0; elapsed 0.01Total elapsed time: 8.293 sec.
@I [HLS-0] Handling components in module [yuv_filter] ... 
@I [HLS-100] Command "source C:/Users/Kasper/Documents/GitHub/TIHSC/Exercise2/HLS_labs/lab2/yuv_filter.prj/solution1/.autopilot/db/yuv_filter.compgen.tcl "
@I [HLS-0] Found component yuv_filter_p_yuv_channels_ch1.
@I [HLS-0] Append model yuv_filter_p_yuv_channels_ch1
@I [HLS-100] Command 'ap_source' returned 0; elapsed 0Total elapsed time: 8.293 sec.
@I [HLS-0] Append model yuv_filter_rgb2yuv
@I [HLS-0] Append model yuv_filter_yuv2rgb
@I [HLS-0] Append model yuv_filter
@I [HLS-0] Generating RTL model list ...
@I [HLS-0] All models in this session: yuv_filter_p_yuv_channels_ch1 yuv_filter_rgb2yuv yuv_filter_yuv2rgb yuv_filter
@I [HLS-0] To file: write model yuv_filter_p_yuv_channels_ch1
@I [HLS-0] To file: write model yuv_filter_rgb2yuv
@I [HLS-0] To file: write model yuv_filter_yuv2rgb
@I [HLS-0] To file: write model yuv_filter
@I [HLS-0] Finished generating RTL model list.


@I [HLS-0] RTL Generation done.
@I [HLS-0] CAS Generation done.
@I [HLS-0] CBC Generation done.
@I [HLS-100] Command "export_ssdm C:/Users/Kasper/Documents/GitHub/TIHSC/Exercise2/HLS_labs/lab2/yuv_filter.prj/solution1/.autopilot/db/a.export.ll "
@I [HLS-100] Command 'export_ssdm' returned 0; elapsed 0Total elapsed time: 8.303 sec.
@I [HLS-100] Command "source C:/Users/Kasper/Documents/GitHub/TIHSC/Exercise2/HLS_labs/lab2/yuv_filter.prj/solution1/.autopilot/db/global.setting.tcl "
@I [HLS-100] Command 'ap_source' returned 0; elapsed 0Total elapsed time: 8.313 sec.
@I [HLS-100] Command "source C:/Xilinx/Vivado_HLS/2014.4/common/technology/generic/autopilot/common.gen "
@I [HLS-100] Command "source C:/Xilinx/Vivado_HLS/2014.4/common/technology/generic/autopilot/APCoreGen.gen "
@I [HLS-100] Command 'ap_source' returned 0; elapsed 0.01Total elapsed time: 8.323 sec.
@I [HLS-100] Command 'ap_source' returned 0; elapsed 0.01Total elapsed time: 8.323 sec.
@I [HLS-100] Command "source C:/Xilinx/Vivado_HLS/2014.4/common/technology/generic/autopilot/op.gen "
@I [HLS-100] Command 'ap_source' returned 0; elapsed 0Total elapsed time: 8.323 sec.
@I [HLS-100] Command "source C:/Xilinx/Vivado_HLS/2014.4/common/technology/generic/autopilot/op_simcore.gen "
@I [HLS-100] Command 'ap_source' returned 0; elapsed 0Total elapsed time: 8.323 sec.
@I [HLS-100] Command "source C:/Xilinx/Vivado_HLS/2014.4/common/technology/generic/autopilot/interface.gen "
@I [HLS-100] Command 'ap_source' returned 0; elapsed 0Total elapsed time: 8.323 sec.
@I [HLS-100] Command "source C:/Users/Kasper/Documents/GitHub/TIHSC/Exercise2/HLS_labs/lab2/yuv_filter.prj/solution1/.autopilot/db/global.setting.tcl "
@I [HLS-100] Command 'ap_source' returned 0; elapsed 0Total elapsed time: 8.323 sec.
@I [HLS-100] Command "source C:/Xilinx/Vivado_HLS/2014.4/common/technology/xilinx/zynq/zynq.gen "
@I [HLS-100] Command "source C:/Xilinx/Vivado_HLS/2014.4/common/technology/xilinx/common/virtex.gen "
@I [HLS-100] Command "source C:/Xilinx/Vivado_HLS/2014.4/common/technology/xilinx/common/xilinx.gen "
@I [HLS-100] Command "source C:/Xilinx/Vivado_HLS/2014.4/common/technology/xilinx/interface/plb46.gen "
@I [HLS-100] Command 'ap_source' returned 0; elapsed 0.01Total elapsed time: 8.333 sec.
@I [HLS-100] Command "source C:/Xilinx/Vivado_HLS/2014.4/common/technology/xilinx/interface/fsl.gen "
@I [HLS-100] Command 'ap_source' returned 0; elapsed 0Total elapsed time: 8.333 sec.
@I [HLS-100] Command "source C:/Xilinx/Vivado_HLS/2014.4/common/technology/xilinx/interface/axi4.gen "
@I [HLS-100] Command 'ap_source' returned 0; elapsed 0Total elapsed time: 8.333 sec.
@I [HLS-100] Command "source C:/Xilinx/Vivado_HLS/2014.4/common/technology/xilinx/interface/nativeAXI4.gen "
@I [HLS-100] Command "source C:/Xilinx/Vivado_HLS/2014.4/common/technology/xilinx/interface/saxilite.gen "
@I [HLS-100] Command 'ap_source' returned 0; elapsed 0Total elapsed time: 8.333 sec.
@I [HLS-100] Command "source C:/Xilinx/Vivado_HLS/2014.4/common/technology/xilinx/interface/maxi.gen "
@I [HLS-100] Command 'ap_source' returned 0; elapsed 0.01Total elapsed time: 8.343 sec.
@I [HLS-100] Command 'ap_source' returned 0; elapsed 0.01Total elapsed time: 8.343 sec.
@I [HLS-100] Command "source C:/Xilinx/Vivado_HLS/2014.4/common/technology/xilinx/scripts/xilinxcoregen.gen "
@I [HLS-100] Command 'ap_source' returned 0; elapsed 0.02Total elapsed time: 8.363 sec.
@I [HLS-100] Command "source C:/Xilinx/Vivado_HLS/2014.4/common/technology/xilinx/interface/XilEDKCoreGen.gen "
@I [HLS-100] Command 'ap_source' returned 0; elapsed 0.01Total elapsed time: 8.373 sec.
@I [HLS-100] Command "source C:/Xilinx/Vivado_HLS/2014.4/common/technology/xilinx/ip/util.gen "
@I [HLS-100] Command 'ap_source' returned 0; elapsed 0Total elapsed time: 8.373 sec.
@I [HLS-100] Command "source C:/Xilinx/Vivado_HLS/2014.4/common/technology/xilinx/ip/xfft.gen "
@I [HLS-100] Command 'ap_source' returned 0; elapsed 0.13Total elapsed time: 8.503 sec.
@I [HLS-100] Command "source C:/Xilinx/Vivado_HLS/2014.4/common/technology/xilinx/ip/xfir.gen "
@I [HLS-100] Command 'ap_source' returned 0; elapsed 0.04Total elapsed time: 8.543 sec.
@I [HLS-100] Command 'ap_source' returned 0; elapsed 0.22Total elapsed time: 8.543 sec.
@I [HLS-100] Command "source C:/Xilinx/Vivado_HLS/2014.4/common/technology/xilinx/common/dsp48.gen "
@I [HLS-100] Command 'ap_source' returned 0; elapsed 0Total elapsed time: 8.543 sec.
@I [HLS-100] Command 'ap_source' returned 0; elapsed 0.22Total elapsed time: 8.543 sec.
@I [HLS-100] Command 'ap_source' returned 0; elapsed 0.22Total elapsed time: 8.543 sec.
@I [HLS-100] Command "source C:/Xilinx/Vivado_HLS/2014.4/common/technology/xilinx/zynq/zynq_fpv6.gen "
@I [HLS-100] Command "source C:/Xilinx/Vivado_HLS/2014.4/common/technology/xilinx/common/xilinx_fpv6.gen "
@I [HLS-100] Command 'ap_source' returned 0; elapsed 0Total elapsed time: 8.543 sec.
@I [HLS-100] Command 'ap_source' returned 0; elapsed 0Total elapsed time: 8.543 sec.
@I [HLS-100] Command "source C:/Users/Kasper/Documents/GitHub/TIHSC/Exercise2/HLS_labs/lab2/yuv_filter.prj/solution1/.autopilot/db/global.setting.tcl "
@I [HLS-100] Command 'ap_source' returned 0; elapsed 0Total elapsed time: 8.553 sec.
@I [HLS-100] Command "source C:/Users/Kasper/Documents/GitHub/TIHSC/Exercise2/HLS_labs/lab2/yuv_filter.prj/solution1/.autopilot/db/global.setting.tcl "
@I [HLS-100] Command 'ap_source' returned 0; elapsed 0Total elapsed time: 8.553 sec.
@I [HLS-100] Command "source C:/Users/Kasper/Documents/GitHub/TIHSC/Exercise2/HLS_labs/lab2/yuv_filter.prj/solution1/.autopilot/db/global.setting.tcl "
@I [HLS-100] Command 'ap_source' returned 0; elapsed 0Total elapsed time: 8.553 sec.
@I [HLS-100] Command "source C:/Users/Kasper/Documents/GitHub/TIHSC/Exercise2/HLS_labs/lab2/yuv_filter.prj/solution1/.autopilot/db/yuv_filter_rgb2yuv.compgen.tcl "
@I [HLS-100] Command 'ap_source' returned 0; elapsed 0Total elapsed time: 8.563 sec.
@I [HLS-100] Command "source C:/Users/Kasper/Documents/GitHub/TIHSC/Exercise2/HLS_labs/lab2/yuv_filter.prj/solution1/.autopilot/db/yuv_filter_yuv2rgb.compgen.tcl "
@I [HLS-100] Command 'ap_source' returned 0; elapsed 0Total elapsed time: 8.563 sec.
@I [HLS-100] Command "source C:/Users/Kasper/Documents/GitHub/TIHSC/Exercise2/HLS_labs/lab2/yuv_filter.prj/solution1/.autopilot/db/yuv_filter.compgen.tcl "
@I [RTMG-278] Implementing memory 'yuv_filter_p_yuv_channels_ch1_ram' using block RAMs.
@I [HLS-100] Command 'ap_source' returned 0; elapsed 0.04Total elapsed time: 8.603 sec.
@I [HLS-10] Finished generating all RTL models.
@0 [HLS-0] Finished generating all RTL models.
@I [WSYSC-301] Generating RTL SystemC for 'yuv_filter'.
@I [WVHDL-304] Generating RTL VHDL for 'yuv_filter'.
@I [WVLOG-307] Generating RTL Verilog for 'yuv_filter'.
@I [HLS-100] Command 'autosyn' returned 0; elapsed 3.39Total elapsed time: 8.653 sec.
@I [HLS-100] Command 'csynth_design' returned 0; elapsed 6.177Total elapsed time: 8.653 sec.
@I [HLS-100] Command "cleanup_all "
@I [HLS-100] Command 'cleanup_all' returned 0; elapsed 0Total elapsed time: 8.653 sec.
