

================================================================
== Vivado HLS Report for 'yuv_filter_yuv2rgb'
================================================================
* Date:           Fri May 08 12:32:56 2015

* Version:        2014.4 (Build 1071461 on Tue Nov 18 16:42:57 PM 2014)
* Project:        yuv_filter.prj
* Solution:       solution1
* Product family: zynq
* Target device:  xc7z010clg400-1


================================================================
== Performance Estimates
================================================================
+ Timing (ns): 
    * Summary: 
    +---------+-------+----------+------------+
    |  Clock  | Target| Estimated| Uncertainty|
    +---------+-------+----------+------------+
    |default  |   8.00|      6.75|        1.00|
    +---------+-------+----------+------------+

+ Latency (clock cycles): 
    * Summary: 
    +--------+----------+--------+----------+---------+
    |      Latency      |      Interval     | Pipeline|
    |   min  |    max   |   min  |    max   |   Type  |
    +--------+----------+--------+----------+---------+
    |  240401|  14749441|  240401|  14749441|   none  |
    +--------+----------+--------+----------+---------+

    + Detail: 
        * Instance: 
        N/A

        * Loop: 
        +-------------------+--------+----------+-------------+-----------+-----------+------------+----------+
        |                   |      Latency      |  Iteration  |  Initiation Interval  |    Trip    |          |
        |     Loop Name     |   min  |    max   |   Latency   |  achieved |   target  |    Count   | Pipelined|
        +-------------------+--------+----------+-------------+-----------+-----------+------------+----------+
        |- YUV2RGB_LOOP_X   |  240400|  14749440| 1202 ~ 7682 |          -|          -| 200 ~ 1920 |    no    |
        | + YUV2RGB_LOOP_Y  |    1200|      7680|            6|          -|          -| 200 ~ 1280 |    no    |
        +-------------------+--------+----------+-------------+-----------+-----------+------------+----------+



================================================================
== Utilization Estimates
================================================================
* Summary: 
+-----------------+---------+-------+-------+-------+
|       Name      | BRAM_18K| DSP48E|   FF  |  LUT  |
+-----------------+---------+-------+-------+-------+
|Expression       |        -|      4|      0|    221|
|FIFO             |        -|      -|      -|      -|
|Instance         |        -|      -|      -|      -|
|Memory           |        -|      -|      -|      -|
|Multiplexer      |        -|      -|      -|     36|
|Register         |        -|      -|    210|      -|
+-----------------+---------+-------+-------+-------+
|Total            |        0|      4|    210|    257|
+-----------------+---------+-------+-------+-------+
|Available        |      120|     80|  35200|  17600|
+-----------------+---------+-------+-------+-------+
|Utilization (%)  |        0|      5|   ~0  |      1|
+-----------------+---------+-------+-------+-------+

+ Detail: 
    * Instance: 
    N/A

    * Memory: 
    N/A

    * FIFO: 
    N/A

    * Expression: 
    +---------------------+----------+-------+---+----+------------+------------+
    |    Variable Name    | Operation| DSP48E| FF| LUT| Bitwidth P0| Bitwidth P1|
    +---------------------+----------+-------+---+----+------------+------------+
    |tmp_18_fu_316_p2     |     *    |      1|  0|   0|           9|           9|
    |tmp_19_fu_334_p2     |     *    |      1|  0|   0|           8|           9|
    |tmp_22_fu_482_p2     |     *    |      1|  0|   0|           8|           8|
    |tmp_23_fu_373_p2     |     *    |      1|  0|   0|           8|           9|
    |p_addr1_fu_281_p2    |     +    |      0|  0|  27|          27|          27|
    |p_addr_fu_250_p2     |     +    |      0|  0|  27|          27|          27|
    |tmp2_fu_410_p2       |     +    |      0|  0|  18|          18|          18|
    |tmp_25_fu_419_p2     |     +    |      0|  0|  19|          19|          19|
    |x_2_fu_220_p2        |     +    |      0|  0|  16|          16|           1|
    |y_2_fu_271_p2        |     +    |      0|  0|  16|          16|           1|
    |out_channels_ch1_d0  |  Select  |      0|  0|   8|           1|           8|
    |out_channels_ch2_d0  |  Select  |      0|  0|   8|           1|           8|
    |out_channels_ch3_d0  |  Select  |      0|  0|   8|           1|           8|
    |p_phitmp2_fu_556_p3  |  Select  |      0|  0|   2|           1|           2|
    |p_phitmp3_fu_530_p3  |  Select  |      0|  0|   2|           1|           2|
    |p_phitmp_fu_458_p3   |  Select  |      0|  0|   2|           1|           2|
    |exitcond1_fu_215_p2  |   icmp   |      0|  0|  20|          16|          16|
    |exitcond_fu_266_p2   |   icmp   |      0|  0|  20|          16|          16|
    |icmp1_fu_551_p2      |   icmp   |      0|  0|   2|           2|           1|
    |icmp2_fu_525_p2      |   icmp   |      0|  0|   3|           3|           1|
    |icmp_fu_453_p2       |   icmp   |      0|  0|   2|           2|           1|
    |tmp_3_fu_466_p2      |    or    |      0|  0|   1|           1|           1|
    |tmp_6_fu_564_p2      |    or    |      0|  0|   1|           1|           1|
    |tmp_9_fu_538_p2      |    or    |      0|  0|   1|           1|           1|
    |D_fu_300_p2          |    xor   |      0|  0|   9|           8|           9|
    |E_fu_306_p2          |    xor   |      0|  0|   9|           8|           9|
    +---------------------+----------+-------+---+----+------------+------------+
    |Total                |          |      4|  0| 221|         220|         214|
    +---------------------+----------+-------+---+----+------------+------------+

    * Multiplexer: 
    +-----------+----+-----------+-----+-----------+
    |    Name   | LUT| Input Size| Bits| Total Bits|
    +-----------+----+-----------+-----+-----------+
    |ap_NS_fsm  |   4|          9|    1|          9|
    |x_reg_192  |  16|          2|   16|         32|
    |y_reg_203  |  16|          2|   16|         32|
    +-----------+----+-----------+-----+-----------+
    |Total      |  36|         13|   33|         73|
    +-----------+----+-----------+-----+-----------+

    * Register: 
    +-----------------+----+----+-----+-----------+
    |       Name      | FF | LUT| Bits| Const Bits|
    +-----------------+----+----+-----+-----------+
    |D_reg_639        |   8|   0|    8|          0|
    |E_reg_646        |   8|   0|    8|          0|
    |Y_reg_624        |   8|   0|    8|          0|
    |ap_CS_fsm        |   8|   0|    8|          0|
    |p_addr_reg_597   |  19|   0|   27|          8|
    |phitmp2_reg_704  |   8|   0|    8|          0|
    |phitmp3_reg_689  |   8|   0|    8|          0|
    |phitmp_reg_669   |   8|   0|    8|          0|
    |tmp1_reg_674     |  17|   0|   18|          1|
    |tmp_13_reg_610   |  27|   0|   64|         37|
    |tmp_1_reg_659    |   2|   0|    2|          0|
    |tmp_20_reg_652   |  17|   0|   18|          1|
    |tmp_2_reg_664    |   1|   0|    1|          0|
    |tmp_4_reg_694    |   2|   0|    2|          0|
    |tmp_5_reg_699    |   1|   0|    1|          0|
    |tmp_7_reg_679    |   3|   0|    3|          0|
    |tmp_8_reg_684    |   1|   0|    1|          0|
    |x_2_reg_592      |  16|   0|   16|          0|
    |x_reg_192        |  16|   0|   16|          0|
    |y_2_reg_605      |  16|   0|   16|          0|
    |y_reg_203        |  16|   0|   16|          0|
    +-----------------+----+----+-----+-----------+
    |Total            | 210|   0|  257|         47|
    +-----------------+----+----+-----+-----------+



================================================================
== Interface
================================================================
* Summary: 
+---------------------------+-----+-----+------------+--------------------+--------------+
|         RTL Ports         | Dir | Bits|  Protocol  |    Source Object   |    C Type    |
+---------------------------+-----+-----+------------+--------------------+--------------+
|ap_clk                     |  in |    1| ap_ctrl_hs | yuv_filter_yuv2rgb | return value |
|ap_rst                     |  in |    1| ap_ctrl_hs | yuv_filter_yuv2rgb | return value |
|ap_start                   |  in |    1| ap_ctrl_hs | yuv_filter_yuv2rgb | return value |
|ap_done                    | out |    1| ap_ctrl_hs | yuv_filter_yuv2rgb | return value |
|ap_idle                    | out |    1| ap_ctrl_hs | yuv_filter_yuv2rgb | return value |
|ap_ready                   | out |    1| ap_ctrl_hs | yuv_filter_yuv2rgb | return value |
|ap_return_0                | out |   16| ap_ctrl_hs | yuv_filter_yuv2rgb | return value |
|ap_return_1                | out |   16| ap_ctrl_hs | yuv_filter_yuv2rgb | return value |
|in_channels_ch1_address0   | out |   22|  ap_memory |   in_channels_ch1  |     array    |
|in_channels_ch1_ce0        | out |    1|  ap_memory |   in_channels_ch1  |     array    |
|in_channels_ch1_q0         |  in |    8|  ap_memory |   in_channels_ch1  |     array    |
|in_channels_ch2_address0   | out |   22|  ap_memory |   in_channels_ch2  |     array    |
|in_channels_ch2_ce0        | out |    1|  ap_memory |   in_channels_ch2  |     array    |
|in_channels_ch2_q0         |  in |    8|  ap_memory |   in_channels_ch2  |     array    |
|in_channels_ch3_address0   | out |   22|  ap_memory |   in_channels_ch3  |     array    |
|in_channels_ch3_ce0        | out |    1|  ap_memory |   in_channels_ch3  |     array    |
|in_channels_ch3_q0         |  in |    8|  ap_memory |   in_channels_ch3  |     array    |
|in_width_read              |  in |   16|   ap_none  |    in_width_read   |    scalar    |
|in_height_read             |  in |   16|   ap_none  |   in_height_read   |    scalar    |
|out_channels_ch1_address0  | out |   22|  ap_memory |  out_channels_ch1  |     array    |
|out_channels_ch1_ce0       | out |    1|  ap_memory |  out_channels_ch1  |     array    |
|out_channels_ch1_we0       | out |    1|  ap_memory |  out_channels_ch1  |     array    |
|out_channels_ch1_d0        | out |    8|  ap_memory |  out_channels_ch1  |     array    |
|out_channels_ch2_address0  | out |   22|  ap_memory |  out_channels_ch2  |     array    |
|out_channels_ch2_ce0       | out |    1|  ap_memory |  out_channels_ch2  |     array    |
|out_channels_ch2_we0       | out |    1|  ap_memory |  out_channels_ch2  |     array    |
|out_channels_ch2_d0        | out |    8|  ap_memory |  out_channels_ch2  |     array    |
|out_channels_ch3_address0  | out |   22|  ap_memory |  out_channels_ch3  |     array    |
|out_channels_ch3_ce0       | out |    1|  ap_memory |  out_channels_ch3  |     array    |
|out_channels_ch3_we0       | out |    1|  ap_memory |  out_channels_ch3  |     array    |
|out_channels_ch3_d0        | out |    8|  ap_memory |  out_channels_ch3  |     array    |
+---------------------------+-----+-----+------------+--------------------+--------------+

============================================================
+ Verbose Summary: Synthesis Manager
============================================================
InlineROM: 1
ExposeGlobal: 0
============================================================
+ Verbose Summary: CDFG Model
============================================================
IsTopModel: 0
ResetActiveHigh: 1
IsCombinational: 2
IsDatapathOnly: 2
HasWiredReturn: 1
HasMFsm: 0
HasVarLatency: 1
IsPipeline: 0
IsRtlPipelined: 0
IsInstanceOverlapped: 0
IsDontTouch: 0
HasImplIP: 0
IsGatedGlobalClock: 0


============================================================
+ Verbose Summary: Schedule
============================================================
* Number of FSM states: 8
* Pipeline: 0
* Dataflow Pipeline: 0

* FSM state transitions: 
1 --> 
	2  / true
2 --> 
	3  / (!exitcond1)
3 --> 
	4  / (!exitcond)
	2  / (exitcond)
4 --> 
	5  / true
5 --> 
	6  / true
6 --> 
	7  / true
7 --> 
	8  / true
8 --> 
	3  / true
* FSM state operations: 

 <State 1>: 1.57ns
ST_1: in_height_read_2 [1/1] 0.00ns
:0  %in_height_read_2 = call i16 @_ssdm_op_Read.ap_auto.i16(i16 %in_height_read)

ST_1: in_width_read_2 [1/1] 0.00ns
:1  %in_width_read_2 = call i16 @_ssdm_op_Read.ap_auto.i16(i16 %in_width_read)

ST_1: stg_11 [1/1] 1.57ns
:2  br label %1


 <State 2>: 2.32ns
ST_2: x [1/1] 0.00ns
:0  %x = phi i16 [ 0, %0 ], [ %x_2, %4 ]

ST_2: exitcond1 [1/1] 2.28ns
:1  %exitcond1 = icmp eq i16 %x, %in_width_read_2

ST_2: x_2 [1/1] 1.96ns
:2  %x_2 = add i16 %x, 1

ST_2: stg_15 [1/1] 0.00ns
:3  br i1 %exitcond1, label %5, label %2

ST_2: stg_16 [1/1] 0.00ns
:0  call void (...)* @_ssdm_op_SpecLoopName([15 x i8]* @p_str3) nounwind

ST_2: tmp_s [1/1] 0.00ns
:1  %tmp_s = call i32 (...)* @_ssdm_op_SpecRegionBegin([15 x i8]* @p_str3)

ST_2: stg_18 [1/1] 0.00ns
:2  call void (...)* @_ssdm_op_SpecLoopTripCount(i32 200, i32 1920, i32 1060, [1 x i8]* @p_str1) nounwind

ST_2: tmp [1/1] 0.00ns
:3  %tmp = call i26 @_ssdm_op_BitConcatenate.i26.i16.i10(i16 %x, i10 0)

ST_2: p_shl8_cast [1/1] 0.00ns
:4  %p_shl8_cast = zext i26 %tmp to i27

ST_2: tmp_12 [1/1] 0.00ns
:5  %tmp_12 = call i24 @_ssdm_op_BitConcatenate.i24.i16.i8(i16 %x, i8 0)

ST_2: p_shl9_cast [1/1] 0.00ns
:6  %p_shl9_cast = zext i24 %tmp_12 to i27

ST_2: p_addr [1/1] 2.32ns
:7  %p_addr = add i27 %p_shl8_cast, %p_shl9_cast

ST_2: stg_24 [1/1] 1.57ns
:8  br label %3

ST_2: mrv [1/1] 0.00ns
:0  %mrv = insertvalue { i16, i16 } undef, i16 %in_width_read_2, 0

ST_2: mrv_1 [1/1] 0.00ns
:1  %mrv_1 = insertvalue { i16, i16 } %mrv, i16 %in_height_read_2, 1

ST_2: stg_27 [1/1] 0.00ns
:2  ret { i16, i16 } %mrv_1


 <State 3>: 4.71ns
ST_3: y [1/1] 0.00ns
:0  %y = phi i16 [ 0, %2 ], [ %y_2, %_ifconv ]

ST_3: exitcond [1/1] 2.28ns
:1  %exitcond = icmp eq i16 %y, %in_height_read_2

ST_3: y_2 [1/1] 1.96ns
:2  %y_2 = add i16 %y, 1

ST_3: stg_31 [1/1] 0.00ns
:3  br i1 %exitcond, label %4, label %_ifconv

ST_3: tmp_trn_cast [1/1] 0.00ns
_ifconv:3  %tmp_trn_cast = zext i16 %y to i27

ST_3: p_addr1 [1/1] 2.32ns
_ifconv:4  %p_addr1 = add i27 %p_addr, %tmp_trn_cast

ST_3: tmp_13 [1/1] 0.00ns
_ifconv:5  %tmp_13 = zext i27 %p_addr1 to i64

ST_3: in_channels_ch1_addr [1/1] 0.00ns
_ifconv:6  %in_channels_ch1_addr = getelementptr [2457600 x i8]* %in_channels_ch1, i64 0, i64 %tmp_13

ST_3: Y [2/2] 2.39ns
_ifconv:7  %Y = load i8* %in_channels_ch1_addr, align 1

ST_3: empty_18 [1/1] 0.00ns
:0  %empty_18 = call i32 (...)* @_ssdm_op_SpecRegionEnd([15 x i8]* @p_str3, i32 %tmp_s)

ST_3: stg_38 [1/1] 0.00ns
:1  br label %1


 <State 4>: 2.39ns
ST_4: Y [1/2] 2.39ns
_ifconv:7  %Y = load i8* %in_channels_ch1_addr, align 1

ST_4: in_channels_ch2_addr [1/1] 0.00ns
_ifconv:8  %in_channels_ch2_addr = getelementptr [2457600 x i8]* %in_channels_ch2, i64 0, i64 %tmp_13

ST_4: U [2/2] 2.39ns
_ifconv:9  %U = load i8* %in_channels_ch2_addr, align 1

ST_4: in_channels_ch3_addr [1/1] 0.00ns
_ifconv:10  %in_channels_ch3_addr = getelementptr [2457600 x i8]* %in_channels_ch3, i64 0, i64 %tmp_13

ST_4: V [2/2] 2.39ns
_ifconv:11  %V = load i8* %in_channels_ch3_addr, align 1


 <State 5>: 6.38ns
ST_5: U [1/2] 2.39ns
_ifconv:9  %U = load i8* %in_channels_ch2_addr, align 1

ST_5: V [1/2] 2.39ns
_ifconv:11  %V = load i8* %in_channels_ch3_addr, align 1

ST_5: tmp_32_cast [1/1] 0.00ns
_ifconv:12  %tmp_32_cast = zext i8 %Y to i9

ST_5: C [1/1] 0.00ns
_ifconv:13  %C = add i9 %tmp_32_cast, -16

ST_5: D [1/1] 1.37ns
_ifconv:14  %D = xor i8 %U, -128

ST_5: E [1/1] 1.37ns
_ifconv:15  %E = xor i8 %V, -128

ST_5: tmp_35_cast [1/1] 0.00ns
_ifconv:16  %tmp_35_cast = sext i9 %C to i18

ST_5: tmp_18 [1/1] 3.36ns
_ifconv:17  %tmp_18 = mul i18 %tmp_35_cast, 298

ST_5: tmp_20 [1/1] 3.02ns
_ifconv:21  %tmp_20 = add i18 %tmp_18, 128


 <State 6>: 6.38ns
ST_6: tmp_37_cast5 [1/1] 0.00ns
_ifconv:18  %tmp_37_cast5 = sext i8 %E to i18

ST_6: tmp_37_cast5_cast [1/1] 0.00ns
_ifconv:19  %tmp_37_cast5_cast = sext i8 %E to i17

ST_6: tmp_19 [1/1] 3.36ns
_ifconv:20  %tmp_19 = mul i18 %tmp_37_cast5, 409

ST_6: tmp_21 [1/1] 3.02ns
_ifconv:22  %tmp_21 = add i18 %tmp_19, %tmp_20

ST_6: tmp_1 [1/1] 0.00ns
_ifconv:23  %tmp_1 = call i2 @_ssdm_op_PartSelect.i2.i18.i32.i32(i18 %tmp_21, i32 16, i32 17)

ST_6: tmp_2 [1/1] 0.00ns
_ifconv:25  %tmp_2 = call i1 @_ssdm_op_BitSelect.i1.i18.i32(i18 %tmp_21, i32 17)

ST_6: phitmp [1/1] 0.00ns
_ifconv:26  %phitmp = call i8 @_ssdm_op_PartSelect.i8.i18.i32.i32(i18 %tmp_21, i32 8, i32 15)

ST_6: tmp_23 [1/1] 3.36ns
_ifconv:33  %tmp_23 = mul i17 %tmp_37_cast5_cast, -208

ST_6: tmp_25_cast [1/1] 0.00ns
_ifconv:34  %tmp_25_cast = sext i17 %tmp_23 to i18

ST_6: tmp1 [1/1] 3.02ns
_ifconv:35  %tmp1 = add i18 %tmp_20, %tmp_25_cast

ST_6: p_shl [1/1] 0.00ns
_ifconv:44  %p_shl = call i17 @_ssdm_op_BitConcatenate.i17.i8.i9(i8 %D, i9 0)

ST_6: p_shl_cast [1/1] 0.00ns
_ifconv:45  %p_shl_cast = sext i17 %p_shl to i19

ST_6: p_shl1 [1/1] 0.00ns
_ifconv:46  %p_shl1 = call i10 @_ssdm_op_BitConcatenate.i10.i8.i2(i8 %D, i2 0)

ST_6: p_shl1_cast [1/1] 0.00ns
_ifconv:47  %p_shl1_cast = sext i10 %p_shl1 to i18

ST_6: tmp2 [1/1] 3.02ns
_ifconv:48  %tmp2 = add i18 %p_shl1_cast, %tmp_20

ST_6: tmp2_cast [1/1] 0.00ns
_ifconv:49  %tmp2_cast = sext i18 %tmp2 to i19

ST_6: tmp_25 [1/1] 3.02ns
_ifconv:50  %tmp_25 = add i19 %tmp2_cast, %p_shl_cast

ST_6: tmp_7 [1/1] 0.00ns
_ifconv:51  %tmp_7 = call i3 @_ssdm_op_PartSelect.i3.i19.i32.i32(i19 %tmp_25, i32 16, i32 18)

ST_6: tmp_8 [1/1] 0.00ns
_ifconv:53  %tmp_8 = call i1 @_ssdm_op_BitSelect.i1.i19.i32(i19 %tmp_25, i32 18)

ST_6: phitmp3 [1/1] 0.00ns
_ifconv:54  %phitmp3 = call i8 @_ssdm_op_PartSelect.i8.i19.i32.i32(i19 %tmp_25, i32 8, i32 15)


 <State 7>: 6.75ns
ST_7: icmp [1/1] 1.36ns
_ifconv:24  %icmp = icmp eq i2 %tmp_1, 1

ST_7: p_phitmp [1/1] 1.37ns
_ifconv:27  %p_phitmp = select i1 %icmp, i8 -1, i8 0

ST_7: tmp_3 [1/1] 1.37ns
_ifconv:28  %tmp_3 = or i1 %icmp, %tmp_2

ST_7: R [1/1] 1.37ns
_ifconv:29  %R = select i1 %tmp_3, i8 %p_phitmp, i8 %phitmp

ST_7: tmp_45_cast4_cast [1/1] 0.00ns
_ifconv:30  %tmp_45_cast4_cast = sext i8 %D to i16

ST_7: tmp_22 [1/1] 3.36ns
_ifconv:31  %tmp_22 = mul i16 %tmp_45_cast4_cast, -100

ST_7: tmp_24_cast [1/1] 0.00ns
_ifconv:32  %tmp_24_cast = sext i16 %tmp_22 to i18

ST_7: tmp_24 [1/1] 3.02ns
_ifconv:36  %tmp_24 = add i18 %tmp1, %tmp_24_cast

ST_7: tmp_4 [1/1] 0.00ns
_ifconv:37  %tmp_4 = call i2 @_ssdm_op_PartSelect.i2.i18.i32.i32(i18 %tmp_24, i32 16, i32 17)

ST_7: tmp_5 [1/1] 0.00ns
_ifconv:39  %tmp_5 = call i1 @_ssdm_op_BitSelect.i1.i18.i32(i18 %tmp_24, i32 17)

ST_7: phitmp2 [1/1] 0.00ns
_ifconv:40  %phitmp2 = call i8 @_ssdm_op_PartSelect.i8.i18.i32.i32(i18 %tmp_24, i32 8, i32 15)

ST_7: icmp2 [1/1] 1.62ns
_ifconv:52  %icmp2 = icmp sgt i3 %tmp_7, 0

ST_7: p_phitmp3 [1/1] 1.37ns
_ifconv:55  %p_phitmp3 = select i1 %icmp2, i8 -1, i8 0

ST_7: tmp_9 [1/1] 1.37ns
_ifconv:56  %tmp_9 = or i1 %icmp2, %tmp_8

ST_7: B [1/1] 1.37ns
_ifconv:57  %B = select i1 %tmp_9, i8 %p_phitmp3, i8 %phitmp3

ST_7: out_channels_ch1_addr [1/1] 0.00ns
_ifconv:58  %out_channels_ch1_addr = getelementptr [2457600 x i8]* %out_channels_ch1, i64 0, i64 %tmp_13

ST_7: stg_89 [1/1] 2.39ns
_ifconv:59  store i8 %R, i8* %out_channels_ch1_addr, align 1

ST_7: out_channels_ch3_addr [1/1] 0.00ns
_ifconv:62  %out_channels_ch3_addr = getelementptr [2457600 x i8]* %out_channels_ch3, i64 0, i64 %tmp_13

ST_7: stg_91 [1/1] 2.39ns
_ifconv:63  store i8 %B, i8* %out_channels_ch3_addr, align 1


 <State 8>: 6.49ns
ST_8: stg_92 [1/1] 0.00ns
_ifconv:0  call void (...)* @_ssdm_op_SpecLoopName([15 x i8]* @p_str4) nounwind

ST_8: tmp_17 [1/1] 0.00ns
_ifconv:1  %tmp_17 = call i32 (...)* @_ssdm_op_SpecRegionBegin([15 x i8]* @p_str4)

ST_8: stg_94 [1/1] 0.00ns
_ifconv:2  call void (...)* @_ssdm_op_SpecLoopTripCount(i32 200, i32 1280, i32 740, [1 x i8]* @p_str1) nounwind

ST_8: icmp1 [1/1] 1.36ns
_ifconv:38  %icmp1 = icmp eq i2 %tmp_4, 1

ST_8: p_phitmp2 [1/1] 1.37ns
_ifconv:41  %p_phitmp2 = select i1 %icmp1, i8 -1, i8 0

ST_8: tmp_6 [1/1] 1.37ns
_ifconv:42  %tmp_6 = or i1 %icmp1, %tmp_5

ST_8: G [1/1] 1.37ns
_ifconv:43  %G = select i1 %tmp_6, i8 %p_phitmp2, i8 %phitmp2

ST_8: out_channels_ch2_addr [1/1] 0.00ns
_ifconv:60  %out_channels_ch2_addr = getelementptr [2457600 x i8]* %out_channels_ch2, i64 0, i64 %tmp_13

ST_8: stg_100 [1/1] 2.39ns
_ifconv:61  store i8 %G, i8* %out_channels_ch2_addr, align 1

ST_8: empty [1/1] 0.00ns
_ifconv:64  %empty = call i32 (...)* @_ssdm_op_SpecRegionEnd([15 x i8]* @p_str4, i32 %tmp_17)

ST_8: stg_102 [1/1] 0.00ns
_ifconv:65  br label %3



============================================================
+ Verbose Summary: Binding
============================================================
STG Binding: 
---------------- STG Properties BEGIN ----------------
- Is combinational: 0
- Is one-state seq: 0
- Is datapath-only: 0
- Is clock enabled: 0
- Is pipelined: 0
- Is top level: 0
Port [ Return ] is wired: 1; IO mode=ap_ctrl_hs:ce=0
Port [ in_channels_ch1]:  wired=1; compound=1; hidden=0; nouse=0; global=0; static=0; extern=0; dir=0; type=1; mode=0x4c2e7b59d0; pingpong=0; private_global=0; MemPort=[13]; IO mode=ap_memory:ce=0
Port [ in_channels_ch2]:  wired=1; compound=1; hidden=0; nouse=0; global=0; static=0; extern=0; dir=0; type=1; mode=0x4c2e7b4860; pingpong=0; private_global=0; MemPort=[13]; IO mode=ap_memory:ce=0
Port [ in_channels_ch3]:  wired=1; compound=1; hidden=0; nouse=0; global=0; static=0; extern=0; dir=0; type=1; mode=0x4c2e7b4f20; pingpong=0; private_global=0; MemPort=[13]; IO mode=ap_memory:ce=0
Port [ in_width_read]:  wired=1; compound=0; hidden=0; nouse=0; global=0; static=0; extern=0; dir=0; type=0; mode=0x4c2e7b4350; pingpong=0; private_global=0; IO mode=ap_none:ce=0
Port [ in_height_read]:  wired=1; compound=0; hidden=0; nouse=0; global=0; static=0; extern=0; dir=0; type=0; mode=0x4c2e7b5040; pingpong=0; private_global=0; IO mode=ap_none:ce=0
Port [ out_channels_ch1]:  wired=1; compound=1; hidden=0; nouse=0; global=0; static=0; extern=0; dir=1; type=1; mode=0x4c2e7b5f70; pingpong=0; private_global=0; MemPort=[03]; IO mode=ap_memory:ce=0
Port [ out_channels_ch2]:  wired=1; compound=1; hidden=0; nouse=0; global=0; static=0; extern=0; dir=1; type=1; mode=0x4c2e7b4080; pingpong=0; private_global=0; MemPort=[03]; IO mode=ap_memory:ce=0
Port [ out_channels_ch3]:  wired=1; compound=1; hidden=0; nouse=0; global=0; static=0; extern=0; dir=1; type=1; mode=0x4c2e7b5550; pingpong=0; private_global=0; MemPort=[03]; IO mode=ap_memory:ce=0
---------------- STG Properties END ------------------

---------------- Datapath Model BEGIN ----------------

<LifeTime>
<method=bitvector/>
in_height_read_2      (read             ) [ 001111111]
in_width_read_2       (read             ) [ 001111111]
stg_11                (br               ) [ 011111111]
x                     (phi              ) [ 001000000]
exitcond1             (icmp             ) [ 001111111]
x_2                   (add              ) [ 011111111]
stg_15                (br               ) [ 000000000]
stg_16                (specloopname     ) [ 000000000]
tmp_s                 (specregionbegin  ) [ 000111111]
stg_18                (speclooptripcount) [ 000000000]
tmp                   (bitconcatenate   ) [ 000000000]
p_shl8_cast           (zext             ) [ 000000000]
tmp_12                (bitconcatenate   ) [ 000000000]
p_shl9_cast           (zext             ) [ 000000000]
p_addr                (add              ) [ 000111111]
stg_24                (br               ) [ 001111111]
mrv                   (insertvalue      ) [ 000000000]
mrv_1                 (insertvalue      ) [ 000000000]
stg_27                (ret              ) [ 000000000]
y                     (phi              ) [ 000100000]
exitcond              (icmp             ) [ 001111111]
y_2                   (add              ) [ 001111111]
stg_31                (br               ) [ 000000000]
tmp_trn_cast          (zext             ) [ 000000000]
p_addr1               (add              ) [ 000000000]
tmp_13                (zext             ) [ 000011111]
in_channels_ch1_addr  (getelementptr    ) [ 000010000]
empty_18              (specregionend    ) [ 000000000]
stg_38                (br               ) [ 011111111]
Y                     (load             ) [ 000001000]
in_channels_ch2_addr  (getelementptr    ) [ 000001000]
in_channels_ch3_addr  (getelementptr    ) [ 000001000]
U                     (load             ) [ 000000000]
V                     (load             ) [ 000000000]
tmp_32_cast           (zext             ) [ 000000000]
C                     (add              ) [ 000000000]
D                     (xor              ) [ 000000110]
E                     (xor              ) [ 000000100]
tmp_35_cast           (sext             ) [ 000000000]
tmp_18                (mul              ) [ 000000000]
tmp_20                (add              ) [ 000000100]
tmp_37_cast5          (sext             ) [ 000000000]
tmp_37_cast5_cast     (sext             ) [ 000000000]
tmp_19                (mul              ) [ 000000000]
tmp_21                (add              ) [ 000000000]
tmp_1                 (partselect       ) [ 000000010]
tmp_2                 (bitselect        ) [ 000000010]
phitmp                (partselect       ) [ 000000010]
tmp_23                (mul              ) [ 000000000]
tmp_25_cast           (sext             ) [ 000000000]
tmp1                  (add              ) [ 000000010]
p_shl                 (bitconcatenate   ) [ 000000000]
p_shl_cast            (sext             ) [ 000000000]
p_shl1                (bitconcatenate   ) [ 000000000]
p_shl1_cast           (sext             ) [ 000000000]
tmp2                  (add              ) [ 000000000]
tmp2_cast             (sext             ) [ 000000000]
tmp_25                (add              ) [ 000000000]
tmp_7                 (partselect       ) [ 000000010]
tmp_8                 (bitselect        ) [ 000000010]
phitmp3               (partselect       ) [ 000000010]
icmp                  (icmp             ) [ 000000000]
p_phitmp              (select           ) [ 000000000]
tmp_3                 (or               ) [ 000000000]
R                     (select           ) [ 000000000]
tmp_45_cast4_cast     (sext             ) [ 000000000]
tmp_22                (mul              ) [ 000000000]
tmp_24_cast           (sext             ) [ 000000000]
tmp_24                (add              ) [ 000000000]
tmp_4                 (partselect       ) [ 000000001]
tmp_5                 (bitselect        ) [ 000000001]
phitmp2               (partselect       ) [ 000000001]
icmp2                 (icmp             ) [ 000000000]
p_phitmp3             (select           ) [ 000000000]
tmp_9                 (or               ) [ 000000000]
B                     (select           ) [ 000000000]
out_channels_ch1_addr (getelementptr    ) [ 000000000]
stg_89                (store            ) [ 000000000]
out_channels_ch3_addr (getelementptr    ) [ 000000000]
stg_91                (store            ) [ 000000000]
stg_92                (specloopname     ) [ 000000000]
tmp_17                (specregionbegin  ) [ 000000000]
stg_94                (speclooptripcount) [ 000000000]
icmp1                 (icmp             ) [ 000000000]
p_phitmp2             (select           ) [ 000000000]
tmp_6                 (or               ) [ 000000000]
G                     (select           ) [ 000000000]
out_channels_ch2_addr (getelementptr    ) [ 000000000]
stg_100               (store            ) [ 000000000]
empty                 (specregionend    ) [ 000000000]
stg_102               (br               ) [ 001111111]
</LifeTime>

<model>

<comp_list>
<comp id="0" class="1000" name="in_channels_ch1">
<pin_list>
<pin id="1" dir="1" index="0" bw="1" slack="0"/>
</pin_list>
<bind>
<StgValue><ssdm name="in_channels_ch1"/><MemPortTyVec>1 3 </MemPortTyVec>
</StgValue>
</bind>
</comp>

<comp id="2" class="1000" name="in_channels_ch2">
<pin_list>
<pin id="3" dir="1" index="0" bw="1" slack="0"/>
</pin_list>
<bind>
<StgValue><ssdm name="in_channels_ch2"/><MemPortTyVec>1 3 </MemPortTyVec>
</StgValue>
</bind>
</comp>

<comp id="4" class="1000" name="in_channels_ch3">
<pin_list>
<pin id="5" dir="1" index="0" bw="1" slack="0"/>
</pin_list>
<bind>
<StgValue><ssdm name="in_channels_ch3"/><MemPortTyVec>1 3 </MemPortTyVec>
</StgValue>
</bind>
</comp>

<comp id="6" class="1000" name="in_width_read">
<pin_list>
<pin id="7" dir="1" index="0" bw="1" slack="0"/>
</pin_list>
<bind>
<StgValue><ssdm name="in_width_read"/></StgValue>
</bind>
</comp>

<comp id="8" class="1000" name="in_height_read">
<pin_list>
<pin id="9" dir="1" index="0" bw="1" slack="0"/>
</pin_list>
<bind>
<StgValue><ssdm name="in_height_read"/></StgValue>
</bind>
</comp>

<comp id="10" class="1000" name="out_channels_ch1">
<pin_list>
<pin id="11" dir="1" index="0" bw="1" slack="0"/>
</pin_list>
<bind>
<StgValue><ssdm name="out_channels_ch1"/><MemPortTyVec>0 3 </MemPortTyVec>
</StgValue>
</bind>
</comp>

<comp id="12" class="1000" name="out_channels_ch2">
<pin_list>
<pin id="13" dir="1" index="0" bw="1" slack="0"/>
</pin_list>
<bind>
<StgValue><ssdm name="out_channels_ch2"/><MemPortTyVec>0 3 </MemPortTyVec>
</StgValue>
</bind>
</comp>

<comp id="14" class="1000" name="out_channels_ch3">
<pin_list>
<pin id="15" dir="1" index="0" bw="1" slack="0"/>
</pin_list>
<bind>
<StgValue><ssdm name="out_channels_ch3"/><MemPortTyVec>0 3 </MemPortTyVec>
</StgValue>
</bind>
</comp>

<comp id="16" class="1001" name="const_16">
<pin_list>
<pin id="17" dir="1" index="0" bw="1" slack="0"/>
</pin_list>
<bind>
<StgValue><ssdm name="_ssdm_op_Read.ap_auto.i16"/></StgValue>
</bind>
</comp>

<comp id="18" class="1001" name="const_18">
<pin_list>
<pin id="19" dir="1" index="0" bw="1" slack="1"/>
</pin_list>
<bind>
<StgValue><ssdm name=""/></StgValue>
</bind>
</comp>

<comp id="20" class="1001" name="const_20">
<pin_list>
<pin id="21" dir="1" index="0" bw="1" slack="0"/>
</pin_list>
<bind>
<StgValue><ssdm name=""/></StgValue>
</bind>
</comp>

<comp id="22" class="1001" name="const_22">
<pin_list>
<pin id="23" dir="1" index="0" bw="1" slack="2147483647"/>
</pin_list>
<bind>
<StgValue><ssdm name="_ssdm_op_SpecLoopName"/></StgValue>
</bind>
</comp>

<comp id="24" class="1001" name="const_24">
<pin_list>
<pin id="25" dir="1" index="0" bw="1" slack="2147483647"/>
</pin_list>
<bind>
<StgValue><ssdm name="p_str3"/></StgValue>
</bind>
</comp>

<comp id="26" class="1001" name="const_26">
<pin_list>
<pin id="27" dir="1" index="0" bw="1" slack="2147483647"/>
</pin_list>
<bind>
<StgValue><ssdm name="_ssdm_op_SpecRegionBegin"/></StgValue>
</bind>
</comp>

<comp id="28" class="1001" name="const_28">
<pin_list>
<pin id="29" dir="1" index="0" bw="1" slack="2147483647"/>
</pin_list>
<bind>
<StgValue><ssdm name="_ssdm_op_SpecLoopTripCount"/></StgValue>
</bind>
</comp>

<comp id="30" class="1001" name="const_30">
<pin_list>
<pin id="31" dir="1" index="0" bw="1" slack="2147483647"/>
</pin_list>
<bind>
<StgValue><ssdm name=""/></StgValue>
</bind>
</comp>

<comp id="32" class="1001" name="const_32">
<pin_list>
<pin id="33" dir="1" index="0" bw="1" slack="2147483647"/>
</pin_list>
<bind>
<StgValue><ssdm name=""/></StgValue>
</bind>
</comp>

<comp id="34" class="1001" name="const_34">
<pin_list>
<pin id="35" dir="1" index="0" bw="1" slack="2147483647"/>
</pin_list>
<bind>
<StgValue><ssdm name=""/></StgValue>
</bind>
</comp>

<comp id="36" class="1001" name="const_36">
<pin_list>
<pin id="37" dir="1" index="0" bw="1" slack="2147483647"/>
</pin_list>
<bind>
<StgValue><ssdm name="p_str1"/></StgValue>
</bind>
</comp>

<comp id="38" class="1001" name="const_38">
<pin_list>
<pin id="39" dir="1" index="0" bw="1" slack="0"/>
</pin_list>
<bind>
<StgValue><ssdm name="_ssdm_op_BitConcatenate.i26.i16.i10"/></StgValue>
</bind>
</comp>

<comp id="40" class="1001" name="const_40">
<pin_list>
<pin id="41" dir="1" index="0" bw="1" slack="0"/>
</pin_list>
<bind>
<StgValue><ssdm name=""/></StgValue>
</bind>
</comp>

<comp id="42" class="1001" name="const_42">
<pin_list>
<pin id="43" dir="1" index="0" bw="1" slack="0"/>
</pin_list>
<bind>
<StgValue><ssdm name="_ssdm_op_BitConcatenate.i24.i16.i8"/></StgValue>
</bind>
</comp>

<comp id="44" class="1001" name="const_44">
<pin_list>
<pin id="45" dir="1" index="0" bw="1" slack="0"/>
</pin_list>
<bind>
<StgValue><ssdm name=""/></StgValue>
</bind>
</comp>

<comp id="46" class="1001" name="const_46">
<pin_list>
<pin id="47" dir="1" index="0" bw="1" slack="0"/>
</pin_list>
<bind>
<StgValue><ssdm name=""/></StgValue>
</bind>
</comp>

<comp id="48" class="1001" name="const_48">
<pin_list>
<pin id="49" dir="1" index="0" bw="1" slack="0"/>
</pin_list>
<bind>
<StgValue><ssdm name=""/></StgValue>
</bind>
</comp>

<comp id="50" class="1001" name="const_50">
<pin_list>
<pin id="51" dir="1" index="0" bw="1" slack="2147483647"/>
</pin_list>
<bind>
<StgValue><ssdm name="_ssdm_op_SpecRegionEnd"/></StgValue>
</bind>
</comp>

<comp id="52" class="1001" name="const_52">
<pin_list>
<pin id="53" dir="1" index="0" bw="1" slack="0"/>
</pin_list>
<bind>
<StgValue><ssdm name=""/></StgValue>
</bind>
</comp>

<comp id="54" class="1001" name="const_54">
<pin_list>
<pin id="55" dir="1" index="0" bw="1" slack="0"/>
</pin_list>
<bind>
<StgValue><ssdm name=""/></StgValue>
</bind>
</comp>

<comp id="56" class="1001" name="const_56">
<pin_list>
<pin id="57" dir="1" index="0" bw="1" slack="0"/>
</pin_list>
<bind>
<StgValue><ssdm name=""/></StgValue>
</bind>
</comp>

<comp id="58" class="1001" name="const_58">
<pin_list>
<pin id="59" dir="1" index="0" bw="1" slack="0"/>
</pin_list>
<bind>
<StgValue><ssdm name=""/></StgValue>
</bind>
</comp>

<comp id="60" class="1001" name="const_60">
<pin_list>
<pin id="61" dir="1" index="0" bw="1" slack="0"/>
</pin_list>
<bind>
<StgValue><ssdm name=""/></StgValue>
</bind>
</comp>

<comp id="62" class="1001" name="const_62">
<pin_list>
<pin id="63" dir="1" index="0" bw="1" slack="0"/>
</pin_list>
<bind>
<StgValue><ssdm name="_ssdm_op_PartSelect.i2.i18.i32.i32"/></StgValue>
</bind>
</comp>

<comp id="64" class="1001" name="const_64">
<pin_list>
<pin id="65" dir="1" index="0" bw="1" slack="0"/>
</pin_list>
<bind>
<StgValue><ssdm name=""/></StgValue>
</bind>
</comp>

<comp id="66" class="1001" name="const_66">
<pin_list>
<pin id="67" dir="1" index="0" bw="1" slack="0"/>
</pin_list>
<bind>
<StgValue><ssdm name=""/></StgValue>
</bind>
</comp>

<comp id="68" class="1001" name="const_68">
<pin_list>
<pin id="69" dir="1" index="0" bw="1" slack="0"/>
</pin_list>
<bind>
<StgValue><ssdm name="_ssdm_op_BitSelect.i1.i18.i32"/></StgValue>
</bind>
</comp>

<comp id="70" class="1001" name="const_70">
<pin_list>
<pin id="71" dir="1" index="0" bw="1" slack="0"/>
</pin_list>
<bind>
<StgValue><ssdm name="_ssdm_op_PartSelect.i8.i18.i32.i32"/></StgValue>
</bind>
</comp>

<comp id="72" class="1001" name="const_72">
<pin_list>
<pin id="73" dir="1" index="0" bw="1" slack="0"/>
</pin_list>
<bind>
<StgValue><ssdm name=""/></StgValue>
</bind>
</comp>

<comp id="74" class="1001" name="const_74">
<pin_list>
<pin id="75" dir="1" index="0" bw="1" slack="0"/>
</pin_list>
<bind>
<StgValue><ssdm name=""/></StgValue>
</bind>
</comp>

<comp id="76" class="1001" name="const_76">
<pin_list>
<pin id="77" dir="1" index="0" bw="1" slack="0"/>
</pin_list>
<bind>
<StgValue><ssdm name=""/></StgValue>
</bind>
</comp>

<comp id="78" class="1001" name="const_78">
<pin_list>
<pin id="79" dir="1" index="0" bw="1" slack="0"/>
</pin_list>
<bind>
<StgValue><ssdm name="_ssdm_op_BitConcatenate.i17.i8.i9"/></StgValue>
</bind>
</comp>

<comp id="80" class="1001" name="const_80">
<pin_list>
<pin id="81" dir="1" index="0" bw="1" slack="0"/>
</pin_list>
<bind>
<StgValue><ssdm name=""/></StgValue>
</bind>
</comp>

<comp id="82" class="1001" name="const_82">
<pin_list>
<pin id="83" dir="1" index="0" bw="1" slack="0"/>
</pin_list>
<bind>
<StgValue><ssdm name="_ssdm_op_BitConcatenate.i10.i8.i2"/></StgValue>
</bind>
</comp>

<comp id="84" class="1001" name="const_84">
<pin_list>
<pin id="85" dir="1" index="0" bw="1" slack="0"/>
</pin_list>
<bind>
<StgValue><ssdm name=""/></StgValue>
</bind>
</comp>

<comp id="86" class="1001" name="const_86">
<pin_list>
<pin id="87" dir="1" index="0" bw="1" slack="0"/>
</pin_list>
<bind>
<StgValue><ssdm name="_ssdm_op_PartSelect.i3.i19.i32.i32"/></StgValue>
</bind>
</comp>

<comp id="88" class="1001" name="const_88">
<pin_list>
<pin id="89" dir="1" index="0" bw="1" slack="0"/>
</pin_list>
<bind>
<StgValue><ssdm name=""/></StgValue>
</bind>
</comp>

<comp id="90" class="1001" name="const_90">
<pin_list>
<pin id="91" dir="1" index="0" bw="1" slack="0"/>
</pin_list>
<bind>
<StgValue><ssdm name="_ssdm_op_BitSelect.i1.i19.i32"/></StgValue>
</bind>
</comp>

<comp id="92" class="1001" name="const_92">
<pin_list>
<pin id="93" dir="1" index="0" bw="1" slack="0"/>
</pin_list>
<bind>
<StgValue><ssdm name="_ssdm_op_PartSelect.i8.i19.i32.i32"/></StgValue>
</bind>
</comp>

<comp id="94" class="1001" name="const_94">
<pin_list>
<pin id="95" dir="1" index="0" bw="1" slack="0"/>
</pin_list>
<bind>
<StgValue><ssdm name=""/></StgValue>
</bind>
</comp>

<comp id="96" class="1001" name="const_96">
<pin_list>
<pin id="97" dir="1" index="0" bw="1" slack="0"/>
</pin_list>
<bind>
<StgValue><ssdm name=""/></StgValue>
</bind>
</comp>

<comp id="98" class="1001" name="const_98">
<pin_list>
<pin id="99" dir="1" index="0" bw="1" slack="0"/>
</pin_list>
<bind>
<StgValue><ssdm name=""/></StgValue>
</bind>
</comp>

<comp id="100" class="1001" name="const_100">
<pin_list>
<pin id="101" dir="1" index="0" bw="1" slack="0"/>
</pin_list>
<bind>
<StgValue><ssdm name=""/></StgValue>
</bind>
</comp>

<comp id="102" class="1001" name="const_102">
<pin_list>
<pin id="103" dir="1" index="0" bw="1" slack="2147483647"/>
</pin_list>
<bind>
<StgValue><ssdm name="p_str4"/></StgValue>
</bind>
</comp>

<comp id="104" class="1001" name="const_104">
<pin_list>
<pin id="105" dir="1" index="0" bw="1" slack="2147483647"/>
</pin_list>
<bind>
<StgValue><ssdm name=""/></StgValue>
</bind>
</comp>

<comp id="106" class="1001" name="const_106">
<pin_list>
<pin id="107" dir="1" index="0" bw="1" slack="2147483647"/>
</pin_list>
<bind>
<StgValue><ssdm name=""/></StgValue>
</bind>
</comp>

<comp id="108" class="1004" name="in_height_read_2_read_fu_108">
<pin_list>
<pin id="109" dir="0" index="0" bw="16" slack="0"/>
<pin id="110" dir="0" index="1" bw="16" slack="0"/>
<pin id="111" dir="1" index="2" bw="16" slack="1"/>
</pin_list>
<bind>
<opcode="read(1150) " fcode="read"/>
<opset="in_height_read_2/1 "/>
</bind>
</comp>

<comp id="114" class="1004" name="in_width_read_2_read_fu_114">
<pin_list>
<pin id="115" dir="0" index="0" bw="16" slack="0"/>
<pin id="116" dir="0" index="1" bw="16" slack="0"/>
<pin id="117" dir="1" index="2" bw="16" slack="1"/>
</pin_list>
<bind>
<opcode="read(1150) " fcode="read"/>
<opset="in_width_read_2/1 "/>
</bind>
</comp>

<comp id="120" class="1004" name="in_channels_ch1_addr_gep_fu_120">
<pin_list>
<pin id="121" dir="0" index="0" bw="8" slack="0"/>
<pin id="122" dir="0" index="1" bw="1" slack="0"/>
<pin id="123" dir="0" index="2" bw="27" slack="0"/>
<pin id="124" dir="1" index="3" bw="22" slack="0"/>
</pin_list>
<bind>
<opcode="getelementptr(29) " fcode="getelementptr"/>
<opset="in_channels_ch1_addr/3 "/>
</bind>
</comp>

<comp id="127" class="1004" name="grp_access_fu_127">
<pin_list>
<pin id="128" dir="0" index="0" bw="22" slack="0"/>
<pin id="129" dir="0" index="1" bw="8" slack="2147483647"/>
<pin id="130" dir="1" index="2" bw="8" slack="1"/>
</pin_list>
<bind>
<opcode="load(27) " fcode="load"/>
<opset="Y/3 "/>
</bind>
</comp>

<comp id="132" class="1004" name="in_channels_ch2_addr_gep_fu_132">
<pin_list>
<pin id="133" dir="0" index="0" bw="8" slack="0"/>
<pin id="134" dir="0" index="1" bw="1" slack="0"/>
<pin id="135" dir="0" index="2" bw="27" slack="1"/>
<pin id="136" dir="1" index="3" bw="22" slack="0"/>
</pin_list>
<bind>
<opcode="getelementptr(29) " fcode="getelementptr"/>
<opset="in_channels_ch2_addr/4 "/>
</bind>
</comp>

<comp id="139" class="1004" name="grp_access_fu_139">
<pin_list>
<pin id="140" dir="0" index="0" bw="22" slack="0"/>
<pin id="141" dir="0" index="1" bw="8" slack="2147483647"/>
<pin id="142" dir="1" index="2" bw="8" slack="0"/>
</pin_list>
<bind>
<opcode="load(27) " fcode="load"/>
<opset="U/4 "/>
</bind>
</comp>

<comp id="144" class="1004" name="in_channels_ch3_addr_gep_fu_144">
<pin_list>
<pin id="145" dir="0" index="0" bw="8" slack="0"/>
<pin id="146" dir="0" index="1" bw="1" slack="0"/>
<pin id="147" dir="0" index="2" bw="27" slack="1"/>
<pin id="148" dir="1" index="3" bw="22" slack="0"/>
</pin_list>
<bind>
<opcode="getelementptr(29) " fcode="getelementptr"/>
<opset="in_channels_ch3_addr/4 "/>
</bind>
</comp>

<comp id="151" class="1004" name="grp_access_fu_151">
<pin_list>
<pin id="152" dir="0" index="0" bw="22" slack="0"/>
<pin id="153" dir="0" index="1" bw="8" slack="2147483647"/>
<pin id="154" dir="1" index="2" bw="8" slack="0"/>
</pin_list>
<bind>
<opcode="load(27) " fcode="load"/>
<opset="V/4 "/>
</bind>
</comp>

<comp id="156" class="1004" name="out_channels_ch1_addr_gep_fu_156">
<pin_list>
<pin id="157" dir="0" index="0" bw="8" slack="0"/>
<pin id="158" dir="0" index="1" bw="1" slack="0"/>
<pin id="159" dir="0" index="2" bw="27" slack="4"/>
<pin id="160" dir="1" index="3" bw="22" slack="0"/>
</pin_list>
<bind>
<opcode="getelementptr(29) " fcode="getelementptr"/>
<opset="out_channels_ch1_addr/7 "/>
</bind>
</comp>

<comp id="163" class="1004" name="stg_89_access_fu_163">
<pin_list>
<pin id="164" dir="0" index="0" bw="22" slack="0"/>
<pin id="165" dir="0" index="1" bw="8" slack="0"/>
<pin id="166" dir="1" index="2" bw="8" slack="2147483647"/>
</pin_list>
<bind>
<opcode="store(28) " fcode="store"/>
<opset="stg_89/7 "/>
</bind>
</comp>

<comp id="168" class="1004" name="out_channels_ch3_addr_gep_fu_168">
<pin_list>
<pin id="169" dir="0" index="0" bw="8" slack="0"/>
<pin id="170" dir="0" index="1" bw="1" slack="0"/>
<pin id="171" dir="0" index="2" bw="27" slack="4"/>
<pin id="172" dir="1" index="3" bw="22" slack="0"/>
</pin_list>
<bind>
<opcode="getelementptr(29) " fcode="getelementptr"/>
<opset="out_channels_ch3_addr/7 "/>
</bind>
</comp>

<comp id="175" class="1004" name="stg_91_access_fu_175">
<pin_list>
<pin id="176" dir="0" index="0" bw="22" slack="0"/>
<pin id="177" dir="0" index="1" bw="8" slack="0"/>
<pin id="178" dir="1" index="2" bw="8" slack="2147483647"/>
</pin_list>
<bind>
<opcode="store(28) " fcode="store"/>
<opset="stg_91/7 "/>
</bind>
</comp>

<comp id="180" class="1004" name="out_channels_ch2_addr_gep_fu_180">
<pin_list>
<pin id="181" dir="0" index="0" bw="8" slack="0"/>
<pin id="182" dir="0" index="1" bw="1" slack="0"/>
<pin id="183" dir="0" index="2" bw="27" slack="5"/>
<pin id="184" dir="1" index="3" bw="22" slack="0"/>
</pin_list>
<bind>
<opcode="getelementptr(29) " fcode="getelementptr"/>
<opset="out_channels_ch2_addr/8 "/>
</bind>
</comp>

<comp id="187" class="1004" name="stg_100_access_fu_187">
<pin_list>
<pin id="188" dir="0" index="0" bw="22" slack="0"/>
<pin id="189" dir="0" index="1" bw="8" slack="0"/>
<pin id="190" dir="1" index="2" bw="8" slack="2147483647"/>
</pin_list>
<bind>
<opcode="store(28) " fcode="store"/>
<opset="stg_100/8 "/>
</bind>
</comp>

<comp id="192" class="1005" name="x_reg_192">
<pin_list>
<pin id="193" dir="0" index="0" bw="16" slack="1"/>
<pin id="194" dir="1" index="1" bw="16" slack="1"/>
</pin_list>
<bind>
<opset="x (phireg) "/>
</bind>
</comp>

<comp id="196" class="1004" name="x_phi_fu_196">
<pin_list>
<pin id="197" dir="0" index="0" bw="1" slack="1"/>
<pin id="198" dir="0" index="1" bw="0" slack="2147483647"/>
<pin id="199" dir="0" index="2" bw="16" slack="0"/>
<pin id="200" dir="0" index="3" bw="0" slack="2147483647"/>
<pin id="201" dir="1" index="4" bw="16" slack="0"/>
</pin_list>
<bind>
<opcode="phi(47) " fcode="phi"/>
<opset="x/2 "/>
</bind>
</comp>

<comp id="203" class="1005" name="y_reg_203">
<pin_list>
<pin id="204" dir="0" index="0" bw="16" slack="1"/>
<pin id="205" dir="1" index="1" bw="16" slack="1"/>
</pin_list>
<bind>
<opset="y (phireg) "/>
</bind>
</comp>

<comp id="207" class="1004" name="y_phi_fu_207">
<pin_list>
<pin id="208" dir="0" index="0" bw="1" slack="1"/>
<pin id="209" dir="0" index="1" bw="0" slack="2147483647"/>
<pin id="210" dir="0" index="2" bw="16" slack="0"/>
<pin id="211" dir="0" index="3" bw="0" slack="2147483647"/>
<pin id="212" dir="1" index="4" bw="16" slack="0"/>
</pin_list>
<bind>
<opcode="phi(47) " fcode="phi"/>
<opset="y/3 "/>
</bind>
</comp>

<comp id="215" class="1004" name="exitcond1_fu_215">
<pin_list>
<pin id="216" dir="0" index="0" bw="16" slack="0"/>
<pin id="217" dir="0" index="1" bw="16" slack="1"/>
<pin id="218" dir="1" index="2" bw="1" slack="2147483647"/>
</pin_list>
<bind>
<opcode="icmp(45) " fcode="icmp"/>
<opset="exitcond1/2 "/>
</bind>
</comp>

<comp id="220" class="1004" name="x_2_fu_220">
<pin_list>
<pin id="221" dir="0" index="0" bw="16" slack="0"/>
<pin id="222" dir="0" index="1" bw="1" slack="0"/>
<pin id="223" dir="1" index="2" bw="16" slack="0"/>
</pin_list>
<bind>
<opcode="add(8) " fcode="add"/>
<opset="x_2/2 "/>
</bind>
</comp>

<comp id="226" class="1004" name="tmp_fu_226">
<pin_list>
<pin id="227" dir="0" index="0" bw="26" slack="0"/>
<pin id="228" dir="0" index="1" bw="16" slack="0"/>
<pin id="229" dir="0" index="2" bw="1" slack="0"/>
<pin id="230" dir="1" index="3" bw="26" slack="0"/>
</pin_list>
<bind>
<opcode="bitconcatenate(1004) " fcode="bitconcatenate"/>
<opset="tmp/2 "/>
</bind>
</comp>

<comp id="234" class="1004" name="p_shl8_cast_fu_234">
<pin_list>
<pin id="235" dir="0" index="0" bw="26" slack="0"/>
<pin id="236" dir="1" index="1" bw="27" slack="0"/>
</pin_list>
<bind>
<opcode="zext(34) " fcode="zext"/>
<opset="p_shl8_cast/2 "/>
</bind>
</comp>

<comp id="238" class="1004" name="tmp_12_fu_238">
<pin_list>
<pin id="239" dir="0" index="0" bw="24" slack="0"/>
<pin id="240" dir="0" index="1" bw="16" slack="0"/>
<pin id="241" dir="0" index="2" bw="1" slack="0"/>
<pin id="242" dir="1" index="3" bw="24" slack="0"/>
</pin_list>
<bind>
<opcode="bitconcatenate(1004) " fcode="bitconcatenate"/>
<opset="tmp_12/2 "/>
</bind>
</comp>

<comp id="246" class="1004" name="p_shl9_cast_fu_246">
<pin_list>
<pin id="247" dir="0" index="0" bw="24" slack="0"/>
<pin id="248" dir="1" index="1" bw="27" slack="0"/>
</pin_list>
<bind>
<opcode="zext(34) " fcode="zext"/>
<opset="p_shl9_cast/2 "/>
</bind>
</comp>

<comp id="250" class="1004" name="p_addr_fu_250">
<pin_list>
<pin id="251" dir="0" index="0" bw="26" slack="0"/>
<pin id="252" dir="0" index="1" bw="24" slack="0"/>
<pin id="253" dir="1" index="2" bw="27" slack="1"/>
</pin_list>
<bind>
<opcode="add(8) " fcode="add"/>
<opset="p_addr/2 "/>
</bind>
</comp>

<comp id="256" class="1004" name="mrv_fu_256">
<pin_list>
<pin id="257" dir="0" index="0" bw="32" slack="0"/>
<pin id="258" dir="0" index="1" bw="16" slack="1"/>
<pin id="259" dir="1" index="2" bw="32" slack="0"/>
</pin_list>
<bind>
<opcode="insertvalue(57) " fcode="insertvalue"/>
<opset="mrv/2 "/>
</bind>
</comp>

<comp id="261" class="1004" name="mrv_1_fu_261">
<pin_list>
<pin id="262" dir="0" index="0" bw="32" slack="0"/>
<pin id="263" dir="0" index="1" bw="16" slack="1"/>
<pin id="264" dir="1" index="2" bw="32" slack="2147483647"/>
</pin_list>
<bind>
<opcode="insertvalue(57) " fcode="insertvalue"/>
<opset="mrv_1/2 "/>
</bind>
</comp>

<comp id="266" class="1004" name="exitcond_fu_266">
<pin_list>
<pin id="267" dir="0" index="0" bw="16" slack="0"/>
<pin id="268" dir="0" index="1" bw="16" slack="2"/>
<pin id="269" dir="1" index="2" bw="1" slack="2147483647"/>
</pin_list>
<bind>
<opcode="icmp(45) " fcode="icmp"/>
<opset="exitcond/3 "/>
</bind>
</comp>

<comp id="271" class="1004" name="y_2_fu_271">
<pin_list>
<pin id="272" dir="0" index="0" bw="16" slack="0"/>
<pin id="273" dir="0" index="1" bw="1" slack="0"/>
<pin id="274" dir="1" index="2" bw="16" slack="0"/>
</pin_list>
<bind>
<opcode="add(8) " fcode="add"/>
<opset="y_2/3 "/>
</bind>
</comp>

<comp id="277" class="1004" name="tmp_trn_cast_fu_277">
<pin_list>
<pin id="278" dir="0" index="0" bw="16" slack="0"/>
<pin id="279" dir="1" index="1" bw="27" slack="0"/>
</pin_list>
<bind>
<opcode="zext(34) " fcode="zext"/>
<opset="tmp_trn_cast/3 "/>
</bind>
</comp>

<comp id="281" class="1004" name="p_addr1_fu_281">
<pin_list>
<pin id="282" dir="0" index="0" bw="27" slack="1"/>
<pin id="283" dir="0" index="1" bw="16" slack="0"/>
<pin id="284" dir="1" index="2" bw="27" slack="0"/>
</pin_list>
<bind>
<opcode="add(8) " fcode="add"/>
<opset="p_addr1/3 "/>
</bind>
</comp>

<comp id="286" class="1004" name="tmp_13_fu_286">
<pin_list>
<pin id="287" dir="0" index="0" bw="27" slack="0"/>
<pin id="288" dir="1" index="1" bw="64" slack="0"/>
</pin_list>
<bind>
<opcode="zext(34) " fcode="zext"/>
<opset="tmp_13/3 "/>
</bind>
</comp>

<comp id="291" class="1004" name="tmp_32_cast_fu_291">
<pin_list>
<pin id="292" dir="0" index="0" bw="8" slack="1"/>
<pin id="293" dir="1" index="1" bw="9" slack="0"/>
</pin_list>
<bind>
<opcode="zext(34) " fcode="zext"/>
<opset="tmp_32_cast/5 "/>
</bind>
</comp>

<comp id="294" class="1004" name="C_fu_294">
<pin_list>
<pin id="295" dir="0" index="0" bw="8" slack="0"/>
<pin id="296" dir="0" index="1" bw="5" slack="0"/>
<pin id="297" dir="1" index="2" bw="9" slack="0"/>
</pin_list>
<bind>
<opcode="add(8) " fcode="add"/>
<opset="C/5 "/>
</bind>
</comp>

<comp id="300" class="1004" name="D_fu_300">
<pin_list>
<pin id="301" dir="0" index="0" bw="8" slack="0"/>
<pin id="302" dir="0" index="1" bw="8" slack="0"/>
<pin id="303" dir="1" index="2" bw="8" slack="1"/>
</pin_list>
<bind>
<opcode="xor(25) " fcode="xor"/>
<opset="D/5 "/>
</bind>
</comp>

<comp id="306" class="1004" name="E_fu_306">
<pin_list>
<pin id="307" dir="0" index="0" bw="8" slack="0"/>
<pin id="308" dir="0" index="1" bw="8" slack="0"/>
<pin id="309" dir="1" index="2" bw="8" slack="1"/>
</pin_list>
<bind>
<opcode="xor(25) " fcode="xor"/>
<opset="E/5 "/>
</bind>
</comp>

<comp id="312" class="1004" name="tmp_35_cast_fu_312">
<pin_list>
<pin id="313" dir="0" index="0" bw="9" slack="0"/>
<pin id="314" dir="1" index="1" bw="18" slack="0"/>
</pin_list>
<bind>
<opcode="sext(35) " fcode="sext"/>
<opset="tmp_35_cast/5 "/>
</bind>
</comp>

<comp id="316" class="1004" name="tmp_18_fu_316">
<pin_list>
<pin id="317" dir="0" index="0" bw="9" slack="0"/>
<pin id="318" dir="0" index="1" bw="10" slack="0"/>
<pin id="319" dir="1" index="2" bw="18" slack="0"/>
</pin_list>
<bind>
<opcode="mul(12) " fcode="mul"/>
<opset="tmp_18/5 "/>
</bind>
</comp>

<comp id="322" class="1004" name="tmp_20_fu_322">
<pin_list>
<pin id="323" dir="0" index="0" bw="18" slack="0"/>
<pin id="324" dir="0" index="1" bw="9" slack="0"/>
<pin id="325" dir="1" index="2" bw="18" slack="1"/>
</pin_list>
<bind>
<opcode="add(8) " fcode="add"/>
<opset="tmp_20/5 "/>
</bind>
</comp>

<comp id="328" class="1004" name="tmp_37_cast5_fu_328">
<pin_list>
<pin id="329" dir="0" index="0" bw="8" slack="1"/>
<pin id="330" dir="1" index="1" bw="18" slack="0"/>
</pin_list>
<bind>
<opcode="sext(35) " fcode="sext"/>
<opset="tmp_37_cast5/6 "/>
</bind>
</comp>

<comp id="331" class="1004" name="tmp_37_cast5_cast_fu_331">
<pin_list>
<pin id="332" dir="0" index="0" bw="8" slack="1"/>
<pin id="333" dir="1" index="1" bw="17" slack="0"/>
</pin_list>
<bind>
<opcode="sext(35) " fcode="sext"/>
<opset="tmp_37_cast5_cast/6 "/>
</bind>
</comp>

<comp id="334" class="1004" name="tmp_19_fu_334">
<pin_list>
<pin id="335" dir="0" index="0" bw="8" slack="0"/>
<pin id="336" dir="0" index="1" bw="10" slack="0"/>
<pin id="337" dir="1" index="2" bw="18" slack="0"/>
</pin_list>
<bind>
<opcode="mul(12) " fcode="mul"/>
<opset="tmp_19/6 "/>
</bind>
</comp>

<comp id="340" class="1004" name="tmp_21_fu_340">
<pin_list>
<pin id="341" dir="0" index="0" bw="18" slack="0"/>
<pin id="342" dir="0" index="1" bw="18" slack="1"/>
<pin id="343" dir="1" index="2" bw="18" slack="0"/>
</pin_list>
<bind>
<opcode="add(8) " fcode="add"/>
<opset="tmp_21/6 "/>
</bind>
</comp>

<comp id="345" class="1004" name="tmp_1_fu_345">
<pin_list>
<pin id="346" dir="0" index="0" bw="2" slack="0"/>
<pin id="347" dir="0" index="1" bw="18" slack="0"/>
<pin id="348" dir="0" index="2" bw="6" slack="0"/>
<pin id="349" dir="0" index="3" bw="6" slack="0"/>
<pin id="350" dir="1" index="4" bw="2" slack="1"/>
</pin_list>
<bind>
<opcode="partselect(1002) " fcode="partselect"/>
<opset="tmp_1/6 "/>
</bind>
</comp>

<comp id="355" class="1004" name="tmp_2_fu_355">
<pin_list>
<pin id="356" dir="0" index="0" bw="1" slack="0"/>
<pin id="357" dir="0" index="1" bw="18" slack="0"/>
<pin id="358" dir="0" index="2" bw="6" slack="0"/>
<pin id="359" dir="1" index="3" bw="1" slack="1"/>
</pin_list>
<bind>
<opcode="bitselect(1000) " fcode="bitselect"/>
<opset="tmp_2/6 "/>
</bind>
</comp>

<comp id="363" class="1004" name="phitmp_fu_363">
<pin_list>
<pin id="364" dir="0" index="0" bw="8" slack="0"/>
<pin id="365" dir="0" index="1" bw="18" slack="0"/>
<pin id="366" dir="0" index="2" bw="5" slack="0"/>
<pin id="367" dir="0" index="3" bw="5" slack="0"/>
<pin id="368" dir="1" index="4" bw="8" slack="1"/>
</pin_list>
<bind>
<opcode="partselect(1002) " fcode="partselect"/>
<opset="phitmp/6 "/>
</bind>
</comp>

<comp id="373" class="1004" name="tmp_23_fu_373">
<pin_list>
<pin id="374" dir="0" index="0" bw="8" slack="0"/>
<pin id="375" dir="0" index="1" bw="9" slack="0"/>
<pin id="376" dir="1" index="2" bw="17" slack="0"/>
</pin_list>
<bind>
<opcode="mul(12) " fcode="mul"/>
<opset="tmp_23/6 "/>
</bind>
</comp>

<comp id="379" class="1004" name="tmp_25_cast_fu_379">
<pin_list>
<pin id="380" dir="0" index="0" bw="17" slack="0"/>
<pin id="381" dir="1" index="1" bw="18" slack="0"/>
</pin_list>
<bind>
<opcode="sext(35) " fcode="sext"/>
<opset="tmp_25_cast/6 "/>
</bind>
</comp>

<comp id="383" class="1004" name="tmp1_fu_383">
<pin_list>
<pin id="384" dir="0" index="0" bw="18" slack="1"/>
<pin id="385" dir="0" index="1" bw="17" slack="0"/>
<pin id="386" dir="1" index="2" bw="18" slack="1"/>
</pin_list>
<bind>
<opcode="add(8) " fcode="add"/>
<opset="tmp1/6 "/>
</bind>
</comp>

<comp id="388" class="1004" name="p_shl_fu_388">
<pin_list>
<pin id="389" dir="0" index="0" bw="17" slack="0"/>
<pin id="390" dir="0" index="1" bw="8" slack="1"/>
<pin id="391" dir="0" index="2" bw="1" slack="0"/>
<pin id="392" dir="1" index="3" bw="17" slack="0"/>
</pin_list>
<bind>
<opcode="bitconcatenate(1004) " fcode="bitconcatenate"/>
<opset="p_shl/6 "/>
</bind>
</comp>

<comp id="395" class="1004" name="p_shl_cast_fu_395">
<pin_list>
<pin id="396" dir="0" index="0" bw="17" slack="0"/>
<pin id="397" dir="1" index="1" bw="19" slack="0"/>
</pin_list>
<bind>
<opcode="sext(35) " fcode="sext"/>
<opset="p_shl_cast/6 "/>
</bind>
</comp>

<comp id="399" class="1004" name="p_shl1_fu_399">
<pin_list>
<pin id="400" dir="0" index="0" bw="10" slack="0"/>
<pin id="401" dir="0" index="1" bw="8" slack="1"/>
<pin id="402" dir="0" index="2" bw="1" slack="0"/>
<pin id="403" dir="1" index="3" bw="10" slack="0"/>
</pin_list>
<bind>
<opcode="bitconcatenate(1004) " fcode="bitconcatenate"/>
<opset="p_shl1/6 "/>
</bind>
</comp>

<comp id="406" class="1004" name="p_shl1_cast_fu_406">
<pin_list>
<pin id="407" dir="0" index="0" bw="10" slack="0"/>
<pin id="408" dir="1" index="1" bw="18" slack="0"/>
</pin_list>
<bind>
<opcode="sext(35) " fcode="sext"/>
<opset="p_shl1_cast/6 "/>
</bind>
</comp>

<comp id="410" class="1004" name="tmp2_fu_410">
<pin_list>
<pin id="411" dir="0" index="0" bw="10" slack="0"/>
<pin id="412" dir="0" index="1" bw="18" slack="1"/>
<pin id="413" dir="1" index="2" bw="18" slack="0"/>
</pin_list>
<bind>
<opcode="add(8) " fcode="add"/>
<opset="tmp2/6 "/>
</bind>
</comp>

<comp id="415" class="1004" name="tmp2_cast_fu_415">
<pin_list>
<pin id="416" dir="0" index="0" bw="18" slack="0"/>
<pin id="417" dir="1" index="1" bw="19" slack="0"/>
</pin_list>
<bind>
<opcode="sext(35) " fcode="sext"/>
<opset="tmp2_cast/6 "/>
</bind>
</comp>

<comp id="419" class="1004" name="tmp_25_fu_419">
<pin_list>
<pin id="420" dir="0" index="0" bw="18" slack="0"/>
<pin id="421" dir="0" index="1" bw="17" slack="0"/>
<pin id="422" dir="1" index="2" bw="19" slack="0"/>
</pin_list>
<bind>
<opcode="add(8) " fcode="add"/>
<opset="tmp_25/6 "/>
</bind>
</comp>

<comp id="425" class="1004" name="tmp_7_fu_425">
<pin_list>
<pin id="426" dir="0" index="0" bw="3" slack="0"/>
<pin id="427" dir="0" index="1" bw="19" slack="0"/>
<pin id="428" dir="0" index="2" bw="6" slack="0"/>
<pin id="429" dir="0" index="3" bw="6" slack="0"/>
<pin id="430" dir="1" index="4" bw="3" slack="1"/>
</pin_list>
<bind>
<opcode="partselect(1002) " fcode="partselect"/>
<opset="tmp_7/6 "/>
</bind>
</comp>

<comp id="435" class="1004" name="tmp_8_fu_435">
<pin_list>
<pin id="436" dir="0" index="0" bw="1" slack="0"/>
<pin id="437" dir="0" index="1" bw="19" slack="0"/>
<pin id="438" dir="0" index="2" bw="6" slack="0"/>
<pin id="439" dir="1" index="3" bw="1" slack="1"/>
</pin_list>
<bind>
<opcode="bitselect(1000) " fcode="bitselect"/>
<opset="tmp_8/6 "/>
</bind>
</comp>

<comp id="443" class="1004" name="phitmp3_fu_443">
<pin_list>
<pin id="444" dir="0" index="0" bw="8" slack="0"/>
<pin id="445" dir="0" index="1" bw="19" slack="0"/>
<pin id="446" dir="0" index="2" bw="5" slack="0"/>
<pin id="447" dir="0" index="3" bw="5" slack="0"/>
<pin id="448" dir="1" index="4" bw="8" slack="1"/>
</pin_list>
<bind>
<opcode="partselect(1002) " fcode="partselect"/>
<opset="phitmp3/6 "/>
</bind>
</comp>

<comp id="453" class="1004" name="icmp_fu_453">
<pin_list>
<pin id="454" dir="0" index="0" bw="2" slack="1"/>
<pin id="455" dir="0" index="1" bw="2" slack="0"/>
<pin id="456" dir="1" index="2" bw="1" slack="0"/>
</pin_list>
<bind>
<opcode="icmp(45) " fcode="icmp"/>
<opset="icmp/7 "/>
</bind>
</comp>

<comp id="458" class="1004" name="p_phitmp_fu_458">
<pin_list>
<pin id="459" dir="0" index="0" bw="1" slack="0"/>
<pin id="460" dir="0" index="1" bw="8" slack="0"/>
<pin id="461" dir="0" index="2" bw="8" slack="0"/>
<pin id="462" dir="1" index="3" bw="8" slack="0"/>
</pin_list>
<bind>
<opcode="select(49) " fcode="select"/>
<opset="p_phitmp/7 "/>
</bind>
</comp>

<comp id="466" class="1004" name="tmp_3_fu_466">
<pin_list>
<pin id="467" dir="0" index="0" bw="1" slack="0"/>
<pin id="468" dir="0" index="1" bw="1" slack="1"/>
<pin id="469" dir="1" index="2" bw="1" slack="0"/>
</pin_list>
<bind>
<opcode="or(24) " fcode="or"/>
<opset="tmp_3/7 "/>
</bind>
</comp>

<comp id="471" class="1004" name="R_fu_471">
<pin_list>
<pin id="472" dir="0" index="0" bw="1" slack="0"/>
<pin id="473" dir="0" index="1" bw="8" slack="0"/>
<pin id="474" dir="0" index="2" bw="8" slack="1"/>
<pin id="475" dir="1" index="3" bw="8" slack="0"/>
</pin_list>
<bind>
<opcode="select(49) " fcode="select"/>
<opset="R/7 "/>
</bind>
</comp>

<comp id="479" class="1004" name="tmp_45_cast4_cast_fu_479">
<pin_list>
<pin id="480" dir="0" index="0" bw="8" slack="2"/>
<pin id="481" dir="1" index="1" bw="16" slack="0"/>
</pin_list>
<bind>
<opcode="sext(35) " fcode="sext"/>
<opset="tmp_45_cast4_cast/7 "/>
</bind>
</comp>

<comp id="482" class="1004" name="tmp_22_fu_482">
<pin_list>
<pin id="483" dir="0" index="0" bw="8" slack="0"/>
<pin id="484" dir="0" index="1" bw="8" slack="0"/>
<pin id="485" dir="1" index="2" bw="16" slack="0"/>
</pin_list>
<bind>
<opcode="mul(12) " fcode="mul"/>
<opset="tmp_22/7 "/>
</bind>
</comp>

<comp id="488" class="1004" name="tmp_24_cast_fu_488">
<pin_list>
<pin id="489" dir="0" index="0" bw="16" slack="0"/>
<pin id="490" dir="1" index="1" bw="18" slack="0"/>
</pin_list>
<bind>
<opcode="sext(35) " fcode="sext"/>
<opset="tmp_24_cast/7 "/>
</bind>
</comp>

<comp id="492" class="1004" name="tmp_24_fu_492">
<pin_list>
<pin id="493" dir="0" index="0" bw="18" slack="1"/>
<pin id="494" dir="0" index="1" bw="16" slack="0"/>
<pin id="495" dir="1" index="2" bw="18" slack="0"/>
</pin_list>
<bind>
<opcode="add(8) " fcode="add"/>
<opset="tmp_24/7 "/>
</bind>
</comp>

<comp id="497" class="1004" name="tmp_4_fu_497">
<pin_list>
<pin id="498" dir="0" index="0" bw="2" slack="0"/>
<pin id="499" dir="0" index="1" bw="18" slack="0"/>
<pin id="500" dir="0" index="2" bw="6" slack="0"/>
<pin id="501" dir="0" index="3" bw="6" slack="0"/>
<pin id="502" dir="1" index="4" bw="2" slack="1"/>
</pin_list>
<bind>
<opcode="partselect(1002) " fcode="partselect"/>
<opset="tmp_4/7 "/>
</bind>
</comp>

<comp id="507" class="1004" name="tmp_5_fu_507">
<pin_list>
<pin id="508" dir="0" index="0" bw="1" slack="0"/>
<pin id="509" dir="0" index="1" bw="18" slack="0"/>
<pin id="510" dir="0" index="2" bw="6" slack="0"/>
<pin id="511" dir="1" index="3" bw="1" slack="1"/>
</pin_list>
<bind>
<opcode="bitselect(1000) " fcode="bitselect"/>
<opset="tmp_5/7 "/>
</bind>
</comp>

<comp id="515" class="1004" name="phitmp2_fu_515">
<pin_list>
<pin id="516" dir="0" index="0" bw="8" slack="0"/>
<pin id="517" dir="0" index="1" bw="18" slack="0"/>
<pin id="518" dir="0" index="2" bw="5" slack="0"/>
<pin id="519" dir="0" index="3" bw="5" slack="0"/>
<pin id="520" dir="1" index="4" bw="8" slack="1"/>
</pin_list>
<bind>
<opcode="partselect(1002) " fcode="partselect"/>
<opset="phitmp2/7 "/>
</bind>
</comp>

<comp id="525" class="1004" name="icmp2_fu_525">
<pin_list>
<pin id="526" dir="0" index="0" bw="3" slack="1"/>
<pin id="527" dir="0" index="1" bw="3" slack="0"/>
<pin id="528" dir="1" index="2" bw="1" slack="0"/>
</pin_list>
<bind>
<opcode="icmp(45) " fcode="icmp"/>
<opset="icmp2/7 "/>
</bind>
</comp>

<comp id="530" class="1004" name="p_phitmp3_fu_530">
<pin_list>
<pin id="531" dir="0" index="0" bw="1" slack="0"/>
<pin id="532" dir="0" index="1" bw="8" slack="0"/>
<pin id="533" dir="0" index="2" bw="8" slack="0"/>
<pin id="534" dir="1" index="3" bw="8" slack="0"/>
</pin_list>
<bind>
<opcode="select(49) " fcode="select"/>
<opset="p_phitmp3/7 "/>
</bind>
</comp>

<comp id="538" class="1004" name="tmp_9_fu_538">
<pin_list>
<pin id="539" dir="0" index="0" bw="1" slack="0"/>
<pin id="540" dir="0" index="1" bw="1" slack="1"/>
<pin id="541" dir="1" index="2" bw="1" slack="0"/>
</pin_list>
<bind>
<opcode="or(24) " fcode="or"/>
<opset="tmp_9/7 "/>
</bind>
</comp>

<comp id="543" class="1004" name="B_fu_543">
<pin_list>
<pin id="544" dir="0" index="0" bw="1" slack="0"/>
<pin id="545" dir="0" index="1" bw="8" slack="0"/>
<pin id="546" dir="0" index="2" bw="8" slack="1"/>
<pin id="547" dir="1" index="3" bw="8" slack="0"/>
</pin_list>
<bind>
<opcode="select(49) " fcode="select"/>
<opset="B/7 "/>
</bind>
</comp>

<comp id="551" class="1004" name="icmp1_fu_551">
<pin_list>
<pin id="552" dir="0" index="0" bw="2" slack="1"/>
<pin id="553" dir="0" index="1" bw="2" slack="0"/>
<pin id="554" dir="1" index="2" bw="1" slack="0"/>
</pin_list>
<bind>
<opcode="icmp(45) " fcode="icmp"/>
<opset="icmp1/8 "/>
</bind>
</comp>

<comp id="556" class="1004" name="p_phitmp2_fu_556">
<pin_list>
<pin id="557" dir="0" index="0" bw="1" slack="0"/>
<pin id="558" dir="0" index="1" bw="8" slack="0"/>
<pin id="559" dir="0" index="2" bw="8" slack="0"/>
<pin id="560" dir="1" index="3" bw="8" slack="0"/>
</pin_list>
<bind>
<opcode="select(49) " fcode="select"/>
<opset="p_phitmp2/8 "/>
</bind>
</comp>

<comp id="564" class="1004" name="tmp_6_fu_564">
<pin_list>
<pin id="565" dir="0" index="0" bw="1" slack="0"/>
<pin id="566" dir="0" index="1" bw="1" slack="1"/>
<pin id="567" dir="1" index="2" bw="1" slack="0"/>
</pin_list>
<bind>
<opcode="or(24) " fcode="or"/>
<opset="tmp_6/8 "/>
</bind>
</comp>

<comp id="569" class="1004" name="G_fu_569">
<pin_list>
<pin id="570" dir="0" index="0" bw="1" slack="0"/>
<pin id="571" dir="0" index="1" bw="8" slack="0"/>
<pin id="572" dir="0" index="2" bw="8" slack="1"/>
<pin id="573" dir="1" index="3" bw="8" slack="0"/>
</pin_list>
<bind>
<opcode="select(49) " fcode="select"/>
<opset="G/8 "/>
</bind>
</comp>

<comp id="577" class="1005" name="in_height_read_2_reg_577">
<pin_list>
<pin id="578" dir="0" index="0" bw="16" slack="1"/>
<pin id="579" dir="1" index="1" bw="16" slack="1"/>
</pin_list>
<bind>
<opset="in_height_read_2 "/>
</bind>
</comp>

<comp id="583" class="1005" name="in_width_read_2_reg_583">
<pin_list>
<pin id="584" dir="0" index="0" bw="16" slack="1"/>
<pin id="585" dir="1" index="1" bw="16" slack="1"/>
</pin_list>
<bind>
<opset="in_width_read_2 "/>
</bind>
</comp>

<comp id="592" class="1005" name="x_2_reg_592">
<pin_list>
<pin id="593" dir="0" index="0" bw="16" slack="0"/>
<pin id="594" dir="1" index="1" bw="16" slack="0"/>
</pin_list>
<bind>
<opset="x_2 "/>
</bind>
</comp>

<comp id="597" class="1005" name="p_addr_reg_597">
<pin_list>
<pin id="598" dir="0" index="0" bw="27" slack="1"/>
<pin id="599" dir="1" index="1" bw="27" slack="1"/>
</pin_list>
<bind>
<opset="p_addr "/>
</bind>
</comp>

<comp id="605" class="1005" name="y_2_reg_605">
<pin_list>
<pin id="606" dir="0" index="0" bw="16" slack="0"/>
<pin id="607" dir="1" index="1" bw="16" slack="0"/>
</pin_list>
<bind>
<opset="y_2 "/>
</bind>
</comp>

<comp id="610" class="1005" name="tmp_13_reg_610">
<pin_list>
<pin id="611" dir="0" index="0" bw="64" slack="1"/>
<pin id="612" dir="1" index="1" bw="64" slack="1"/>
</pin_list>
<bind>
<opset="tmp_13 "/>
</bind>
</comp>

<comp id="619" class="1005" name="in_channels_ch1_addr_reg_619">
<pin_list>
<pin id="620" dir="0" index="0" bw="22" slack="1"/>
<pin id="621" dir="1" index="1" bw="22" slack="1"/>
</pin_list>
<bind>
<opset="in_channels_ch1_addr "/>
</bind>
</comp>

<comp id="624" class="1005" name="Y_reg_624">
<pin_list>
<pin id="625" dir="0" index="0" bw="8" slack="1"/>
<pin id="626" dir="1" index="1" bw="8" slack="1"/>
</pin_list>
<bind>
<opset="Y "/>
</bind>
</comp>

<comp id="629" class="1005" name="in_channels_ch2_addr_reg_629">
<pin_list>
<pin id="630" dir="0" index="0" bw="22" slack="1"/>
<pin id="631" dir="1" index="1" bw="22" slack="1"/>
</pin_list>
<bind>
<opset="in_channels_ch2_addr "/>
</bind>
</comp>

<comp id="634" class="1005" name="in_channels_ch3_addr_reg_634">
<pin_list>
<pin id="635" dir="0" index="0" bw="22" slack="1"/>
<pin id="636" dir="1" index="1" bw="22" slack="1"/>
</pin_list>
<bind>
<opset="in_channels_ch3_addr "/>
</bind>
</comp>

<comp id="639" class="1005" name="D_reg_639">
<pin_list>
<pin id="640" dir="0" index="0" bw="8" slack="1"/>
<pin id="641" dir="1" index="1" bw="8" slack="1"/>
</pin_list>
<bind>
<opset="D "/>
</bind>
</comp>

<comp id="646" class="1005" name="E_reg_646">
<pin_list>
<pin id="647" dir="0" index="0" bw="8" slack="1"/>
<pin id="648" dir="1" index="1" bw="8" slack="1"/>
</pin_list>
<bind>
<opset="E "/>
</bind>
</comp>

<comp id="652" class="1005" name="tmp_20_reg_652">
<pin_list>
<pin id="653" dir="0" index="0" bw="18" slack="1"/>
<pin id="654" dir="1" index="1" bw="18" slack="1"/>
</pin_list>
<bind>
<opset="tmp_20 "/>
</bind>
</comp>

<comp id="659" class="1005" name="tmp_1_reg_659">
<pin_list>
<pin id="660" dir="0" index="0" bw="2" slack="1"/>
<pin id="661" dir="1" index="1" bw="2" slack="1"/>
</pin_list>
<bind>
<opset="tmp_1 "/>
</bind>
</comp>

<comp id="664" class="1005" name="tmp_2_reg_664">
<pin_list>
<pin id="665" dir="0" index="0" bw="1" slack="1"/>
<pin id="666" dir="1" index="1" bw="1" slack="1"/>
</pin_list>
<bind>
<opset="tmp_2 "/>
</bind>
</comp>

<comp id="669" class="1005" name="phitmp_reg_669">
<pin_list>
<pin id="670" dir="0" index="0" bw="8" slack="1"/>
<pin id="671" dir="1" index="1" bw="8" slack="1"/>
</pin_list>
<bind>
<opset="phitmp "/>
</bind>
</comp>

<comp id="674" class="1005" name="tmp1_reg_674">
<pin_list>
<pin id="675" dir="0" index="0" bw="18" slack="1"/>
<pin id="676" dir="1" index="1" bw="18" slack="1"/>
</pin_list>
<bind>
<opset="tmp1 "/>
</bind>
</comp>

<comp id="679" class="1005" name="tmp_7_reg_679">
<pin_list>
<pin id="680" dir="0" index="0" bw="3" slack="1"/>
<pin id="681" dir="1" index="1" bw="3" slack="1"/>
</pin_list>
<bind>
<opset="tmp_7 "/>
</bind>
</comp>

<comp id="684" class="1005" name="tmp_8_reg_684">
<pin_list>
<pin id="685" dir="0" index="0" bw="1" slack="1"/>
<pin id="686" dir="1" index="1" bw="1" slack="1"/>
</pin_list>
<bind>
<opset="tmp_8 "/>
</bind>
</comp>

<comp id="689" class="1005" name="phitmp3_reg_689">
<pin_list>
<pin id="690" dir="0" index="0" bw="8" slack="1"/>
<pin id="691" dir="1" index="1" bw="8" slack="1"/>
</pin_list>
<bind>
<opset="phitmp3 "/>
</bind>
</comp>

<comp id="694" class="1005" name="tmp_4_reg_694">
<pin_list>
<pin id="695" dir="0" index="0" bw="2" slack="1"/>
<pin id="696" dir="1" index="1" bw="2" slack="1"/>
</pin_list>
<bind>
<opset="tmp_4 "/>
</bind>
</comp>

<comp id="699" class="1005" name="tmp_5_reg_699">
<pin_list>
<pin id="700" dir="0" index="0" bw="1" slack="1"/>
<pin id="701" dir="1" index="1" bw="1" slack="1"/>
</pin_list>
<bind>
<opset="tmp_5 "/>
</bind>
</comp>

<comp id="704" class="1005" name="phitmp2_reg_704">
<pin_list>
<pin id="705" dir="0" index="0" bw="8" slack="1"/>
<pin id="706" dir="1" index="1" bw="8" slack="1"/>
</pin_list>
<bind>
<opset="phitmp2 "/>
</bind>
</comp>

</comp_list>

<net_list>
<net id="112"><net_src comp="16" pin="0"/><net_sink comp="108" pin=0"/></net>

<net id="113"><net_src comp="8" pin="0"/><net_sink comp="108" pin=1"/></net>

<net id="118"><net_src comp="16" pin="0"/><net_sink comp="114" pin=0"/></net>

<net id="119"><net_src comp="6" pin="0"/><net_sink comp="114" pin=1"/></net>

<net id="125"><net_src comp="0" pin="0"/><net_sink comp="120" pin=0"/></net>

<net id="126"><net_src comp="48" pin="0"/><net_sink comp="120" pin=1"/></net>

<net id="131"><net_src comp="120" pin="3"/><net_sink comp="127" pin=0"/></net>

<net id="137"><net_src comp="2" pin="0"/><net_sink comp="132" pin=0"/></net>

<net id="138"><net_src comp="48" pin="0"/><net_sink comp="132" pin=1"/></net>

<net id="143"><net_src comp="132" pin="3"/><net_sink comp="139" pin=0"/></net>

<net id="149"><net_src comp="4" pin="0"/><net_sink comp="144" pin=0"/></net>

<net id="150"><net_src comp="48" pin="0"/><net_sink comp="144" pin=1"/></net>

<net id="155"><net_src comp="144" pin="3"/><net_sink comp="151" pin=0"/></net>

<net id="161"><net_src comp="10" pin="0"/><net_sink comp="156" pin=0"/></net>

<net id="162"><net_src comp="48" pin="0"/><net_sink comp="156" pin=1"/></net>

<net id="167"><net_src comp="156" pin="3"/><net_sink comp="163" pin=0"/></net>

<net id="173"><net_src comp="14" pin="0"/><net_sink comp="168" pin=0"/></net>

<net id="174"><net_src comp="48" pin="0"/><net_sink comp="168" pin=1"/></net>

<net id="179"><net_src comp="168" pin="3"/><net_sink comp="175" pin=0"/></net>

<net id="185"><net_src comp="12" pin="0"/><net_sink comp="180" pin=0"/></net>

<net id="186"><net_src comp="48" pin="0"/><net_sink comp="180" pin=1"/></net>

<net id="191"><net_src comp="180" pin="3"/><net_sink comp="187" pin=0"/></net>

<net id="195"><net_src comp="18" pin="0"/><net_sink comp="192" pin=0"/></net>

<net id="202"><net_src comp="192" pin="1"/><net_sink comp="196" pin=0"/></net>

<net id="206"><net_src comp="18" pin="0"/><net_sink comp="203" pin=0"/></net>

<net id="213"><net_src comp="203" pin="1"/><net_sink comp="207" pin=0"/></net>

<net id="219"><net_src comp="196" pin="4"/><net_sink comp="215" pin=0"/></net>

<net id="224"><net_src comp="196" pin="4"/><net_sink comp="220" pin=0"/></net>

<net id="225"><net_src comp="20" pin="0"/><net_sink comp="220" pin=1"/></net>

<net id="231"><net_src comp="38" pin="0"/><net_sink comp="226" pin=0"/></net>

<net id="232"><net_src comp="196" pin="4"/><net_sink comp="226" pin=1"/></net>

<net id="233"><net_src comp="40" pin="0"/><net_sink comp="226" pin=2"/></net>

<net id="237"><net_src comp="226" pin="3"/><net_sink comp="234" pin=0"/></net>

<net id="243"><net_src comp="42" pin="0"/><net_sink comp="238" pin=0"/></net>

<net id="244"><net_src comp="196" pin="4"/><net_sink comp="238" pin=1"/></net>

<net id="245"><net_src comp="44" pin="0"/><net_sink comp="238" pin=2"/></net>

<net id="249"><net_src comp="238" pin="3"/><net_sink comp="246" pin=0"/></net>

<net id="254"><net_src comp="234" pin="1"/><net_sink comp="250" pin=0"/></net>

<net id="255"><net_src comp="246" pin="1"/><net_sink comp="250" pin=1"/></net>

<net id="260"><net_src comp="46" pin="0"/><net_sink comp="256" pin=0"/></net>

<net id="265"><net_src comp="256" pin="2"/><net_sink comp="261" pin=0"/></net>

<net id="270"><net_src comp="207" pin="4"/><net_sink comp="266" pin=0"/></net>

<net id="275"><net_src comp="207" pin="4"/><net_sink comp="271" pin=0"/></net>

<net id="276"><net_src comp="20" pin="0"/><net_sink comp="271" pin=1"/></net>

<net id="280"><net_src comp="207" pin="4"/><net_sink comp="277" pin=0"/></net>

<net id="285"><net_src comp="277" pin="1"/><net_sink comp="281" pin=1"/></net>

<net id="289"><net_src comp="281" pin="2"/><net_sink comp="286" pin=0"/></net>

<net id="290"><net_src comp="286" pin="1"/><net_sink comp="120" pin=2"/></net>

<net id="298"><net_src comp="291" pin="1"/><net_sink comp="294" pin=0"/></net>

<net id="299"><net_src comp="52" pin="0"/><net_sink comp="294" pin=1"/></net>

<net id="304"><net_src comp="139" pin="2"/><net_sink comp="300" pin=0"/></net>

<net id="305"><net_src comp="54" pin="0"/><net_sink comp="300" pin=1"/></net>

<net id="310"><net_src comp="151" pin="2"/><net_sink comp="306" pin=0"/></net>

<net id="311"><net_src comp="54" pin="0"/><net_sink comp="306" pin=1"/></net>

<net id="315"><net_src comp="294" pin="2"/><net_sink comp="312" pin=0"/></net>

<net id="320"><net_src comp="312" pin="1"/><net_sink comp="316" pin=0"/></net>

<net id="321"><net_src comp="56" pin="0"/><net_sink comp="316" pin=1"/></net>

<net id="326"><net_src comp="316" pin="2"/><net_sink comp="322" pin=0"/></net>

<net id="327"><net_src comp="58" pin="0"/><net_sink comp="322" pin=1"/></net>

<net id="338"><net_src comp="328" pin="1"/><net_sink comp="334" pin=0"/></net>

<net id="339"><net_src comp="60" pin="0"/><net_sink comp="334" pin=1"/></net>

<net id="344"><net_src comp="334" pin="2"/><net_sink comp="340" pin=0"/></net>

<net id="351"><net_src comp="62" pin="0"/><net_sink comp="345" pin=0"/></net>

<net id="352"><net_src comp="340" pin="2"/><net_sink comp="345" pin=1"/></net>

<net id="353"><net_src comp="64" pin="0"/><net_sink comp="345" pin=2"/></net>

<net id="354"><net_src comp="66" pin="0"/><net_sink comp="345" pin=3"/></net>

<net id="360"><net_src comp="68" pin="0"/><net_sink comp="355" pin=0"/></net>

<net id="361"><net_src comp="340" pin="2"/><net_sink comp="355" pin=1"/></net>

<net id="362"><net_src comp="66" pin="0"/><net_sink comp="355" pin=2"/></net>

<net id="369"><net_src comp="70" pin="0"/><net_sink comp="363" pin=0"/></net>

<net id="370"><net_src comp="340" pin="2"/><net_sink comp="363" pin=1"/></net>

<net id="371"><net_src comp="72" pin="0"/><net_sink comp="363" pin=2"/></net>

<net id="372"><net_src comp="74" pin="0"/><net_sink comp="363" pin=3"/></net>

<net id="377"><net_src comp="331" pin="1"/><net_sink comp="373" pin=0"/></net>

<net id="378"><net_src comp="76" pin="0"/><net_sink comp="373" pin=1"/></net>

<net id="382"><net_src comp="373" pin="2"/><net_sink comp="379" pin=0"/></net>

<net id="387"><net_src comp="379" pin="1"/><net_sink comp="383" pin=1"/></net>

<net id="393"><net_src comp="78" pin="0"/><net_sink comp="388" pin=0"/></net>

<net id="394"><net_src comp="80" pin="0"/><net_sink comp="388" pin=2"/></net>

<net id="398"><net_src comp="388" pin="3"/><net_sink comp="395" pin=0"/></net>

<net id="404"><net_src comp="82" pin="0"/><net_sink comp="399" pin=0"/></net>

<net id="405"><net_src comp="84" pin="0"/><net_sink comp="399" pin=2"/></net>

<net id="409"><net_src comp="399" pin="3"/><net_sink comp="406" pin=0"/></net>

<net id="414"><net_src comp="406" pin="1"/><net_sink comp="410" pin=0"/></net>

<net id="418"><net_src comp="410" pin="2"/><net_sink comp="415" pin=0"/></net>

<net id="423"><net_src comp="415" pin="1"/><net_sink comp="419" pin=0"/></net>

<net id="424"><net_src comp="395" pin="1"/><net_sink comp="419" pin=1"/></net>

<net id="431"><net_src comp="86" pin="0"/><net_sink comp="425" pin=0"/></net>

<net id="432"><net_src comp="419" pin="2"/><net_sink comp="425" pin=1"/></net>

<net id="433"><net_src comp="64" pin="0"/><net_sink comp="425" pin=2"/></net>

<net id="434"><net_src comp="88" pin="0"/><net_sink comp="425" pin=3"/></net>

<net id="440"><net_src comp="90" pin="0"/><net_sink comp="435" pin=0"/></net>

<net id="441"><net_src comp="419" pin="2"/><net_sink comp="435" pin=1"/></net>

<net id="442"><net_src comp="88" pin="0"/><net_sink comp="435" pin=2"/></net>

<net id="449"><net_src comp="92" pin="0"/><net_sink comp="443" pin=0"/></net>

<net id="450"><net_src comp="419" pin="2"/><net_sink comp="443" pin=1"/></net>

<net id="451"><net_src comp="72" pin="0"/><net_sink comp="443" pin=2"/></net>

<net id="452"><net_src comp="74" pin="0"/><net_sink comp="443" pin=3"/></net>

<net id="457"><net_src comp="94" pin="0"/><net_sink comp="453" pin=1"/></net>

<net id="463"><net_src comp="453" pin="2"/><net_sink comp="458" pin=0"/></net>

<net id="464"><net_src comp="96" pin="0"/><net_sink comp="458" pin=1"/></net>

<net id="465"><net_src comp="44" pin="0"/><net_sink comp="458" pin=2"/></net>

<net id="470"><net_src comp="453" pin="2"/><net_sink comp="466" pin=0"/></net>

<net id="476"><net_src comp="466" pin="2"/><net_sink comp="471" pin=0"/></net>

<net id="477"><net_src comp="458" pin="3"/><net_sink comp="471" pin=1"/></net>

<net id="478"><net_src comp="471" pin="3"/><net_sink comp="163" pin=1"/></net>

<net id="486"><net_src comp="479" pin="1"/><net_sink comp="482" pin=0"/></net>

<net id="487"><net_src comp="98" pin="0"/><net_sink comp="482" pin=1"/></net>

<net id="491"><net_src comp="482" pin="2"/><net_sink comp="488" pin=0"/></net>

<net id="496"><net_src comp="488" pin="1"/><net_sink comp="492" pin=1"/></net>

<net id="503"><net_src comp="62" pin="0"/><net_sink comp="497" pin=0"/></net>

<net id="504"><net_src comp="492" pin="2"/><net_sink comp="497" pin=1"/></net>

<net id="505"><net_src comp="64" pin="0"/><net_sink comp="497" pin=2"/></net>

<net id="506"><net_src comp="66" pin="0"/><net_sink comp="497" pin=3"/></net>

<net id="512"><net_src comp="68" pin="0"/><net_sink comp="507" pin=0"/></net>

<net id="513"><net_src comp="492" pin="2"/><net_sink comp="507" pin=1"/></net>

<net id="514"><net_src comp="66" pin="0"/><net_sink comp="507" pin=2"/></net>

<net id="521"><net_src comp="70" pin="0"/><net_sink comp="515" pin=0"/></net>

<net id="522"><net_src comp="492" pin="2"/><net_sink comp="515" pin=1"/></net>

<net id="523"><net_src comp="72" pin="0"/><net_sink comp="515" pin=2"/></net>

<net id="524"><net_src comp="74" pin="0"/><net_sink comp="515" pin=3"/></net>

<net id="529"><net_src comp="100" pin="0"/><net_sink comp="525" pin=1"/></net>

<net id="535"><net_src comp="525" pin="2"/><net_sink comp="530" pin=0"/></net>

<net id="536"><net_src comp="96" pin="0"/><net_sink comp="530" pin=1"/></net>

<net id="537"><net_src comp="44" pin="0"/><net_sink comp="530" pin=2"/></net>

<net id="542"><net_src comp="525" pin="2"/><net_sink comp="538" pin=0"/></net>

<net id="548"><net_src comp="538" pin="2"/><net_sink comp="543" pin=0"/></net>

<net id="549"><net_src comp="530" pin="3"/><net_sink comp="543" pin=1"/></net>

<net id="550"><net_src comp="543" pin="3"/><net_sink comp="175" pin=1"/></net>

<net id="555"><net_src comp="94" pin="0"/><net_sink comp="551" pin=1"/></net>

<net id="561"><net_src comp="551" pin="2"/><net_sink comp="556" pin=0"/></net>

<net id="562"><net_src comp="96" pin="0"/><net_sink comp="556" pin=1"/></net>

<net id="563"><net_src comp="44" pin="0"/><net_sink comp="556" pin=2"/></net>

<net id="568"><net_src comp="551" pin="2"/><net_sink comp="564" pin=0"/></net>

<net id="574"><net_src comp="564" pin="2"/><net_sink comp="569" pin=0"/></net>

<net id="575"><net_src comp="556" pin="3"/><net_sink comp="569" pin=1"/></net>

<net id="576"><net_src comp="569" pin="3"/><net_sink comp="187" pin=1"/></net>

<net id="580"><net_src comp="108" pin="2"/><net_sink comp="577" pin=0"/></net>

<net id="581"><net_src comp="577" pin="1"/><net_sink comp="261" pin=1"/></net>

<net id="582"><net_src comp="577" pin="1"/><net_sink comp="266" pin=1"/></net>

<net id="586"><net_src comp="114" pin="2"/><net_sink comp="583" pin=0"/></net>

<net id="587"><net_src comp="583" pin="1"/><net_sink comp="215" pin=1"/></net>

<net id="588"><net_src comp="583" pin="1"/><net_sink comp="256" pin=1"/></net>

<net id="595"><net_src comp="220" pin="2"/><net_sink comp="592" pin=0"/></net>

<net id="596"><net_src comp="592" pin="1"/><net_sink comp="196" pin=2"/></net>

<net id="600"><net_src comp="250" pin="2"/><net_sink comp="597" pin=0"/></net>

<net id="601"><net_src comp="597" pin="1"/><net_sink comp="281" pin=0"/></net>

<net id="608"><net_src comp="271" pin="2"/><net_sink comp="605" pin=0"/></net>

<net id="609"><net_src comp="605" pin="1"/><net_sink comp="207" pin=2"/></net>

<net id="613"><net_src comp="286" pin="1"/><net_sink comp="610" pin=0"/></net>

<net id="614"><net_src comp="610" pin="1"/><net_sink comp="132" pin=2"/></net>

<net id="615"><net_src comp="610" pin="1"/><net_sink comp="144" pin=2"/></net>

<net id="616"><net_src comp="610" pin="1"/><net_sink comp="156" pin=2"/></net>

<net id="617"><net_src comp="610" pin="1"/><net_sink comp="168" pin=2"/></net>

<net id="618"><net_src comp="610" pin="1"/><net_sink comp="180" pin=2"/></net>

<net id="622"><net_src comp="120" pin="3"/><net_sink comp="619" pin=0"/></net>

<net id="623"><net_src comp="619" pin="1"/><net_sink comp="127" pin=0"/></net>

<net id="627"><net_src comp="127" pin="2"/><net_sink comp="624" pin=0"/></net>

<net id="628"><net_src comp="624" pin="1"/><net_sink comp="291" pin=0"/></net>

<net id="632"><net_src comp="132" pin="3"/><net_sink comp="629" pin=0"/></net>

<net id="633"><net_src comp="629" pin="1"/><net_sink comp="139" pin=0"/></net>

<net id="637"><net_src comp="144" pin="3"/><net_sink comp="634" pin=0"/></net>

<net id="638"><net_src comp="634" pin="1"/><net_sink comp="151" pin=0"/></net>

<net id="642"><net_src comp="300" pin="2"/><net_sink comp="639" pin=0"/></net>

<net id="643"><net_src comp="639" pin="1"/><net_sink comp="388" pin=1"/></net>

<net id="644"><net_src comp="639" pin="1"/><net_sink comp="399" pin=1"/></net>

<net id="645"><net_src comp="639" pin="1"/><net_sink comp="479" pin=0"/></net>

<net id="649"><net_src comp="306" pin="2"/><net_sink comp="646" pin=0"/></net>

<net id="650"><net_src comp="646" pin="1"/><net_sink comp="328" pin=0"/></net>

<net id="651"><net_src comp="646" pin="1"/><net_sink comp="331" pin=0"/></net>

<net id="655"><net_src comp="322" pin="2"/><net_sink comp="652" pin=0"/></net>

<net id="656"><net_src comp="652" pin="1"/><net_sink comp="340" pin=1"/></net>

<net id="657"><net_src comp="652" pin="1"/><net_sink comp="383" pin=0"/></net>

<net id="658"><net_src comp="652" pin="1"/><net_sink comp="410" pin=1"/></net>

<net id="662"><net_src comp="345" pin="4"/><net_sink comp="659" pin=0"/></net>

<net id="663"><net_src comp="659" pin="1"/><net_sink comp="453" pin=0"/></net>

<net id="667"><net_src comp="355" pin="3"/><net_sink comp="664" pin=0"/></net>

<net id="668"><net_src comp="664" pin="1"/><net_sink comp="466" pin=1"/></net>

<net id="672"><net_src comp="363" pin="4"/><net_sink comp="669" pin=0"/></net>

<net id="673"><net_src comp="669" pin="1"/><net_sink comp="471" pin=2"/></net>

<net id="677"><net_src comp="383" pin="2"/><net_sink comp="674" pin=0"/></net>

<net id="678"><net_src comp="674" pin="1"/><net_sink comp="492" pin=0"/></net>

<net id="682"><net_src comp="425" pin="4"/><net_sink comp="679" pin=0"/></net>

<net id="683"><net_src comp="679" pin="1"/><net_sink comp="525" pin=0"/></net>

<net id="687"><net_src comp="435" pin="3"/><net_sink comp="684" pin=0"/></net>

<net id="688"><net_src comp="684" pin="1"/><net_sink comp="538" pin=1"/></net>

<net id="692"><net_src comp="443" pin="4"/><net_sink comp="689" pin=0"/></net>

<net id="693"><net_src comp="689" pin="1"/><net_sink comp="543" pin=2"/></net>

<net id="697"><net_src comp="497" pin="4"/><net_sink comp="694" pin=0"/></net>

<net id="698"><net_src comp="694" pin="1"/><net_sink comp="551" pin=0"/></net>

<net id="702"><net_src comp="507" pin="3"/><net_sink comp="699" pin=0"/></net>

<net id="703"><net_src comp="699" pin="1"/><net_sink comp="564" pin=1"/></net>

<net id="707"><net_src comp="515" pin="4"/><net_sink comp="704" pin=0"/></net>

<net id="708"><net_src comp="704" pin="1"/><net_sink comp="569" pin=2"/></net>

</net_list>

</model> 
---------------- Datapath Model END ------------------

* FSMD analyzer results:
  - Output states:
	Port: out_channels_ch1 | {}
	Port: out_channels_ch2 | {}
	Port: out_channels_ch3 | {}
  - Chain level:
	State 1
	State 2
		exitcond1 : 1
		x_2 : 1
		stg_15 : 2
		tmp : 1
		p_shl8_cast : 2
		tmp_12 : 1
		p_shl9_cast : 2
		p_addr : 3
		mrv_1 : 1
		stg_27 : 2
	State 3
		exitcond : 1
		y_2 : 1
		stg_31 : 2
		tmp_trn_cast : 1
		p_addr1 : 2
		tmp_13 : 3
		in_channels_ch1_addr : 4
		Y : 5
	State 4
		U : 1
		V : 1
	State 5
		C : 1
		D : 1
		E : 1
		tmp_35_cast : 2
		tmp_18 : 3
		tmp_20 : 4
	State 6
		tmp_19 : 1
		tmp_21 : 2
		tmp_1 : 3
		tmp_2 : 3
		phitmp : 3
		tmp_23 : 1
		tmp_25_cast : 2
		tmp1 : 3
		p_shl_cast : 1
		p_shl1_cast : 1
		tmp2 : 2
		tmp2_cast : 3
		tmp_25 : 4
		tmp_7 : 5
		tmp_8 : 5
		phitmp3 : 5
	State 7
		p_phitmp : 1
		tmp_3 : 1
		R : 1
		tmp_22 : 1
		tmp_24_cast : 2
		tmp_24 : 3
		tmp_4 : 4
		tmp_5 : 4
		phitmp2 : 4
		p_phitmp3 : 1
		tmp_9 : 1
		B : 1
		stg_89 : 2
		stg_91 : 2
	State 8
		p_phitmp2 : 1
		tmp_6 : 1
		G : 1
		stg_100 : 2
		empty : 1


============================================================
+ Verbose Summary: Datapath Resource usage 
============================================================

* Functional unit list:
|----------|------------------------------|---------|---------|
| Operation|        Functional Unit       |    FF   |   LUT   |
|----------|------------------------------|---------|---------|
|          |          x_2_fu_220          |    0    |    16   |
|          |         p_addr_fu_250        |    0    |    26   |
|          |          y_2_fu_271          |    0    |    16   |
|          |        p_addr1_fu_281        |    0    |    27   |
|          |           C_fu_294           |    0    |    0    |
|    add   |         tmp_20_fu_322        |    0    |    0    |
|          |         tmp_21_fu_340        |    0    |    0    |
|          |          tmp1_fu_383         |    0    |    0    |
|          |          tmp2_fu_410         |    0    |    18   |
|          |         tmp_25_fu_419        |    0    |    18   |
|          |         tmp_24_fu_492        |    0    |    0    |
|----------|------------------------------|---------|---------|
|          |        p_phitmp_fu_458       |    0    |    8    |
|          |           R_fu_471           |    0    |    8    |
|  select  |       p_phitmp3_fu_530       |    0    |    8    |
|          |           B_fu_543           |    0    |    8    |
|          |       p_phitmp2_fu_556       |    0    |    8    |
|          |           G_fu_569           |    0    |    8    |
|----------|------------------------------|---------|---------|
|          |       exitcond1_fu_215       |    0    |    20   |
|          |        exitcond_fu_266       |    0    |    20   |
|   icmp   |          icmp_fu_453         |    0    |    2    |
|          |         icmp2_fu_525         |    0    |    3    |
|          |         icmp1_fu_551         |    0    |    2    |
|----------|------------------------------|---------|---------|
|    xor   |           D_fu_300           |    0    |    8    |
|          |           E_fu_306           |    0    |    8    |
|----------|------------------------------|---------|---------|
|          |         tmp_3_fu_466         |    0    |    1    |
|    or    |         tmp_9_fu_538         |    0    |    1    |
|          |         tmp_6_fu_564         |    0    |    1    |
|----------|------------------------------|---------|---------|
|   read   | in_height_read_2_read_fu_108 |    0    |    0    |
|          |  in_width_read_2_read_fu_114 |    0    |    0    |
|----------|------------------------------|---------|---------|
|          |          tmp_fu_226          |    0    |    0    |
|bitconcatenate|         tmp_12_fu_238        |    0    |    0    |
|          |         p_shl_fu_388         |    0    |    0    |
|          |         p_shl1_fu_399        |    0    |    0    |
|----------|------------------------------|---------|---------|
|          |      p_shl8_cast_fu_234      |    0    |    0    |
|          |      p_shl9_cast_fu_246      |    0    |    0    |
|   zext   |      tmp_trn_cast_fu_277     |    0    |    0    |
|          |         tmp_13_fu_286        |    0    |    0    |
|          |      tmp_32_cast_fu_291      |    0    |    0    |
|----------|------------------------------|---------|---------|
|insertvalue|          mrv_fu_256          |    0    |    0    |
|          |         mrv_1_fu_261         |    0    |    0    |
|----------|------------------------------|---------|---------|
|          |      tmp_35_cast_fu_312      |    0    |    0    |
|          |      tmp_37_cast5_fu_328     |    0    |    0    |
|          |   tmp_37_cast5_cast_fu_331   |    0    |    0    |
|          |      tmp_25_cast_fu_379      |    0    |    0    |
|   sext   |       p_shl_cast_fu_395      |    0    |    0    |
|          |      p_shl1_cast_fu_406      |    0    |    0    |
|          |       tmp2_cast_fu_415       |    0    |    0    |
|          |   tmp_45_cast4_cast_fu_479   |    0    |    0    |
|          |      tmp_24_cast_fu_488      |    0    |    0    |
|----------|------------------------------|---------|---------|
|          |         tmp_18_fu_316        |    0    |    0    |
|    mul   |         tmp_19_fu_334        |    0    |    0    |
|          |         tmp_23_fu_373        |    0    |    0    |
|          |         tmp_22_fu_482        |    0    |    0    |
|----------|------------------------------|---------|---------|
|          |         tmp_1_fu_345         |    0    |    0    |
|          |         phitmp_fu_363        |    0    |    0    |
|partselect|         tmp_7_fu_425         |    0    |    0    |
|          |        phitmp3_fu_443        |    0    |    0    |
|          |         tmp_4_fu_497         |    0    |    0    |
|          |        phitmp2_fu_515        |    0    |    0    |
|----------|------------------------------|---------|---------|
|          |         tmp_2_fu_355         |    0    |    0    |
| bitselect|         tmp_8_fu_435         |    0    |    0    |
|          |         tmp_5_fu_507         |    0    |    0    |
|----------|------------------------------|---------|---------|
|   Total  |                              |    0    |   235   |
|----------|------------------------------|---------|---------|

Memories:
N/A

* Register list:
+----------------------------+--------+
|                            |   FF   |
+----------------------------+--------+
|          D_reg_639         |    8   |
|          E_reg_646         |    8   |
|          Y_reg_624         |    8   |
|in_channels_ch1_addr_reg_619|   22   |
|in_channels_ch2_addr_reg_629|   22   |
|in_channels_ch3_addr_reg_634|   22   |
|  in_height_read_2_reg_577  |   16   |
|   in_width_read_2_reg_583  |   16   |
|       p_addr_reg_597       |   27   |
|       phitmp2_reg_704      |    8   |
|       phitmp3_reg_689      |    8   |
|       phitmp_reg_669       |    8   |
|        tmp1_reg_674        |   18   |
|       tmp_13_reg_610       |   64   |
|        tmp_1_reg_659       |    2   |
|       tmp_20_reg_652       |   18   |
|        tmp_2_reg_664       |    1   |
|        tmp_4_reg_694       |    2   |
|        tmp_5_reg_699       |    1   |
|        tmp_7_reg_679       |    3   |
|        tmp_8_reg_684       |    1   |
|         x_2_reg_592        |   16   |
|          x_reg_192         |   16   |
|         y_2_reg_605        |   16   |
|          y_reg_203         |   16   |
+----------------------------+--------+
|            Total           |   347  |
+----------------------------+--------+

* Multiplexer (MUX) list: 
|-------------------|------|------|------|--------||---------||---------|
|        Comp       |  Pin | Size |  BW  | S x BW ||  Delay  ||   LUT   |
|-------------------|------|------|------|--------||---------||---------|
| grp_access_fu_127 |  p0  |   2  |  22  |   44   ||    22   |
| grp_access_fu_139 |  p0  |   2  |  22  |   44   ||    22   |
| grp_access_fu_151 |  p0  |   2  |  22  |   44   ||    22   |
|-------------------|------|------|------|--------||---------||---------|
|       Total       |      |      |      |   132  ||  4.713  ||    66   |
|-------------------|------|------|------|--------||---------||---------|



* Summary:
+-----------+--------+--------+--------+
|           |  Delay |   FF   |   LUT  |
+-----------+--------+--------+--------+
|  Function |    -   |    0   |   235  |
|   Memory  |    -   |    -   |    -   |
|Multiplexer|    4   |    -   |   66   |
|  Register |    -   |   347  |    -   |
+-----------+--------+--------+--------+
|   Total   |    4   |   347  |   301  |
+-----------+--------+--------+--------+
