

================================================================
== Vivado HLS Report for 'yuv_filter_rgb2yuv'
================================================================
* Date:           Fri May 08 12:54:52 2015

* Version:        2014.4 (Build 1071461 on Tue Nov 18 16:42:57 PM 2014)
* Project:        yuv_filter.prj
* Solution:       solution2
* Product family: zynq
* Target device:  xc7z010clg400-1


================================================================
== Performance Estimates
================================================================
+ Timing (ns): 
    * Summary: 
    +---------+-------+----------+------------+
    |  Clock  | Target| Estimated| Uncertainty|
    +---------+-------+----------+------------+
    |default  |   8.00|      6.38|        1.00|
    +---------+-------+----------+------------+

+ Latency (clock cycles): 
    * Summary: 
    +-------+---------+-------+---------+---------+
    |     Latency     |     Interval    | Pipeline|
    |  min  |   max   |  min  |   max   |   Type  |
    +-------+---------+-------+---------+---------+
    |  40007|  2457607|  40007|  2457607|   none  |
    +-------+---------+-------+---------+---------+

    + Detail: 
        * Instance: 
        N/A

        * Loop: 
        +---------------------------------+-------+---------+----------+-----------+-----------+-----------------+----------+
        |                                 |     Latency     | Iteration|  Initiation Interval  |       Trip      |          |
        |            Loop Name            |  min  |   max   |  Latency |  achieved |   target  |      Count      | Pipelined|
        +---------------------------------+-------+---------+----------+-----------+-----------+-----------------+----------+
        |- RGB2YUV_LOOP_X_RGB2YUV_LOOP_Y  |  40005|  2457605|         7|          1|          1| 40000 ~ 2457600 |    yes   |
        +---------------------------------+-------+---------+----------+-----------+-----------+-----------------+----------+



================================================================
== Utilization Estimates
================================================================
* Summary: 
+-----------------+---------+-------+-------+-------+
|       Name      | BRAM_18K| DSP48E|   FF  |  LUT  |
+-----------------+---------+-------+-------+-------+
|Expression       |        -|      -|      -|      -|
|FIFO             |        -|      -|      -|      -|
|Instance         |        -|      -|      -|      -|
|Memory           |        -|      -|      -|      -|
|Multiplexer      |        -|      -|      -|      -|
|Register         |        -|      -|      -|      -|
+-----------------+---------+-------+-------+-------+
|Total            |        0|      0|      0|      0|
+-----------------+---------+-------+-------+-------+
|Available        |      120|     80|  35200|  17600|
+-----------------+---------+-------+-------+-------+
|Utilization (%)  |        0|      0|      0|      0|
+-----------------+---------+-------+-------+-------+

+ Detail: 
    * Instance: 
    N/A

    * Memory: 
    N/A

    * FIFO: 
    N/A

    * Expression: 
    N/A

    * Multiplexer: 
    N/A

    * Register: 
    N/A



================================================================
== Interface
================================================================
* Summary: 
N/A

============================================================
+ Verbose Summary: Synthesis Manager
============================================================
InlineROM: 1
ExposeGlobal: 0
============================================================
+ Verbose Summary: CDFG Model
============================================================
IsTopModel: 0
ResetActiveHigh: 1
IsCombinational: 0
IsDatapathOnly: 0
HasWiredReturn: 1
HasMFsm: 0
HasVarLatency: 1
IsPipeline: 0
IsRtlPipelined: 0
IsInstanceOverlapped: 0
IsDontTouch: 0
HasImplIP: 0
IsGatedGlobalClock: 0

+ Individual pipeline summary: 
  * Pipeline-0: initiation interval (II) = 1, depth = 7


============================================================
+ Verbose Summary: Schedule
============================================================
* Number of FSM states: 9
* Pipeline: 1
  Pipeline-0: II = 1, D = 7, States = { 2 3 4 5 6 7 8 }
* Dataflow Pipeline: 0

* FSM state transitions: 
1 --> 
	2  / true
2 --> 
	9  / (exitcond_flatten)
	3  / (!exitcond_flatten)
3 --> 
	4  / true
4 --> 
	5  / true
5 --> 
	6  / true
6 --> 
	7  / true
7 --> 
	8  / true
8 --> 
	2  / true
9 --> 
* FSM state operations: 

 <State 1>: 6.38ns
ST_1: in_height_read_1 [1/1] 0.00ns
:0  %in_height_read_1 = call i16 @_ssdm_op_Read.ap_auto.i16(i16 %in_height_read)

ST_1: in_width_read_1 [1/1] 0.00ns
:1  %in_width_read_1 = call i16 @_ssdm_op_Read.ap_auto.i16(i16 %in_width_read)

ST_1: cast [1/1] 0.00ns
:2  %cast = zext i16 %in_width_read_1 to i32

ST_1: cast1 [1/1] 0.00ns
:3  %cast1 = zext i16 %in_height_read_1 to i32

ST_1: bound [1/1] 6.38ns
:4  %bound = mul i32 %cast, %cast1

ST_1: stg_15 [1/1] 1.57ns
:5  br label %1


 <State 2>: 5.61ns
ST_2: indvar_flatten [1/1] 0.00ns
:0  %indvar_flatten = phi i32 [ 0, %0 ], [ %indvar_flatten_next, %.reset ]

ST_2: x [1/1] 0.00ns
:1  %x = phi i16 [ 0, %0 ], [ %x_mid2, %.reset ]

ST_2: y [1/1] 0.00ns
:2  %y = phi i16 [ 0, %0 ], [ %y_1, %.reset ]

ST_2: exitcond_flatten [1/1] 2.52ns
:3  %exitcond_flatten = icmp eq i32 %indvar_flatten, %bound

ST_2: indvar_flatten_next [1/1] 2.44ns
:4  %indvar_flatten_next = add i32 %indvar_flatten, 1

ST_2: stg_21 [1/1] 0.00ns
:5  br i1 %exitcond_flatten, label %2, label %.reset

ST_2: exitcond [1/1] 2.28ns
.reset:2  %exitcond = icmp eq i16 %y, %in_height_read_1

ST_2: y_mid2 [1/1] 1.37ns
.reset:3  %y_mid2 = select i1 %exitcond, i16 0, i16 %y

ST_2: x_s [1/1] 1.96ns
.reset:4  %x_s = add i16 %x, 1

ST_2: x_mid2 [1/1] 1.37ns
.reset:5  %x_mid2 = select i1 %exitcond, i16 %x_s, i16 %x

ST_2: y_1 [1/1] 1.96ns
.reset:78  %y_1 = add i16 %y_mid2, 1


 <State 3>: 6.21ns
ST_3: tmp_2_trn_cast [1/1] 0.00ns
.reset:9  %tmp_2_trn_cast = zext i16 %y_mid2 to i27

ST_3: tmp [1/1] 0.00ns
.reset:10  %tmp = call i26 @_ssdm_op_BitConcatenate.i26.i16.i10(i16 %x_mid2, i10 0)

ST_3: p_shl_cast [1/1] 0.00ns
.reset:11  %p_shl_cast = zext i26 %tmp to i27

ST_3: tmp_2 [1/1] 0.00ns
.reset:12  %tmp_2 = call i24 @_ssdm_op_BitConcatenate.i24.i16.i8(i16 %x_mid2, i8 0)

ST_3: p_shl7_cast [1/1] 0.00ns
.reset:13  %p_shl7_cast = zext i24 %tmp_2 to i27

ST_3: p_addr [1/1] 1.91ns
.reset:14  %p_addr = add i27 %p_shl_cast, %p_shl7_cast

ST_3: p_addr1 [1/1] 1.91ns
.reset:15  %p_addr1 = add i27 %p_addr, %tmp_2_trn_cast

ST_3: tmp_4 [1/1] 0.00ns
.reset:16  %tmp_4 = zext i27 %p_addr1 to i64

ST_3: in_channels_ch1_addr [1/1] 0.00ns
.reset:17  %in_channels_ch1_addr = getelementptr [2457600 x i8]* %in_channels_ch1, i64 0, i64 %tmp_4

ST_3: R [2/2] 2.39ns
.reset:18  %R = load i8* %in_channels_ch1_addr, align 1

ST_3: in_channels_ch2_addr [1/1] 0.00ns
.reset:19  %in_channels_ch2_addr = getelementptr [2457600 x i8]* %in_channels_ch2, i64 0, i64 %tmp_4

ST_3: G [2/2] 2.39ns
.reset:20  %G = load i8* %in_channels_ch2_addr, align 1

ST_3: in_channels_ch3_addr [1/1] 0.00ns
.reset:21  %in_channels_ch3_addr = getelementptr [2457600 x i8]* %in_channels_ch3, i64 0, i64 %tmp_4

ST_3: B [2/2] 2.39ns
.reset:22  %B = load i8* %in_channels_ch3_addr, align 1


 <State 4>: 2.39ns
ST_4: R [1/2] 2.39ns
.reset:18  %R = load i8* %in_channels_ch1_addr, align 1

ST_4: G [1/2] 2.39ns
.reset:20  %G = load i8* %in_channels_ch2_addr, align 1

ST_4: B [1/2] 2.39ns
.reset:22  %B = load i8* %in_channels_ch3_addr, align 1


 <State 5>: 6.38ns
ST_5: tmp_3_cast1 [1/1] 0.00ns
.reset:23  %tmp_3_cast1 = zext i8 %R to i16

ST_5: tmp_5_cast1 [1/1] 0.00ns
.reset:29  %tmp_5_cast1 = zext i8 %G to i9

ST_5: tmp_5_cast2 [1/1] 0.00ns
.reset:30  %tmp_5_cast2 = zext i8 %G to i16

ST_5: tmp_7_cast1 [1/1] 0.00ns
.reset:33  %tmp_7_cast1 = zext i8 %B to i13

ST_5: tmp_8 [1/1] 3.36ns
.reset:34  %tmp_8 = mul i13 %tmp_7_cast1, 25

ST_5: tmp4 [1/1] 1.84ns
.reset:37  %tmp4 = add i9 %tmp_5_cast1, 128

ST_5: tmp4_cast [1/1] 0.00ns
.reset:38  %tmp4_cast = zext i9 %tmp4 to i13

ST_5: tmp3 [1/1] 3.02ns
.reset:39  %tmp3 = add i13 %tmp4_cast, %tmp_8

ST_5: tmp3_cast [1/1] 0.00ns
.reset:40  %tmp3_cast = zext i13 %tmp3 to i16

ST_5: tmp_7 [1/1] 6.38ns
.reset:46  %tmp_7 = mul i16 %tmp_5_cast2, -74

ST_5: tmp_11 [1/1] 6.38ns
.reset:58  %tmp_11 = mul i16 %tmp_3_cast1, 122


 <State 6>: 6.38ns
ST_6: tmp_3_cast2 [1/1] 0.00ns
.reset:24  %tmp_3_cast2 = zext i8 %R to i15

ST_6: p_shl5 [1/1] 0.00ns
.reset:25  %p_shl5 = call i14 @_ssdm_op_BitConcatenate.i14.i8.i6(i8 %R, i6 0)

ST_6: p_shl5_cast [1/1] 0.00ns
.reset:26  %p_shl5_cast = zext i14 %p_shl5 to i16

ST_6: p_shl6 [1/1] 0.00ns
.reset:27  %p_shl6 = call i9 @_ssdm_op_BitConcatenate.i9.i8.i1(i8 %R, i1 false)

ST_6: p_shl6_cast [1/1] 0.00ns
.reset:28  %p_shl6_cast = zext i9 %p_shl6 to i16

ST_6: p_shl4 [1/1] 0.00ns
.reset:31  %p_shl4 = call i15 @_ssdm_op_BitConcatenate.i15.i8.i7(i8 %G, i7 0)

ST_6: p_shl4_cast [1/1] 0.00ns
.reset:32  %p_shl4_cast = zext i15 %p_shl4 to i16

ST_6: tmp2 [1/1] 1.96ns
.reset:35  %tmp2 = add i16 %p_shl6_cast, %p_shl4_cast

ST_6: tmp1 [1/1] 1.73ns
.reset:36  %tmp1 = add i16 %tmp2, %p_shl5_cast

ST_6: tmp_1 [1/1] 1.73ns
.reset:41  %tmp_1 = add i16 %tmp3_cast, %tmp1

ST_6: tmp_5 [1/1] 0.00ns
.reset:42  %tmp_5 = call i8 @_ssdm_op_PartSelect.i8.i16.i32.i32(i16 %tmp_1, i32 8, i32 15)

ST_6: tmp_6 [1/1] 3.36ns
.reset:44  %tmp_6 = mul i15 %tmp_3_cast2, -38

ST_6: tmp_12_cast [1/1] 0.00ns
.reset:45  %tmp_12_cast = sext i15 %tmp_6 to i16

ST_6: p_shl2 [1/1] 0.00ns
.reset:47  %p_shl2 = call i15 @_ssdm_op_BitConcatenate.i15.i8.i7(i8 %B, i7 0)

ST_6: p_shl2_cast [1/1] 0.00ns
.reset:48  %p_shl2_cast = zext i15 %p_shl2 to i16

ST_6: p_shl3 [1/1] 0.00ns
.reset:49  %p_shl3 = call i12 @_ssdm_op_BitConcatenate.i12.i8.i4(i8 %B, i4 0)

ST_6: p_shl3_cast9 [1/1] 0.00ns
.reset:50  %p_shl3_cast9 = zext i12 %p_shl3 to i13

ST_6: p_shl3_cast [1/1] 0.00ns
.reset:51  %p_shl3_cast = zext i12 %p_shl3 to i16

ST_6: tmp_9 [1/1] 1.96ns
.reset:52  %tmp_9 = sub i16 %p_shl2_cast, %p_shl3_cast

ST_6: tmp5 [1/1] 3.02ns
.reset:53  %tmp5 = add i16 %tmp_12_cast, %tmp_7

ST_6: tmp_12 [1/1] 3.36ns
.reset:59  %tmp_12 = mul i16 %tmp_5_cast2, -94

ST_6: p_neg [1/1] 1.84ns
.reset:60  %p_neg = sub i13 0, %p_shl3_cast9

ST_6: p_neg_cast [1/1] 0.00ns
.reset:61  %p_neg_cast = sext i13 %p_neg to i14

ST_6: p_shl1 [1/1] 0.00ns
.reset:62  %p_shl1 = call i9 @_ssdm_op_BitConcatenate.i9.i8.i1(i8 %B, i1 false)

ST_6: p_shl1_cast [1/1] 0.00ns
.reset:63  %p_shl1_cast = zext i9 %p_shl1 to i14

ST_6: tmp_13 [1/1] 1.73ns
.reset:64  %tmp_13 = sub i14 %p_neg_cast, %p_shl1_cast

ST_6: tmp7 [1/1] 3.02ns
.reset:65  %tmp7 = add i16 %tmp_11, %tmp_12

ST_6: tmp8 [1/1] 1.73ns
.reset:66  %tmp8 = add i14 %tmp_13, 128


 <State 7>: 4.11ns
ST_7: Y [1/1] 1.72ns
.reset:43  %Y = add i8 %tmp_5, 16

ST_7: tmp6 [1/1] 1.73ns
.reset:54  %tmp6 = add i16 %tmp_9, 128

ST_7: tmp_s [1/1] 1.73ns
.reset:55  %tmp_s = add i16 %tmp6, %tmp5

ST_7: tmp_10 [1/1] 0.00ns
.reset:56  %tmp_10 = call i8 @_ssdm_op_PartSelect.i8.i16.i32.i32(i16 %tmp_s, i32 8, i32 15)

ST_7: tmp8_cast [1/1] 0.00ns
.reset:67  %tmp8_cast = sext i14 %tmp8 to i16

ST_7: tmp_14 [1/1] 3.02ns
.reset:68  %tmp_14 = add i16 %tmp8_cast, %tmp7

ST_7: tmp_15 [1/1] 0.00ns
.reset:69  %tmp_15 = call i8 @_ssdm_op_PartSelect.i8.i16.i32.i32(i16 %tmp_14, i32 8, i32 15)

ST_7: out_channels_ch1_addr [1/1] 0.00ns
.reset:71  %out_channels_ch1_addr = getelementptr [2457600 x i8]* %out_channels_ch1, i64 0, i64 %tmp_4

ST_7: stg_91 [1/1] 2.39ns
.reset:72  store i8 %Y, i8* %out_channels_ch1_addr, align 1


 <State 8>: 3.76ns
ST_8: stg_92 [1/1] 0.00ns
.reset:0  call void (...)* @_ssdm_op_SpecLoopName([30 x i8]* @str1)

ST_8: stg_93 [1/1] 0.00ns
.reset:1  call void (...)* @_ssdm_op_SpecLoopTripCount(i64 40000, i64 2457600, i64 784400)

ST_8: stg_94 [1/1] 0.00ns
.reset:6  call void (...)* @_ssdm_op_SpecLoopName([15 x i8]* @p_str2) nounwind

ST_8: tmp_3 [1/1] 0.00ns
.reset:7  %tmp_3 = call i32 (...)* @_ssdm_op_SpecRegionBegin([15 x i8]* @p_str2)

ST_8: stg_96 [1/1] 0.00ns
.reset:8  call void (...)* @_ssdm_op_SpecPipeline(i32 1, i32 1, i32 1, i32 0, [1 x i8]* @p_str1) nounwind

ST_8: U [1/1] 1.37ns
.reset:57  %U = xor i8 %tmp_10, -128

ST_8: V [1/1] 1.37ns
.reset:70  %V = xor i8 %tmp_15, -128

ST_8: out_channels_ch2_addr [1/1] 0.00ns
.reset:73  %out_channels_ch2_addr = getelementptr [2457600 x i8]* %out_channels_ch2, i64 0, i64 %tmp_4

ST_8: stg_100 [1/1] 2.39ns
.reset:74  store i8 %U, i8* %out_channels_ch2_addr, align 1

ST_8: out_channels_ch3_addr [1/1] 0.00ns
.reset:75  %out_channels_ch3_addr = getelementptr [2457600 x i8]* %out_channels_ch3, i64 0, i64 %tmp_4

ST_8: stg_102 [1/1] 2.39ns
.reset:76  store i8 %V, i8* %out_channels_ch3_addr, align 1

ST_8: empty [1/1] 0.00ns
.reset:77  %empty = call i32 (...)* @_ssdm_op_SpecRegionEnd([15 x i8]* @p_str2, i32 %tmp_3)

ST_8: stg_104 [1/1] 0.00ns
.reset:79  br label %1


 <State 9>: 0.00ns
ST_9: mrv [1/1] 0.00ns
:0  %mrv = insertvalue { i16, i16 } undef, i16 %in_width_read_1, 0

ST_9: mrv_1 [1/1] 0.00ns
:1  %mrv_1 = insertvalue { i16, i16 } %mrv, i16 %in_height_read_1, 1

ST_9: stg_107 [1/1] 0.00ns
:2  ret { i16, i16 } %mrv_1



============================================================
+ Verbose Summary: Binding
============================================================
STG Binding: 
---------------- STG Properties BEGIN ----------------
- Is combinational: 0
- Is one-state seq: 0
- Is datapath-only: 0
- Is clock enabled: 0
- Is pipelined: 0
- Is top level: 0
Port [ Return ] is wired: 1; IO mode=ap_ctrl_hs:ce=0
Port [ in_channels_ch1]:  wired=1; compound=1; hidden=0; nouse=0; global=0; static=0; extern=0; dir=0; type=1; mode=0x763daeea40; pingpong=0; private_global=0; MemPort=[13]; IO mode=ap_memory:ce=0
Port [ in_channels_ch2]:  wired=1; compound=1; hidden=0; nouse=0; global=0; static=0; extern=0; dir=0; type=1; mode=0x763daefcd0; pingpong=0; private_global=0; MemPort=[13]; IO mode=ap_memory:ce=0
Port [ in_channels_ch3]:  wired=1; compound=1; hidden=0; nouse=0; global=0; static=0; extern=0; dir=0; type=1; mode=0x763daeefe0; pingpong=0; private_global=0; MemPort=[13]; IO mode=ap_memory:ce=0
Port [ in_width_read]:  wired=1; compound=0; hidden=0; nouse=0; global=0; static=0; extern=0; dir=0; type=0; mode=0x763daefd60; pingpong=0; private_global=0; IO mode=ap_none:ce=0
Port [ in_height_read]:  wired=1; compound=0; hidden=0; nouse=0; global=0; static=0; extern=0; dir=0; type=0; mode=0x763daee9b0; pingpong=0; private_global=0; IO mode=ap_none:ce=0
Port [ out_channels_ch1]:  wired=1; compound=1; hidden=0; nouse=0; global=0; static=0; extern=0; dir=1; type=1; mode=0x763daeef50; pingpong=0; private_global=0; MemPort=[03]; IO mode=ap_memory:ce=0
Port [ out_channels_ch2]:  wired=1; compound=1; hidden=0; nouse=0; global=0; static=0; extern=0; dir=1; type=1; mode=0x763daf0030; pingpong=0; private_global=0; MemPort=[03]; IO mode=ap_memory:ce=0
Port [ out_channels_ch3]:  wired=1; compound=1; hidden=0; nouse=0; global=0; static=0; extern=0; dir=1; type=1; mode=0x763daefe80; pingpong=0; private_global=0; MemPort=[03]; IO mode=ap_memory:ce=0
---------------- STG Properties END ------------------

---------------- Datapath Model BEGIN ----------------

<LifeTime>
<method=bitvector/>
in_height_read_1      (read             ) [ 0011111111]
in_width_read_1       (read             ) [ 0011111111]
cast                  (zext             ) [ 0000000000]
cast1                 (zext             ) [ 0000000000]
bound                 (mul              ) [ 0011111110]
stg_15                (br               ) [ 0111111110]
indvar_flatten        (phi              ) [ 0010000000]
x                     (phi              ) [ 0010000000]
y                     (phi              ) [ 0010000000]
exitcond_flatten      (icmp             ) [ 0011111110]
indvar_flatten_next   (add              ) [ 0111111110]
stg_21                (br               ) [ 0000000000]
exitcond              (icmp             ) [ 0000000000]
y_mid2                (select           ) [ 0011000000]
x_s                   (add              ) [ 0000000000]
x_mid2                (select           ) [ 0111111110]
y_1                   (add              ) [ 0111111110]
tmp_2_trn_cast        (zext             ) [ 0000000000]
tmp                   (bitconcatenate   ) [ 0000000000]
p_shl_cast            (zext             ) [ 0000000000]
tmp_2                 (bitconcatenate   ) [ 0000000000]
p_shl7_cast           (zext             ) [ 0000000000]
p_addr                (add              ) [ 0000000000]
p_addr1               (add              ) [ 0000000000]
tmp_4                 (zext             ) [ 0010111110]
in_channels_ch1_addr  (getelementptr    ) [ 0010100000]
in_channels_ch2_addr  (getelementptr    ) [ 0010100000]
in_channels_ch3_addr  (getelementptr    ) [ 0010100000]
R                     (load             ) [ 0010011000]
G                     (load             ) [ 0010011000]
B                     (load             ) [ 0010011000]
tmp_3_cast1           (zext             ) [ 0000000000]
tmp_5_cast1           (zext             ) [ 0000000000]
tmp_5_cast2           (zext             ) [ 0010001000]
tmp_7_cast1           (zext             ) [ 0000000000]
tmp_8                 (mul              ) [ 0000000000]
tmp4                  (add              ) [ 0000000000]
tmp4_cast             (zext             ) [ 0000000000]
tmp3                  (add              ) [ 0000000000]
tmp3_cast             (zext             ) [ 0010001000]
tmp_7                 (mul              ) [ 0010001000]
tmp_11                (mul              ) [ 0010001000]
tmp_3_cast2           (zext             ) [ 0000000000]
p_shl5                (bitconcatenate   ) [ 0000000000]
p_shl5_cast           (zext             ) [ 0000000000]
p_shl6                (bitconcatenate   ) [ 0000000000]
p_shl6_cast           (zext             ) [ 0000000000]
p_shl4                (bitconcatenate   ) [ 0000000000]
p_shl4_cast           (zext             ) [ 0000000000]
tmp2                  (add              ) [ 0000000000]
tmp1                  (add              ) [ 0000000000]
tmp_1                 (add              ) [ 0000000000]
tmp_5                 (partselect       ) [ 0010000100]
tmp_6                 (mul              ) [ 0000000000]
tmp_12_cast           (sext             ) [ 0000000000]
p_shl2                (bitconcatenate   ) [ 0000000000]
p_shl2_cast           (zext             ) [ 0000000000]
p_shl3                (bitconcatenate   ) [ 0000000000]
p_shl3_cast9          (zext             ) [ 0000000000]
p_shl3_cast           (zext             ) [ 0000000000]
tmp_9                 (sub              ) [ 0010000100]
tmp5                  (add              ) [ 0010000100]
tmp_12                (mul              ) [ 0000000000]
p_neg                 (sub              ) [ 0000000000]
p_neg_cast            (sext             ) [ 0000000000]
p_shl1                (bitconcatenate   ) [ 0000000000]
p_shl1_cast           (zext             ) [ 0000000000]
tmp_13                (sub              ) [ 0000000000]
tmp7                  (add              ) [ 0010000100]
tmp8                  (add              ) [ 0010000100]
Y                     (add              ) [ 0000000000]
tmp6                  (add              ) [ 0000000000]
tmp_s                 (add              ) [ 0000000000]
tmp_10                (partselect       ) [ 0010000010]
tmp8_cast             (sext             ) [ 0000000000]
tmp_14                (add              ) [ 0000000000]
tmp_15                (partselect       ) [ 0010000010]
out_channels_ch1_addr (getelementptr    ) [ 0000000000]
stg_91                (store            ) [ 0000000000]
stg_92                (specloopname     ) [ 0000000000]
stg_93                (speclooptripcount) [ 0000000000]
stg_94                (specloopname     ) [ 0000000000]
tmp_3                 (specregionbegin  ) [ 0000000000]
stg_96                (specpipeline     ) [ 0000000000]
U                     (xor              ) [ 0000000000]
V                     (xor              ) [ 0000000000]
out_channels_ch2_addr (getelementptr    ) [ 0000000000]
stg_100               (store            ) [ 0000000000]
out_channels_ch3_addr (getelementptr    ) [ 0000000000]
stg_102               (store            ) [ 0000000000]
empty                 (specregionend    ) [ 0000000000]
stg_104               (br               ) [ 0111111110]
mrv                   (insertvalue      ) [ 0000000000]
mrv_1                 (insertvalue      ) [ 0000000000]
stg_107               (ret              ) [ 0000000000]
</LifeTime>

<model>

<comp_list>
<comp id="0" class="1000" name="in_channels_ch1">
<pin_list>
<pin id="1" dir="1" index="0" bw="1" slack="0"/>
</pin_list>
<bind>
<StgValue><ssdm name="in_channels_ch1"/><MemPortTyVec>1 3 </MemPortTyVec>
</StgValue>
</bind>
</comp>

<comp id="2" class="1000" name="in_channels_ch2">
<pin_list>
<pin id="3" dir="1" index="0" bw="1" slack="0"/>
</pin_list>
<bind>
<StgValue><ssdm name="in_channels_ch2"/><MemPortTyVec>1 3 </MemPortTyVec>
</StgValue>
</bind>
</comp>

<comp id="4" class="1000" name="in_channels_ch3">
<pin_list>
<pin id="5" dir="1" index="0" bw="1" slack="0"/>
</pin_list>
<bind>
<StgValue><ssdm name="in_channels_ch3"/><MemPortTyVec>1 3 </MemPortTyVec>
</StgValue>
</bind>
</comp>

<comp id="6" class="1000" name="in_width_read">
<pin_list>
<pin id="7" dir="1" index="0" bw="1" slack="0"/>
</pin_list>
<bind>
<StgValue><ssdm name="in_width_read"/></StgValue>
</bind>
</comp>

<comp id="8" class="1000" name="in_height_read">
<pin_list>
<pin id="9" dir="1" index="0" bw="1" slack="0"/>
</pin_list>
<bind>
<StgValue><ssdm name="in_height_read"/></StgValue>
</bind>
</comp>

<comp id="10" class="1000" name="out_channels_ch1">
<pin_list>
<pin id="11" dir="1" index="0" bw="1" slack="0"/>
</pin_list>
<bind>
<StgValue><ssdm name="out_channels_ch1"/><MemPortTyVec>0 3 </MemPortTyVec>
</StgValue>
</bind>
</comp>

<comp id="12" class="1000" name="out_channels_ch2">
<pin_list>
<pin id="13" dir="1" index="0" bw="1" slack="0"/>
</pin_list>
<bind>
<StgValue><ssdm name="out_channels_ch2"/><MemPortTyVec>0 3 </MemPortTyVec>
</StgValue>
</bind>
</comp>

<comp id="14" class="1000" name="out_channels_ch3">
<pin_list>
<pin id="15" dir="1" index="0" bw="1" slack="0"/>
</pin_list>
<bind>
<StgValue><ssdm name="out_channels_ch3"/><MemPortTyVec>0 3 </MemPortTyVec>
</StgValue>
</bind>
</comp>

<comp id="16" class="1001" name="const_16">
<pin_list>
<pin id="17" dir="1" index="0" bw="1" slack="0"/>
</pin_list>
<bind>
<StgValue><ssdm name="_ssdm_op_Read.ap_auto.i16"/></StgValue>
</bind>
</comp>

<comp id="18" class="1001" name="const_18">
<pin_list>
<pin id="19" dir="1" index="0" bw="1" slack="1"/>
</pin_list>
<bind>
<StgValue><ssdm name=""/></StgValue>
</bind>
</comp>

<comp id="20" class="1001" name="const_20">
<pin_list>
<pin id="21" dir="1" index="0" bw="1" slack="0"/>
</pin_list>
<bind>
<StgValue><ssdm name=""/></StgValue>
</bind>
</comp>

<comp id="22" class="1001" name="const_22">
<pin_list>
<pin id="23" dir="1" index="0" bw="1" slack="0"/>
</pin_list>
<bind>
<StgValue><ssdm name=""/></StgValue>
</bind>
</comp>

<comp id="24" class="1001" name="const_24">
<pin_list>
<pin id="25" dir="1" index="0" bw="1" slack="0"/>
</pin_list>
<bind>
<StgValue><ssdm name=""/></StgValue>
</bind>
</comp>

<comp id="26" class="1001" name="const_26">
<pin_list>
<pin id="27" dir="1" index="0" bw="1" slack="0"/>
</pin_list>
<bind>
<StgValue><ssdm name="_ssdm_op_BitConcatenate.i26.i16.i10"/></StgValue>
</bind>
</comp>

<comp id="28" class="1001" name="const_28">
<pin_list>
<pin id="29" dir="1" index="0" bw="1" slack="0"/>
</pin_list>
<bind>
<StgValue><ssdm name=""/></StgValue>
</bind>
</comp>

<comp id="30" class="1001" name="const_30">
<pin_list>
<pin id="31" dir="1" index="0" bw="1" slack="0"/>
</pin_list>
<bind>
<StgValue><ssdm name="_ssdm_op_BitConcatenate.i24.i16.i8"/></StgValue>
</bind>
</comp>

<comp id="32" class="1001" name="const_32">
<pin_list>
<pin id="33" dir="1" index="0" bw="1" slack="0"/>
</pin_list>
<bind>
<StgValue><ssdm name=""/></StgValue>
</bind>
</comp>

<comp id="34" class="1001" name="const_34">
<pin_list>
<pin id="35" dir="1" index="0" bw="1" slack="0"/>
</pin_list>
<bind>
<StgValue><ssdm name=""/></StgValue>
</bind>
</comp>

<comp id="36" class="1001" name="const_36">
<pin_list>
<pin id="37" dir="1" index="0" bw="1" slack="0"/>
</pin_list>
<bind>
<StgValue><ssdm name=""/></StgValue>
</bind>
</comp>

<comp id="38" class="1001" name="const_38">
<pin_list>
<pin id="39" dir="1" index="0" bw="1" slack="0"/>
</pin_list>
<bind>
<StgValue><ssdm name=""/></StgValue>
</bind>
</comp>

<comp id="40" class="1001" name="const_40">
<pin_list>
<pin id="41" dir="1" index="0" bw="1" slack="0"/>
</pin_list>
<bind>
<StgValue><ssdm name=""/></StgValue>
</bind>
</comp>

<comp id="42" class="1001" name="const_42">
<pin_list>
<pin id="43" dir="1" index="0" bw="1" slack="0"/>
</pin_list>
<bind>
<StgValue><ssdm name=""/></StgValue>
</bind>
</comp>

<comp id="44" class="1001" name="const_44">
<pin_list>
<pin id="45" dir="1" index="0" bw="1" slack="0"/>
</pin_list>
<bind>
<StgValue><ssdm name="_ssdm_op_BitConcatenate.i14.i8.i6"/></StgValue>
</bind>
</comp>

<comp id="46" class="1001" name="const_46">
<pin_list>
<pin id="47" dir="1" index="0" bw="1" slack="0"/>
</pin_list>
<bind>
<StgValue><ssdm name=""/></StgValue>
</bind>
</comp>

<comp id="48" class="1001" name="const_48">
<pin_list>
<pin id="49" dir="1" index="0" bw="1" slack="0"/>
</pin_list>
<bind>
<StgValue><ssdm name="_ssdm_op_BitConcatenate.i9.i8.i1"/></StgValue>
</bind>
</comp>

<comp id="50" class="1001" name="const_50">
<pin_list>
<pin id="51" dir="1" index="0" bw="1" slack="0"/>
</pin_list>
<bind>
<StgValue><ssdm name=""/></StgValue>
</bind>
</comp>

<comp id="52" class="1001" name="const_52">
<pin_list>
<pin id="53" dir="1" index="0" bw="1" slack="0"/>
</pin_list>
<bind>
<StgValue><ssdm name="_ssdm_op_BitConcatenate.i15.i8.i7"/></StgValue>
</bind>
</comp>

<comp id="54" class="1001" name="const_54">
<pin_list>
<pin id="55" dir="1" index="0" bw="1" slack="0"/>
</pin_list>
<bind>
<StgValue><ssdm name=""/></StgValue>
</bind>
</comp>

<comp id="56" class="1001" name="const_56">
<pin_list>
<pin id="57" dir="1" index="0" bw="1" slack="0"/>
</pin_list>
<bind>
<StgValue><ssdm name="_ssdm_op_PartSelect.i8.i16.i32.i32"/></StgValue>
</bind>
</comp>

<comp id="58" class="1001" name="const_58">
<pin_list>
<pin id="59" dir="1" index="0" bw="1" slack="0"/>
</pin_list>
<bind>
<StgValue><ssdm name=""/></StgValue>
</bind>
</comp>

<comp id="60" class="1001" name="const_60">
<pin_list>
<pin id="61" dir="1" index="0" bw="1" slack="0"/>
</pin_list>
<bind>
<StgValue><ssdm name=""/></StgValue>
</bind>
</comp>

<comp id="62" class="1001" name="const_62">
<pin_list>
<pin id="63" dir="1" index="0" bw="1" slack="0"/>
</pin_list>
<bind>
<StgValue><ssdm name=""/></StgValue>
</bind>
</comp>

<comp id="64" class="1001" name="const_64">
<pin_list>
<pin id="65" dir="1" index="0" bw="1" slack="0"/>
</pin_list>
<bind>
<StgValue><ssdm name="_ssdm_op_BitConcatenate.i12.i8.i4"/></StgValue>
</bind>
</comp>

<comp id="66" class="1001" name="const_66">
<pin_list>
<pin id="67" dir="1" index="0" bw="1" slack="0"/>
</pin_list>
<bind>
<StgValue><ssdm name=""/></StgValue>
</bind>
</comp>

<comp id="68" class="1001" name="const_68">
<pin_list>
<pin id="69" dir="1" index="0" bw="1" slack="0"/>
</pin_list>
<bind>
<StgValue><ssdm name=""/></StgValue>
</bind>
</comp>

<comp id="70" class="1001" name="const_70">
<pin_list>
<pin id="71" dir="1" index="0" bw="1" slack="0"/>
</pin_list>
<bind>
<StgValue><ssdm name=""/></StgValue>
</bind>
</comp>

<comp id="72" class="1001" name="const_72">
<pin_list>
<pin id="73" dir="1" index="0" bw="1" slack="0"/>
</pin_list>
<bind>
<StgValue><ssdm name=""/></StgValue>
</bind>
</comp>

<comp id="74" class="1001" name="const_74">
<pin_list>
<pin id="75" dir="1" index="0" bw="1" slack="0"/>
</pin_list>
<bind>
<StgValue><ssdm name=""/></StgValue>
</bind>
</comp>

<comp id="76" class="1001" name="const_76">
<pin_list>
<pin id="77" dir="1" index="0" bw="1" slack="0"/>
</pin_list>
<bind>
<StgValue><ssdm name=""/></StgValue>
</bind>
</comp>

<comp id="78" class="1001" name="const_78">
<pin_list>
<pin id="79" dir="1" index="0" bw="1" slack="2147483647"/>
</pin_list>
<bind>
<StgValue><ssdm name="_ssdm_op_SpecLoopName"/></StgValue>
</bind>
</comp>

<comp id="80" class="1001" name="const_80">
<pin_list>
<pin id="81" dir="1" index="0" bw="1" slack="2147483647"/>
</pin_list>
<bind>
<StgValue><ssdm name="str1"/></StgValue>
</bind>
</comp>

<comp id="82" class="1001" name="const_82">
<pin_list>
<pin id="83" dir="1" index="0" bw="1" slack="2147483647"/>
</pin_list>
<bind>
<StgValue><ssdm name="_ssdm_op_SpecLoopTripCount"/></StgValue>
</bind>
</comp>

<comp id="84" class="1001" name="const_84">
<pin_list>
<pin id="85" dir="1" index="0" bw="1" slack="2147483647"/>
</pin_list>
<bind>
<StgValue><ssdm name=""/></StgValue>
</bind>
</comp>

<comp id="86" class="1001" name="const_86">
<pin_list>
<pin id="87" dir="1" index="0" bw="1" slack="2147483647"/>
</pin_list>
<bind>
<StgValue><ssdm name=""/></StgValue>
</bind>
</comp>

<comp id="88" class="1001" name="const_88">
<pin_list>
<pin id="89" dir="1" index="0" bw="1" slack="2147483647"/>
</pin_list>
<bind>
<StgValue><ssdm name=""/></StgValue>
</bind>
</comp>

<comp id="90" class="1001" name="const_90">
<pin_list>
<pin id="91" dir="1" index="0" bw="1" slack="2147483647"/>
</pin_list>
<bind>
<StgValue><ssdm name="p_str2"/></StgValue>
</bind>
</comp>

<comp id="92" class="1001" name="const_92">
<pin_list>
<pin id="93" dir="1" index="0" bw="1" slack="2147483647"/>
</pin_list>
<bind>
<StgValue><ssdm name="_ssdm_op_SpecRegionBegin"/></StgValue>
</bind>
</comp>

<comp id="94" class="1001" name="const_94">
<pin_list>
<pin id="95" dir="1" index="0" bw="1" slack="2147483647"/>
</pin_list>
<bind>
<StgValue><ssdm name="_ssdm_op_SpecPipeline"/></StgValue>
</bind>
</comp>

<comp id="96" class="1001" name="const_96">
<pin_list>
<pin id="97" dir="1" index="0" bw="1" slack="2147483647"/>
</pin_list>
<bind>
<StgValue><ssdm name="p_str1"/></StgValue>
</bind>
</comp>

<comp id="98" class="1001" name="const_98">
<pin_list>
<pin id="99" dir="1" index="0" bw="1" slack="0"/>
</pin_list>
<bind>
<StgValue><ssdm name=""/></StgValue>
</bind>
</comp>

<comp id="100" class="1001" name="const_100">
<pin_list>
<pin id="101" dir="1" index="0" bw="1" slack="2147483647"/>
</pin_list>
<bind>
<StgValue><ssdm name="_ssdm_op_SpecRegionEnd"/></StgValue>
</bind>
</comp>

<comp id="102" class="1001" name="const_102">
<pin_list>
<pin id="103" dir="1" index="0" bw="1" slack="0"/>
</pin_list>
<bind>
<StgValue><ssdm name=""/></StgValue>
</bind>
</comp>

<comp id="104" class="1004" name="in_height_read_1_read_fu_104">
<pin_list>
<pin id="105" dir="0" index="0" bw="16" slack="0"/>
<pin id="106" dir="0" index="1" bw="16" slack="0"/>
<pin id="107" dir="1" index="2" bw="16" slack="0"/>
</pin_list>
<bind>
<opcode="read(1150) " fcode="read"/>
<opset="in_height_read_1/1 "/>
</bind>
</comp>

<comp id="110" class="1004" name="in_width_read_1_read_fu_110">
<pin_list>
<pin id="111" dir="0" index="0" bw="16" slack="0"/>
<pin id="112" dir="0" index="1" bw="16" slack="0"/>
<pin id="113" dir="1" index="2" bw="16" slack="0"/>
</pin_list>
<bind>
<opcode="read(1150) " fcode="read"/>
<opset="in_width_read_1/1 "/>
</bind>
</comp>

<comp id="116" class="1004" name="in_channels_ch1_addr_gep_fu_116">
<pin_list>
<pin id="117" dir="0" index="0" bw="8" slack="0"/>
<pin id="118" dir="0" index="1" bw="1" slack="0"/>
<pin id="119" dir="0" index="2" bw="27" slack="0"/>
<pin id="120" dir="1" index="3" bw="22" slack="0"/>
</pin_list>
<bind>
<opcode="getelementptr(29) " fcode="getelementptr"/>
<opset="in_channels_ch1_addr/3 "/>
</bind>
</comp>

<comp id="123" class="1004" name="grp_access_fu_123">
<pin_list>
<pin id="124" dir="0" index="0" bw="22" slack="0"/>
<pin id="125" dir="0" index="1" bw="8" slack="2147483647"/>
<pin id="126" dir="1" index="2" bw="8" slack="1"/>
</pin_list>
<bind>
<opcode="load(27) " fcode="load"/>
<opset="R/3 "/>
</bind>
</comp>

<comp id="128" class="1004" name="in_channels_ch2_addr_gep_fu_128">
<pin_list>
<pin id="129" dir="0" index="0" bw="8" slack="0"/>
<pin id="130" dir="0" index="1" bw="1" slack="0"/>
<pin id="131" dir="0" index="2" bw="27" slack="0"/>
<pin id="132" dir="1" index="3" bw="22" slack="0"/>
</pin_list>
<bind>
<opcode="getelementptr(29) " fcode="getelementptr"/>
<opset="in_channels_ch2_addr/3 "/>
</bind>
</comp>

<comp id="135" class="1004" name="grp_access_fu_135">
<pin_list>
<pin id="136" dir="0" index="0" bw="22" slack="0"/>
<pin id="137" dir="0" index="1" bw="8" slack="2147483647"/>
<pin id="138" dir="1" index="2" bw="8" slack="1"/>
</pin_list>
<bind>
<opcode="load(27) " fcode="load"/>
<opset="G/3 "/>
</bind>
</comp>

<comp id="140" class="1004" name="in_channels_ch3_addr_gep_fu_140">
<pin_list>
<pin id="141" dir="0" index="0" bw="8" slack="0"/>
<pin id="142" dir="0" index="1" bw="1" slack="0"/>
<pin id="143" dir="0" index="2" bw="27" slack="0"/>
<pin id="144" dir="1" index="3" bw="22" slack="0"/>
</pin_list>
<bind>
<opcode="getelementptr(29) " fcode="getelementptr"/>
<opset="in_channels_ch3_addr/3 "/>
</bind>
</comp>

<comp id="147" class="1004" name="grp_access_fu_147">
<pin_list>
<pin id="148" dir="0" index="0" bw="22" slack="0"/>
<pin id="149" dir="0" index="1" bw="8" slack="2147483647"/>
<pin id="150" dir="1" index="2" bw="8" slack="1"/>
</pin_list>
<bind>
<opcode="load(27) " fcode="load"/>
<opset="B/3 "/>
</bind>
</comp>

<comp id="152" class="1004" name="out_channels_ch1_addr_gep_fu_152">
<pin_list>
<pin id="153" dir="0" index="0" bw="8" slack="0"/>
<pin id="154" dir="0" index="1" bw="1" slack="0"/>
<pin id="155" dir="0" index="2" bw="27" slack="4"/>
<pin id="156" dir="1" index="3" bw="22" slack="0"/>
</pin_list>
<bind>
<opcode="getelementptr(29) " fcode="getelementptr"/>
<opset="out_channels_ch1_addr/7 "/>
</bind>
</comp>

<comp id="159" class="1004" name="stg_91_access_fu_159">
<pin_list>
<pin id="160" dir="0" index="0" bw="22" slack="0"/>
<pin id="161" dir="0" index="1" bw="8" slack="0"/>
<pin id="162" dir="1" index="2" bw="8" slack="2147483647"/>
</pin_list>
<bind>
<opcode="store(28) " fcode="store"/>
<opset="stg_91/7 "/>
</bind>
</comp>

<comp id="164" class="1004" name="out_channels_ch2_addr_gep_fu_164">
<pin_list>
<pin id="165" dir="0" index="0" bw="8" slack="0"/>
<pin id="166" dir="0" index="1" bw="1" slack="0"/>
<pin id="167" dir="0" index="2" bw="27" slack="5"/>
<pin id="168" dir="1" index="3" bw="22" slack="0"/>
</pin_list>
<bind>
<opcode="getelementptr(29) " fcode="getelementptr"/>
<opset="out_channels_ch2_addr/8 "/>
</bind>
</comp>

<comp id="171" class="1004" name="stg_100_access_fu_171">
<pin_list>
<pin id="172" dir="0" index="0" bw="22" slack="0"/>
<pin id="173" dir="0" index="1" bw="8" slack="0"/>
<pin id="174" dir="1" index="2" bw="8" slack="2147483647"/>
</pin_list>
<bind>
<opcode="store(28) " fcode="store"/>
<opset="stg_100/8 "/>
</bind>
</comp>

<comp id="176" class="1004" name="out_channels_ch3_addr_gep_fu_176">
<pin_list>
<pin id="177" dir="0" index="0" bw="8" slack="0"/>
<pin id="178" dir="0" index="1" bw="1" slack="0"/>
<pin id="179" dir="0" index="2" bw="27" slack="5"/>
<pin id="180" dir="1" index="3" bw="22" slack="0"/>
</pin_list>
<bind>
<opcode="getelementptr(29) " fcode="getelementptr"/>
<opset="out_channels_ch3_addr/8 "/>
</bind>
</comp>

<comp id="183" class="1004" name="stg_102_access_fu_183">
<pin_list>
<pin id="184" dir="0" index="0" bw="22" slack="0"/>
<pin id="185" dir="0" index="1" bw="8" slack="0"/>
<pin id="186" dir="1" index="2" bw="8" slack="2147483647"/>
</pin_list>
<bind>
<opcode="store(28) " fcode="store"/>
<opset="stg_102/8 "/>
</bind>
</comp>

<comp id="188" class="1005" name="indvar_flatten_reg_188">
<pin_list>
<pin id="189" dir="0" index="0" bw="32" slack="1"/>
<pin id="190" dir="1" index="1" bw="32" slack="1"/>
</pin_list>
<bind>
<opset="indvar_flatten (phireg) "/>
</bind>
</comp>

<comp id="192" class="1004" name="indvar_flatten_phi_fu_192">
<pin_list>
<pin id="193" dir="0" index="0" bw="1" slack="1"/>
<pin id="194" dir="0" index="1" bw="0" slack="2147483647"/>
<pin id="195" dir="0" index="2" bw="32" slack="0"/>
<pin id="196" dir="0" index="3" bw="0" slack="2147483647"/>
<pin id="197" dir="1" index="4" bw="32" slack="0"/>
</pin_list>
<bind>
<opcode="phi(47) " fcode="phi"/>
<opset="indvar_flatten/2 "/>
</bind>
</comp>

<comp id="199" class="1005" name="x_reg_199">
<pin_list>
<pin id="200" dir="0" index="0" bw="16" slack="1"/>
<pin id="201" dir="1" index="1" bw="16" slack="1"/>
</pin_list>
<bind>
<opset="x (phireg) "/>
</bind>
</comp>

<comp id="203" class="1004" name="x_phi_fu_203">
<pin_list>
<pin id="204" dir="0" index="0" bw="1" slack="1"/>
<pin id="205" dir="0" index="1" bw="0" slack="2147483647"/>
<pin id="206" dir="0" index="2" bw="16" slack="0"/>
<pin id="207" dir="0" index="3" bw="0" slack="2147483647"/>
<pin id="208" dir="1" index="4" bw="16" slack="0"/>
</pin_list>
<bind>
<opcode="phi(47) " fcode="phi"/>
<opset="x/2 "/>
</bind>
</comp>

<comp id="210" class="1005" name="y_reg_210">
<pin_list>
<pin id="211" dir="0" index="0" bw="16" slack="1"/>
<pin id="212" dir="1" index="1" bw="16" slack="1"/>
</pin_list>
<bind>
<opset="y (phireg) "/>
</bind>
</comp>

<comp id="214" class="1004" name="y_phi_fu_214">
<pin_list>
<pin id="215" dir="0" index="0" bw="1" slack="1"/>
<pin id="216" dir="0" index="1" bw="0" slack="2147483647"/>
<pin id="217" dir="0" index="2" bw="16" slack="0"/>
<pin id="218" dir="0" index="3" bw="0" slack="2147483647"/>
<pin id="219" dir="1" index="4" bw="16" slack="0"/>
</pin_list>
<bind>
<opcode="phi(47) " fcode="phi"/>
<opset="y/2 "/>
</bind>
</comp>

<comp id="222" class="1004" name="cast_fu_222">
<pin_list>
<pin id="223" dir="0" index="0" bw="16" slack="0"/>
<pin id="224" dir="1" index="1" bw="32" slack="0"/>
</pin_list>
<bind>
<opcode="zext(34) " fcode="zext"/>
<opset="cast/1 "/>
</bind>
</comp>

<comp id="226" class="1004" name="cast1_fu_226">
<pin_list>
<pin id="227" dir="0" index="0" bw="16" slack="0"/>
<pin id="228" dir="1" index="1" bw="32" slack="0"/>
</pin_list>
<bind>
<opcode="zext(34) " fcode="zext"/>
<opset="cast1/1 "/>
</bind>
</comp>

<comp id="230" class="1004" name="bound_fu_230">
<pin_list>
<pin id="231" dir="0" index="0" bw="16" slack="0"/>
<pin id="232" dir="0" index="1" bw="16" slack="0"/>
<pin id="233" dir="1" index="2" bw="32" slack="1"/>
</pin_list>
<bind>
<opcode="mul(12) " fcode="mul"/>
<opset="bound/1 "/>
</bind>
</comp>

<comp id="236" class="1004" name="exitcond_flatten_fu_236">
<pin_list>
<pin id="237" dir="0" index="0" bw="32" slack="0"/>
<pin id="238" dir="0" index="1" bw="32" slack="1"/>
<pin id="239" dir="1" index="2" bw="1" slack="1"/>
</pin_list>
<bind>
<opcode="icmp(45) " fcode="icmp"/>
<opset="exitcond_flatten/2 "/>
</bind>
</comp>

<comp id="241" class="1004" name="indvar_flatten_next_fu_241">
<pin_list>
<pin id="242" dir="0" index="0" bw="32" slack="0"/>
<pin id="243" dir="0" index="1" bw="1" slack="0"/>
<pin id="244" dir="1" index="2" bw="32" slack="0"/>
</pin_list>
<bind>
<opcode="add(8) " fcode="add"/>
<opset="indvar_flatten_next/2 "/>
</bind>
</comp>

<comp id="247" class="1004" name="exitcond_fu_247">
<pin_list>
<pin id="248" dir="0" index="0" bw="16" slack="0"/>
<pin id="249" dir="0" index="1" bw="16" slack="1"/>
<pin id="250" dir="1" index="2" bw="1" slack="0"/>
</pin_list>
<bind>
<opcode="icmp(45) " fcode="icmp"/>
<opset="exitcond/2 "/>
</bind>
</comp>

<comp id="252" class="1004" name="y_mid2_fu_252">
<pin_list>
<pin id="253" dir="0" index="0" bw="1" slack="0"/>
<pin id="254" dir="0" index="1" bw="1" slack="0"/>
<pin id="255" dir="0" index="2" bw="16" slack="0"/>
<pin id="256" dir="1" index="3" bw="16" slack="0"/>
</pin_list>
<bind>
<opcode="select(49) " fcode="select"/>
<opset="y_mid2/2 "/>
</bind>
</comp>

<comp id="260" class="1004" name="x_s_fu_260">
<pin_list>
<pin id="261" dir="0" index="0" bw="16" slack="0"/>
<pin id="262" dir="0" index="1" bw="1" slack="0"/>
<pin id="263" dir="1" index="2" bw="16" slack="0"/>
</pin_list>
<bind>
<opcode="add(8) " fcode="add"/>
<opset="x_s/2 "/>
</bind>
</comp>

<comp id="266" class="1004" name="x_mid2_fu_266">
<pin_list>
<pin id="267" dir="0" index="0" bw="1" slack="0"/>
<pin id="268" dir="0" index="1" bw="16" slack="0"/>
<pin id="269" dir="0" index="2" bw="16" slack="0"/>
<pin id="270" dir="1" index="3" bw="16" slack="0"/>
</pin_list>
<bind>
<opcode="select(49) " fcode="select"/>
<opset="x_mid2/2 "/>
</bind>
</comp>

<comp id="274" class="1004" name="y_1_fu_274">
<pin_list>
<pin id="275" dir="0" index="0" bw="16" slack="0"/>
<pin id="276" dir="0" index="1" bw="1" slack="0"/>
<pin id="277" dir="1" index="2" bw="16" slack="0"/>
</pin_list>
<bind>
<opcode="add(8) " fcode="add"/>
<opset="y_1/2 "/>
</bind>
</comp>

<comp id="280" class="1004" name="tmp_2_trn_cast_fu_280">
<pin_list>
<pin id="281" dir="0" index="0" bw="16" slack="1"/>
<pin id="282" dir="1" index="1" bw="27" slack="0"/>
</pin_list>
<bind>
<opcode="zext(34) " fcode="zext"/>
<opset="tmp_2_trn_cast/3 "/>
</bind>
</comp>

<comp id="283" class="1004" name="tmp_fu_283">
<pin_list>
<pin id="284" dir="0" index="0" bw="26" slack="0"/>
<pin id="285" dir="0" index="1" bw="16" slack="1"/>
<pin id="286" dir="0" index="2" bw="1" slack="0"/>
<pin id="287" dir="1" index="3" bw="26" slack="0"/>
</pin_list>
<bind>
<opcode="bitconcatenate(1004) " fcode="bitconcatenate"/>
<opset="tmp/3 "/>
</bind>
</comp>

<comp id="290" class="1004" name="p_shl_cast_fu_290">
<pin_list>
<pin id="291" dir="0" index="0" bw="26" slack="0"/>
<pin id="292" dir="1" index="1" bw="27" slack="0"/>
</pin_list>
<bind>
<opcode="zext(34) " fcode="zext"/>
<opset="p_shl_cast/3 "/>
</bind>
</comp>

<comp id="294" class="1004" name="tmp_2_fu_294">
<pin_list>
<pin id="295" dir="0" index="0" bw="24" slack="0"/>
<pin id="296" dir="0" index="1" bw="16" slack="1"/>
<pin id="297" dir="0" index="2" bw="1" slack="0"/>
<pin id="298" dir="1" index="3" bw="24" slack="0"/>
</pin_list>
<bind>
<opcode="bitconcatenate(1004) " fcode="bitconcatenate"/>
<opset="tmp_2/3 "/>
</bind>
</comp>

<comp id="301" class="1004" name="p_shl7_cast_fu_301">
<pin_list>
<pin id="302" dir="0" index="0" bw="24" slack="0"/>
<pin id="303" dir="1" index="1" bw="27" slack="0"/>
</pin_list>
<bind>
<opcode="zext(34) " fcode="zext"/>
<opset="p_shl7_cast/3 "/>
</bind>
</comp>

<comp id="305" class="1004" name="p_addr_fu_305">
<pin_list>
<pin id="306" dir="0" index="0" bw="26" slack="0"/>
<pin id="307" dir="0" index="1" bw="24" slack="0"/>
<pin id="308" dir="1" index="2" bw="27" slack="0"/>
</pin_list>
<bind>
<opcode="add(8) " fcode="add"/>
<opset="p_addr/3 "/>
</bind>
</comp>

<comp id="311" class="1004" name="p_addr1_fu_311">
<pin_list>
<pin id="312" dir="0" index="0" bw="27" slack="0"/>
<pin id="313" dir="0" index="1" bw="16" slack="0"/>
<pin id="314" dir="1" index="2" bw="27" slack="0"/>
</pin_list>
<bind>
<opcode="add(8) " fcode="add"/>
<opset="p_addr1/3 "/>
</bind>
</comp>

<comp id="317" class="1004" name="tmp_4_fu_317">
<pin_list>
<pin id="318" dir="0" index="0" bw="27" slack="0"/>
<pin id="319" dir="1" index="1" bw="64" slack="0"/>
</pin_list>
<bind>
<opcode="zext(34) " fcode="zext"/>
<opset="tmp_4/3 "/>
</bind>
</comp>

<comp id="324" class="1004" name="tmp_3_cast1_fu_324">
<pin_list>
<pin id="325" dir="0" index="0" bw="8" slack="1"/>
<pin id="326" dir="1" index="1" bw="16" slack="0"/>
</pin_list>
<bind>
<opcode="zext(34) " fcode="zext"/>
<opset="tmp_3_cast1/5 "/>
</bind>
</comp>

<comp id="327" class="1004" name="tmp_5_cast1_fu_327">
<pin_list>
<pin id="328" dir="0" index="0" bw="8" slack="1"/>
<pin id="329" dir="1" index="1" bw="9" slack="0"/>
</pin_list>
<bind>
<opcode="zext(34) " fcode="zext"/>
<opset="tmp_5_cast1/5 "/>
</bind>
</comp>

<comp id="330" class="1004" name="tmp_5_cast2_fu_330">
<pin_list>
<pin id="331" dir="0" index="0" bw="8" slack="1"/>
<pin id="332" dir="1" index="1" bw="16" slack="0"/>
</pin_list>
<bind>
<opcode="zext(34) " fcode="zext"/>
<opset="tmp_5_cast2/5 "/>
</bind>
</comp>

<comp id="333" class="1004" name="tmp_7_cast1_fu_333">
<pin_list>
<pin id="334" dir="0" index="0" bw="8" slack="1"/>
<pin id="335" dir="1" index="1" bw="13" slack="0"/>
</pin_list>
<bind>
<opcode="zext(34) " fcode="zext"/>
<opset="tmp_7_cast1/5 "/>
</bind>
</comp>

<comp id="336" class="1004" name="tmp_8_fu_336">
<pin_list>
<pin id="337" dir="0" index="0" bw="8" slack="0"/>
<pin id="338" dir="0" index="1" bw="6" slack="0"/>
<pin id="339" dir="1" index="2" bw="13" slack="0"/>
</pin_list>
<bind>
<opcode="mul(12) " fcode="mul"/>
<opset="tmp_8/5 "/>
</bind>
</comp>

<comp id="342" class="1004" name="tmp4_fu_342">
<pin_list>
<pin id="343" dir="0" index="0" bw="8" slack="0"/>
<pin id="344" dir="0" index="1" bw="9" slack="0"/>
<pin id="345" dir="1" index="2" bw="9" slack="0"/>
</pin_list>
<bind>
<opcode="add(8) " fcode="add"/>
<opset="tmp4/5 "/>
</bind>
</comp>

<comp id="348" class="1004" name="tmp4_cast_fu_348">
<pin_list>
<pin id="349" dir="0" index="0" bw="9" slack="0"/>
<pin id="350" dir="1" index="1" bw="13" slack="0"/>
</pin_list>
<bind>
<opcode="zext(34) " fcode="zext"/>
<opset="tmp4_cast/5 "/>
</bind>
</comp>

<comp id="352" class="1004" name="tmp3_fu_352">
<pin_list>
<pin id="353" dir="0" index="0" bw="9" slack="0"/>
<pin id="354" dir="0" index="1" bw="13" slack="0"/>
<pin id="355" dir="1" index="2" bw="13" slack="0"/>
</pin_list>
<bind>
<opcode="add(8) " fcode="add"/>
<opset="tmp3/5 "/>
</bind>
</comp>

<comp id="358" class="1004" name="tmp3_cast_fu_358">
<pin_list>
<pin id="359" dir="0" index="0" bw="13" slack="0"/>
<pin id="360" dir="1" index="1" bw="16" slack="1"/>
</pin_list>
<bind>
<opcode="zext(34) " fcode="zext"/>
<opset="tmp3_cast/5 "/>
</bind>
</comp>

<comp id="362" class="1004" name="tmp_7_fu_362">
<pin_list>
<pin id="363" dir="0" index="0" bw="8" slack="0"/>
<pin id="364" dir="0" index="1" bw="8" slack="0"/>
<pin id="365" dir="1" index="2" bw="16" slack="1"/>
</pin_list>
<bind>
<opcode="mul(12) " fcode="mul"/>
<opset="tmp_7/5 "/>
</bind>
</comp>

<comp id="368" class="1004" name="tmp_11_fu_368">
<pin_list>
<pin id="369" dir="0" index="0" bw="8" slack="0"/>
<pin id="370" dir="0" index="1" bw="8" slack="0"/>
<pin id="371" dir="1" index="2" bw="16" slack="1"/>
</pin_list>
<bind>
<opcode="mul(12) " fcode="mul"/>
<opset="tmp_11/5 "/>
</bind>
</comp>

<comp id="374" class="1004" name="tmp_3_cast2_fu_374">
<pin_list>
<pin id="375" dir="0" index="0" bw="8" slack="2"/>
<pin id="376" dir="1" index="1" bw="15" slack="0"/>
</pin_list>
<bind>
<opcode="zext(34) " fcode="zext"/>
<opset="tmp_3_cast2/6 "/>
</bind>
</comp>

<comp id="377" class="1004" name="p_shl5_fu_377">
<pin_list>
<pin id="378" dir="0" index="0" bw="14" slack="0"/>
<pin id="379" dir="0" index="1" bw="8" slack="2"/>
<pin id="380" dir="0" index="2" bw="1" slack="0"/>
<pin id="381" dir="1" index="3" bw="14" slack="0"/>
</pin_list>
<bind>
<opcode="bitconcatenate(1004) " fcode="bitconcatenate"/>
<opset="p_shl5/6 "/>
</bind>
</comp>

<comp id="384" class="1004" name="p_shl5_cast_fu_384">
<pin_list>
<pin id="385" dir="0" index="0" bw="14" slack="0"/>
<pin id="386" dir="1" index="1" bw="16" slack="0"/>
</pin_list>
<bind>
<opcode="zext(34) " fcode="zext"/>
<opset="p_shl5_cast/6 "/>
</bind>
</comp>

<comp id="388" class="1004" name="p_shl6_fu_388">
<pin_list>
<pin id="389" dir="0" index="0" bw="9" slack="0"/>
<pin id="390" dir="0" index="1" bw="8" slack="2"/>
<pin id="391" dir="0" index="2" bw="1" slack="0"/>
<pin id="392" dir="1" index="3" bw="9" slack="0"/>
</pin_list>
<bind>
<opcode="bitconcatenate(1004) " fcode="bitconcatenate"/>
<opset="p_shl6/6 "/>
</bind>
</comp>

<comp id="395" class="1004" name="p_shl6_cast_fu_395">
<pin_list>
<pin id="396" dir="0" index="0" bw="9" slack="0"/>
<pin id="397" dir="1" index="1" bw="16" slack="0"/>
</pin_list>
<bind>
<opcode="zext(34) " fcode="zext"/>
<opset="p_shl6_cast/6 "/>
</bind>
</comp>

<comp id="399" class="1004" name="p_shl4_fu_399">
<pin_list>
<pin id="400" dir="0" index="0" bw="15" slack="0"/>
<pin id="401" dir="0" index="1" bw="8" slack="2"/>
<pin id="402" dir="0" index="2" bw="1" slack="0"/>
<pin id="403" dir="1" index="3" bw="15" slack="0"/>
</pin_list>
<bind>
<opcode="bitconcatenate(1004) " fcode="bitconcatenate"/>
<opset="p_shl4/6 "/>
</bind>
</comp>

<comp id="406" class="1004" name="p_shl4_cast_fu_406">
<pin_list>
<pin id="407" dir="0" index="0" bw="15" slack="0"/>
<pin id="408" dir="1" index="1" bw="16" slack="0"/>
</pin_list>
<bind>
<opcode="zext(34) " fcode="zext"/>
<opset="p_shl4_cast/6 "/>
</bind>
</comp>

<comp id="410" class="1004" name="tmp2_fu_410">
<pin_list>
<pin id="411" dir="0" index="0" bw="9" slack="0"/>
<pin id="412" dir="0" index="1" bw="15" slack="0"/>
<pin id="413" dir="1" index="2" bw="16" slack="0"/>
</pin_list>
<bind>
<opcode="add(8) " fcode="add"/>
<opset="tmp2/6 "/>
</bind>
</comp>

<comp id="416" class="1004" name="tmp1_fu_416">
<pin_list>
<pin id="417" dir="0" index="0" bw="16" slack="0"/>
<pin id="418" dir="0" index="1" bw="14" slack="0"/>
<pin id="419" dir="1" index="2" bw="16" slack="0"/>
</pin_list>
<bind>
<opcode="add(8) " fcode="add"/>
<opset="tmp1/6 "/>
</bind>
</comp>

<comp id="422" class="1004" name="tmp_1_fu_422">
<pin_list>
<pin id="423" dir="0" index="0" bw="13" slack="1"/>
<pin id="424" dir="0" index="1" bw="16" slack="0"/>
<pin id="425" dir="1" index="2" bw="16" slack="0"/>
</pin_list>
<bind>
<opcode="add(8) " fcode="add"/>
<opset="tmp_1/6 "/>
</bind>
</comp>

<comp id="427" class="1004" name="tmp_5_fu_427">
<pin_list>
<pin id="428" dir="0" index="0" bw="8" slack="0"/>
<pin id="429" dir="0" index="1" bw="16" slack="0"/>
<pin id="430" dir="0" index="2" bw="5" slack="0"/>
<pin id="431" dir="0" index="3" bw="5" slack="0"/>
<pin id="432" dir="1" index="4" bw="8" slack="1"/>
</pin_list>
<bind>
<opcode="partselect(1002) " fcode="partselect"/>
<opset="tmp_5/6 "/>
</bind>
</comp>

<comp id="437" class="1004" name="tmp_6_fu_437">
<pin_list>
<pin id="438" dir="0" index="0" bw="8" slack="0"/>
<pin id="439" dir="0" index="1" bw="7" slack="0"/>
<pin id="440" dir="1" index="2" bw="15" slack="0"/>
</pin_list>
<bind>
<opcode="mul(12) " fcode="mul"/>
<opset="tmp_6/6 "/>
</bind>
</comp>

<comp id="443" class="1004" name="tmp_12_cast_fu_443">
<pin_list>
<pin id="444" dir="0" index="0" bw="15" slack="0"/>
<pin id="445" dir="1" index="1" bw="16" slack="0"/>
</pin_list>
<bind>
<opcode="sext(35) " fcode="sext"/>
<opset="tmp_12_cast/6 "/>
</bind>
</comp>

<comp id="447" class="1004" name="p_shl2_fu_447">
<pin_list>
<pin id="448" dir="0" index="0" bw="15" slack="0"/>
<pin id="449" dir="0" index="1" bw="8" slack="2"/>
<pin id="450" dir="0" index="2" bw="1" slack="0"/>
<pin id="451" dir="1" index="3" bw="15" slack="0"/>
</pin_list>
<bind>
<opcode="bitconcatenate(1004) " fcode="bitconcatenate"/>
<opset="p_shl2/6 "/>
</bind>
</comp>

<comp id="454" class="1004" name="p_shl2_cast_fu_454">
<pin_list>
<pin id="455" dir="0" index="0" bw="15" slack="0"/>
<pin id="456" dir="1" index="1" bw="16" slack="0"/>
</pin_list>
<bind>
<opcode="zext(34) " fcode="zext"/>
<opset="p_shl2_cast/6 "/>
</bind>
</comp>

<comp id="458" class="1004" name="p_shl3_fu_458">
<pin_list>
<pin id="459" dir="0" index="0" bw="12" slack="0"/>
<pin id="460" dir="0" index="1" bw="8" slack="2"/>
<pin id="461" dir="0" index="2" bw="1" slack="0"/>
<pin id="462" dir="1" index="3" bw="12" slack="0"/>
</pin_list>
<bind>
<opcode="bitconcatenate(1004) " fcode="bitconcatenate"/>
<opset="p_shl3/6 "/>
</bind>
</comp>

<comp id="465" class="1004" name="p_shl3_cast9_fu_465">
<pin_list>
<pin id="466" dir="0" index="0" bw="12" slack="0"/>
<pin id="467" dir="1" index="1" bw="13" slack="0"/>
</pin_list>
<bind>
<opcode="zext(34) " fcode="zext"/>
<opset="p_shl3_cast9/6 "/>
</bind>
</comp>

<comp id="469" class="1004" name="p_shl3_cast_fu_469">
<pin_list>
<pin id="470" dir="0" index="0" bw="12" slack="0"/>
<pin id="471" dir="1" index="1" bw="16" slack="0"/>
</pin_list>
<bind>
<opcode="zext(34) " fcode="zext"/>
<opset="p_shl3_cast/6 "/>
</bind>
</comp>

<comp id="473" class="1004" name="tmp_9_fu_473">
<pin_list>
<pin id="474" dir="0" index="0" bw="15" slack="0"/>
<pin id="475" dir="0" index="1" bw="12" slack="0"/>
<pin id="476" dir="1" index="2" bw="16" slack="1"/>
</pin_list>
<bind>
<opcode="sub(10) " fcode="sub"/>
<opset="tmp_9/6 "/>
</bind>
</comp>

<comp id="479" class="1004" name="tmp5_fu_479">
<pin_list>
<pin id="480" dir="0" index="0" bw="15" slack="0"/>
<pin id="481" dir="0" index="1" bw="16" slack="1"/>
<pin id="482" dir="1" index="2" bw="16" slack="1"/>
</pin_list>
<bind>
<opcode="add(8) " fcode="add"/>
<opset="tmp5/6 "/>
</bind>
</comp>

<comp id="484" class="1004" name="tmp_12_fu_484">
<pin_list>
<pin id="485" dir="0" index="0" bw="8" slack="1"/>
<pin id="486" dir="0" index="1" bw="8" slack="0"/>
<pin id="487" dir="1" index="2" bw="16" slack="0"/>
</pin_list>
<bind>
<opcode="mul(12) " fcode="mul"/>
<opset="tmp_12/6 "/>
</bind>
</comp>

<comp id="489" class="1004" name="p_neg_fu_489">
<pin_list>
<pin id="490" dir="0" index="0" bw="1" slack="0"/>
<pin id="491" dir="0" index="1" bw="12" slack="0"/>
<pin id="492" dir="1" index="2" bw="13" slack="0"/>
</pin_list>
<bind>
<opcode="sub(10) " fcode="sub"/>
<opset="p_neg/6 "/>
</bind>
</comp>

<comp id="495" class="1004" name="p_neg_cast_fu_495">
<pin_list>
<pin id="496" dir="0" index="0" bw="13" slack="0"/>
<pin id="497" dir="1" index="1" bw="14" slack="0"/>
</pin_list>
<bind>
<opcode="sext(35) " fcode="sext"/>
<opset="p_neg_cast/6 "/>
</bind>
</comp>

<comp id="499" class="1004" name="p_shl1_fu_499">
<pin_list>
<pin id="500" dir="0" index="0" bw="9" slack="0"/>
<pin id="501" dir="0" index="1" bw="8" slack="2"/>
<pin id="502" dir="0" index="2" bw="1" slack="0"/>
<pin id="503" dir="1" index="3" bw="9" slack="0"/>
</pin_list>
<bind>
<opcode="bitconcatenate(1004) " fcode="bitconcatenate"/>
<opset="p_shl1/6 "/>
</bind>
</comp>

<comp id="506" class="1004" name="p_shl1_cast_fu_506">
<pin_list>
<pin id="507" dir="0" index="0" bw="9" slack="0"/>
<pin id="508" dir="1" index="1" bw="14" slack="0"/>
</pin_list>
<bind>
<opcode="zext(34) " fcode="zext"/>
<opset="p_shl1_cast/6 "/>
</bind>
</comp>

<comp id="510" class="1004" name="tmp_13_fu_510">
<pin_list>
<pin id="511" dir="0" index="0" bw="13" slack="0"/>
<pin id="512" dir="0" index="1" bw="9" slack="0"/>
<pin id="513" dir="1" index="2" bw="14" slack="0"/>
</pin_list>
<bind>
<opcode="sub(10) " fcode="sub"/>
<opset="tmp_13/6 "/>
</bind>
</comp>

<comp id="516" class="1004" name="tmp7_fu_516">
<pin_list>
<pin id="517" dir="0" index="0" bw="16" slack="1"/>
<pin id="518" dir="0" index="1" bw="16" slack="0"/>
<pin id="519" dir="1" index="2" bw="16" slack="1"/>
</pin_list>
<bind>
<opcode="add(8) " fcode="add"/>
<opset="tmp7/6 "/>
</bind>
</comp>

<comp id="521" class="1004" name="tmp8_fu_521">
<pin_list>
<pin id="522" dir="0" index="0" bw="14" slack="0"/>
<pin id="523" dir="0" index="1" bw="9" slack="0"/>
<pin id="524" dir="1" index="2" bw="14" slack="1"/>
</pin_list>
<bind>
<opcode="add(8) " fcode="add"/>
<opset="tmp8/6 "/>
</bind>
</comp>

<comp id="527" class="1004" name="Y_fu_527">
<pin_list>
<pin id="528" dir="0" index="0" bw="8" slack="1"/>
<pin id="529" dir="0" index="1" bw="6" slack="0"/>
<pin id="530" dir="1" index="2" bw="8" slack="0"/>
</pin_list>
<bind>
<opcode="add(8) " fcode="add"/>
<opset="Y/7 "/>
</bind>
</comp>

<comp id="533" class="1004" name="tmp6_fu_533">
<pin_list>
<pin id="534" dir="0" index="0" bw="16" slack="1"/>
<pin id="535" dir="0" index="1" bw="9" slack="0"/>
<pin id="536" dir="1" index="2" bw="16" slack="0"/>
</pin_list>
<bind>
<opcode="add(8) " fcode="add"/>
<opset="tmp6/7 "/>
</bind>
</comp>

<comp id="538" class="1004" name="tmp_s_fu_538">
<pin_list>
<pin id="539" dir="0" index="0" bw="16" slack="0"/>
<pin id="540" dir="0" index="1" bw="16" slack="1"/>
<pin id="541" dir="1" index="2" bw="16" slack="0"/>
</pin_list>
<bind>
<opcode="add(8) " fcode="add"/>
<opset="tmp_s/7 "/>
</bind>
</comp>

<comp id="543" class="1004" name="tmp_10_fu_543">
<pin_list>
<pin id="544" dir="0" index="0" bw="8" slack="0"/>
<pin id="545" dir="0" index="1" bw="16" slack="0"/>
<pin id="546" dir="0" index="2" bw="5" slack="0"/>
<pin id="547" dir="0" index="3" bw="5" slack="0"/>
<pin id="548" dir="1" index="4" bw="8" slack="1"/>
</pin_list>
<bind>
<opcode="partselect(1002) " fcode="partselect"/>
<opset="tmp_10/7 "/>
</bind>
</comp>

<comp id="553" class="1004" name="tmp8_cast_fu_553">
<pin_list>
<pin id="554" dir="0" index="0" bw="14" slack="1"/>
<pin id="555" dir="1" index="1" bw="16" slack="0"/>
</pin_list>
<bind>
<opcode="sext(35) " fcode="sext"/>
<opset="tmp8_cast/7 "/>
</bind>
</comp>

<comp id="556" class="1004" name="tmp_14_fu_556">
<pin_list>
<pin id="557" dir="0" index="0" bw="14" slack="0"/>
<pin id="558" dir="0" index="1" bw="16" slack="1"/>
<pin id="559" dir="1" index="2" bw="16" slack="0"/>
</pin_list>
<bind>
<opcode="add(8) " fcode="add"/>
<opset="tmp_14/7 "/>
</bind>
</comp>

<comp id="561" class="1004" name="tmp_15_fu_561">
<pin_list>
<pin id="562" dir="0" index="0" bw="8" slack="0"/>
<pin id="563" dir="0" index="1" bw="16" slack="0"/>
<pin id="564" dir="0" index="2" bw="5" slack="0"/>
<pin id="565" dir="0" index="3" bw="5" slack="0"/>
<pin id="566" dir="1" index="4" bw="8" slack="1"/>
</pin_list>
<bind>
<opcode="partselect(1002) " fcode="partselect"/>
<opset="tmp_15/7 "/>
</bind>
</comp>

<comp id="571" class="1004" name="U_fu_571">
<pin_list>
<pin id="572" dir="0" index="0" bw="8" slack="1"/>
<pin id="573" dir="0" index="1" bw="8" slack="0"/>
<pin id="574" dir="1" index="2" bw="8" slack="0"/>
</pin_list>
<bind>
<opcode="xor(25) " fcode="xor"/>
<opset="U/8 "/>
</bind>
</comp>

<comp id="577" class="1004" name="V_fu_577">
<pin_list>
<pin id="578" dir="0" index="0" bw="8" slack="1"/>
<pin id="579" dir="0" index="1" bw="8" slack="0"/>
<pin id="580" dir="1" index="2" bw="8" slack="0"/>
</pin_list>
<bind>
<opcode="xor(25) " fcode="xor"/>
<opset="V/8 "/>
</bind>
</comp>

<comp id="583" class="1004" name="mrv_fu_583">
<pin_list>
<pin id="584" dir="0" index="0" bw="32" slack="0"/>
<pin id="585" dir="0" index="1" bw="16" slack="2"/>
<pin id="586" dir="1" index="2" bw="32" slack="0"/>
</pin_list>
<bind>
<opcode="insertvalue(57) " fcode="insertvalue"/>
<opset="mrv/9 "/>
</bind>
</comp>

<comp id="588" class="1004" name="mrv_1_fu_588">
<pin_list>
<pin id="589" dir="0" index="0" bw="32" slack="0"/>
<pin id="590" dir="0" index="1" bw="16" slack="2"/>
<pin id="591" dir="1" index="2" bw="32" slack="2147483647"/>
</pin_list>
<bind>
<opcode="insertvalue(57) " fcode="insertvalue"/>
<opset="mrv_1/9 "/>
</bind>
</comp>

<comp id="593" class="1005" name="in_height_read_1_reg_593">
<pin_list>
<pin id="594" dir="0" index="0" bw="16" slack="1"/>
<pin id="595" dir="1" index="1" bw="16" slack="1"/>
</pin_list>
<bind>
<opset="in_height_read_1 "/>
</bind>
</comp>

<comp id="599" class="1005" name="in_width_read_1_reg_599">
<pin_list>
<pin id="600" dir="0" index="0" bw="16" slack="2"/>
<pin id="601" dir="1" index="1" bw="16" slack="2"/>
</pin_list>
<bind>
<opset="in_width_read_1 "/>
</bind>
</comp>

<comp id="604" class="1005" name="bound_reg_604">
<pin_list>
<pin id="605" dir="0" index="0" bw="32" slack="1"/>
<pin id="606" dir="1" index="1" bw="32" slack="1"/>
</pin_list>
<bind>
<opset="bound "/>
</bind>
</comp>

<comp id="609" class="1005" name="exitcond_flatten_reg_609">
<pin_list>
<pin id="610" dir="0" index="0" bw="1" slack="1"/>
<pin id="611" dir="1" index="1" bw="1" slack="2147483647"/>
</pin_list>
<bind>
<opset="exitcond_flatten "/>
</bind>
</comp>

<comp id="613" class="1005" name="indvar_flatten_next_reg_613">
<pin_list>
<pin id="614" dir="0" index="0" bw="32" slack="0"/>
<pin id="615" dir="1" index="1" bw="32" slack="0"/>
</pin_list>
<bind>
<opset="indvar_flatten_next "/>
</bind>
</comp>

<comp id="618" class="1005" name="y_mid2_reg_618">
<pin_list>
<pin id="619" dir="0" index="0" bw="16" slack="1"/>
<pin id="620" dir="1" index="1" bw="16" slack="1"/>
</pin_list>
<bind>
<opset="y_mid2 "/>
</bind>
</comp>

<comp id="623" class="1005" name="x_mid2_reg_623">
<pin_list>
<pin id="624" dir="0" index="0" bw="16" slack="0"/>
<pin id="625" dir="1" index="1" bw="16" slack="0"/>
</pin_list>
<bind>
<opset="x_mid2 "/>
</bind>
</comp>

<comp id="630" class="1005" name="y_1_reg_630">
<pin_list>
<pin id="631" dir="0" index="0" bw="16" slack="0"/>
<pin id="632" dir="1" index="1" bw="16" slack="0"/>
</pin_list>
<bind>
<opset="y_1 "/>
</bind>
</comp>

<comp id="635" class="1005" name="tmp_4_reg_635">
<pin_list>
<pin id="636" dir="0" index="0" bw="64" slack="4"/>
<pin id="637" dir="1" index="1" bw="64" slack="4"/>
</pin_list>
<bind>
<opset="tmp_4 "/>
</bind>
</comp>

<comp id="642" class="1005" name="in_channels_ch1_addr_reg_642">
<pin_list>
<pin id="643" dir="0" index="0" bw="22" slack="1"/>
<pin id="644" dir="1" index="1" bw="22" slack="1"/>
</pin_list>
<bind>
<opset="in_channels_ch1_addr "/>
</bind>
</comp>

<comp id="647" class="1005" name="in_channels_ch2_addr_reg_647">
<pin_list>
<pin id="648" dir="0" index="0" bw="22" slack="1"/>
<pin id="649" dir="1" index="1" bw="22" slack="1"/>
</pin_list>
<bind>
<opset="in_channels_ch2_addr "/>
</bind>
</comp>

<comp id="652" class="1005" name="in_channels_ch3_addr_reg_652">
<pin_list>
<pin id="653" dir="0" index="0" bw="22" slack="1"/>
<pin id="654" dir="1" index="1" bw="22" slack="1"/>
</pin_list>
<bind>
<opset="in_channels_ch3_addr "/>
</bind>
</comp>

<comp id="657" class="1005" name="R_reg_657">
<pin_list>
<pin id="658" dir="0" index="0" bw="8" slack="1"/>
<pin id="659" dir="1" index="1" bw="8" slack="1"/>
</pin_list>
<bind>
<opset="R "/>
</bind>
</comp>

<comp id="665" class="1005" name="G_reg_665">
<pin_list>
<pin id="666" dir="0" index="0" bw="8" slack="1"/>
<pin id="667" dir="1" index="1" bw="8" slack="1"/>
</pin_list>
<bind>
<opset="G "/>
</bind>
</comp>

<comp id="672" class="1005" name="B_reg_672">
<pin_list>
<pin id="673" dir="0" index="0" bw="8" slack="1"/>
<pin id="674" dir="1" index="1" bw="8" slack="1"/>
</pin_list>
<bind>
<opset="B "/>
</bind>
</comp>

<comp id="680" class="1005" name="tmp_5_cast2_reg_680">
<pin_list>
<pin id="681" dir="0" index="0" bw="16" slack="1"/>
<pin id="682" dir="1" index="1" bw="16" slack="1"/>
</pin_list>
<bind>
<opset="tmp_5_cast2 "/>
</bind>
</comp>

<comp id="685" class="1005" name="tmp3_cast_reg_685">
<pin_list>
<pin id="686" dir="0" index="0" bw="16" slack="1"/>
<pin id="687" dir="1" index="1" bw="16" slack="1"/>
</pin_list>
<bind>
<opset="tmp3_cast "/>
</bind>
</comp>

<comp id="690" class="1005" name="tmp_7_reg_690">
<pin_list>
<pin id="691" dir="0" index="0" bw="16" slack="1"/>
<pin id="692" dir="1" index="1" bw="16" slack="1"/>
</pin_list>
<bind>
<opset="tmp_7 "/>
</bind>
</comp>

<comp id="695" class="1005" name="tmp_11_reg_695">
<pin_list>
<pin id="696" dir="0" index="0" bw="16" slack="1"/>
<pin id="697" dir="1" index="1" bw="16" slack="1"/>
</pin_list>
<bind>
<opset="tmp_11 "/>
</bind>
</comp>

<comp id="700" class="1005" name="tmp_5_reg_700">
<pin_list>
<pin id="701" dir="0" index="0" bw="8" slack="1"/>
<pin id="702" dir="1" index="1" bw="8" slack="1"/>
</pin_list>
<bind>
<opset="tmp_5 "/>
</bind>
</comp>

<comp id="705" class="1005" name="tmp_9_reg_705">
<pin_list>
<pin id="706" dir="0" index="0" bw="16" slack="1"/>
<pin id="707" dir="1" index="1" bw="16" slack="1"/>
</pin_list>
<bind>
<opset="tmp_9 "/>
</bind>
</comp>

<comp id="710" class="1005" name="tmp5_reg_710">
<pin_list>
<pin id="711" dir="0" index="0" bw="16" slack="1"/>
<pin id="712" dir="1" index="1" bw="16" slack="1"/>
</pin_list>
<bind>
<opset="tmp5 "/>
</bind>
</comp>

<comp id="715" class="1005" name="tmp7_reg_715">
<pin_list>
<pin id="716" dir="0" index="0" bw="16" slack="1"/>
<pin id="717" dir="1" index="1" bw="16" slack="1"/>
</pin_list>
<bind>
<opset="tmp7 "/>
</bind>
</comp>

<comp id="720" class="1005" name="tmp8_reg_720">
<pin_list>
<pin id="721" dir="0" index="0" bw="14" slack="1"/>
<pin id="722" dir="1" index="1" bw="14" slack="1"/>
</pin_list>
<bind>
<opset="tmp8 "/>
</bind>
</comp>

<comp id="725" class="1005" name="tmp_10_reg_725">
<pin_list>
<pin id="726" dir="0" index="0" bw="8" slack="1"/>
<pin id="727" dir="1" index="1" bw="8" slack="1"/>
</pin_list>
<bind>
<opset="tmp_10 "/>
</bind>
</comp>

<comp id="730" class="1005" name="tmp_15_reg_730">
<pin_list>
<pin id="731" dir="0" index="0" bw="8" slack="1"/>
<pin id="732" dir="1" index="1" bw="8" slack="1"/>
</pin_list>
<bind>
<opset="tmp_15 "/>
</bind>
</comp>

</comp_list>

<net_list>
<net id="108"><net_src comp="16" pin="0"/><net_sink comp="104" pin=0"/></net>

<net id="109"><net_src comp="8" pin="0"/><net_sink comp="104" pin=1"/></net>

<net id="114"><net_src comp="16" pin="0"/><net_sink comp="110" pin=0"/></net>

<net id="115"><net_src comp="6" pin="0"/><net_sink comp="110" pin=1"/></net>

<net id="121"><net_src comp="0" pin="0"/><net_sink comp="116" pin=0"/></net>

<net id="122"><net_src comp="34" pin="0"/><net_sink comp="116" pin=1"/></net>

<net id="127"><net_src comp="116" pin="3"/><net_sink comp="123" pin=0"/></net>

<net id="133"><net_src comp="2" pin="0"/><net_sink comp="128" pin=0"/></net>

<net id="134"><net_src comp="34" pin="0"/><net_sink comp="128" pin=1"/></net>

<net id="139"><net_src comp="128" pin="3"/><net_sink comp="135" pin=0"/></net>

<net id="145"><net_src comp="4" pin="0"/><net_sink comp="140" pin=0"/></net>

<net id="146"><net_src comp="34" pin="0"/><net_sink comp="140" pin=1"/></net>

<net id="151"><net_src comp="140" pin="3"/><net_sink comp="147" pin=0"/></net>

<net id="157"><net_src comp="10" pin="0"/><net_sink comp="152" pin=0"/></net>

<net id="158"><net_src comp="34" pin="0"/><net_sink comp="152" pin=1"/></net>

<net id="163"><net_src comp="152" pin="3"/><net_sink comp="159" pin=0"/></net>

<net id="169"><net_src comp="12" pin="0"/><net_sink comp="164" pin=0"/></net>

<net id="170"><net_src comp="34" pin="0"/><net_sink comp="164" pin=1"/></net>

<net id="175"><net_src comp="164" pin="3"/><net_sink comp="171" pin=0"/></net>

<net id="181"><net_src comp="14" pin="0"/><net_sink comp="176" pin=0"/></net>

<net id="182"><net_src comp="34" pin="0"/><net_sink comp="176" pin=1"/></net>

<net id="187"><net_src comp="176" pin="3"/><net_sink comp="183" pin=0"/></net>

<net id="191"><net_src comp="18" pin="0"/><net_sink comp="188" pin=0"/></net>

<net id="198"><net_src comp="188" pin="1"/><net_sink comp="192" pin=0"/></net>

<net id="202"><net_src comp="20" pin="0"/><net_sink comp="199" pin=0"/></net>

<net id="209"><net_src comp="199" pin="1"/><net_sink comp="203" pin=0"/></net>

<net id="213"><net_src comp="20" pin="0"/><net_sink comp="210" pin=0"/></net>

<net id="220"><net_src comp="210" pin="1"/><net_sink comp="214" pin=0"/></net>

<net id="225"><net_src comp="110" pin="2"/><net_sink comp="222" pin=0"/></net>

<net id="229"><net_src comp="104" pin="2"/><net_sink comp="226" pin=0"/></net>

<net id="234"><net_src comp="222" pin="1"/><net_sink comp="230" pin=0"/></net>

<net id="235"><net_src comp="226" pin="1"/><net_sink comp="230" pin=1"/></net>

<net id="240"><net_src comp="192" pin="4"/><net_sink comp="236" pin=0"/></net>

<net id="245"><net_src comp="192" pin="4"/><net_sink comp="241" pin=0"/></net>

<net id="246"><net_src comp="22" pin="0"/><net_sink comp="241" pin=1"/></net>

<net id="251"><net_src comp="214" pin="4"/><net_sink comp="247" pin=0"/></net>

<net id="257"><net_src comp="247" pin="2"/><net_sink comp="252" pin=0"/></net>

<net id="258"><net_src comp="20" pin="0"/><net_sink comp="252" pin=1"/></net>

<net id="259"><net_src comp="214" pin="4"/><net_sink comp="252" pin=2"/></net>

<net id="264"><net_src comp="203" pin="4"/><net_sink comp="260" pin=0"/></net>

<net id="265"><net_src comp="24" pin="0"/><net_sink comp="260" pin=1"/></net>

<net id="271"><net_src comp="247" pin="2"/><net_sink comp="266" pin=0"/></net>

<net id="272"><net_src comp="260" pin="2"/><net_sink comp="266" pin=1"/></net>

<net id="273"><net_src comp="203" pin="4"/><net_sink comp="266" pin=2"/></net>

<net id="278"><net_src comp="252" pin="3"/><net_sink comp="274" pin=0"/></net>

<net id="279"><net_src comp="24" pin="0"/><net_sink comp="274" pin=1"/></net>

<net id="288"><net_src comp="26" pin="0"/><net_sink comp="283" pin=0"/></net>

<net id="289"><net_src comp="28" pin="0"/><net_sink comp="283" pin=2"/></net>

<net id="293"><net_src comp="283" pin="3"/><net_sink comp="290" pin=0"/></net>

<net id="299"><net_src comp="30" pin="0"/><net_sink comp="294" pin=0"/></net>

<net id="300"><net_src comp="32" pin="0"/><net_sink comp="294" pin=2"/></net>

<net id="304"><net_src comp="294" pin="3"/><net_sink comp="301" pin=0"/></net>

<net id="309"><net_src comp="290" pin="1"/><net_sink comp="305" pin=0"/></net>

<net id="310"><net_src comp="301" pin="1"/><net_sink comp="305" pin=1"/></net>

<net id="315"><net_src comp="305" pin="2"/><net_sink comp="311" pin=0"/></net>

<net id="316"><net_src comp="280" pin="1"/><net_sink comp="311" pin=1"/></net>

<net id="320"><net_src comp="311" pin="2"/><net_sink comp="317" pin=0"/></net>

<net id="321"><net_src comp="317" pin="1"/><net_sink comp="116" pin=2"/></net>

<net id="322"><net_src comp="317" pin="1"/><net_sink comp="128" pin=2"/></net>

<net id="323"><net_src comp="317" pin="1"/><net_sink comp="140" pin=2"/></net>

<net id="340"><net_src comp="333" pin="1"/><net_sink comp="336" pin=0"/></net>

<net id="341"><net_src comp="36" pin="0"/><net_sink comp="336" pin=1"/></net>

<net id="346"><net_src comp="327" pin="1"/><net_sink comp="342" pin=0"/></net>

<net id="347"><net_src comp="38" pin="0"/><net_sink comp="342" pin=1"/></net>

<net id="351"><net_src comp="342" pin="2"/><net_sink comp="348" pin=0"/></net>

<net id="356"><net_src comp="348" pin="1"/><net_sink comp="352" pin=0"/></net>

<net id="357"><net_src comp="336" pin="2"/><net_sink comp="352" pin=1"/></net>

<net id="361"><net_src comp="352" pin="2"/><net_sink comp="358" pin=0"/></net>

<net id="366"><net_src comp="330" pin="1"/><net_sink comp="362" pin=0"/></net>

<net id="367"><net_src comp="40" pin="0"/><net_sink comp="362" pin=1"/></net>

<net id="372"><net_src comp="324" pin="1"/><net_sink comp="368" pin=0"/></net>

<net id="373"><net_src comp="42" pin="0"/><net_sink comp="368" pin=1"/></net>

<net id="382"><net_src comp="44" pin="0"/><net_sink comp="377" pin=0"/></net>

<net id="383"><net_src comp="46" pin="0"/><net_sink comp="377" pin=2"/></net>

<net id="387"><net_src comp="377" pin="3"/><net_sink comp="384" pin=0"/></net>

<net id="393"><net_src comp="48" pin="0"/><net_sink comp="388" pin=0"/></net>

<net id="394"><net_src comp="50" pin="0"/><net_sink comp="388" pin=2"/></net>

<net id="398"><net_src comp="388" pin="3"/><net_sink comp="395" pin=0"/></net>

<net id="404"><net_src comp="52" pin="0"/><net_sink comp="399" pin=0"/></net>

<net id="405"><net_src comp="54" pin="0"/><net_sink comp="399" pin=2"/></net>

<net id="409"><net_src comp="399" pin="3"/><net_sink comp="406" pin=0"/></net>

<net id="414"><net_src comp="395" pin="1"/><net_sink comp="410" pin=0"/></net>

<net id="415"><net_src comp="406" pin="1"/><net_sink comp="410" pin=1"/></net>

<net id="420"><net_src comp="410" pin="2"/><net_sink comp="416" pin=0"/></net>

<net id="421"><net_src comp="384" pin="1"/><net_sink comp="416" pin=1"/></net>

<net id="426"><net_src comp="416" pin="2"/><net_sink comp="422" pin=1"/></net>

<net id="433"><net_src comp="56" pin="0"/><net_sink comp="427" pin=0"/></net>

<net id="434"><net_src comp="422" pin="2"/><net_sink comp="427" pin=1"/></net>

<net id="435"><net_src comp="58" pin="0"/><net_sink comp="427" pin=2"/></net>

<net id="436"><net_src comp="60" pin="0"/><net_sink comp="427" pin=3"/></net>

<net id="441"><net_src comp="374" pin="1"/><net_sink comp="437" pin=0"/></net>

<net id="442"><net_src comp="62" pin="0"/><net_sink comp="437" pin=1"/></net>

<net id="446"><net_src comp="437" pin="2"/><net_sink comp="443" pin=0"/></net>

<net id="452"><net_src comp="52" pin="0"/><net_sink comp="447" pin=0"/></net>

<net id="453"><net_src comp="54" pin="0"/><net_sink comp="447" pin=2"/></net>

<net id="457"><net_src comp="447" pin="3"/><net_sink comp="454" pin=0"/></net>

<net id="463"><net_src comp="64" pin="0"/><net_sink comp="458" pin=0"/></net>

<net id="464"><net_src comp="66" pin="0"/><net_sink comp="458" pin=2"/></net>

<net id="468"><net_src comp="458" pin="3"/><net_sink comp="465" pin=0"/></net>

<net id="472"><net_src comp="458" pin="3"/><net_sink comp="469" pin=0"/></net>

<net id="477"><net_src comp="454" pin="1"/><net_sink comp="473" pin=0"/></net>

<net id="478"><net_src comp="469" pin="1"/><net_sink comp="473" pin=1"/></net>

<net id="483"><net_src comp="443" pin="1"/><net_sink comp="479" pin=0"/></net>

<net id="488"><net_src comp="68" pin="0"/><net_sink comp="484" pin=1"/></net>

<net id="493"><net_src comp="70" pin="0"/><net_sink comp="489" pin=0"/></net>

<net id="494"><net_src comp="465" pin="1"/><net_sink comp="489" pin=1"/></net>

<net id="498"><net_src comp="489" pin="2"/><net_sink comp="495" pin=0"/></net>

<net id="504"><net_src comp="48" pin="0"/><net_sink comp="499" pin=0"/></net>

<net id="505"><net_src comp="50" pin="0"/><net_sink comp="499" pin=2"/></net>

<net id="509"><net_src comp="499" pin="3"/><net_sink comp="506" pin=0"/></net>

<net id="514"><net_src comp="495" pin="1"/><net_sink comp="510" pin=0"/></net>

<net id="515"><net_src comp="506" pin="1"/><net_sink comp="510" pin=1"/></net>

<net id="520"><net_src comp="484" pin="2"/><net_sink comp="516" pin=1"/></net>

<net id="525"><net_src comp="510" pin="2"/><net_sink comp="521" pin=0"/></net>

<net id="526"><net_src comp="72" pin="0"/><net_sink comp="521" pin=1"/></net>

<net id="531"><net_src comp="74" pin="0"/><net_sink comp="527" pin=1"/></net>

<net id="532"><net_src comp="527" pin="2"/><net_sink comp="159" pin=1"/></net>

<net id="537"><net_src comp="76" pin="0"/><net_sink comp="533" pin=1"/></net>

<net id="542"><net_src comp="533" pin="2"/><net_sink comp="538" pin=0"/></net>

<net id="549"><net_src comp="56" pin="0"/><net_sink comp="543" pin=0"/></net>

<net id="550"><net_src comp="538" pin="2"/><net_sink comp="543" pin=1"/></net>

<net id="551"><net_src comp="58" pin="0"/><net_sink comp="543" pin=2"/></net>

<net id="552"><net_src comp="60" pin="0"/><net_sink comp="543" pin=3"/></net>

<net id="560"><net_src comp="553" pin="1"/><net_sink comp="556" pin=0"/></net>

<net id="567"><net_src comp="56" pin="0"/><net_sink comp="561" pin=0"/></net>

<net id="568"><net_src comp="556" pin="2"/><net_sink comp="561" pin=1"/></net>

<net id="569"><net_src comp="58" pin="0"/><net_sink comp="561" pin=2"/></net>

<net id="570"><net_src comp="60" pin="0"/><net_sink comp="561" pin=3"/></net>

<net id="575"><net_src comp="98" pin="0"/><net_sink comp="571" pin=1"/></net>

<net id="576"><net_src comp="571" pin="2"/><net_sink comp="171" pin=1"/></net>

<net id="581"><net_src comp="98" pin="0"/><net_sink comp="577" pin=1"/></net>

<net id="582"><net_src comp="577" pin="2"/><net_sink comp="183" pin=1"/></net>

<net id="587"><net_src comp="102" pin="0"/><net_sink comp="583" pin=0"/></net>

<net id="592"><net_src comp="583" pin="2"/><net_sink comp="588" pin=0"/></net>

<net id="596"><net_src comp="104" pin="2"/><net_sink comp="593" pin=0"/></net>

<net id="597"><net_src comp="593" pin="1"/><net_sink comp="247" pin=1"/></net>

<net id="598"><net_src comp="593" pin="1"/><net_sink comp="588" pin=1"/></net>

<net id="602"><net_src comp="110" pin="2"/><net_sink comp="599" pin=0"/></net>

<net id="603"><net_src comp="599" pin="1"/><net_sink comp="583" pin=1"/></net>

<net id="607"><net_src comp="230" pin="2"/><net_sink comp="604" pin=0"/></net>

<net id="608"><net_src comp="604" pin="1"/><net_sink comp="236" pin=1"/></net>

<net id="612"><net_src comp="236" pin="2"/><net_sink comp="609" pin=0"/></net>

<net id="616"><net_src comp="241" pin="2"/><net_sink comp="613" pin=0"/></net>

<net id="617"><net_src comp="613" pin="1"/><net_sink comp="192" pin=2"/></net>

<net id="621"><net_src comp="252" pin="3"/><net_sink comp="618" pin=0"/></net>

<net id="622"><net_src comp="618" pin="1"/><net_sink comp="280" pin=0"/></net>

<net id="626"><net_src comp="266" pin="3"/><net_sink comp="623" pin=0"/></net>

<net id="627"><net_src comp="623" pin="1"/><net_sink comp="203" pin=2"/></net>

<net id="628"><net_src comp="623" pin="1"/><net_sink comp="283" pin=1"/></net>

<net id="629"><net_src comp="623" pin="1"/><net_sink comp="294" pin=1"/></net>

<net id="633"><net_src comp="274" pin="2"/><net_sink comp="630" pin=0"/></net>

<net id="634"><net_src comp="630" pin="1"/><net_sink comp="214" pin=2"/></net>

<net id="638"><net_src comp="317" pin="1"/><net_sink comp="635" pin=0"/></net>

<net id="639"><net_src comp="635" pin="1"/><net_sink comp="152" pin=2"/></net>

<net id="640"><net_src comp="635" pin="1"/><net_sink comp="164" pin=2"/></net>

<net id="641"><net_src comp="635" pin="1"/><net_sink comp="176" pin=2"/></net>

<net id="645"><net_src comp="116" pin="3"/><net_sink comp="642" pin=0"/></net>

<net id="646"><net_src comp="642" pin="1"/><net_sink comp="123" pin=0"/></net>

<net id="650"><net_src comp="128" pin="3"/><net_sink comp="647" pin=0"/></net>

<net id="651"><net_src comp="647" pin="1"/><net_sink comp="135" pin=0"/></net>

<net id="655"><net_src comp="140" pin="3"/><net_sink comp="652" pin=0"/></net>

<net id="656"><net_src comp="652" pin="1"/><net_sink comp="147" pin=0"/></net>

<net id="660"><net_src comp="123" pin="2"/><net_sink comp="657" pin=0"/></net>

<net id="661"><net_src comp="657" pin="1"/><net_sink comp="324" pin=0"/></net>

<net id="662"><net_src comp="657" pin="1"/><net_sink comp="374" pin=0"/></net>

<net id="663"><net_src comp="657" pin="1"/><net_sink comp="377" pin=1"/></net>

<net id="664"><net_src comp="657" pin="1"/><net_sink comp="388" pin=1"/></net>

<net id="668"><net_src comp="135" pin="2"/><net_sink comp="665" pin=0"/></net>

<net id="669"><net_src comp="665" pin="1"/><net_sink comp="327" pin=0"/></net>

<net id="670"><net_src comp="665" pin="1"/><net_sink comp="330" pin=0"/></net>

<net id="671"><net_src comp="665" pin="1"/><net_sink comp="399" pin=1"/></net>

<net id="675"><net_src comp="147" pin="2"/><net_sink comp="672" pin=0"/></net>

<net id="676"><net_src comp="672" pin="1"/><net_sink comp="333" pin=0"/></net>

<net id="677"><net_src comp="672" pin="1"/><net_sink comp="447" pin=1"/></net>

<net id="678"><net_src comp="672" pin="1"/><net_sink comp="458" pin=1"/></net>

<net id="679"><net_src comp="672" pin="1"/><net_sink comp="499" pin=1"/></net>

<net id="683"><net_src comp="330" pin="1"/><net_sink comp="680" pin=0"/></net>

<net id="684"><net_src comp="680" pin="1"/><net_sink comp="484" pin=0"/></net>

<net id="688"><net_src comp="358" pin="1"/><net_sink comp="685" pin=0"/></net>

<net id="689"><net_src comp="685" pin="1"/><net_sink comp="422" pin=0"/></net>

<net id="693"><net_src comp="362" pin="2"/><net_sink comp="690" pin=0"/></net>

<net id="694"><net_src comp="690" pin="1"/><net_sink comp="479" pin=1"/></net>

<net id="698"><net_src comp="368" pin="2"/><net_sink comp="695" pin=0"/></net>

<net id="699"><net_src comp="695" pin="1"/><net_sink comp="516" pin=0"/></net>

<net id="703"><net_src comp="427" pin="4"/><net_sink comp="700" pin=0"/></net>

<net id="704"><net_src comp="700" pin="1"/><net_sink comp="527" pin=0"/></net>

<net id="708"><net_src comp="473" pin="2"/><net_sink comp="705" pin=0"/></net>

<net id="709"><net_src comp="705" pin="1"/><net_sink comp="533" pin=0"/></net>

<net id="713"><net_src comp="479" pin="2"/><net_sink comp="710" pin=0"/></net>

<net id="714"><net_src comp="710" pin="1"/><net_sink comp="538" pin=1"/></net>

<net id="718"><net_src comp="516" pin="2"/><net_sink comp="715" pin=0"/></net>

<net id="719"><net_src comp="715" pin="1"/><net_sink comp="556" pin=1"/></net>

<net id="723"><net_src comp="521" pin="2"/><net_sink comp="720" pin=0"/></net>

<net id="724"><net_src comp="720" pin="1"/><net_sink comp="553" pin=0"/></net>

<net id="728"><net_src comp="543" pin="4"/><net_sink comp="725" pin=0"/></net>

<net id="729"><net_src comp="725" pin="1"/><net_sink comp="571" pin=0"/></net>

<net id="733"><net_src comp="561" pin="4"/><net_sink comp="730" pin=0"/></net>

<net id="734"><net_src comp="730" pin="1"/><net_sink comp="577" pin=0"/></net>

</net_list>

</model> 
---------------- Datapath Model END ------------------

* FSMD analyzer results:
  - Output states:
  - Chain level:
	State 1
		bound : 1
	State 2
		exitcond_flatten : 1
		indvar_flatten_next : 1
		stg_21 : 2
		exitcond : 1
		y_mid2 : 2
		x_s : 1
		x_mid2 : 2
		y_1 : 3
	State 3
		p_shl_cast : 1
		p_shl7_cast : 1
		p_addr : 2
		p_addr1 : 3
		tmp_4 : 4
		in_channels_ch1_addr : 5
		R : 6
		in_channels_ch2_addr : 5
		G : 6
		in_channels_ch3_addr : 5
		B : 6
	State 4
	State 5
		tmp_8 : 1
		tmp4 : 1
		tmp4_cast : 2
		tmp3 : 3
		tmp3_cast : 4
		tmp_7 : 1
		tmp_11 : 1
	State 6
		p_shl5_cast : 1
		p_shl6_cast : 1
		p_shl4_cast : 1
		tmp2 : 2
		tmp1 : 3
		tmp_1 : 4
		tmp_5 : 5
		tmp_6 : 1
		tmp_12_cast : 2
		p_shl2_cast : 1
		p_shl3_cast9 : 1
		p_shl3_cast : 1
		tmp_9 : 2
		tmp5 : 3
		p_neg : 2
		p_neg_cast : 3
		p_shl1_cast : 1
		tmp_13 : 4
		tmp7 : 1
		tmp8 : 5
	State 7
		tmp_s : 1
		tmp_10 : 2
		tmp_14 : 1
		tmp_15 : 2
		stg_91 : 1
	State 8
		stg_100 : 1
		stg_102 : 1
		empty : 1
	State 9
		mrv_1 : 1
		stg_107 : 2


============================================================
+ Verbose Summary: Datapath Resource usage 
============================================================

* Functional unit list:
|----------|------------------------------|---------|---------|---------|
| Operation|        Functional Unit       |  DSP48E |    FF   |   LUT   |
|----------|------------------------------|---------|---------|---------|
|          |  indvar_flatten_next_fu_241  |    0    |    0    |    32   |
|          |          x_s_fu_260          |    0    |    0    |    16   |
|          |          y_1_fu_274          |    0    |    0    |    16   |
|          |         p_addr_fu_305        |    0    |    0    |    5    |
|          |        p_addr1_fu_311        |    0    |    0    |    5    |
|          |          tmp4_fu_342         |    0    |    0    |    9    |
|          |          tmp3_fu_352         |    0    |    0    |    0    |
|          |          tmp2_fu_410         |    0    |    0    |    15   |
|    add   |          tmp1_fu_416         |    0    |    0    |    5    |
|          |         tmp_1_fu_422         |    0    |    0    |    5    |
|          |          tmp5_fu_479         |    0    |    0    |    0    |
|          |          tmp7_fu_516         |    0    |    0    |    0    |
|          |          tmp8_fu_521         |    0    |    0    |    5    |
|          |           Y_fu_527           |    0    |    0    |    8    |
|          |          tmp6_fu_533         |    0    |    0    |    5    |
|          |         tmp_s_fu_538         |    0    |    0    |    5    |
|          |         tmp_14_fu_556        |    0    |    0    |    16   |
|----------|------------------------------|---------|---------|---------|
|   icmp   |    exitcond_flatten_fu_236   |    0    |    0    |    40   |
|          |        exitcond_fu_247       |    0    |    0    |    20   |
|----------|------------------------------|---------|---------|---------|
|  select  |         y_mid2_fu_252        |    0    |    0    |    16   |
|          |         x_mid2_fu_266        |    0    |    0    |    16   |
|----------|------------------------------|---------|---------|---------|
|          |         tmp_9_fu_473         |    0    |    0    |    15   |
|    sub   |         p_neg_fu_489         |    0    |    0    |    12   |
|          |         tmp_13_fu_510        |    0    |    0    |    5    |
|----------|------------------------------|---------|---------|---------|
|    xor   |           U_fu_571           |    0    |    0    |    8    |
|          |           V_fu_577           |    0    |    0    |    8    |
|----------|------------------------------|---------|---------|---------|
|          |         bound_fu_230         |    1    |    0    |    0    |
|          |         tmp_8_fu_336         |    0    |    0    |    0    |
|    mul   |         tmp_7_fu_362         |    1    |    0    |    0    |
|          |         tmp_11_fu_368        |    1    |    0    |    0    |
|          |         tmp_6_fu_437         |    0    |    0    |    0    |
|          |         tmp_12_fu_484        |    0    |    0    |    0    |
|----------|------------------------------|---------|---------|---------|
|   read   | in_height_read_1_read_fu_104 |    0    |    0    |    0    |
|          |  in_width_read_1_read_fu_110 |    0    |    0    |    0    |
|----------|------------------------------|---------|---------|---------|
|          |          cast_fu_222         |    0    |    0    |    0    |
|          |         cast1_fu_226         |    0    |    0    |    0    |
|          |     tmp_2_trn_cast_fu_280    |    0    |    0    |    0    |
|          |       p_shl_cast_fu_290      |    0    |    0    |    0    |
|          |      p_shl7_cast_fu_301      |    0    |    0    |    0    |
|          |         tmp_4_fu_317         |    0    |    0    |    0    |
|          |      tmp_3_cast1_fu_324      |    0    |    0    |    0    |
|          |      tmp_5_cast1_fu_327      |    0    |    0    |    0    |
|          |      tmp_5_cast2_fu_330      |    0    |    0    |    0    |
|   zext   |      tmp_7_cast1_fu_333      |    0    |    0    |    0    |
|          |       tmp4_cast_fu_348       |    0    |    0    |    0    |
|          |       tmp3_cast_fu_358       |    0    |    0    |    0    |
|          |      tmp_3_cast2_fu_374      |    0    |    0    |    0    |
|          |      p_shl5_cast_fu_384      |    0    |    0    |    0    |
|          |      p_shl6_cast_fu_395      |    0    |    0    |    0    |
|          |      p_shl4_cast_fu_406      |    0    |    0    |    0    |
|          |      p_shl2_cast_fu_454      |    0    |    0    |    0    |
|          |      p_shl3_cast9_fu_465     |    0    |    0    |    0    |
|          |      p_shl3_cast_fu_469      |    0    |    0    |    0    |
|          |      p_shl1_cast_fu_506      |    0    |    0    |    0    |
|----------|------------------------------|---------|---------|---------|
|          |          tmp_fu_283          |    0    |    0    |    0    |
|          |         tmp_2_fu_294         |    0    |    0    |    0    |
|          |         p_shl5_fu_377        |    0    |    0    |    0    |
|bitconcatenate|         p_shl6_fu_388        |    0    |    0    |    0    |
|          |         p_shl4_fu_399        |    0    |    0    |    0    |
|          |         p_shl2_fu_447        |    0    |    0    |    0    |
|          |         p_shl3_fu_458        |    0    |    0    |    0    |
|          |         p_shl1_fu_499        |    0    |    0    |    0    |
|----------|------------------------------|---------|---------|---------|
|          |         tmp_5_fu_427         |    0    |    0    |    0    |
|partselect|         tmp_10_fu_543        |    0    |    0    |    0    |
|          |         tmp_15_fu_561        |    0    |    0    |    0    |
|----------|------------------------------|---------|---------|---------|
|          |      tmp_12_cast_fu_443      |    0    |    0    |    0    |
|   sext   |       p_neg_cast_fu_495      |    0    |    0    |    0    |
|          |       tmp8_cast_fu_553       |    0    |    0    |    0    |
|----------|------------------------------|---------|---------|---------|
|insertvalue|          mrv_fu_583          |    0    |    0    |    0    |
|          |         mrv_1_fu_588         |    0    |    0    |    0    |
|----------|------------------------------|---------|---------|---------|
|   Total  |                              |    3    |    0    |   287   |
|----------|------------------------------|---------|---------|---------|

Memories:
N/A

* Register list:
+----------------------------+--------+
|                            |   FF   |
+----------------------------+--------+
|          B_reg_672         |    8   |
|          G_reg_665         |    8   |
|          R_reg_657         |    8   |
|        bound_reg_604       |   32   |
|  exitcond_flatten_reg_609  |    1   |
|in_channels_ch1_addr_reg_642|   22   |
|in_channels_ch2_addr_reg_647|   22   |
|in_channels_ch3_addr_reg_652|   22   |
|  in_height_read_1_reg_593  |   16   |
|   in_width_read_1_reg_599  |   16   |
| indvar_flatten_next_reg_613|   32   |
|   indvar_flatten_reg_188   |   32   |
|      tmp3_cast_reg_685     |   16   |
|        tmp5_reg_710        |   16   |
|        tmp7_reg_715        |   16   |
|        tmp8_reg_720        |   14   |
|       tmp_10_reg_725       |    8   |
|       tmp_11_reg_695       |   16   |
|       tmp_15_reg_730       |    8   |
|        tmp_4_reg_635       |   64   |
|     tmp_5_cast2_reg_680    |   16   |
|        tmp_5_reg_700       |    8   |
|        tmp_7_reg_690       |   16   |
|        tmp_9_reg_705       |   16   |
|       x_mid2_reg_623       |   16   |
|          x_reg_199         |   16   |
|         y_1_reg_630        |   16   |
|       y_mid2_reg_618       |   16   |
|          y_reg_210         |   16   |
+----------------------------+--------+
|            Total           |   513  |
+----------------------------+--------+

* Multiplexer (MUX) list: 
|-------------------|------|------|------|--------||---------||---------|
|        Comp       |  Pin | Size |  BW  | S x BW ||  Delay  ||   LUT   |
|-------------------|------|------|------|--------||---------||---------|
| grp_access_fu_123 |  p0  |   2  |  22  |   44   ||    22   |
| grp_access_fu_135 |  p0  |   2  |  22  |   44   ||    22   |
| grp_access_fu_147 |  p0  |   2  |  22  |   44   ||    22   |
|-------------------|------|------|------|--------||---------||---------|
|       Total       |      |      |      |   132  ||  4.713  ||    66   |
|-------------------|------|------|------|--------||---------||---------|



* Summary:
+-----------+--------+--------+--------+--------+
|           | DSP48E |  Delay |   FF   |   LUT  |
+-----------+--------+--------+--------+--------+
|  Function |    3   |    -   |    0   |   287  |
|   Memory  |    -   |    -   |    -   |    -   |
|Multiplexer|    -   |    4   |    -   |   66   |
|  Register |    -   |    -   |   513  |    -   |
+-----------+--------+--------+--------+--------+
|   Total   |    3   |    4   |   513  |   353  |
+-----------+--------+--------+--------+--------+
