15:40:45 INFO  : Processing command line option -hwspec C:/Users/Kasper/Documents/GitHub/TIHSC/lab1/project_1/project_1.sdk/system_wrapper.hdf.
15:40:51 INFO  : Launching XSDB server: xsdb.bat -s C:/Xilinx/SDK/2014.4/scripts/xsdb/xsdb/xsdb-server.tcl 2450
15:44:35 INFO  : BSP Project P/standalone_bsp_0 has been successfully migrated.
16:00:06 INFO  : FPGA configured successfully with bitstream "C:/Users/Kasper/Documents/GitHub/TIHSC/lab1/project_1/project_1.sdk/system_wrapper_hw_platform_0/system_wrapper.bit"
16:02:48 INFO  : FPGA configured successfully with bitstream "C:/Users/Kasper/Documents/GitHub/TIHSC/lab1/project_1/project_1.sdk/system_wrapper_hw_platform_0/system_wrapper.bit"
16:10:46 INFO  : FPGA configured successfully with bitstream "C:/Users/Kasper/Documents/GitHub/TIHSC/lab1/project_1/project_1.sdk/system_wrapper_hw_platform_0/system_wrapper.bit"
16:11:57 ERROR : Unexpected error while parsing XMD response ?: com.google.gson.JsonSyntaxException: com.google.gson.stream.MalformedJsonException: invalid number or unquoted string near 
16:13:09 INFO  : Launching XSDB server: xsdb.bat -s C:/Xilinx/SDK/2014.4/scripts/xsdb/xsdb/xsdb-server.tcl 2450
16:32:48 INFO  : Launching XSDB server: xsdb.bat -s C:/Xilinx/SDK/2014.4/scripts/xsdb/xsdb/xsdb-server.tcl 2450
16:35:15 INFO  : FPGA configured successfully with bitstream "C:/Users/Kasper/Documents/GitHub/TIHSC/lab1/project_1/project_1.sdk/system_wrapper_hw_platform_0/system_wrapper.bit"
16:35:59 ERROR : Unexpected error while parsing XMD response ?: com.google.gson.JsonSyntaxException: com.google.gson.stream.MalformedJsonException: invalid number or unquoted string near 
16:36:18 INFO  : Launching XSDB server: xsdb.bat -s C:/Xilinx/SDK/2014.4/scripts/xsdb/xsdb/xsdb-server.tcl 2450
16:40:14 INFO  : Launching XSDB server: xsdb.bat -s C:/Xilinx/SDK/2014.4/scripts/xsdb/xsdb/xsdb-server.tcl 2450
16:40:27 INFO  : FPGA configured successfully with bitstream "C:/Users/Kasper/Documents/GitHub/TIHSC/lab1/project_1/project_1.sdk/system_wrapper_hw_platform_0/system_wrapper.bit"
16:46:34 INFO  : FPGA configured successfully with bitstream "C:/Users/Kasper/Documents/GitHub/TIHSC/lab1/project_1/project_1.sdk/system_wrapper_hw_platform_0/system_wrapper.bit"
16:46:53 INFO  : ps7_init is completed.
16:46:53 INFO  : ps7_post_config is completed.
16:46:53 INFO  : Processor reset is completed for ps7_cortexa9_0
16:47:32 INFO  : ps7_cortexa9_0 Processor is in use. Please stop existing Run or Debug sessions before launching.
16:47:52 INFO  : ps7_cortexa9_0 Processor is in use. Please stop existing Run or Debug sessions before launching.
16:47:56 INFO  : Processor reset is completed for ps7_cortexa9_0
16:49:11 INFO  : ps7_init is completed.
16:49:11 INFO  : ps7_post_config is completed.
16:49:11 INFO  : Processor reset is completed for ps7_cortexa9_0
16:49:24 INFO  : FPGA configured successfully with bitstream "C:/Users/Kasper/Documents/GitHub/TIHSC/lab1/project_1/project_1.sdk/system_wrapper_hw_platform_0/system_wrapper.bit"
16:49:26 INFO  : ps7_cortexa9_0 Processor is in use. Please stop existing Run or Debug sessions before launching.
16:49:38 ERROR : Unexpected error while launching program.
java.lang.RuntimeException: Error in Resetting Target

    Could not stop the processor after reset


	at com.xilinx.sdk.targetmanager.internal.TM.doProcessorReset(TM.java:991)
	at com.xilinx.sdk.debug.core.XilinxAppLaunchConfigurationDelegate.runTargetSetup(XilinxAppLaunchConfigurationDelegate.java:502)
	at com.xilinx.sdk.debug.core.XilinxAppLaunchConfigurationDelegate.runApplication(XilinxAppLaunchConfigurationDelegate.java:584)
	at com.xilinx.sdk.debug.core.XilinxAppLaunchConfigurationDelegate.launch(XilinxAppLaunchConfigurationDelegate.java:293)
	at com.xilinx.sdk.debug.ui.XilinxAppLaunchDelegateWrapper.launch(XilinxAppLaunchDelegateWrapper.java:31)
	at org.eclipse.debug.internal.core.LaunchConfiguration.launch(LaunchConfiguration.java:858)
	at org.eclipse.debug.internal.core.LaunchConfiguration.launch(LaunchConfiguration.java:707)
	at org.eclipse.debug.internal.ui.DebugUIPlugin.buildAndLaunch(DebugUIPlugin.java:1018)
	at org.eclipse.debug.internal.ui.DebugUIPlugin$8.run(DebugUIPlugin.java:1222)
	at org.eclipse.core.internal.jobs.Worker.run(Worker.java:53)
16:49:59 INFO  : FPGA configured successfully with bitstream "C:/Users/Kasper/Documents/GitHub/TIHSC/lab1/project_1/project_1.sdk/system_wrapper_hw_platform_0/system_wrapper.bit"
16:50:33 ERROR : Unexpected error while launching program.
java.lang.RuntimeException: Error in Resetting Target

    Could not stop the processor after reset


	at com.xilinx.sdk.targetmanager.internal.TM.doProcessorReset(TM.java:991)
	at com.xilinx.sdk.debug.core.XilinxAppLaunchConfigurationDelegate.runTargetSetup(XilinxAppLaunchConfigurationDelegate.java:502)
	at com.xilinx.sdk.debug.core.XilinxAppLaunchConfigurationDelegate.runApplication(XilinxAppLaunchConfigurationDelegate.java:584)
	at com.xilinx.sdk.debug.core.XilinxAppLaunchConfigurationDelegate.launch(XilinxAppLaunchConfigurationDelegate.java:293)
	at com.xilinx.sdk.debug.ui.XilinxAppLaunchDelegateWrapper.launch(XilinxAppLaunchDelegateWrapper.java:31)
	at org.eclipse.debug.internal.core.LaunchConfiguration.launch(LaunchConfiguration.java:858)
	at org.eclipse.debug.internal.core.LaunchConfiguration.launch(LaunchConfiguration.java:707)
	at org.eclipse.debug.internal.ui.DebugUIPlugin.buildAndLaunch(DebugUIPlugin.java:1018)
	at org.eclipse.debug.internal.ui.DebugUIPlugin$8.run(DebugUIPlugin.java:1222)
	at org.eclipse.core.internal.jobs.Worker.run(Worker.java:53)
16:50:53 INFO  : FPGA configured successfully with bitstream "C:/Users/Kasper/Documents/GitHub/TIHSC/lab1/project_1/project_1.sdk/system_wrapper_hw_platform_0/system_wrapper.bit"
16:51:16 INFO  : ps7_init is completed.
16:51:16 INFO  : ps7_post_config is completed.
16:51:16 INFO  : Processor reset is completed for ps7_cortexa9_0
16:51:41 INFO  : Processor reset is completed for ps7_cortexa9_0
16:53:02 ERROR : Unexpected error while parsing XMD response ?: com.google.gson.JsonSyntaxException: com.google.gson.stream.MalformedJsonException: invalid number or unquoted string near 
