#-----------------------------------------------------------
# Vivado v2014.4 (64-bit)
# SW Build 1071353 on Tue Nov 18 18:29:27 MST 2014
# IP Build 1070531 on Tue Nov 18 01:10:18 MST 2014
# Start of session at: Mon May 18 11:41:34 2015
# Process ID: 5772
# Log file: C:/Users/Kasper/Documents/GitHub/TIHSC/Exercise2/Exercise5/exercise5/vivado.log
# Journal file: C:/Users/Kasper/Documents/GitHub/TIHSC/Exercise2/Exercise5/exercise5\vivado.jou
#-----------------------------------------------------------
start_gui
open_project C:/Users/Kasper/Documents/GitHub/TIHSC/Exercise2/Exercise5/exercise5/exercise5.xpr
INFO: [Project 1-313] Project file moved from 'C:/Users/Kasper/Documents/GitHub/TIHSC/Exercise5/exercise5' since last save.
Scanning sources...
Finished scanning sources
INFO: [IP_Flow 19-234] Refreshing IP repositories
INFO: [IP_Flow 19-1700] Loaded user IP repository 'c:/Users/Kasper/Documents/GitHub/TIHSC/Exercise2/lab3/lab_ip'.
INFO: [IP_Flow 19-1700] Loaded user IP repository 'c:/Users/Kasper/Documents/GitHub/TIHSC/Exercise2/Exercise5/ip_repo'.
INFO: [IP_Flow 19-2313] Loaded Vivado IP repository 'C:/Xilinx/Vivado/2014.4/data/ip'.
open_project: Time (s): cpu = 00:00:42 ; elapsed = 00:00:19 . Memory (MB): peak = 740.031 ; gain = 173.438
open_bd_design {C:/Users/Kasper/Documents/GitHub/TIHSC/Exercise2/Exercise5/exercise5/exercise5.srcs/sources_1/bd/system/system.bd}
Adding component instance block -- xilinx.com:ip:processing_system7:5.5 - processing_system7_0
Adding component instance block -- xilinx.com:ip:axi_gpio:2.0 - buttons
Adding component instance block -- xilinx.com:ip:proc_sys_reset:5.0 - rst_processing_system7_0_100M
Adding component instance block -- xilinx.com:ip:axi_gpio:2.0 - switches
Adding component instance block -- xilinx.com:user:led_ip:1.0 - led_ip
Adding component instance block -- xilinx.com:ip:axi_bram_ctrl:4.0 - axi_bram_ctrl_0
Adding component instance block -- xilinx.com:ip:blk_mem_gen:8.2 - axi_bram_ctrl_0_bram
Adding component instance block -- xilinx.com:user:matrix_ip:1.0 - matrix_ip_0
Adding component instance block -- xilinx.com:ip:axi_crossbar:2.1 - xbar
Adding component instance block -- xilinx.com:ip:axi_protocol_converter:2.1 - auto_pc
Adding component instance block -- xilinx.com:ip:axi_protocol_converter:2.1 - auto_pc
Adding component instance block -- xilinx.com:ip:axi_protocol_converter:2.1 - auto_pc
Adding component instance block -- xilinx.com:ip:axi_protocol_converter:2.1 - auto_pc
Adding component instance block -- xilinx.com:ip:axi_protocol_converter:2.1 - auto_pc
Successfully read diagram <system> from BD file <C:/Users/Kasper/Documents/GitHub/TIHSC/Exercise2/Exercise5/exercise5/exercise5.srcs/sources_1/bd/system/system.bd>
open_bd_design: Time (s): cpu = 00:00:26 ; elapsed = 00:00:17 . Memory (MB): peak = 887.305 ; gain = 63.645
startgroup
create_bd_cell -type ip -vlnv xilinx.com:ip:axi_gpio:2.0 axi_gpio_0
endgroup
delete_bd_objs [get_bd_cells axi_gpio_0]
undo
INFO: [Common 17-17] undo 'delete_bd_objs [get_bd_cells axi_gpio_0]'
undo
INFO: [Common 17-17] undo 'endgroup'
INFO: [Common 17-17] undo 'create_bd_cell -type ip -vlnv xilinx.com:ip:axi_gpio:2.0 axi_gpio_0'
INFO: [Common 17-17] undo 'startgroup'
save_bd_design
Wrote  : <C:/Users/Kasper/Documents/GitHub/TIHSC/Exercise2/Exercise5/exercise5/exercise5.srcs/sources_1/bd/system/system.bd> 
exit
INFO: [Common 17-206] Exiting Vivado at Mon May 18 22:18:10 2015...
