15:40:45 INFO  : Processing command line option -hwspec C:/Users/Kasper/Documents/GitHub/TIHSC/lab1/project_1/project_1.sdk/system_wrapper.hdf.
15:40:51 INFO  : Launching XSDB server: xsdb.bat -s C:/Xilinx/SDK/2014.4/scripts/xsdb/xsdb/xsdb-server.tcl 2450
15:44:35 INFO  : BSP Project P/standalone_bsp_0 has been successfully migrated.
16:00:06 INFO  : FPGA configured successfully with bitstream "C:/Users/Kasper/Documents/GitHub/TIHSC/lab1/project_1/project_1.sdk/system_wrapper_hw_platform_0/system_wrapper.bit"
16:02:48 INFO  : FPGA configured successfully with bitstream "C:/Users/Kasper/Documents/GitHub/TIHSC/lab1/project_1/project_1.sdk/system_wrapper_hw_platform_0/system_wrapper.bit"
16:10:46 INFO  : FPGA configured successfully with bitstream "C:/Users/Kasper/Documents/GitHub/TIHSC/lab1/project_1/project_1.sdk/system_wrapper_hw_platform_0/system_wrapper.bit"
16:11:57 ERROR : Unexpected error while parsing XMD response ?: com.google.gson.JsonSyntaxException: com.google.gson.stream.MalformedJsonException: invalid number or unquoted string near 
16:13:09 INFO  : Launching XSDB server: xsdb.bat -s C:/Xilinx/SDK/2014.4/scripts/xsdb/xsdb/xsdb-server.tcl 2450
16:32:48 INFO  : Launching XSDB server: xsdb.bat -s C:/Xilinx/SDK/2014.4/scripts/xsdb/xsdb/xsdb-server.tcl 2450
16:35:15 INFO  : FPGA configured successfully with bitstream "C:/Users/Kasper/Documents/GitHub/TIHSC/lab1/project_1/project_1.sdk/system_wrapper_hw_platform_0/system_wrapper.bit"
16:35:59 ERROR : Unexpected error while parsing XMD response ?: com.google.gson.JsonSyntaxException: com.google.gson.stream.MalformedJsonException: invalid number or unquoted string near 
16:36:18 INFO  : Launching XSDB server: xsdb.bat -s C:/Xilinx/SDK/2014.4/scripts/xsdb/xsdb/xsdb-server.tcl 2450
16:40:14 INFO  : Launching XSDB server: xsdb.bat -s C:/Xilinx/SDK/2014.4/scripts/xsdb/xsdb/xsdb-server.tcl 2450
16:40:27 INFO  : FPGA configured successfully with bitstream "C:/Users/Kasper/Documents/GitHub/TIHSC/lab1/project_1/project_1.sdk/system_wrapper_hw_platform_0/system_wrapper.bit"
16:46:34 INFO  : FPGA configured successfully with bitstream "C:/Users/Kasper/Documents/GitHub/TIHSC/lab1/project_1/project_1.sdk/system_wrapper_hw_platform_0/system_wrapper.bit"
16:46:53 INFO  : ps7_init is completed.
16:46:53 INFO  : ps7_post_config is completed.
16:46:53 INFO  : Processor reset is completed for ps7_cortexa9_0
16:47:32 INFO  : ps7_cortexa9_0 Processor is in use. Please stop existing Run or Debug sessions before launching.
16:47:52 INFO  : ps7_cortexa9_0 Processor is in use. Please stop existing Run or Debug sessions before launching.
16:47:56 INFO  : Processor reset is completed for ps7_cortexa9_0
16:49:11 INFO  : ps7_init is completed.
16:49:11 INFO  : ps7_post_config is completed.
16:49:11 INFO  : Processor reset is completed for ps7_cortexa9_0
16:49:24 INFO  : FPGA configured successfully with bitstream "C:/Users/Kasper/Documents/GitHub/TIHSC/lab1/project_1/project_1.sdk/system_wrapper_hw_platform_0/system_wrapper.bit"
16:49:26 INFO  : ps7_cortexa9_0 Processor is in use. Please stop existing Run or Debug sessions before launching.
16:49:38 ERROR : Unexpected error while launching program.
java.lang.RuntimeException: Error in Resetting Target

    Could not stop the processor after reset


	at com.xilinx.sdk.targetmanager.internal.TM.doProcessorReset(TM.java:991)
	at com.xilinx.sdk.debug.core.XilinxAppLaunchConfigurationDelegate.runTargetSetup(XilinxAppLaunchConfigurationDelegate.java:502)
	at com.xilinx.sdk.debug.core.XilinxAppLaunchConfigurationDelegate.runApplication(XilinxAppLaunchConfigurationDelegate.java:584)
	at com.xilinx.sdk.debug.core.XilinxAppLaunchConfigurationDelegate.launch(XilinxAppLaunchConfigurationDelegate.java:293)
	at com.xilinx.sdk.debug.ui.XilinxAppLaunchDelegateWrapper.launch(XilinxAppLaunchDelegateWrapper.java:31)
	at org.eclipse.debug.internal.core.LaunchConfiguration.launch(LaunchConfiguration.java:858)
	at org.eclipse.debug.internal.core.LaunchConfiguration.launch(LaunchConfiguration.java:707)
	at org.eclipse.debug.internal.ui.DebugUIPlugin.buildAndLaunch(DebugUIPlugin.java:1018)
	at org.eclipse.debug.internal.ui.DebugUIPlugin$8.run(DebugUIPlugin.java:1222)
	at org.eclipse.core.internal.jobs.Worker.run(Worker.java:53)
16:49:59 INFO  : FPGA configured successfully with bitstream "C:/Users/Kasper/Documents/GitHub/TIHSC/lab1/project_1/project_1.sdk/system_wrapper_hw_platform_0/system_wrapper.bit"
16:50:33 ERROR : Unexpected error while launching program.
java.lang.RuntimeException: Error in Resetting Target

    Could not stop the processor after reset


	at com.xilinx.sdk.targetmanager.internal.TM.doProcessorReset(TM.java:991)
	at com.xilinx.sdk.debug.core.XilinxAppLaunchConfigurationDelegate.runTargetSetup(XilinxAppLaunchConfigurationDelegate.java:502)
	at com.xilinx.sdk.debug.core.XilinxAppLaunchConfigurationDelegate.runApplication(XilinxAppLaunchConfigurationDelegate.java:584)
	at com.xilinx.sdk.debug.core.XilinxAppLaunchConfigurationDelegate.launch(XilinxAppLaunchConfigurationDelegate.java:293)
	at com.xilinx.sdk.debug.ui.XilinxAppLaunchDelegateWrapper.launch(XilinxAppLaunchDelegateWrapper.java:31)
	at org.eclipse.debug.internal.core.LaunchConfiguration.launch(LaunchConfiguration.java:858)
	at org.eclipse.debug.internal.core.LaunchConfiguration.launch(LaunchConfiguration.java:707)
	at org.eclipse.debug.internal.ui.DebugUIPlugin.buildAndLaunch(DebugUIPlugin.java:1018)
	at org.eclipse.debug.internal.ui.DebugUIPlugin$8.run(DebugUIPlugin.java:1222)
	at org.eclipse.core.internal.jobs.Worker.run(Worker.java:53)
16:50:53 INFO  : FPGA configured successfully with bitstream "C:/Users/Kasper/Documents/GitHub/TIHSC/lab1/project_1/project_1.sdk/system_wrapper_hw_platform_0/system_wrapper.bit"
16:51:16 INFO  : ps7_init is completed.
16:51:16 INFO  : ps7_post_config is completed.
16:51:16 INFO  : Processor reset is completed for ps7_cortexa9_0
16:51:41 INFO  : Processor reset is completed for ps7_cortexa9_0
16:53:02 ERROR : Unexpected error while parsing XMD response ?: com.google.gson.JsonSyntaxException: com.google.gson.stream.MalformedJsonException: invalid number or unquoted string near 
10:09:20 INFO  : Processing command line option -hwspec C:/Users/Kasper/Documents/GitHub/TIHSC/Exercise2/Exercise7/core/exercise7/exercise7.sdk/system_wrapper.hdf.
10:09:22 INFO  : Launching XSDB server: xsdb.bat -s C:/Xilinx/SDK/2014.4/scripts/xsdb/xsdb/xsdb-server.tcl 2450
10:10:27 WARN  :  [Hsi 55-1559] Software Design already exists with Name C:\Users\Kasper\Documents\GitHub\TIHSC\lab1\project_1\project_1.sdk\standalone_bsp_0\system.mss
10:10:27 WARN  :  [Hsi 55-1559] Software Design already exists with Name C:\Users\Kasper\Documents\GitHub\TIHSC\lab1\project_1\project_1.sdk\standalone_bsp_0\system.mss
10:10:27 WARN  :  [Hsi 55-1559] Software Design already exists with Name C:\Users\Kasper\Documents\GitHub\TIHSC\lab1\project_1\project_1.sdk\standalone_bsp_0\system.mss
 [Hsi 55-1559] Software Design already exists with Name C:\Users\Kasper\Documents\GitHub\TIHSC\lab1\project_1\project_1.sdk\standalone_bsp_0\system.mss
10:11:03 INFO  : BSP Project P/exercise7 has been successfully migrated.
10:12:03 INFO  : BSP Project P/exercise7_bsp has been successfully migrated.
10:34:56 INFO  : FPGA configured successfully with bitstream "C:/Users/Kasper/Documents/GitHub/TIHSC/Exercise2/Exercise7/core/exercise7/exercise7.sdk/system_wrapper_hw_platform_1/system_wrapper.bit"
10:35:13 INFO  : ps7_init is completed.
10:35:14 INFO  : ps7_post_config is completed.
10:35:14 INFO  : Processor reset is completed for ps7_cortexa9_0
10:35:34 INFO  : ps7_cortexa9_0 Processor is in use. Please stop existing Run or Debug sessions before launching.
10:35:47 INFO  : ps7_cortexa9_0 Processor is in use. Please stop existing Run or Debug sessions before launching.
10:35:49 INFO  : Processor reset is completed for ps7_cortexa9_0
10:39:54 INFO  : ps7_cortexa9_0 Processor is in use. Please stop existing Run or Debug sessions before launching.
10:39:56 INFO  : Processor reset is completed for ps7_cortexa9_0
10:40:19 INFO  : ps7_cortexa9_0 Processor is in use. Please stop existing Run or Debug sessions before launching.
10:40:22 INFO  : Processor reset is completed for ps7_cortexa9_0
10:41:30 INFO  : ps7_cortexa9_0 Processor is in use. Please stop existing Run or Debug sessions before launching.
10:41:32 INFO  : Processor reset is completed for ps7_cortexa9_0
10:41:42 INFO  : ps7_cortexa9_0 Processor is in use. Please stop existing Run or Debug sessions before launching.
10:41:45 INFO  : Processor reset is completed for ps7_cortexa9_0
10:42:03 INFO  : ps7_cortexa9_0 Processor is in use. Please stop existing Run or Debug sessions before launching.
10:42:06 INFO  : Processor reset is completed for ps7_cortexa9_0
10:43:17 INFO  : FPGA configured successfully with bitstream "C:/Users/Kasper/Documents/GitHub/TIHSC/Exercise2/Exercise7/core/exercise7/exercise7.sdk/system_wrapper_hw_platform_1/system_wrapper.bit"
10:43:27 INFO  : ps7_init is completed.
10:43:27 INFO  : ps7_post_config is completed.
10:43:27 INFO  : Processor reset is completed for ps7_cortexa9_0
10:43:48 INFO  : ps7_cortexa9_0 Processor is in use. Please stop existing Run or Debug sessions before launching.
10:43:50 INFO  : Processor reset is completed for ps7_cortexa9_0
10:45:28 INFO  : ps7_cortexa9_0 Processor is in use. Please stop existing Run or Debug sessions before launching.
10:45:30 INFO  : Processor reset is completed for ps7_cortexa9_0
10:52:20 INFO  : ps7_cortexa9_0 Processor is in use. Please stop existing Run or Debug sessions before launching.
10:52:22 INFO  : Processor reset is completed for ps7_cortexa9_0
10:59:20 INFO  : ps7_cortexa9_0 Processor is in use. Please stop existing Run or Debug sessions before launching.
10:59:22 INFO  : Processor reset is completed for ps7_cortexa9_0
11:00:10 INFO  : ps7_cortexa9_0 Processor is in use. Please stop existing Run or Debug sessions before launching.
11:00:50 INFO  : Processor reset is completed for ps7_cortexa9_0
11:02:13 INFO  : ps7_cortexa9_0 Processor is in use. Please stop existing Run or Debug sessions before launching.
11:02:16 INFO  : Processor reset is completed for ps7_cortexa9_0
11:04:13 ERROR : Unexpected error while launching program.
java.lang.RuntimeException: The program file specified in the launch configuration does not exist
	at com.xilinx.sdk.debug.core.XilinxAppLaunchConfigurationDelegate.runApplication(XilinxAppLaunchConfigurationDelegate.java:548)
	at com.xilinx.sdk.debug.core.XilinxAppLaunchConfigurationDelegate.launch(XilinxAppLaunchConfigurationDelegate.java:293)
	at com.xilinx.sdk.debug.ui.XilinxAppLaunchDelegateWrapper.launch(XilinxAppLaunchDelegateWrapper.java:31)
	at org.eclipse.debug.internal.core.LaunchConfiguration.launch(LaunchConfiguration.java:858)
	at org.eclipse.debug.internal.core.LaunchConfiguration.launch(LaunchConfiguration.java:707)
	at org.eclipse.debug.internal.ui.DebugUIPlugin.buildAndLaunch(DebugUIPlugin.java:1018)
	at org.eclipse.debug.internal.ui.DebugUIPlugin$8.run(DebugUIPlugin.java:1222)
	at org.eclipse.core.internal.jobs.Worker.run(Worker.java:53)
11:05:04 INFO  : FPGA configured successfully with bitstream "C:/Users/Kasper/Documents/GitHub/TIHSC/Exercise2/Exercise7/core/exercise7/exercise7.sdk/system_wrapper_hw_platform_1/system_wrapper.bit"
11:07:36 ERROR : Unexpected error while parsing XMD response ?: com.google.gson.JsonSyntaxException: com.google.gson.stream.MalformedJsonException: invalid number or unquoted string near 
11:23:18 INFO  : Processing command line option -hwspec C:/Users/Kasper/Documents/GitHub/TIHSC/Exercise2/Exercise7/core/exercise7/exercise7.sdk/system_wrapper.hdf.
11:23:19 INFO  : Checking for hwspec changes in the project system_wrapper_hw_platform_1.
11:23:20 INFO  : Launching XSDB server: xsdb.bat -s C:/Xilinx/SDK/2014.4/scripts/xsdb/xsdb/xsdb-server.tcl 2450
11:23:23 INFO  : SDK has detected change in the last modified timestamps for source hardware specification file Source:1431681764834,  Project:1431677230355
11:23:23 INFO  : The hardware specification for project 'system_wrapper_hw_platform_1' is different from C:/Users/Kasper/Documents/GitHub/TIHSC/Exercise2/Exercise7/core/exercise7/exercise7.sdk/system_wrapper.hdf.
11:23:23 INFO  : Copied contents of C:/Users/Kasper/Documents/GitHub/TIHSC/Exercise2/Exercise7/core/exercise7/exercise7.sdk/system_wrapper.hdf into \system_wrapper_hw_platform_1\system.hdf.
11:23:54 INFO  : Synchronizing projects in the workspace with the hardware platform specification changes.
11:24:23 INFO  : 
11:24:25 INFO  : Updating hardware inferred compiler options for exercise7.
11:24:25 INFO  : Clearing existing target manager status.
11:24:49 INFO  : Project exercise7_bsp was a BSP project. Please update references.
11:24:49 ERROR : SDK has detected that project exercise7_bsp has been deleted (or renamed).
If this project was a BSP referenced by other C/C++ applications, then those applications will fail to build now. Please right click on those applications and click 'Change Referenced BSP' to update those projects' BSP references.
11:25:07 INFO  : BSP Project P/exercise7_bsp_2 has been successfully migrated.
11:26:00 ERROR : Checking FPGA configuration failed..Connection to Board Failed


    Unknown Error Occured
    Cable is not connected to the host

11:26:00 ERROR : Unexpected error while launching program.
com.xilinx.sdk.targetmanager.TMException: Connection to Board Failed


    Unknown Error Occured
    Cable is not connected to the host

	at com.xilinx.sdk.targetmanager.internal.TM.isFPGAConfigured(TM.java:372)
	at com.xilinx.sdk.debug.core.XilinxAppLaunchConfigurationDelegate.isFpgaConfigured(XilinxAppLaunchConfigurationDelegate.java:378)
	at com.xilinx.sdk.debug.core.XilinxAppLaunchConfigurationDelegate.launch(XilinxAppLaunchConfigurationDelegate.java:287)
	at com.xilinx.sdk.debug.ui.XilinxAppLaunchDelegateWrapper.launch(XilinxAppLaunchDelegateWrapper.java:31)
	at org.eclipse.debug.internal.core.LaunchConfiguration.launch(LaunchConfiguration.java:858)
	at org.eclipse.debug.internal.core.LaunchConfiguration.launch(LaunchConfiguration.java:707)
	at org.eclipse.debug.internal.ui.DebugUIPlugin.buildAndLaunch(DebugUIPlugin.java:1018)
	at org.eclipse.debug.internal.ui.DebugUIPlugin$8.run(DebugUIPlugin.java:1222)
	at org.eclipse.core.internal.jobs.Worker.run(Worker.java:53)
11:26:12 INFO  : FPGA configured successfully with bitstream "C:/Users/Kasper/Documents/GitHub/TIHSC/Exercise2/Exercise7/core/exercise7/exercise7.sdk/system_wrapper_hw_platform_1/system_wrapper.bit"
11:26:46 ERROR : Unexpected error while launching program.
java.lang.RuntimeException: The program file specified in the launch configuration does not exist
	at com.xilinx.sdk.debug.core.XilinxAppLaunchConfigurationDelegate.runApplication(XilinxAppLaunchConfigurationDelegate.java:548)
	at com.xilinx.sdk.debug.core.XilinxAppLaunchConfigurationDelegate.launch(XilinxAppLaunchConfigurationDelegate.java:293)
	at com.xilinx.sdk.debug.ui.XilinxAppLaunchDelegateWrapper.launch(XilinxAppLaunchDelegateWrapper.java:31)
	at org.eclipse.debug.internal.core.LaunchConfiguration.launch(LaunchConfiguration.java:858)
	at org.eclipse.debug.internal.core.LaunchConfiguration.launch(LaunchConfiguration.java:707)
	at org.eclipse.debug.internal.ui.DebugUIPlugin.buildAndLaunch(DebugUIPlugin.java:1018)
	at org.eclipse.debug.internal.ui.DebugUIPlugin$8.run(DebugUIPlugin.java:1222)
	at org.eclipse.core.internal.jobs.Worker.run(Worker.java:53)
11:29:07 INFO  : ps7_init is completed.
11:29:08 INFO  : ps7_post_config is completed.
11:29:09 INFO  : Processor reset is completed for ps7_cortexa9_0
11:58:43 ERROR : Unexpected error while parsing XMD response ?: com.google.gson.JsonSyntaxException: com.google.gson.stream.MalformedJsonException: invalid number or unquoted string near 
10:23:35 INFO  : Processing command line option -hwspec C:/Users/Kasper/Documents/GitHub/TIHSC/Exercise2/Exercise7/core/exercise7/exercise7.sdk/system_wrapper.hdf.
10:23:37 INFO  : Checking for hwspec changes in the project system_wrapper_hw_platform_1.
10:23:37 INFO  : Launching XSDB server: xsdb.bat -s C:/Xilinx/SDK/2014.4/scripts/xsdb/xsdb/xsdb-server.tcl 2450
10:24:12 INFO  : FPGA configured successfully with bitstream "C:/Users/Kasper/Documents/GitHub/TIHSC/Exercise2/Exercise7/core/exercise7/exercise7.sdk/system_wrapper_hw_platform_1/system_wrapper.bit"
10:26:31 INFO  : ps7_init is completed.
10:26:31 INFO  : ps7_post_config is completed.
10:26:33 INFO  : Processor reset is completed for ps7_cortexa9_0
10:42:48 ERROR : Unexpected error while parsing XMD response ?: com.google.gson.JsonSyntaxException: com.google.gson.stream.MalformedJsonException: invalid number or unquoted string near 
23:51:12 INFO  : Processing command line option -hwspec C:/Users/Kasper/Documents/GitHub/TIHSC/Exercise2/Exercise7/core/exercise7/exercise7.sdk/system_wrapper.hdf.
23:51:15 INFO  : Checking for hwspec changes in the project system_wrapper_hw_platform_1.
23:51:15 INFO  : Launching XSDB server: xsdb.bat -s C:/Xilinx/SDK/2014.4/scripts/xsdb/xsdb/xsdb-server.tcl 2450
13:21:45 INFO  : Processing command line option -hwspec C:/Users/Kasper/Documents/GitHub/TIHSC/Exercise2/Exercise7/core/exercise7/exercise7.sdk/system_wrapper.hdf.
13:21:47 INFO  : Checking for hwspec changes in the project system_wrapper_hw_platform_1.
13:21:47 INFO  : Launching XSDB server: xsdb.bat -s C:/Xilinx/SDK/2014.4/scripts/xsdb/xsdb/xsdb-server.tcl 2450
13:20:40 INFO  : Processing command line option -hwspec C:/Users/Kasper/Documents/GitHub/TIHSC/AI_Project/ZyboCar/ZyboCar.sdk/ZyboCarDesign_wrapper.hdf.
13:20:42 INFO  : Launching XSDB server: xsdb.bat -s C:/Xilinx/SDK/2014.4/scripts/xsdb/xsdb/xsdb-server.tcl 2450
13:21:07 ERROR :  [Hsi 55-1594] Core iosc_top of version 1.0 not found in repositories
13:21:07 ERROR :  [Hsi 55-1594] Core iosc_top of version 1.0 not found in repositories
 [Hsi 55-1594] Core iosc_top of version 1.0 not found in repositories
 [Hsi 55-1594] Core iosc_top of version 1.0 not found in repositories
 [Hsi 55-1430] Driver Name is empty
13:21:07 ERROR :  [Hsi 55-1594] Core iosc_top of version 1.0 not found in repositories
 [Hsi 55-1594] Core iosc_top of version 1.0 not found in repositories
 [Hsi 55-1546] Processor Instance  doesn't exist in Xml/HwDb
13:21:09 ERROR :  [Hsi 55-1594] Core iosc_top of version 1.0 not found in repositories
13:21:09 ERROR :  [Hsi 55-1594] Core iosc_top of version 1.0 not found in repositories
 [Hsi 55-1594] Core iosc_top of version 1.0 not found in repositories
 [Hsi 55-1594] Core iosc_top of version 1.0 not found in repositories
 [Hsi 55-1594] Core  of version  not found in repositories
13:21:09 ERROR :  [Hsi 55-1430] Driver Name is empty
13:21:09 ERROR :  [Hsi 55-1594] Core iosc_top of version 1.0 not found in repositories
13:21:09 ERROR :  [Hsi 55-1594] Core iosc_top of version 1.0 not found in repositories
 [Hsi 55-1594] Core iosc_top of version 1.0 not found in repositories
 [Hsi 55-1594] Core iosc_top of version 1.0 not found in repositories
 [Hsi 55-1594] Core iosc_top of version 1.0 not found in repositories
13:21:19 ERROR :  [Hsi 55-1594] Core iosc_top of version 1.0 not found in repositories
13:21:33 ERROR :  [Hsi 55-1594] Core iosc_top of version 1.0 not found in repositories
 [Hsi 55-1594] Core iosc_top of version 1.0 not found in repositories
 [Hsi 55-1594] Core iosc_top of version 1.0 not found in repositories
13:22:22 INFO  : Processing command line option -hwspec C:/Users/Kasper/Documents/GitHub/TIHSC/Exercise2/Exercise7/core/exercise7/exercise7.sdk/system_wrapper.hdf.
13:22:23 INFO  : Checking for hwspec changes in the project system_wrapper_hw_platform_1.
13:22:24 INFO  : Launching XSDB server: xsdb.bat -s C:/Xilinx/SDK/2014.4/scripts/xsdb/xsdb/xsdb-server.tcl 2450
13:22:30 ERROR :  [Hsi 55-1594] Core iosc_top of version 1.0 not found in repositories
13:22:40 ERROR :  [Hsi 55-1594] Core iosc_top of version 1.0 not found in repositories
13:22:40 ERROR :  [Hsi 55-1594] Core iosc_top of version 1.0 not found in repositories
 [Hsi 55-1594] Core iosc_top of version 1.0 not found in repositories
 [Hsi 55-1594] Core iosc_top of version 1.0 not found in repositories
 [Hsi 55-1430] Driver Name is empty
13:22:40 ERROR :  [Hsi 55-1594] Core iosc_top of version 1.0 not found in repositories
 [Hsi 55-1594] Core iosc_top of version 1.0 not found in repositories
 [Hsi 55-1546] Processor Instance  doesn't exist in Xml/HwDb
13:23:05 ERROR :  [Hsi 55-1594] Core iosc_top of version 1.0 not found in repositories
13:23:05 ERROR :  [Hsi 55-1594] Core iosc_top of version 1.0 not found in repositories
 [Hsi 55-1594] Core iosc_top of version 1.0 not found in repositories
 [Hsi 55-1594] Core iosc_top of version 1.0 not found in repositories
 [Hsi 55-1464] Hardware instance  not found in the design
13:24:06 INFO  : FPGA configured successfully with bitstream "C:/Users/Kasper/Documents/GitHub/TIHSC/Exercise2/Exercise7/core/exercise7/exercise7.sdk/system_wrapper_hw_platform_1/system_wrapper.bit"
13:24:18 INFO  : ps7_init is completed.
13:24:18 INFO  : ps7_post_config is completed.
13:24:18 INFO  : Processor reset is completed for ps7_cortexa9_0
13:25:35 ERROR : Unexpected error while parsing XMD response ?: com.google.gson.JsonSyntaxException: com.google.gson.stream.MalformedJsonException: invalid number or unquoted string near 
13:44:58 INFO  : Processing command line option -hwspec C:/Users/Kasper/Documents/GitHub/TIHSC/Exercise2/Exercise7/core/exercise7/exercise7.sdk/system_wrapper.hdf.
13:45:00 INFO  : Checking for hwspec changes in the project system_wrapper_hw_platform_1.
13:45:01 INFO  : Launching XSDB server: xsdb.bat -s C:/Xilinx/SDK/2014.4/scripts/xsdb/xsdb/xsdb-server.tcl 2450
13:45:05 ERROR :  [Hsi 55-1594] Core iosc_top of version 1.0 not found in repositories
13:45:56 ERROR :  [Hsi 55-1594] Core iosc_top of version 1.0 not found in repositories
 [Hsi 55-1594] Core iosc_top of version 1.0 not found in repositories
 [Hsi 55-1594] Core iosc_top of version 1.0 not found in repositories
15:03:54 INFO  : Processing command line option -hwspec C:/Users/Kasper/Documents/GitHub/TIHSC/Exercise2/Exercise7/core/exercise7/exercise7.sdk/system_wrapper.hdf.
15:03:55 INFO  : Checking for hwspec changes in the project system_wrapper_hw_platform_1.
15:03:56 INFO  : Launching XSDB server: xsdb.bat -s C:/Xilinx/SDK/2014.4/scripts/xsdb/xsdb/xsdb-server.tcl 2450
15:03:58 INFO  : SDK has detected change in the last modified timestamps for source hardware specification file Source:1432126764693,  Project:1431681764834
15:03:58 INFO  : The hardware specification for project 'system_wrapper_hw_platform_1' is different from C:/Users/Kasper/Documents/GitHub/TIHSC/Exercise2/Exercise7/core/exercise7/exercise7.sdk/system_wrapper.hdf.
15:03:58 INFO  : Copied contents of C:/Users/Kasper/Documents/GitHub/TIHSC/Exercise2/Exercise7/core/exercise7/exercise7.sdk/system_wrapper.hdf into \system_wrapper_hw_platform_1\system.hdf.
15:03:59 INFO  : SDK has detected change in the last modified timestamps for source hardware specification file Source:1432125209552,  Project:1432118879262
15:03:59 INFO  : Project ZyboCarDesign_wrapper_hw_platform_0's source hardware specification located at C:/Users/Kasper/Documents/GitHub/TIHSC/AI_Project/ZyboCar/ZyboCar.sdk/ZyboCarDesign_wrapper.hdf is now different from the local copy.
		 The local copy will be replaced with the source specification and your workspace will be updated.
15:05:00 ERROR : Unable to save current hardware specification file in a temporary location.
15:05:00 INFO  : Copied contents of C:/Users/Kasper/Documents/GitHub/TIHSC/AI_Project/ZyboCar/ZyboCar.sdk/ZyboCarDesign_wrapper.hdf into \ZyboCarDesign_wrapper_hw_platform_0\system.hdf.
15:05:01 INFO  : Synchronizing projects in the workspace with the hardware platform specification changes.
15:05:02 INFO  : 
15:05:32 INFO  : Updating hardware inferred compiler options for exercise7.
15:05:32 INFO  : Clearing existing target manager status.
15:05:34 INFO  : Workspace synchronized with the new hardware specification file. Cleaning dependent projects...
15:06:27 ERROR : Unexpected error while parsing XMD response ?: com.google.gson.JsonSyntaxException: com.google.gson.stream.MalformedJsonException: invalid number or unquoted string near 
15:06:39 INFO  : Processing command line option -hwspec C:/Users/Kasper/Documents/GitHub/TIHSC/Exercise2/Exercise7/core/exercise7/exercise7.sdk/system_wrapper.hdf.
15:06:41 INFO  : Checking for hwspec changes in the project system_wrapper_hw_platform_1.
15:06:41 INFO  : Launching XSDB server: xsdb.bat -s C:/Xilinx/SDK/2014.4/scripts/xsdb/xsdb/xsdb-server.tcl 2450
15:06:59 ERROR :  [Hsi 55-1594] Core iosc_top of version 1.0 not found in repositories
15:06:59 ERROR :  [Hsi 55-1594] Core iosc_top of version 1.0 not found in repositories
 [Hsi 55-1594] Core iosc_top of version 1.0 not found in repositories
 [Hsi 55-1594] Core iosc_top of version 1.0 not found in repositories
 [Hsi 55-1430] Driver Name is empty
15:06:59 ERROR :  [Hsi 55-1594] Core iosc_top of version 1.0 not found in repositories
 [Hsi 55-1594] Core iosc_top of version 1.0 not found in repositories
 [Hsi 55-1546] Processor Instance  doesn't exist in Xml/HwDb
15:07:01 ERROR :  [Hsi 55-1594] Core iosc_top of version 1.0 not found in repositories
15:07:01 ERROR :  [Hsi 55-1594] Core iosc_top of version 1.0 not found in repositories
 [Hsi 55-1594] Core iosc_top of version 1.0 not found in repositories
 [Hsi 55-1594] Core iosc_top of version 1.0 not found in repositories
 [Hsi 55-1594] Core  of version  not found in repositories
15:07:01 ERROR :  [Hsi 55-1430] Driver Name is empty
15:07:01 ERROR :  [Hsi 55-1594] Core iosc_top of version 1.0 not found in repositories
15:07:01 ERROR :  [Hsi 55-1594] Core iosc_top of version 1.0 not found in repositories
 [Hsi 55-1594] Core iosc_top of version 1.0 not found in repositories
 [Hsi 55-1594] Core iosc_top of version 1.0 not found in repositories
 [Hsi 55-1594] Core iosc_top of version 1.0 not found in repositories
15:07:16 ERROR :  [Hsi 55-1594] Core iosc_top of version 1.0 not found in repositories
15:07:16 ERROR : Unexpected error occurred during generating bsp sources
java.lang.reflect.InvocationTargetException
	at org.eclipse.jface.operation.ModalContext.run(ModalContext.java:421)
	at org.eclipse.jface.dialogs.ProgressMonitorDialog.run(ProgressMonitorDialog.java:507)
	at org.eclipse.ui.internal.progress.ProgressMonitorJobsDialog.run(ProgressMonitorJobsDialog.java:275)
	at org.eclipse.ui.internal.progress.ProgressManager$3.run(ProgressManager.java:960)
	at org.eclipse.swt.custom.BusyIndicator.showWhile(BusyIndicator.java:70)
	at org.eclipse.ui.internal.progress.ProgressManager.busyCursorWhile(ProgressManager.java:995)
	at org.eclipse.ui.internal.progress.ProgressManager.busyCursorWhile(ProgressManager.java:970)
	at org.eclipse.ui.internal.progress.ProgressManager.run(ProgressManager.java:1166)
	at com.xilinx.sdk.sw.ui.handlers.RegenBspSourcesHandler.execute(RegenBspSourcesHandler.java:124)
	at com.xilinx.sdk.sw.ui.handlers.RegenBspSourcesHandler.execute(RegenBspSourcesHandler.java:78)
	at org.eclipse.ui.internal.handlers.HandlerProxy.execute(HandlerProxy.java:290)
	at org.eclipse.ui.internal.handlers.E4HandlerProxy.execute(E4HandlerProxy.java:90)
	at sun.reflect.NativeMethodAccessorImpl.invoke0(Native Method)
	at sun.reflect.NativeMethodAccessorImpl.invoke(Unknown Source)
	at sun.reflect.DelegatingMethodAccessorImpl.invoke(Unknown Source)
	at java.lang.reflect.Method.invoke(Unknown Source)
	at org.eclipse.e4.core.internal.di.MethodRequestor.execute(MethodRequestor.java:56)
	at org.eclipse.e4.core.internal.di.InjectorImpl.invokeUsingClass(InjectorImpl.java:243)
	at org.eclipse.e4.core.internal.di.InjectorImpl.invoke(InjectorImpl.java:224)
	at org.eclipse.e4.core.contexts.ContextInjectionFactory.invoke(ContextInjectionFactory.java:132)
	at org.eclipse.e4.core.commands.internal.HandlerServiceHandler.execute(HandlerServiceHandler.java:167)
	at org.eclipse.core.commands.Command.executeWithChecks(Command.java:499)
	at org.eclipse.core.commands.ParameterizedCommand.executeWithChecks(ParameterizedCommand.java:508)
	at org.eclipse.e4.core.commands.internal.HandlerServiceImpl.executeHandler(HandlerServiceImpl.java:213)
	at org.eclipse.e4.ui.workbench.renderers.swt.HandledContributionItem.executeItem(HandledContributionItem.java:850)
	at org.eclipse.e4.ui.workbench.renderers.swt.HandledContributionItem.handleWidgetSelection(HandledContributionItem.java:743)
	at org.eclipse.e4.ui.workbench.renderers.swt.HandledContributionItem.access$7(HandledContributionItem.java:727)
	at org.eclipse.e4.ui.workbench.renderers.swt.HandledContributionItem$4.handleEvent(HandledContributionItem.java:662)
	at org.eclipse.swt.widgets.EventTable.sendEvent(EventTable.java:84)
	at org.eclipse.swt.widgets.Widget.sendEvent(Widget.java:1057)
	at org.eclipse.swt.widgets.Display.runDeferredEvents(Display.java:4170)
	at org.eclipse.swt.widgets.Display.readAndDispatch(Display.java:3759)
	at org.eclipse.e4.ui.internal.workbench.swt.PartRenderingEngine$9.run(PartRenderingEngine.java:1113)
	at org.eclipse.core.databinding.observable.Realm.runWithDefault(Realm.java:332)
	at org.eclipse.e4.ui.internal.workbench.swt.PartRenderingEngine.run(PartRenderingEngine.java:997)
	at org.eclipse.e4.ui.internal.workbench.E4Workbench.createAndRunUI(E4Workbench.java:140)
	at org.eclipse.ui.internal.Workbench$5.run(Workbench.java:611)
	at org.eclipse.core.databinding.observable.Realm.runWithDefault(Realm.java:332)
	at org.eclipse.ui.internal.Workbench.createAndRunWorkbench(Workbench.java:567)
	at org.eclipse.ui.PlatformUI.createAndRunWorkbench(PlatformUI.java:150)
	at org.eclipse.ui.internal.ide.application.IDEApplication.start(IDEApplication.java:124)
	at org.eclipse.equinox.internal.app.EclipseAppHandle.run(EclipseAppHandle.java:196)
	at org.eclipse.core.runtime.internal.adaptor.EclipseAppLauncher.runApplication(EclipseAppLauncher.java:110)
	at org.eclipse.core.runtime.internal.adaptor.EclipseAppLauncher.start(EclipseAppLauncher.java:79)
	at org.eclipse.core.runtime.adaptor.EclipseStarter.run(EclipseStarter.java:354)
	at org.eclipse.core.runtime.adaptor.EclipseStarter.run(EclipseStarter.java:181)
	at sun.reflect.NativeMethodAccessorImpl.invoke0(Native Method)
	at sun.reflect.NativeMethodAccessorImpl.invoke(Unknown Source)
	at sun.reflect.DelegatingMethodAccessorImpl.invoke(Unknown Source)
	at java.lang.reflect.Method.invoke(Unknown Source)
	at org.eclipse.equinox.launcher.Main.invokeFramework(Main.java:636)
	at org.eclipse.equinox.launcher.Main.basicRun(Main.java:591)
	at org.eclipse.equinox.launcher.Main.run(Main.java:1450)
Caused by: java.lang.IllegalArgumentException: Path must include project and resource name: /exercise7_bsp_2
	at org.eclipse.core.runtime.Assert.isLegal(Assert.java:63)
	at org.eclipse.core.internal.resources.Workspace.newResource(Workspace.java:2164)
	at org.eclipse.core.internal.resources.Container.getFolder(Container.java:215)
	at com.xilinx.sdk.sw.ui.handlers.RegenBspSourcesHandler.internalGenerateBsp(RegenBspSourcesHandler.java:169)
	at com.xilinx.sdk.sw.ui.handlers.RegenBspSourcesHandler.access$2(RegenBspSourcesHandler.java:163)
	at com.xilinx.sdk.sw.ui.handlers.RegenBspSourcesHandler$1$1.run(RegenBspSourcesHandler.java:131)
	at org.eclipse.core.internal.resources.Workspace.run(Workspace.java:2345)
	at com.xilinx.sdk.sw.ui.handlers.RegenBspSourcesHandler$1.run(RegenBspSourcesHandler.java:135)
	at org.eclipse.jface.operation.ModalContext$ModalContextThread.run(ModalContext.java:121)
15:07:26 ERROR :  [Hsi 55-1594] Core iosc_top of version 1.0 not found in repositories
15:08:08 ERROR :  [Hsi 55-1594] Core iosc_top of version 1.0 not found in repositories
15:08:08 ERROR :  [Hsi 55-1594] Core iosc_top of version 1.0 not found in repositories
 [Hsi 55-1594] Core iosc_top of version 1.0 not found in repositories
 [Hsi 55-1594] Core iosc_top of version 1.0 not found in repositories
 [Hsi 55-1594] Core  of version  not found in repositories
15:08:08 ERROR :  [Hsi 55-1430] Driver Name is empty
15:08:08 ERROR :  [Hsi 55-1594] Core iosc_top of version 1.0 not found in repositories
15:08:08 ERROR :  [Hsi 55-1594] Core iosc_top of version 1.0 not found in repositories
 [Hsi 55-1594] Core iosc_top of version 1.0 not found in repositories
 [Hsi 55-1594] Core iosc_top of version 1.0 not found in repositories
 [Hsi 55-1594] Core iosc_top of version 1.0 not found in repositories
15:08:17 ERROR :  [Hsi 55-1594] Core iosc_top of version 1.0 not found in repositories
15:12:03 INFO  : Project exercise7_bsp_2 was a BSP project. Please update references.
15:12:03 ERROR : SDK has detected that project exercise7_bsp_2 has been deleted (or renamed).
If this project was a BSP referenced by other C/C++ applications, then those applications will fail to build now. Please right click on those applications and click 'Change Referenced BSP' to update those projects' BSP references.
15:12:09 ERROR :  [Hsi 55-1594] Core iosc_top of version 1.0 not found in repositories
 [Hsi 55-1594] Core iosc_top of version 1.0 not found in repositories
 [Hsi 55-1594] Core iosc_top of version 1.0 not found in repositories
15:12:27 INFO  : BSP Project P/exercise7_bsp_0 has been successfully migrated.
14:25:29 INFO  : Launching XSDB server: xsdb.bat -s C:/Xilinx/SDK/2014.4/scripts/xsdb/xsdb/xsdb-server.tcl 2450
14:25:33 INFO  : SDK has detected change in the last modified timestamps for source hardware specification file Source:1432231223342,  Project:1432125209552
14:25:33 INFO  : Project ZyboCarDesign_wrapper_hw_platform_0's source hardware specification located at C:/Users/Kasper/Documents/GitHub/TIHSC/AI_Project/ZyboCar/ZyboCar.sdk/ZyboCarDesign_wrapper.hdf is now different from the local copy.
		 The local copy will be replaced with the source specification and your workspace will be updated.
14:25:41 INFO  : Copied contents of C:/Users/Kasper/Documents/GitHub/TIHSC/AI_Project/ZyboCar/ZyboCar.sdk/ZyboCarDesign_wrapper.hdf into \ZyboCarDesign_wrapper_hw_platform_0\system.hdf.
14:25:42 INFO  : Synchronizing projects in the workspace with the hardware platform specification changes.
14:25:42 INFO  : Clearing existing target manager status.
14:25:44 INFO  : Workspace synchronized with the new hardware specification file. Cleaning dependent projects...
14:30:53 INFO  : FPGA configured successfully with bitstream "C:/Users/Kasper/Documents/GitHub/TIHSC/Exercise2/Exercise7/core/exercise7/exercise7.sdk/system_wrapper_hw_platform_1/system_wrapper.bit"
14:31:24 ERROR : Unexpected error while parsing XMD response ?: com.google.gson.JsonSyntaxException: com.google.gson.stream.MalformedJsonException: invalid number or unquoted string near 
