Copyright 1986-2014 Xilinx, Inc. All Rights Reserved.
-----------------------------------------------------------------------------------------
| Tool Version      : Vivado v.2014.4 (win64) Build 1071353 Tue Nov 18 18:29:27 MST 2014
| Date              : Thu May 21 19:46:57 2015
| Host              : KASPER-PC running 64-bit major release  (build 9200)
| Command           : report_timing -file ./report/MotorCtrl_timing_synth.rpt
| Design            : MotorCtrl
| Device            : 7z010-clg400
| Speed File        : -1  PRODUCTION 1.11 2014-09-11
| Temperature Grade : C
-----------------------------------------------------------------------------------------

Timing Report

Slack (MET) :             3.818ns  (required time - arrival time)
  Source:                 MotorCtrl_pwmCount_V_reg[5]/C
                            (rising edge-triggered cell FDRE clocked by clk  {rise@0.000ns fall@4.000ns period=8.000ns})
  Destination:            EN1_reg/D
                            (rising edge-triggered cell FDRE clocked by clk  {rise@0.000ns fall@4.000ns period=8.000ns})
  Path Group:             clk
  Path Type:              Setup (Max at Slow Process Corner)
  Requirement:            8.000ns  (clk rise@8.000ns - clk rise@0.000ns)
  Data Path Delay:        4.052ns  (logic 1.915ns (47.261%)  route 2.137ns (52.739%))
  Logic Levels:           5  (CARRY4=2 LUT4=2 LUT6=1)
  Clock Path Skew:        -0.174ns (DCD - SCD + CPR)
    Destination Clock Delay (DCD):    1.503ns = ( 9.503 - 8.000 ) 
    Source Clock Delay      (SCD):    1.677ns
    Clock Pessimism Removal (CPR):    0.000ns
  Clock Uncertainty:      0.035ns  ((TSJ^2 + TIJ^2)^1/2 + DJ) / 2 + PE
    Total System Jitter     (TSJ):    0.071ns
    Total Input Jitter      (TIJ):    0.000ns
    Discrete Jitter          (DJ):    0.000ns
    Phase Error              (PE):    0.000ns

    Location             Delay type                Incr(ns)  Path(ns)    Netlist Resource(s)
  -------------------------------------------------------------------    -------------------
                         (clock clk rise edge)        0.000     0.000 r  
                                                      0.000     0.000 r  clk
                         net (fo=49, unset)           1.677     1.677    clk
                                                                      r  MotorCtrl_pwmCount_V_reg[5]/C
  -------------------------------------------------------------------    -------------------
                         FDRE (Prop_fdre_C_Q)         0.496     2.173 f  MotorCtrl_pwmCount_V_reg[5]/Q
                         net (fo=7, unplaced)         0.841     3.014    MotorCtrl_pwmCount_V_reg__0[5]
                         LUT4 (Prop_lut4_I0_O)        0.289     3.303 r  MotorCtrl_pwmCount_V[9]_i_2/O
                         net (fo=8, unplaced)         0.349     3.652    n_0_MotorCtrl_pwmCount_V[9]_i_2
                         LUT4 (Prop_lut4_I3_O)        0.328     3.980 r  EN1_i_18/O
                         net (fo=4, unplaced)         0.473     4.453    n_0_EN1_i_18
                         LUT6 (Prop_lut6_I5_O)        0.124     4.577 r  EN1_i_6/O
                         net (fo=1, unplaced)         0.474     5.051    n_0_EN1_i_6
                         CARRY4 (Prop_carry4_DI[3]_CO[3])
                                                      0.385     5.436 r  EN1_reg_i_3/CO[3]
                         net (fo=1, unplaced)         0.000     5.436    n_0_EN1_reg_i_3
                         CARRY4 (Prop_carry4_CI_CO[0])
                                                      0.293     5.729 r  EN1_reg_i_2/CO[0]
                         net (fo=1, unplaced)         0.000     5.729    grp_MotorCtrl_pwmThread_fu_120_EN1
                         FDRE                                         r  EN1_reg/D
  -------------------------------------------------------------------    -------------------

                         (clock clk rise edge)        8.000     8.000 r  
                                                      0.000     8.000 r  clk
                         net (fo=49, unset)           1.503     9.503    clk
                                                                      r  EN1_reg/C
                         clock pessimism              0.000     9.503    
                         clock uncertainty           -0.035     9.468    
                         FDRE (Setup_fdre_C_D)        0.079     9.547    EN1_reg
  -------------------------------------------------------------------
                         required time                          9.547    
                         arrival time                          -5.729    
  -------------------------------------------------------------------
                         slack                                  3.818    




