

================================================================
== Vivado HLS Report for 'iosc_timerThread'
================================================================
* Date:           Fri May 15 11:10:04 2015

* Version:        2014.4 (Build 1071461 on Tue Nov 18 16:42:57 PM 2014)
* Project:        SC_IO
* Solution:       solution1
* Product family: zynq
* Target device:  xc7z010clg400-1


================================================================
== Performance Estimates
================================================================
+ Timing (ns): 
    * Summary: 
    +---------+-------+----------+------------+
    |  Clock  | Target| Estimated| Uncertainty|
    +---------+-------+----------+------------+
    |default  |  10.00|      2.52|        1.25|
    +---------+-------+----------+------------+

+ Latency (clock cycles): 
    * Summary: 
    +-----+-----+-----+-----+---------+
    |  Latency  |  Interval | Pipeline|
    | min | max | min | max |   Type  |
    +-----+-----+-----+-----+---------+
    |    3|    3|    3|    3|   none  |
    +-----+-----+-----+-----+---------+

    + Detail: 
        * Instance: 
        N/A

        * Loop: 
        +----------+-----+-----+----------+-----------+-----------+------+----------+
        |          |  Latency  | Iteration|  Initiation Interval  | Trip |          |
        | Loop Name| min | max |  Latency |  achieved |   target  | Count| Pipelined|
        +----------+-----+-----+----------+-----------+-----------+------+----------+
        |- Loop 1  |    2|    2|         2|          -|          -|  inf |    no    |
        +----------+-----+-----+----------+-----------+-----------+------+----------+



================================================================
== Utilization Estimates
================================================================
* Summary: 
+-----------------+---------+-------+-------+-------+
|       Name      | BRAM_18K| DSP48E|   FF  |  LUT  |
+-----------------+---------+-------+-------+-------+
|Expression       |        -|      -|      -|      -|
|FIFO             |        -|      -|      -|      -|
|Instance         |        -|      -|      -|      -|
|Memory           |        -|      -|      -|      -|
|Multiplexer      |        -|      -|      -|      -|
|Register         |        -|      -|      -|      -|
+-----------------+---------+-------+-------+-------+
|Total            |        0|      0|      0|      0|
+-----------------+---------+-------+-------+-------+
|Available        |      120|     80|  35200|  17600|
+-----------------+---------+-------+-------+-------+
|Utilization (%)  |        0|      0|      0|      0|
+-----------------+---------+-------+-------+-------+

+ Detail: 
    * Instance: 
    N/A

    * Memory: 
    N/A

    * FIFO: 
    N/A

    * Expression: 
    N/A

    * Multiplexer: 
    N/A

    * Register: 
    N/A



================================================================
== Interface
================================================================
* Summary: 
N/A

============================================================
+ Verbose Summary: Synthesis Manager
============================================================
InlineROM: 1
ExposeGlobal: 0
============================================================
+ Verbose Summary: CDFG Model
============================================================
IsTopModel: 0
ResetActiveHigh: 1
IsCombinational: 0
IsDatapathOnly: 0
HasWiredReturn: 0
HasMFsm: 0
HasVarLatency: 1
IsPipeline: 0
IsRtlPipelined: 0
IsInstanceOverlapped: 0
IsDontTouch: 0
HasImplIP: 0
IsGatedGlobalClock: 0


============================================================
+ Verbose Summary: Schedule
============================================================
* Number of FSM states: 3
* Pipeline: 0
* Dataflow Pipeline: 0

* FSM state transitions: 
1 --> 
	2  / true
2 --> 
	3  / true
3 --> 
	2  / true
* FSM state operations: 

 <State 1>: 0.00ns
ST_1: stg_4 [1/1] 0.00ns
:0  call void (...)* @_ssdm_op_SpecBitsMap(i1* %clk), !map !72

ST_1: stg_5 [1/1] 0.00ns
:1  call void (...)* @_ssdm_op_SpecBitsMap(i1* %reset), !map !76

ST_1: stg_6 [1/1] 0.00ns
:2  call void (...)* @_ssdm_op_SpecBitsMap(i4* %ctrl), !map !80

ST_1: stg_7 [1/1] 0.00ns
:3  call void (...)* @_ssdm_op_SpecBitsMap(i4* %inSwitch), !map !84

ST_1: stg_8 [1/1] 0.00ns
:4  call void (...)* @_ssdm_op_SpecBitsMap(i4* %outLeds), !map !88

ST_1: stg_9 [1/1] 0.00ns
:5  call void (...)* @_ssdm_op_SpecBitsMap(i4* %iosc_switchs_V), !map !92

ST_1: stg_10 [1/1] 0.00ns
:6  call void (...)* @_ssdm_op_SpecBitsMap(i4* %iosc_switchs_in_V), !map !96

ST_1: stg_11 [1/1] 0.00ns
:7  call void (...)* @_ssdm_op_SpecBitsMap(i4* %iosc_ctrl_in_V), !map !100

ST_1: stg_12 [1/1] 0.00ns
:8  call void (...)* @_ssdm_op_SpecBitsMap(i4* %iosc_second_count_V), !map !104

ST_1: stg_13 [1/1] 0.00ns
:9  call void (...)* @_ssdm_op_SpecBitsMap(i1* %iosc_second), !map !108

ST_1: stg_14 [1/1] 0.00ns
:10  call void (...)* @_ssdm_op_SpecBitsMap(i32* %iosc_timerCount_V), !map !112

ST_1: stg_15 [1/1] 0.00ns
:11  call void (...)* @_ssdm_op_SpecIFCore(i4* %ctrl, [1 x i8]* @p_str10, [10 x i8]* @p_str18, [1 x i8]* @p_str10, i32 -1, [1 x i8]* @p_str10, [1 x i8]* @p_str10, [17 x i8]* @p_str19)

ST_1: stg_16 [1/1] 0.00ns
:12  call void (...)* @_ssdm_op_SpecPort([5 x i8]* @p_str, i32 0, [7 x i8]* @p_str1, [4 x i8]* @p_str2, i32 0, i32 0, i1* %clk) nounwind

ST_1: stg_17 [1/1] 0.00ns
:13  call void (...)* @_ssdm_op_SpecPort([5 x i8]* @p_str, i32 0, [7 x i8]* @p_str1, [6 x i8]* @p_str3, i32 0, i32 0, i1* %reset) nounwind

ST_1: stg_18 [1/1] 0.00ns
:14  call void (...)* @_ssdm_op_SpecPort([5 x i8]* @p_str, i32 0, [13 x i8]* @p_str4, [5 x i8]* @p_str5, i32 0, i32 0, i4* %ctrl) nounwind

ST_1: stg_19 [1/1] 0.00ns
:15  call void (...)* @_ssdm_op_SpecPort([5 x i8]* @p_str, i32 0, [13 x i8]* @p_str4, [9 x i8]* @p_str6, i32 0, i32 0, i4* %inSwitch) nounwind

ST_1: stg_20 [1/1] 0.00ns
:16  call void (...)* @_ssdm_op_SpecPort([5 x i8]* @p_str, i32 1, [13 x i8]* @p_str4, [8 x i8]* @p_str7, i32 0, i32 0, i4* %outLeds) nounwind

ST_1: stg_21 [1/1] 0.00ns
:17  call void (...)* @_ssdm_op_SpecProcessDef([5 x i8]* @p_str, i32 2, [12 x i8]* @p_str20) nounwind

ST_1: tmp [1/1] 0.00ns
:18  %tmp = call i32 (...)* @_ssdm_op_SpecRegionBegin([15 x i8]* @p_str9)

ST_1: stg_23 [1/1] 0.00ns
:19  call void (...)* @_ssdm_op_SpecProtocol(i32 1, [1 x i8]* @p_str10) nounwind

ST_1: p_ssdm_reset_v [1/1] 0.00ns
:20  %p_ssdm_reset_v = call i32 (...)* @_ssdm_op_SpecStateBegin(i32 0, i32 0, i32 1) nounwind

ST_1: empty [1/1] 0.00ns
:21  %empty = call i32 (...)* @_ssdm_op_SpecStateEnd(i32 %p_ssdm_reset_v) nounwind

ST_1: empty_3 [1/1] 0.00ns
:22  %empty_3 = call i32 (...)* @_ssdm_op_SpecRegionEnd([15 x i8]* @p_str9, i32 %tmp)

ST_1: stg_27 [1/1] 0.00ns
:23  br label %_ZN7_ap_sc_7sc_core4waitEi.exit


 <State 2>: 2.52ns
ST_2: stg_28 [1/1] 0.00ns
_ZN7_ap_sc_7sc_core4waitEi.exit:0  call void (...)* @_ssdm_op_Wait(i32 1) nounwind

ST_2: t_V [1/1] 0.00ns
_ZN7_ap_sc_7sc_core4waitEi.exit:1  %t_V = call i32 @_ssdm_op_Read.ap_auto.i32P(i32* %iosc_timerCount_V)

ST_2: iosc_timerCount_V_assign [1/1] 2.44ns
_ZN7_ap_sc_7sc_core4waitEi.exit:2  %iosc_timerCount_V_assign = add i32 %t_V, 1

ST_2: stg_31 [1/1] 0.00ns
_ZN7_ap_sc_7sc_core4waitEi.exit:3  call void @_ssdm_op_Write.ap_auto.i32P(i32* %iosc_timerCount_V, i32 %iosc_timerCount_V_assign)

ST_2: tmp_4 [1/1] 2.52ns
_ZN7_ap_sc_7sc_core4waitEi.exit:4  %tmp_4 = icmp eq i32 %t_V, 50000000

ST_2: stg_33 [1/1] 0.00ns
_ZN7_ap_sc_7sc_core4waitEi.exit:5  br i1 %tmp_4, label %1, label %2

ST_2: stg_34 [1/1] 0.00ns
:0  call void @_ssdm_op_Write.ap_auto.i1P(i1* %iosc_second, i1 false)

ST_2: stg_35 [1/1] 0.00ns
:1  br label %3


 <State 3>: 0.00ns
ST_3: stg_36 [1/1] 0.00ns
:0  call void @_ssdm_op_Write.ap_auto.i1P(i1* %iosc_second, i1 true)

ST_3: stg_37 [1/1] 0.00ns
:1  call void @_ssdm_op_Write.ap_auto.i32P(i32* %iosc_timerCount_V, i32 0)

ST_3: stg_38 [1/1] 0.00ns
:2  br label %3

ST_3: stg_39 [1/1] 0.00ns
:0  br label %_ZN7_ap_sc_7sc_core4waitEi.exit



============================================================
+ Verbose Summary: Binding
============================================================
N/A
* FSMD analyzer results:
  - Output states:
  - Chain level:
	State 1
	State 2
	State 3


============================================================
+ Verbose Summary: Datapath Resource usage 
============================================================
N/A
