

================================================================
== Vivado HLS Report for 'yuv_filter_rgb2yuv'
================================================================
* Date:           Fri May 08 12:32:56 2015

* Version:        2014.4 (Build 1071461 on Tue Nov 18 16:42:57 PM 2014)
* Project:        yuv_filter.prj
* Solution:       solution1
* Product family: zynq
* Target device:  xc7z010clg400-1


================================================================
== Performance Estimates
================================================================
+ Timing (ns): 
    * Summary: 
    +---------+-------+----------+------------+
    |  Clock  | Target| Estimated| Uncertainty|
    +---------+-------+----------+------------+
    |default  |   8.00|      6.38|        1.00|
    +---------+-------+----------+------------+

+ Latency (clock cycles): 
    * Summary: 
    +--------+----------+--------+----------+---------+
    |      Latency      |      Interval     | Pipeline|
    |   min  |    max   |   min  |    max   |   Type  |
    +--------+----------+--------+----------+---------+
    |  240401|  14749441|  240401|  14749441|   none  |
    +--------+----------+--------+----------+---------+

    + Detail: 
        * Instance: 
        N/A

        * Loop: 
        +-------------------+--------+----------+-------------+-----------+-----------+------------+----------+
        |                   |      Latency      |  Iteration  |  Initiation Interval  |    Trip    |          |
        |     Loop Name     |   min  |    max   |   Latency   |  achieved |   target  |    Count   | Pipelined|
        +-------------------+--------+----------+-------------+-----------+-----------+------------+----------+
        |- RGB2YUV_LOOP_X   |  240400|  14749440| 1202 ~ 7682 |          -|          -| 200 ~ 1920 |    no    |
        | + RGB2YUV_LOOP_Y  |    1200|      7680|            6|          -|          -| 200 ~ 1280 |    no    |
        +-------------------+--------+----------+-------------+-----------+-----------+------------+----------+



================================================================
== Utilization Estimates
================================================================
* Summary: 
+-----------------+---------+-------+-------+-------+
|       Name      | BRAM_18K| DSP48E|   FF  |  LUT  |
+-----------------+---------+-------+-------+-------+
|Expression       |        -|      5|      0|    252|
|FIFO             |        -|      -|      -|      -|
|Instance         |        -|      -|      -|      -|
|Memory           |        -|      -|      -|      -|
|Multiplexer      |        -|      -|      -|     36|
|Register         |        -|      -|    272|      -|
+-----------------+---------+-------+-------+-------+
|Total            |        0|      5|    272|    288|
+-----------------+---------+-------+-------+-------+
|Available        |      120|     80|  35200|  17600|
+-----------------+---------+-------+-------+-------+
|Utilization (%)  |        0|      6|   ~0  |      1|
+-----------------+---------+-------+-------+-------+

+ Detail: 
    * Instance: 
    N/A

    * Memory: 
    N/A

    * FIFO: 
    N/A

    * Expression: 
    +---------------------+----------+-------+---+----+------------+------------+
    |    Variable Name    | Operation| DSP48E| FF| LUT| Bitwidth P0| Bitwidth P1|
    +---------------------+----------+-------+---+----+------------+------------+
    |tmp_12_fu_331_p2     |     *    |      1|  0|   0|           8|           7|
    |tmp_13_fu_447_p2     |     *    |      1|  0|   0|           8|           8|
    |tmp_6_fu_400_p2      |     *    |      1|  0|   0|           8|           7|
    |tmp_7_fu_325_p2      |     *    |      1|  0|   0|           8|           8|
    |tmp_8_fu_299_p2      |     *    |      1|  0|   0|           8|           5|
    |out_channels_ch1_d0  |     +    |      0|  0|   8|           8|           5|
    |p_addr1_fu_275_p2    |     +    |      0|  0|  27|          27|          27|
    |p_addr_fu_244_p2     |     +    |      0|  0|  27|          27|          27|
    |tmp1_fu_379_p2       |     +    |      0|  0|   5|          16|          16|
    |tmp2_fu_373_p2       |     +    |      0|  0|  16|          16|          16|
    |tmp4_fu_305_p2       |     +    |      0|  0|   9|           9|           8|
    |tmp6_fu_496_p2       |     +    |      0|  0|   5|          16|           8|
    |tmp8_fu_484_p2       |     +    |      0|  0|   5|          14|           8|
    |tmp_15_fu_519_p2     |     +    |      0|  0|  16|          16|          16|
    |tmp_1_fu_385_p2      |     +    |      0|  0|   5|          16|          16|
    |tmp_2_fu_501_p2      |     +    |      0|  0|   5|          16|          16|
    |x_1_fu_214_p2        |     +    |      0|  0|  16|          16|           1|
    |y_1_fu_265_p2        |     +    |      0|  0|  16|          16|           1|
    |p_neg_fu_452_p2      |     -    |      0|  0|  13|           1|          13|
    |tmp_14_fu_473_p2     |     -    |      0|  0|   5|          14|          14|
    |tmp_9_fu_436_p2      |     -    |      0|  0|  16|          16|          16|
    |exitcond1_fu_209_p2  |   icmp   |      0|  0|  20|          16|          16|
    |exitcond_fu_260_p2   |   icmp   |      0|  0|  20|          16|          16|
    |out_channels_ch2_d0  |    xor   |      0|  0|   9|           8|           9|
    |out_channels_ch3_d0  |    xor   |      0|  0|   9|           8|           9|
    +---------------------+----------+-------+---+----+------------+------------+
    |Total                |          |      5|  0| 252|         332|         293|
    +---------------------+----------+-------+---+----+------------+------------+

    * Multiplexer: 
    +-----------+----+-----------+-----+-----------+
    |    Name   | LUT| Input Size| Bits| Total Bits|
    +-----------+----+-----------+-----+-----------+
    |ap_NS_fsm  |   4|          9|    1|          9|
    |x_reg_186  |  16|          2|   16|         32|
    |y_reg_197  |  16|          2|   16|         32|
    +-----------+----+-----------+-----+-----------+
    |Total      |  36|         13|   33|         73|
    +-----------+----+-----------+-----+-----------+

    * Register: 
    +---------------------+----+----+-----+-----------+
    |         Name        | FF | LUT| Bits| Const Bits|
    +---------------------+----+----+-----+-----------+
    |B_reg_616            |   8|   0|    8|          0|
    |G_reg_609            |   8|   0|    8|          0|
    |R_reg_601            |   8|   0|    8|          0|
    |ap_CS_fsm            |   8|   0|    8|          0|
    |p_addr_reg_566       |  19|   0|   27|          8|
    |tmp3_cast_reg_629    |  13|   0|   16|          3|
    |tmp5_reg_654         |  15|   0|   16|          1|
    |tmp7_reg_659         |  15|   0|   16|          1|
    |tmp8_reg_664         |  13|   0|   14|          1|
    |tmp_10_reg_669       |   8|   0|    8|          0|
    |tmp_11_reg_579       |  27|   0|   64|         37|
    |tmp_12_reg_639       |  15|   0|   16|          1|
    |tmp_16_reg_674       |   8|   0|    8|          0|
    |tmp_5_cast2_reg_624  |   8|   0|   16|          8|
    |tmp_5_reg_644        |   8|   0|    8|          0|
    |tmp_7_reg_634        |  15|   0|   16|          1|
    |tmp_9_reg_649        |  12|   0|   16|          4|
    |x_1_reg_561          |  16|   0|   16|          0|
    |x_reg_186            |  16|   0|   16|          0|
    |y_1_reg_574          |  16|   0|   16|          0|
    |y_reg_197            |  16|   0|   16|          0|
    +---------------------+----+----+-----+-----------+
    |Total                | 272|   0|  337|         65|
    +---------------------+----+----+-----+-----------+



================================================================
== Interface
================================================================
* Summary: 
+---------------------------+-----+-----+------------+--------------------+--------------+
|         RTL Ports         | Dir | Bits|  Protocol  |    Source Object   |    C Type    |
+---------------------------+-----+-----+------------+--------------------+--------------+
|ap_clk                     |  in |    1| ap_ctrl_hs | yuv_filter_rgb2yuv | return value |
|ap_rst                     |  in |    1| ap_ctrl_hs | yuv_filter_rgb2yuv | return value |
|ap_start                   |  in |    1| ap_ctrl_hs | yuv_filter_rgb2yuv | return value |
|ap_done                    | out |    1| ap_ctrl_hs | yuv_filter_rgb2yuv | return value |
|ap_idle                    | out |    1| ap_ctrl_hs | yuv_filter_rgb2yuv | return value |
|ap_ready                   | out |    1| ap_ctrl_hs | yuv_filter_rgb2yuv | return value |
|ap_return_0                | out |   16| ap_ctrl_hs | yuv_filter_rgb2yuv | return value |
|ap_return_1                | out |   16| ap_ctrl_hs | yuv_filter_rgb2yuv | return value |
|in_channels_ch1_address0   | out |   22|  ap_memory |   in_channels_ch1  |     array    |
|in_channels_ch1_ce0        | out |    1|  ap_memory |   in_channels_ch1  |     array    |
|in_channels_ch1_q0         |  in |    8|  ap_memory |   in_channels_ch1  |     array    |
|in_channels_ch2_address0   | out |   22|  ap_memory |   in_channels_ch2  |     array    |
|in_channels_ch2_ce0        | out |    1|  ap_memory |   in_channels_ch2  |     array    |
|in_channels_ch2_q0         |  in |    8|  ap_memory |   in_channels_ch2  |     array    |
|in_channels_ch3_address0   | out |   22|  ap_memory |   in_channels_ch3  |     array    |
|in_channels_ch3_ce0        | out |    1|  ap_memory |   in_channels_ch3  |     array    |
|in_channels_ch3_q0         |  in |    8|  ap_memory |   in_channels_ch3  |     array    |
|in_width_read              |  in |   16|   ap_none  |    in_width_read   |    scalar    |
|in_height_read             |  in |   16|   ap_none  |   in_height_read   |    scalar    |
|out_channels_ch1_address0  | out |   22|  ap_memory |  out_channels_ch1  |     array    |
|out_channels_ch1_ce0       | out |    1|  ap_memory |  out_channels_ch1  |     array    |
|out_channels_ch1_we0       | out |    1|  ap_memory |  out_channels_ch1  |     array    |
|out_channels_ch1_d0        | out |    8|  ap_memory |  out_channels_ch1  |     array    |
|out_channels_ch2_address0  | out |   22|  ap_memory |  out_channels_ch2  |     array    |
|out_channels_ch2_ce0       | out |    1|  ap_memory |  out_channels_ch2  |     array    |
|out_channels_ch2_we0       | out |    1|  ap_memory |  out_channels_ch2  |     array    |
|out_channels_ch2_d0        | out |    8|  ap_memory |  out_channels_ch2  |     array    |
|out_channels_ch3_address0  | out |   22|  ap_memory |  out_channels_ch3  |     array    |
|out_channels_ch3_ce0       | out |    1|  ap_memory |  out_channels_ch3  |     array    |
|out_channels_ch3_we0       | out |    1|  ap_memory |  out_channels_ch3  |     array    |
|out_channels_ch3_d0        | out |    8|  ap_memory |  out_channels_ch3  |     array    |
+---------------------------+-----+-----+------------+--------------------+--------------+

