Copyright 1986-2014 Xilinx, Inc. All Rights Reserved.
------------------------------------------------------------------------------------------------------------------------------------------------------------------
| Tool Version      : Vivado v.2014.4 (win64) Build 1071353 Tue Nov 18 18:29:27 MST 2014
| Date              : Fri May 08 13:21:38 2015
| Host              : KASPER-PC running 64-bit major release  (build 9200)
| Command           : report_timing_summary -warn_on_violation -max_paths 10 -file yuv_filter_timing_summary_routed.rpt -rpx yuv_filter_timing_summary_routed.rpx
| Design            : yuv_filter
| Device            : 7z010-clg400
| Speed File        : -1  PRODUCTION 1.11 2014-09-11
| Temperature Grade : C
------------------------------------------------------------------------------------------------------------------------------------------------------------------

Timing Summary Report

------------------------------------------------------------------------------------------------
| Timer Settings
| --------------
------------------------------------------------------------------------------------------------

  Enable Multi Corner Analysis               :  Yes
  Enable Pessimism Removal                   :  Yes
  Pessimism Removal Resolution               :  Nearest Common Node
  Enable Input Delay Default Clock           :  No
  Enable Preset / Clear Arcs                 :  No
  Disable Flight Delays                      :  No

  Corner  Analyze    Analyze    
  Name    Max Paths  Min Paths  
  ------  ---------  ---------  
  Slow    Yes        Yes        
  Fast    Yes        Yes        



check_timing report

Table of Contents
-----------------
1. checking no_clock
2. checking constant_clock
3. checking pulse_width_clock
4. checking unconstrained_internal_endpoints
5. checking no_input_delay
6. checking no_output_delay
7. checking multiple_clock
8. checking generated_clocks
9. checking loops
10. checking partial_input_delay
11. checking partial_output_delay
12. checking unexpandable_clocks
13. checking latch_loops

1. checking no_clock
--------------------
 There are 0 register/latch pins with no clock.


2. checking constant_clock
--------------------------
 There are 0 register/latch pins with constant_clock.


3. checking pulse_width_clock
-----------------------------
 There are 0 register/latch pins which need pulse_width check


4. checking unconstrained_internal_endpoints
--------------------------------------------
 There are 0 pins that are not constrained for maximum delay.

 There are 0 pins that are not constrained for maximum delay due to constant clock.


5. checking no_input_delay
--------------------------
 There are 82 input ports with no input delay specified. (HIGH)

 There are 0 input ports with no input delay but user has a false path constraint.


6. checking no_output_delay
---------------------------
 There are 202 ports with no output delay specified. (HIGH)

 There are 0 ports with no output delay but user has a false path constraint

 There are 0 ports with no output delay but with a timing clock defined on it or propagating through it


7. checking multiple_clock
--------------------------
 There are 0 register/latch pins with multiple clocks.


8. checking generated_clocks
----------------------------
 There are 0 generated clocks that are not connected to a clock source.


9. checking loops
-----------------
 There are 0 combinational loops in the design.


10. checking partial_input_delay
--------------------------------
 There are 0 input ports with partial input delay specified.


11. checking partial_output_delay
---------------------------------
 There are 0 ports with partial output delay specified.


12. checking unexpandable_clocks
--------------------------------
 There are 0 unexpandable clock pairs.


13. checking latch_loops
------------------------
 There are 0 combinational latch loops in the design through latch input



------------------------------------------------------------------------------------------------
| Design Timing Summary
| ---------------------
------------------------------------------------------------------------------------------------

    WNS(ns)      TNS(ns)  TNS Failing Endpoints  TNS Total Endpoints      WHS(ns)      THS(ns)  THS Failing Endpoints  THS Total Endpoints     WPWS(ns)     TPWS(ns)  TPWS Failing Endpoints  TPWS Total Endpoints  
    -------      -------  ---------------------  -------------------      -------      -------  ---------------------  -------------------     --------     --------  ----------------------  --------------------  
      0.740        0.000                      0                 1897        0.027        0.000                      0                 1897        2.995        0.000                       0                   881  


All user specified timing constraints are met.


------------------------------------------------------------------------------------------------
| Clock Summary
| -------------
------------------------------------------------------------------------------------------------

Clock   Waveform(ns)         Period(ns)      Frequency(MHz)
-----   ------------         ----------      --------------
ap_clk  {0.000 4.000}        8.000           125.000         


------------------------------------------------------------------------------------------------
| Intra Clock Table
| -----------------
------------------------------------------------------------------------------------------------

Clock             WNS(ns)      TNS(ns)  TNS Failing Endpoints  TNS Total Endpoints      WHS(ns)      THS(ns)  THS Failing Endpoints  THS Total Endpoints     WPWS(ns)     TPWS(ns)  TPWS Failing Endpoints  TPWS Total Endpoints  
-----             -------      -------  ---------------------  -------------------      -------      -------  ---------------------  -------------------     --------     --------  ----------------------  --------------------  
ap_clk              0.740        0.000                      0                 1897        0.027        0.000                      0                 1897        2.995        0.000                       0                   881  


------------------------------------------------------------------------------------------------
| Inter Clock Table
| -----------------
------------------------------------------------------------------------------------------------

From Clock    To Clock          WNS(ns)      TNS(ns)  TNS Failing Endpoints  TNS Total Endpoints      WHS(ns)      THS(ns)  THS Failing Endpoints  THS Total Endpoints  
----------    --------          -------      -------  ---------------------  -------------------      -------      -------  ---------------------  -------------------  


------------------------------------------------------------------------------------------------
| Other Path Groups Table
| -----------------------
------------------------------------------------------------------------------------------------

Path Group    From Clock    To Clock          WNS(ns)      TNS(ns)  TNS Failing Endpoints  TNS Total Endpoints      WHS(ns)      THS(ns)  THS Failing Endpoints  THS Total Endpoints  
----------    ----------    --------          -------      -------  ---------------------  -------------------      -------      -------  ---------------------  -------------------  


------------------------------------------------------------------------------------------------
| Timing Details
| --------------
------------------------------------------------------------------------------------------------


---------------------------------------------------------------------------------------------------
From Clock:  ap_clk
  To Clock:  ap_clk

Setup :            0  Failing Endpoints,  Worst Slack        0.740ns,  Total Violation        0.000ns
Hold  :            0  Failing Endpoints,  Worst Slack        0.027ns,  Total Violation        0.000ns
PW    :            0  Failing Endpoints,  Worst Slack        2.995ns,  Total Violation        0.000ns
---------------------------------------------------------------------------------------------------


Max Delay Paths
--------------------------------------------------------------------------------------
Slack (MET) :             0.740ns  (required time - arrival time)
  Source:                 yuv_filter_rgb2yuv_U0/bound_reg_612_reg/CLK
                            (rising edge-triggered cell DSP48E1 clocked by ap_clk  {rise@0.000ns fall@4.000ns period=8.000ns})
  Destination:            yuv_filter_rgb2yuv_U0/y_reg_227_reg[10]/R
                            (rising edge-triggered cell FDRE clocked by ap_clk  {rise@0.000ns fall@4.000ns period=8.000ns})
  Path Group:             ap_clk
  Path Type:              Setup (Max at Slow Process Corner)
  Requirement:            8.000ns  (ap_clk rise@8.000ns - ap_clk rise@0.000ns)
  Data Path Delay:        6.550ns  (logic 3.630ns (55.419%)  route 2.920ns (44.581%))
  Logic Levels:           5  (CARRY4=2 LUT4=1 LUT6=2)
  Clock Path Skew:        -0.151ns (DCD - SCD + CPR)
    Destination Clock Delay (DCD):    1.483ns = ( 9.483 - 8.000 ) 
    Source Clock Delay      (SCD):    1.749ns
    Clock Pessimism Removal (CPR):    0.115ns
  Clock Uncertainty:      0.035ns  ((TSJ^2 + TIJ^2)^1/2 + DJ) / 2 + PE
    Total System Jitter     (TSJ):    0.071ns
    Total Input Jitter      (TIJ):    0.000ns
    Discrete Jitter          (DJ):    0.000ns
    Phase Error              (PE):    0.000ns

    Location             Delay type                Incr(ns)  Path(ns)    Netlist Resource(s)
  -------------------------------------------------------------------    -------------------
                         (clock ap_clk rise edge)     0.000     0.000 r  
                                                      0.000     0.000 r  ap_clk
                         net (fo=881, unset)          1.749     1.749    yuv_filter_rgb2yuv_U0/ap_clk
    DSP48_X1Y10                                                       r  yuv_filter_rgb2yuv_U0/bound_reg_612_reg/CLK
  -------------------------------------------------------------------    -------------------
    DSP48_X1Y10          DSP48E1 (Prop_dsp48e1_CLK_P[15])
                                                      2.291     4.040 r  yuv_filter_rgb2yuv_U0/bound_reg_612_reg/P[15]
                         net (fo=1, routed)           1.068     5.107    yuv_filter_rgb2yuv_U0/n_90_bound_reg_612_reg
    SLICE_X29Y26         LUT6 (Prop_lut6_I1_O)        0.124     5.231 r  yuv_filter_rgb2yuv_U0/y_mid2_reg_626[6]_i_19/O
                         net (fo=1, routed)           0.000     5.231    yuv_filter_rgb2yuv_U0/n_0_y_mid2_reg_626[6]_i_19
    SLICE_X29Y26         CARRY4 (Prop_carry4_S[1]_CO[3])
                                                      0.550     5.781 r  yuv_filter_rgb2yuv_U0/y_mid2_reg_626_reg[6]_i_8/CO[3]
                         net (fo=1, routed)           0.000     5.781    yuv_filter_rgb2yuv_U0/n_0_y_mid2_reg_626_reg[6]_i_8
    SLICE_X29Y27         CARRY4 (Prop_carry4_CI_CO[2])
                                                      0.228     6.009 r  yuv_filter_rgb2yuv_U0/y_mid2_reg_626_reg[6]_i_4/CO[2]
                         net (fo=8, routed)           0.457     6.466    yuv_filter_rgb2yuv_U0/n_1_y_mid2_reg_626_reg[6]_i_4
    SLICE_X26Y27         LUT4 (Prop_lut4_I3_O)        0.313     6.779 f  yuv_filter_rgb2yuv_U0/y_reg_227[15]_i_2/O
                         net (fo=63, routed)          0.354     7.133    yuv_filter_rgb2yuv_U0/indvar_flatten_reg_2050
    SLICE_X26Y27         LUT6 (Prop_lut6_I5_O)        0.124     7.257 r  yuv_filter_rgb2yuv_U0/y_reg_227[15]_i_1/O
                         net (fo=48, routed)          1.041     8.299    yuv_filter_rgb2yuv_U0/n_0_y_reg_227[15]_i_1
    SLICE_X24Y23         FDRE                                         r  yuv_filter_rgb2yuv_U0/y_reg_227_reg[10]/R
  -------------------------------------------------------------------    -------------------

                         (clock ap_clk rise edge)     8.000     8.000 r  
                                                      0.000     8.000 r  ap_clk
                         net (fo=881, unset)          1.483     9.483    yuv_filter_rgb2yuv_U0/ap_clk
    SLICE_X24Y23                                                      r  yuv_filter_rgb2yuv_U0/y_reg_227_reg[10]/C
                         clock pessimism              0.115     9.598    
                         clock uncertainty           -0.035     9.563    
    SLICE_X24Y23         FDRE (Setup_fdre_C_R)       -0.524     9.039    yuv_filter_rgb2yuv_U0/y_reg_227_reg[10]
  -------------------------------------------------------------------
                         required time                          9.039    
                         arrival time                          -8.299    
  -------------------------------------------------------------------
                         slack                                  0.740    

Slack (MET) :             0.740ns  (required time - arrival time)
  Source:                 yuv_filter_rgb2yuv_U0/bound_reg_612_reg/CLK
                            (rising edge-triggered cell DSP48E1 clocked by ap_clk  {rise@0.000ns fall@4.000ns period=8.000ns})
  Destination:            yuv_filter_rgb2yuv_U0/y_reg_227_reg[11]/R
                            (rising edge-triggered cell FDRE clocked by ap_clk  {rise@0.000ns fall@4.000ns period=8.000ns})
  Path Group:             ap_clk
  Path Type:              Setup (Max at Slow Process Corner)
  Requirement:            8.000ns  (ap_clk rise@8.000ns - ap_clk rise@0.000ns)
  Data Path Delay:        6.550ns  (logic 3.630ns (55.419%)  route 2.920ns (44.581%))
  Logic Levels:           5  (CARRY4=2 LUT4=1 LUT6=2)
  Clock Path Skew:        -0.151ns (DCD - SCD + CPR)
    Destination Clock Delay (DCD):    1.483ns = ( 9.483 - 8.000 ) 
    Source Clock Delay      (SCD):    1.749ns
    Clock Pessimism Removal (CPR):    0.115ns
  Clock Uncertainty:      0.035ns  ((TSJ^2 + TIJ^2)^1/2 + DJ) / 2 + PE
    Total System Jitter     (TSJ):    0.071ns
    Total Input Jitter      (TIJ):    0.000ns
    Discrete Jitter          (DJ):    0.000ns
    Phase Error              (PE):    0.000ns

    Location             Delay type                Incr(ns)  Path(ns)    Netlist Resource(s)
  -------------------------------------------------------------------    -------------------
                         (clock ap_clk rise edge)     0.000     0.000 r  
                                                      0.000     0.000 r  ap_clk
                         net (fo=881, unset)          1.749     1.749    yuv_filter_rgb2yuv_U0/ap_clk
    DSP48_X1Y10                                                       r  yuv_filter_rgb2yuv_U0/bound_reg_612_reg/CLK
  -------------------------------------------------------------------    -------------------
    DSP48_X1Y10          DSP48E1 (Prop_dsp48e1_CLK_P[15])
                                                      2.291     4.040 r  yuv_filter_rgb2yuv_U0/bound_reg_612_reg/P[15]
                         net (fo=1, routed)           1.068     5.107    yuv_filter_rgb2yuv_U0/n_90_bound_reg_612_reg
    SLICE_X29Y26         LUT6 (Prop_lut6_I1_O)        0.124     5.231 r  yuv_filter_rgb2yuv_U0/y_mid2_reg_626[6]_i_19/O
                         net (fo=1, routed)           0.000     5.231    yuv_filter_rgb2yuv_U0/n_0_y_mid2_reg_626[6]_i_19
    SLICE_X29Y26         CARRY4 (Prop_carry4_S[1]_CO[3])
                                                      0.550     5.781 r  yuv_filter_rgb2yuv_U0/y_mid2_reg_626_reg[6]_i_8/CO[3]
                         net (fo=1, routed)           0.000     5.781    yuv_filter_rgb2yuv_U0/n_0_y_mid2_reg_626_reg[6]_i_8
    SLICE_X29Y27         CARRY4 (Prop_carry4_CI_CO[2])
                                                      0.228     6.009 r  yuv_filter_rgb2yuv_U0/y_mid2_reg_626_reg[6]_i_4/CO[2]
                         net (fo=8, routed)           0.457     6.466    yuv_filter_rgb2yuv_U0/n_1_y_mid2_reg_626_reg[6]_i_4
    SLICE_X26Y27         LUT4 (Prop_lut4_I3_O)        0.313     6.779 f  yuv_filter_rgb2yuv_U0/y_reg_227[15]_i_2/O
                         net (fo=63, routed)          0.354     7.133    yuv_filter_rgb2yuv_U0/indvar_flatten_reg_2050
    SLICE_X26Y27         LUT6 (Prop_lut6_I5_O)        0.124     7.257 r  yuv_filter_rgb2yuv_U0/y_reg_227[15]_i_1/O
                         net (fo=48, routed)          1.041     8.299    yuv_filter_rgb2yuv_U0/n_0_y_reg_227[15]_i_1
    SLICE_X24Y23         FDRE                                         r  yuv_filter_rgb2yuv_U0/y_reg_227_reg[11]/R
  -------------------------------------------------------------------    -------------------

                         (clock ap_clk rise edge)     8.000     8.000 r  
                                                      0.000     8.000 r  ap_clk
                         net (fo=881, unset)          1.483     9.483    yuv_filter_rgb2yuv_U0/ap_clk
    SLICE_X24Y23                                                      r  yuv_filter_rgb2yuv_U0/y_reg_227_reg[11]/C
                         clock pessimism              0.115     9.598    
                         clock uncertainty           -0.035     9.563    
    SLICE_X24Y23         FDRE (Setup_fdre_C_R)       -0.524     9.039    yuv_filter_rgb2yuv_U0/y_reg_227_reg[11]
  -------------------------------------------------------------------
                         required time                          9.039    
                         arrival time                          -8.299    
  -------------------------------------------------------------------
                         slack                                  0.740    

Slack (MET) :             0.740ns  (required time - arrival time)
  Source:                 yuv_filter_rgb2yuv_U0/bound_reg_612_reg/CLK
                            (rising edge-triggered cell DSP48E1 clocked by ap_clk  {rise@0.000ns fall@4.000ns period=8.000ns})
  Destination:            yuv_filter_rgb2yuv_U0/y_reg_227_reg[12]/R
                            (rising edge-triggered cell FDRE clocked by ap_clk  {rise@0.000ns fall@4.000ns period=8.000ns})
  Path Group:             ap_clk
  Path Type:              Setup (Max at Slow Process Corner)
  Requirement:            8.000ns  (ap_clk rise@8.000ns - ap_clk rise@0.000ns)
  Data Path Delay:        6.550ns  (logic 3.630ns (55.419%)  route 2.920ns (44.581%))
  Logic Levels:           5  (CARRY4=2 LUT4=1 LUT6=2)
  Clock Path Skew:        -0.151ns (DCD - SCD + CPR)
    Destination Clock Delay (DCD):    1.483ns = ( 9.483 - 8.000 ) 
    Source Clock Delay      (SCD):    1.749ns
    Clock Pessimism Removal (CPR):    0.115ns
  Clock Uncertainty:      0.035ns  ((TSJ^2 + TIJ^2)^1/2 + DJ) / 2 + PE
    Total System Jitter     (TSJ):    0.071ns
    Total Input Jitter      (TIJ):    0.000ns
    Discrete Jitter          (DJ):    0.000ns
    Phase Error              (PE):    0.000ns

    Location             Delay type                Incr(ns)  Path(ns)    Netlist Resource(s)
  -------------------------------------------------------------------    -------------------
                         (clock ap_clk rise edge)     0.000     0.000 r  
                                                      0.000     0.000 r  ap_clk
                         net (fo=881, unset)          1.749     1.749    yuv_filter_rgb2yuv_U0/ap_clk
    DSP48_X1Y10                                                       r  yuv_filter_rgb2yuv_U0/bound_reg_612_reg/CLK
  -------------------------------------------------------------------    -------------------
    DSP48_X1Y10          DSP48E1 (Prop_dsp48e1_CLK_P[15])
                                                      2.291     4.040 r  yuv_filter_rgb2yuv_U0/bound_reg_612_reg/P[15]
                         net (fo=1, routed)           1.068     5.107    yuv_filter_rgb2yuv_U0/n_90_bound_reg_612_reg
    SLICE_X29Y26         LUT6 (Prop_lut6_I1_O)        0.124     5.231 r  yuv_filter_rgb2yuv_U0/y_mid2_reg_626[6]_i_19/O
                         net (fo=1, routed)           0.000     5.231    yuv_filter_rgb2yuv_U0/n_0_y_mid2_reg_626[6]_i_19
    SLICE_X29Y26         CARRY4 (Prop_carry4_S[1]_CO[3])
                                                      0.550     5.781 r  yuv_filter_rgb2yuv_U0/y_mid2_reg_626_reg[6]_i_8/CO[3]
                         net (fo=1, routed)           0.000     5.781    yuv_filter_rgb2yuv_U0/n_0_y_mid2_reg_626_reg[6]_i_8
    SLICE_X29Y27         CARRY4 (Prop_carry4_CI_CO[2])
                                                      0.228     6.009 r  yuv_filter_rgb2yuv_U0/y_mid2_reg_626_reg[6]_i_4/CO[2]
                         net (fo=8, routed)           0.457     6.466    yuv_filter_rgb2yuv_U0/n_1_y_mid2_reg_626_reg[6]_i_4
    SLICE_X26Y27         LUT4 (Prop_lut4_I3_O)        0.313     6.779 f  yuv_filter_rgb2yuv_U0/y_reg_227[15]_i_2/O
                         net (fo=63, routed)          0.354     7.133    yuv_filter_rgb2yuv_U0/indvar_flatten_reg_2050
    SLICE_X26Y27         LUT6 (Prop_lut6_I5_O)        0.124     7.257 r  yuv_filter_rgb2yuv_U0/y_reg_227[15]_i_1/O
                         net (fo=48, routed)          1.041     8.299    yuv_filter_rgb2yuv_U0/n_0_y_reg_227[15]_i_1
    SLICE_X24Y23         FDRE                                         r  yuv_filter_rgb2yuv_U0/y_reg_227_reg[12]/R
  -------------------------------------------------------------------    -------------------

                         (clock ap_clk rise edge)     8.000     8.000 r  
                                                      0.000     8.000 r  ap_clk
                         net (fo=881, unset)          1.483     9.483    yuv_filter_rgb2yuv_U0/ap_clk
    SLICE_X24Y23                                                      r  yuv_filter_rgb2yuv_U0/y_reg_227_reg[12]/C
                         clock pessimism              0.115     9.598    
                         clock uncertainty           -0.035     9.563    
    SLICE_X24Y23         FDRE (Setup_fdre_C_R)       -0.524     9.039    yuv_filter_rgb2yuv_U0/y_reg_227_reg[12]
  -------------------------------------------------------------------
                         required time                          9.039    
                         arrival time                          -8.299    
  -------------------------------------------------------------------
                         slack                                  0.740    

Slack (MET) :             0.740ns  (required time - arrival time)
  Source:                 yuv_filter_rgb2yuv_U0/bound_reg_612_reg/CLK
                            (rising edge-triggered cell DSP48E1 clocked by ap_clk  {rise@0.000ns fall@4.000ns period=8.000ns})
  Destination:            yuv_filter_rgb2yuv_U0/y_reg_227_reg[9]/R
                            (rising edge-triggered cell FDRE clocked by ap_clk  {rise@0.000ns fall@4.000ns period=8.000ns})
  Path Group:             ap_clk
  Path Type:              Setup (Max at Slow Process Corner)
  Requirement:            8.000ns  (ap_clk rise@8.000ns - ap_clk rise@0.000ns)
  Data Path Delay:        6.550ns  (logic 3.630ns (55.419%)  route 2.920ns (44.581%))
  Logic Levels:           5  (CARRY4=2 LUT4=1 LUT6=2)
  Clock Path Skew:        -0.151ns (DCD - SCD + CPR)
    Destination Clock Delay (DCD):    1.483ns = ( 9.483 - 8.000 ) 
    Source Clock Delay      (SCD):    1.749ns
    Clock Pessimism Removal (CPR):    0.115ns
  Clock Uncertainty:      0.035ns  ((TSJ^2 + TIJ^2)^1/2 + DJ) / 2 + PE
    Total System Jitter     (TSJ):    0.071ns
    Total Input Jitter      (TIJ):    0.000ns
    Discrete Jitter          (DJ):    0.000ns
    Phase Error              (PE):    0.000ns

    Location             Delay type                Incr(ns)  Path(ns)    Netlist Resource(s)
  -------------------------------------------------------------------    -------------------
                         (clock ap_clk rise edge)     0.000     0.000 r  
                                                      0.000     0.000 r  ap_clk
                         net (fo=881, unset)          1.749     1.749    yuv_filter_rgb2yuv_U0/ap_clk
    DSP48_X1Y10                                                       r  yuv_filter_rgb2yuv_U0/bound_reg_612_reg/CLK
  -------------------------------------------------------------------    -------------------
    DSP48_X1Y10          DSP48E1 (Prop_dsp48e1_CLK_P[15])
                                                      2.291     4.040 r  yuv_filter_rgb2yuv_U0/bound_reg_612_reg/P[15]
                         net (fo=1, routed)           1.068     5.107    yuv_filter_rgb2yuv_U0/n_90_bound_reg_612_reg
    SLICE_X29Y26         LUT6 (Prop_lut6_I1_O)        0.124     5.231 r  yuv_filter_rgb2yuv_U0/y_mid2_reg_626[6]_i_19/O
                         net (fo=1, routed)           0.000     5.231    yuv_filter_rgb2yuv_U0/n_0_y_mid2_reg_626[6]_i_19
    SLICE_X29Y26         CARRY4 (Prop_carry4_S[1]_CO[3])
                                                      0.550     5.781 r  yuv_filter_rgb2yuv_U0/y_mid2_reg_626_reg[6]_i_8/CO[3]
                         net (fo=1, routed)           0.000     5.781    yuv_filter_rgb2yuv_U0/n_0_y_mid2_reg_626_reg[6]_i_8
    SLICE_X29Y27         CARRY4 (Prop_carry4_CI_CO[2])
                                                      0.228     6.009 r  yuv_filter_rgb2yuv_U0/y_mid2_reg_626_reg[6]_i_4/CO[2]
                         net (fo=8, routed)           0.457     6.466    yuv_filter_rgb2yuv_U0/n_1_y_mid2_reg_626_reg[6]_i_4
    SLICE_X26Y27         LUT4 (Prop_lut4_I3_O)        0.313     6.779 f  yuv_filter_rgb2yuv_U0/y_reg_227[15]_i_2/O
                         net (fo=63, routed)          0.354     7.133    yuv_filter_rgb2yuv_U0/indvar_flatten_reg_2050
    SLICE_X26Y27         LUT6 (Prop_lut6_I5_O)        0.124     7.257 r  yuv_filter_rgb2yuv_U0/y_reg_227[15]_i_1/O
                         net (fo=48, routed)          1.041     8.299    yuv_filter_rgb2yuv_U0/n_0_y_reg_227[15]_i_1
    SLICE_X24Y23         FDRE                                         r  yuv_filter_rgb2yuv_U0/y_reg_227_reg[9]/R
  -------------------------------------------------------------------    -------------------

                         (clock ap_clk rise edge)     8.000     8.000 r  
                                                      0.000     8.000 r  ap_clk
                         net (fo=881, unset)          1.483     9.483    yuv_filter_rgb2yuv_U0/ap_clk
    SLICE_X24Y23                                                      r  yuv_filter_rgb2yuv_U0/y_reg_227_reg[9]/C
                         clock pessimism              0.115     9.598    
                         clock uncertainty           -0.035     9.563    
    SLICE_X24Y23         FDRE (Setup_fdre_C_R)       -0.524     9.039    yuv_filter_rgb2yuv_U0/y_reg_227_reg[9]
  -------------------------------------------------------------------
                         required time                          9.039    
                         arrival time                          -8.299    
  -------------------------------------------------------------------
                         slack                                  0.740    

Slack (MET) :             0.879ns  (required time - arrival time)
  Source:                 yuv_filter_rgb2yuv_U0/bound_reg_612_reg/CLK
                            (rising edge-triggered cell DSP48E1 clocked by ap_clk  {rise@0.000ns fall@4.000ns period=8.000ns})
  Destination:            yuv_filter_rgb2yuv_U0/y_reg_227_reg[5]/R
                            (rising edge-triggered cell FDRE clocked by ap_clk  {rise@0.000ns fall@4.000ns period=8.000ns})
  Path Group:             ap_clk
  Path Type:              Setup (Max at Slow Process Corner)
  Requirement:            8.000ns  (ap_clk rise@8.000ns - ap_clk rise@0.000ns)
  Data Path Delay:        6.412ns  (logic 3.630ns (56.615%)  route 2.782ns (43.385%))
  Logic Levels:           5  (CARRY4=2 LUT4=1 LUT6=2)
  Clock Path Skew:        -0.150ns (DCD - SCD + CPR)
    Destination Clock Delay (DCD):    1.484ns = ( 9.484 - 8.000 ) 
    Source Clock Delay      (SCD):    1.749ns
    Clock Pessimism Removal (CPR):    0.115ns
  Clock Uncertainty:      0.035ns  ((TSJ^2 + TIJ^2)^1/2 + DJ) / 2 + PE
    Total System Jitter     (TSJ):    0.071ns
    Total Input Jitter      (TIJ):    0.000ns
    Discrete Jitter          (DJ):    0.000ns
    Phase Error              (PE):    0.000ns

    Location             Delay type                Incr(ns)  Path(ns)    Netlist Resource(s)
  -------------------------------------------------------------------    -------------------
                         (clock ap_clk rise edge)     0.000     0.000 r  
                                                      0.000     0.000 r  ap_clk
                         net (fo=881, unset)          1.749     1.749    yuv_filter_rgb2yuv_U0/ap_clk
    DSP48_X1Y10                                                       r  yuv_filter_rgb2yuv_U0/bound_reg_612_reg/CLK
  -------------------------------------------------------------------    -------------------
    DSP48_X1Y10          DSP48E1 (Prop_dsp48e1_CLK_P[15])
                                                      2.291     4.040 r  yuv_filter_rgb2yuv_U0/bound_reg_612_reg/P[15]
                         net (fo=1, routed)           1.068     5.107    yuv_filter_rgb2yuv_U0/n_90_bound_reg_612_reg
    SLICE_X29Y26         LUT6 (Prop_lut6_I1_O)        0.124     5.231 r  yuv_filter_rgb2yuv_U0/y_mid2_reg_626[6]_i_19/O
                         net (fo=1, routed)           0.000     5.231    yuv_filter_rgb2yuv_U0/n_0_y_mid2_reg_626[6]_i_19
    SLICE_X29Y26         CARRY4 (Prop_carry4_S[1]_CO[3])
                                                      0.550     5.781 r  yuv_filter_rgb2yuv_U0/y_mid2_reg_626_reg[6]_i_8/CO[3]
                         net (fo=1, routed)           0.000     5.781    yuv_filter_rgb2yuv_U0/n_0_y_mid2_reg_626_reg[6]_i_8
    SLICE_X29Y27         CARRY4 (Prop_carry4_CI_CO[2])
                                                      0.228     6.009 r  yuv_filter_rgb2yuv_U0/y_mid2_reg_626_reg[6]_i_4/CO[2]
                         net (fo=8, routed)           0.457     6.466    yuv_filter_rgb2yuv_U0/n_1_y_mid2_reg_626_reg[6]_i_4
    SLICE_X26Y27         LUT4 (Prop_lut4_I3_O)        0.313     6.779 f  yuv_filter_rgb2yuv_U0/y_reg_227[15]_i_2/O
                         net (fo=63, routed)          0.354     7.133    yuv_filter_rgb2yuv_U0/indvar_flatten_reg_2050
    SLICE_X26Y27         LUT6 (Prop_lut6_I5_O)        0.124     7.257 r  yuv_filter_rgb2yuv_U0/y_reg_227[15]_i_1/O
                         net (fo=48, routed)          0.903     8.160    yuv_filter_rgb2yuv_U0/n_0_y_reg_227[15]_i_1
    SLICE_X24Y22         FDRE                                         r  yuv_filter_rgb2yuv_U0/y_reg_227_reg[5]/R
  -------------------------------------------------------------------    -------------------

                         (clock ap_clk rise edge)     8.000     8.000 r  
                                                      0.000     8.000 r  ap_clk
                         net (fo=881, unset)          1.484     9.484    yuv_filter_rgb2yuv_U0/ap_clk
    SLICE_X24Y22                                                      r  yuv_filter_rgb2yuv_U0/y_reg_227_reg[5]/C
                         clock pessimism              0.115     9.599    
                         clock uncertainty           -0.035     9.564    
    SLICE_X24Y22         FDRE (Setup_fdre_C_R)       -0.524     9.040    yuv_filter_rgb2yuv_U0/y_reg_227_reg[5]
  -------------------------------------------------------------------
                         required time                          9.040    
                         arrival time                          -8.160    
  -------------------------------------------------------------------
                         slack                                  0.879    

Slack (MET) :             0.879ns  (required time - arrival time)
  Source:                 yuv_filter_rgb2yuv_U0/bound_reg_612_reg/CLK
                            (rising edge-triggered cell DSP48E1 clocked by ap_clk  {rise@0.000ns fall@4.000ns period=8.000ns})
  Destination:            yuv_filter_rgb2yuv_U0/y_reg_227_reg[6]/R
                            (rising edge-triggered cell FDRE clocked by ap_clk  {rise@0.000ns fall@4.000ns period=8.000ns})
  Path Group:             ap_clk
  Path Type:              Setup (Max at Slow Process Corner)
  Requirement:            8.000ns  (ap_clk rise@8.000ns - ap_clk rise@0.000ns)
  Data Path Delay:        6.412ns  (logic 3.630ns (56.615%)  route 2.782ns (43.385%))
  Logic Levels:           5  (CARRY4=2 LUT4=1 LUT6=2)
  Clock Path Skew:        -0.150ns (DCD - SCD + CPR)
    Destination Clock Delay (DCD):    1.484ns = ( 9.484 - 8.000 ) 
    Source Clock Delay      (SCD):    1.749ns
    Clock Pessimism Removal (CPR):    0.115ns
  Clock Uncertainty:      0.035ns  ((TSJ^2 + TIJ^2)^1/2 + DJ) / 2 + PE
    Total System Jitter     (TSJ):    0.071ns
    Total Input Jitter      (TIJ):    0.000ns
    Discrete Jitter          (DJ):    0.000ns
    Phase Error              (PE):    0.000ns

    Location             Delay type                Incr(ns)  Path(ns)    Netlist Resource(s)
  -------------------------------------------------------------------    -------------------
                         (clock ap_clk rise edge)     0.000     0.000 r  
                                                      0.000     0.000 r  ap_clk
                         net (fo=881, unset)          1.749     1.749    yuv_filter_rgb2yuv_U0/ap_clk
    DSP48_X1Y10                                                       r  yuv_filter_rgb2yuv_U0/bound_reg_612_reg/CLK
  -------------------------------------------------------------------    -------------------
    DSP48_X1Y10          DSP48E1 (Prop_dsp48e1_CLK_P[15])
                                                      2.291     4.040 r  yuv_filter_rgb2yuv_U0/bound_reg_612_reg/P[15]
                         net (fo=1, routed)           1.068     5.107    yuv_filter_rgb2yuv_U0/n_90_bound_reg_612_reg
    SLICE_X29Y26         LUT6 (Prop_lut6_I1_O)        0.124     5.231 r  yuv_filter_rgb2yuv_U0/y_mid2_reg_626[6]_i_19/O
                         net (fo=1, routed)           0.000     5.231    yuv_filter_rgb2yuv_U0/n_0_y_mid2_reg_626[6]_i_19
    SLICE_X29Y26         CARRY4 (Prop_carry4_S[1]_CO[3])
                                                      0.550     5.781 r  yuv_filter_rgb2yuv_U0/y_mid2_reg_626_reg[6]_i_8/CO[3]
                         net (fo=1, routed)           0.000     5.781    yuv_filter_rgb2yuv_U0/n_0_y_mid2_reg_626_reg[6]_i_8
    SLICE_X29Y27         CARRY4 (Prop_carry4_CI_CO[2])
                                                      0.228     6.009 r  yuv_filter_rgb2yuv_U0/y_mid2_reg_626_reg[6]_i_4/CO[2]
                         net (fo=8, routed)           0.457     6.466    yuv_filter_rgb2yuv_U0/n_1_y_mid2_reg_626_reg[6]_i_4
    SLICE_X26Y27         LUT4 (Prop_lut4_I3_O)        0.313     6.779 f  yuv_filter_rgb2yuv_U0/y_reg_227[15]_i_2/O
                         net (fo=63, routed)          0.354     7.133    yuv_filter_rgb2yuv_U0/indvar_flatten_reg_2050
    SLICE_X26Y27         LUT6 (Prop_lut6_I5_O)        0.124     7.257 r  yuv_filter_rgb2yuv_U0/y_reg_227[15]_i_1/O
                         net (fo=48, routed)          0.903     8.160    yuv_filter_rgb2yuv_U0/n_0_y_reg_227[15]_i_1
    SLICE_X24Y22         FDRE                                         r  yuv_filter_rgb2yuv_U0/y_reg_227_reg[6]/R
  -------------------------------------------------------------------    -------------------

                         (clock ap_clk rise edge)     8.000     8.000 r  
                                                      0.000     8.000 r  ap_clk
                         net (fo=881, unset)          1.484     9.484    yuv_filter_rgb2yuv_U0/ap_clk
    SLICE_X24Y22                                                      r  yuv_filter_rgb2yuv_U0/y_reg_227_reg[6]/C
                         clock pessimism              0.115     9.599    
                         clock uncertainty           -0.035     9.564    
    SLICE_X24Y22         FDRE (Setup_fdre_C_R)       -0.524     9.040    yuv_filter_rgb2yuv_U0/y_reg_227_reg[6]
  -------------------------------------------------------------------
                         required time                          9.040    
                         arrival time                          -8.160    
  -------------------------------------------------------------------
                         slack                                  0.879    

Slack (MET) :             0.879ns  (required time - arrival time)
  Source:                 yuv_filter_rgb2yuv_U0/bound_reg_612_reg/CLK
                            (rising edge-triggered cell DSP48E1 clocked by ap_clk  {rise@0.000ns fall@4.000ns period=8.000ns})
  Destination:            yuv_filter_rgb2yuv_U0/y_reg_227_reg[7]/R
                            (rising edge-triggered cell FDRE clocked by ap_clk  {rise@0.000ns fall@4.000ns period=8.000ns})
  Path Group:             ap_clk
  Path Type:              Setup (Max at Slow Process Corner)
  Requirement:            8.000ns  (ap_clk rise@8.000ns - ap_clk rise@0.000ns)
  Data Path Delay:        6.412ns  (logic 3.630ns (56.615%)  route 2.782ns (43.385%))
  Logic Levels:           5  (CARRY4=2 LUT4=1 LUT6=2)
  Clock Path Skew:        -0.150ns (DCD - SCD + CPR)
    Destination Clock Delay (DCD):    1.484ns = ( 9.484 - 8.000 ) 
    Source Clock Delay      (SCD):    1.749ns
    Clock Pessimism Removal (CPR):    0.115ns
  Clock Uncertainty:      0.035ns  ((TSJ^2 + TIJ^2)^1/2 + DJ) / 2 + PE
    Total System Jitter     (TSJ):    0.071ns
    Total Input Jitter      (TIJ):    0.000ns
    Discrete Jitter          (DJ):    0.000ns
    Phase Error              (PE):    0.000ns

    Location             Delay type                Incr(ns)  Path(ns)    Netlist Resource(s)
  -------------------------------------------------------------------    -------------------
                         (clock ap_clk rise edge)     0.000     0.000 r  
                                                      0.000     0.000 r  ap_clk
                         net (fo=881, unset)          1.749     1.749    yuv_filter_rgb2yuv_U0/ap_clk
    DSP48_X1Y10                                                       r  yuv_filter_rgb2yuv_U0/bound_reg_612_reg/CLK
  -------------------------------------------------------------------    -------------------
    DSP48_X1Y10          DSP48E1 (Prop_dsp48e1_CLK_P[15])
                                                      2.291     4.040 r  yuv_filter_rgb2yuv_U0/bound_reg_612_reg/P[15]
                         net (fo=1, routed)           1.068     5.107    yuv_filter_rgb2yuv_U0/n_90_bound_reg_612_reg
    SLICE_X29Y26         LUT6 (Prop_lut6_I1_O)        0.124     5.231 r  yuv_filter_rgb2yuv_U0/y_mid2_reg_626[6]_i_19/O
                         net (fo=1, routed)           0.000     5.231    yuv_filter_rgb2yuv_U0/n_0_y_mid2_reg_626[6]_i_19
    SLICE_X29Y26         CARRY4 (Prop_carry4_S[1]_CO[3])
                                                      0.550     5.781 r  yuv_filter_rgb2yuv_U0/y_mid2_reg_626_reg[6]_i_8/CO[3]
                         net (fo=1, routed)           0.000     5.781    yuv_filter_rgb2yuv_U0/n_0_y_mid2_reg_626_reg[6]_i_8
    SLICE_X29Y27         CARRY4 (Prop_carry4_CI_CO[2])
                                                      0.228     6.009 r  yuv_filter_rgb2yuv_U0/y_mid2_reg_626_reg[6]_i_4/CO[2]
                         net (fo=8, routed)           0.457     6.466    yuv_filter_rgb2yuv_U0/n_1_y_mid2_reg_626_reg[6]_i_4
    SLICE_X26Y27         LUT4 (Prop_lut4_I3_O)        0.313     6.779 f  yuv_filter_rgb2yuv_U0/y_reg_227[15]_i_2/O
                         net (fo=63, routed)          0.354     7.133    yuv_filter_rgb2yuv_U0/indvar_flatten_reg_2050
    SLICE_X26Y27         LUT6 (Prop_lut6_I5_O)        0.124     7.257 r  yuv_filter_rgb2yuv_U0/y_reg_227[15]_i_1/O
                         net (fo=48, routed)          0.903     8.160    yuv_filter_rgb2yuv_U0/n_0_y_reg_227[15]_i_1
    SLICE_X24Y22         FDRE                                         r  yuv_filter_rgb2yuv_U0/y_reg_227_reg[7]/R
  -------------------------------------------------------------------    -------------------

                         (clock ap_clk rise edge)     8.000     8.000 r  
                                                      0.000     8.000 r  ap_clk
                         net (fo=881, unset)          1.484     9.484    yuv_filter_rgb2yuv_U0/ap_clk
    SLICE_X24Y22                                                      r  yuv_filter_rgb2yuv_U0/y_reg_227_reg[7]/C
                         clock pessimism              0.115     9.599    
                         clock uncertainty           -0.035     9.564    
    SLICE_X24Y22         FDRE (Setup_fdre_C_R)       -0.524     9.040    yuv_filter_rgb2yuv_U0/y_reg_227_reg[7]
  -------------------------------------------------------------------
                         required time                          9.040    
                         arrival time                          -8.160    
  -------------------------------------------------------------------
                         slack                                  0.879    

Slack (MET) :             0.879ns  (required time - arrival time)
  Source:                 yuv_filter_rgb2yuv_U0/bound_reg_612_reg/CLK
                            (rising edge-triggered cell DSP48E1 clocked by ap_clk  {rise@0.000ns fall@4.000ns period=8.000ns})
  Destination:            yuv_filter_rgb2yuv_U0/y_reg_227_reg[8]/R
                            (rising edge-triggered cell FDRE clocked by ap_clk  {rise@0.000ns fall@4.000ns period=8.000ns})
  Path Group:             ap_clk
  Path Type:              Setup (Max at Slow Process Corner)
  Requirement:            8.000ns  (ap_clk rise@8.000ns - ap_clk rise@0.000ns)
  Data Path Delay:        6.412ns  (logic 3.630ns (56.615%)  route 2.782ns (43.385%))
  Logic Levels:           5  (CARRY4=2 LUT4=1 LUT6=2)
  Clock Path Skew:        -0.150ns (DCD - SCD + CPR)
    Destination Clock Delay (DCD):    1.484ns = ( 9.484 - 8.000 ) 
    Source Clock Delay      (SCD):    1.749ns
    Clock Pessimism Removal (CPR):    0.115ns
  Clock Uncertainty:      0.035ns  ((TSJ^2 + TIJ^2)^1/2 + DJ) / 2 + PE
    Total System Jitter     (TSJ):    0.071ns
    Total Input Jitter      (TIJ):    0.000ns
    Discrete Jitter          (DJ):    0.000ns
    Phase Error              (PE):    0.000ns

    Location             Delay type                Incr(ns)  Path(ns)    Netlist Resource(s)
  -------------------------------------------------------------------    -------------------
                         (clock ap_clk rise edge)     0.000     0.000 r  
                                                      0.000     0.000 r  ap_clk
                         net (fo=881, unset)          1.749     1.749    yuv_filter_rgb2yuv_U0/ap_clk
    DSP48_X1Y10                                                       r  yuv_filter_rgb2yuv_U0/bound_reg_612_reg/CLK
  -------------------------------------------------------------------    -------------------
    DSP48_X1Y10          DSP48E1 (Prop_dsp48e1_CLK_P[15])
                                                      2.291     4.040 r  yuv_filter_rgb2yuv_U0/bound_reg_612_reg/P[15]
                         net (fo=1, routed)           1.068     5.107    yuv_filter_rgb2yuv_U0/n_90_bound_reg_612_reg
    SLICE_X29Y26         LUT6 (Prop_lut6_I1_O)        0.124     5.231 r  yuv_filter_rgb2yuv_U0/y_mid2_reg_626[6]_i_19/O
                         net (fo=1, routed)           0.000     5.231    yuv_filter_rgb2yuv_U0/n_0_y_mid2_reg_626[6]_i_19
    SLICE_X29Y26         CARRY4 (Prop_carry4_S[1]_CO[3])
                                                      0.550     5.781 r  yuv_filter_rgb2yuv_U0/y_mid2_reg_626_reg[6]_i_8/CO[3]
                         net (fo=1, routed)           0.000     5.781    yuv_filter_rgb2yuv_U0/n_0_y_mid2_reg_626_reg[6]_i_8
    SLICE_X29Y27         CARRY4 (Prop_carry4_CI_CO[2])
                                                      0.228     6.009 r  yuv_filter_rgb2yuv_U0/y_mid2_reg_626_reg[6]_i_4/CO[2]
                         net (fo=8, routed)           0.457     6.466    yuv_filter_rgb2yuv_U0/n_1_y_mid2_reg_626_reg[6]_i_4
    SLICE_X26Y27         LUT4 (Prop_lut4_I3_O)        0.313     6.779 f  yuv_filter_rgb2yuv_U0/y_reg_227[15]_i_2/O
                         net (fo=63, routed)          0.354     7.133    yuv_filter_rgb2yuv_U0/indvar_flatten_reg_2050
    SLICE_X26Y27         LUT6 (Prop_lut6_I5_O)        0.124     7.257 r  yuv_filter_rgb2yuv_U0/y_reg_227[15]_i_1/O
                         net (fo=48, routed)          0.903     8.160    yuv_filter_rgb2yuv_U0/n_0_y_reg_227[15]_i_1
    SLICE_X24Y22         FDRE                                         r  yuv_filter_rgb2yuv_U0/y_reg_227_reg[8]/R
  -------------------------------------------------------------------    -------------------

                         (clock ap_clk rise edge)     8.000     8.000 r  
                                                      0.000     8.000 r  ap_clk
                         net (fo=881, unset)          1.484     9.484    yuv_filter_rgb2yuv_U0/ap_clk
    SLICE_X24Y22                                                      r  yuv_filter_rgb2yuv_U0/y_reg_227_reg[8]/C
                         clock pessimism              0.115     9.599    
                         clock uncertainty           -0.035     9.564    
    SLICE_X24Y22         FDRE (Setup_fdre_C_R)       -0.524     9.040    yuv_filter_rgb2yuv_U0/y_reg_227_reg[8]
  -------------------------------------------------------------------
                         required time                          9.040    
                         arrival time                          -8.160    
  -------------------------------------------------------------------
                         slack                                  0.879    

Slack (MET) :             0.889ns  (required time - arrival time)
  Source:                 yuv_filter_rgb2yuv_U0/bound_reg_612_reg/CLK
                            (rising edge-triggered cell DSP48E1 clocked by ap_clk  {rise@0.000ns fall@4.000ns period=8.000ns})
  Destination:            yuv_filter_rgb2yuv_U0/y_reg_227_reg[13]/R
                            (rising edge-triggered cell FDRE clocked by ap_clk  {rise@0.000ns fall@4.000ns period=8.000ns})
  Path Group:             ap_clk
  Path Type:              Setup (Max at Slow Process Corner)
  Requirement:            8.000ns  (ap_clk rise@8.000ns - ap_clk rise@0.000ns)
  Data Path Delay:        6.399ns  (logic 3.630ns (56.727%)  route 2.769ns (43.273%))
  Logic Levels:           5  (CARRY4=2 LUT4=1 LUT6=2)
  Clock Path Skew:        -0.153ns (DCD - SCD + CPR)
    Destination Clock Delay (DCD):    1.481ns = ( 9.481 - 8.000 ) 
    Source Clock Delay      (SCD):    1.749ns
    Clock Pessimism Removal (CPR):    0.115ns
  Clock Uncertainty:      0.035ns  ((TSJ^2 + TIJ^2)^1/2 + DJ) / 2 + PE
    Total System Jitter     (TSJ):    0.071ns
    Total Input Jitter      (TIJ):    0.000ns
    Discrete Jitter          (DJ):    0.000ns
    Phase Error              (PE):    0.000ns

    Location             Delay type                Incr(ns)  Path(ns)    Netlist Resource(s)
  -------------------------------------------------------------------    -------------------
                         (clock ap_clk rise edge)     0.000     0.000 r  
                                                      0.000     0.000 r  ap_clk
                         net (fo=881, unset)          1.749     1.749    yuv_filter_rgb2yuv_U0/ap_clk
    DSP48_X1Y10                                                       r  yuv_filter_rgb2yuv_U0/bound_reg_612_reg/CLK
  -------------------------------------------------------------------    -------------------
    DSP48_X1Y10          DSP48E1 (Prop_dsp48e1_CLK_P[15])
                                                      2.291     4.040 r  yuv_filter_rgb2yuv_U0/bound_reg_612_reg/P[15]
                         net (fo=1, routed)           1.068     5.107    yuv_filter_rgb2yuv_U0/n_90_bound_reg_612_reg
    SLICE_X29Y26         LUT6 (Prop_lut6_I1_O)        0.124     5.231 r  yuv_filter_rgb2yuv_U0/y_mid2_reg_626[6]_i_19/O
                         net (fo=1, routed)           0.000     5.231    yuv_filter_rgb2yuv_U0/n_0_y_mid2_reg_626[6]_i_19
    SLICE_X29Y26         CARRY4 (Prop_carry4_S[1]_CO[3])
                                                      0.550     5.781 r  yuv_filter_rgb2yuv_U0/y_mid2_reg_626_reg[6]_i_8/CO[3]
                         net (fo=1, routed)           0.000     5.781    yuv_filter_rgb2yuv_U0/n_0_y_mid2_reg_626_reg[6]_i_8
    SLICE_X29Y27         CARRY4 (Prop_carry4_CI_CO[2])
                                                      0.228     6.009 r  yuv_filter_rgb2yuv_U0/y_mid2_reg_626_reg[6]_i_4/CO[2]
                         net (fo=8, routed)           0.457     6.466    yuv_filter_rgb2yuv_U0/n_1_y_mid2_reg_626_reg[6]_i_4
    SLICE_X26Y27         LUT4 (Prop_lut4_I3_O)        0.313     6.779 f  yuv_filter_rgb2yuv_U0/y_reg_227[15]_i_2/O
                         net (fo=63, routed)          0.354     7.133    yuv_filter_rgb2yuv_U0/indvar_flatten_reg_2050
    SLICE_X26Y27         LUT6 (Prop_lut6_I5_O)        0.124     7.257 r  yuv_filter_rgb2yuv_U0/y_reg_227[15]_i_1/O
                         net (fo=48, routed)          0.890     8.148    yuv_filter_rgb2yuv_U0/n_0_y_reg_227[15]_i_1
    SLICE_X24Y24         FDRE                                         r  yuv_filter_rgb2yuv_U0/y_reg_227_reg[13]/R
  -------------------------------------------------------------------    -------------------

                         (clock ap_clk rise edge)     8.000     8.000 r  
                                                      0.000     8.000 r  ap_clk
                         net (fo=881, unset)          1.481     9.481    yuv_filter_rgb2yuv_U0/ap_clk
    SLICE_X24Y24                                                      r  yuv_filter_rgb2yuv_U0/y_reg_227_reg[13]/C
                         clock pessimism              0.115     9.596    
                         clock uncertainty           -0.035     9.561    
    SLICE_X24Y24         FDRE (Setup_fdre_C_R)       -0.524     9.037    yuv_filter_rgb2yuv_U0/y_reg_227_reg[13]
  -------------------------------------------------------------------
                         required time                          9.037    
                         arrival time                          -8.148    
  -------------------------------------------------------------------
                         slack                                  0.889    

Slack (MET) :             0.889ns  (required time - arrival time)
  Source:                 yuv_filter_rgb2yuv_U0/bound_reg_612_reg/CLK
                            (rising edge-triggered cell DSP48E1 clocked by ap_clk  {rise@0.000ns fall@4.000ns period=8.000ns})
  Destination:            yuv_filter_rgb2yuv_U0/y_reg_227_reg[14]/R
                            (rising edge-triggered cell FDRE clocked by ap_clk  {rise@0.000ns fall@4.000ns period=8.000ns})
  Path Group:             ap_clk
  Path Type:              Setup (Max at Slow Process Corner)
  Requirement:            8.000ns  (ap_clk rise@8.000ns - ap_clk rise@0.000ns)
  Data Path Delay:        6.399ns  (logic 3.630ns (56.727%)  route 2.769ns (43.273%))
  Logic Levels:           5  (CARRY4=2 LUT4=1 LUT6=2)
  Clock Path Skew:        -0.153ns (DCD - SCD + CPR)
    Destination Clock Delay (DCD):    1.481ns = ( 9.481 - 8.000 ) 
    Source Clock Delay      (SCD):    1.749ns
    Clock Pessimism Removal (CPR):    0.115ns
  Clock Uncertainty:      0.035ns  ((TSJ^2 + TIJ^2)^1/2 + DJ) / 2 + PE
    Total System Jitter     (TSJ):    0.071ns
    Total Input Jitter      (TIJ):    0.000ns
    Discrete Jitter          (DJ):    0.000ns
    Phase Error              (PE):    0.000ns

    Location             Delay type                Incr(ns)  Path(ns)    Netlist Resource(s)
  -------------------------------------------------------------------    -------------------
                         (clock ap_clk rise edge)     0.000     0.000 r  
                                                      0.000     0.000 r  ap_clk
                         net (fo=881, unset)          1.749     1.749    yuv_filter_rgb2yuv_U0/ap_clk
    DSP48_X1Y10                                                       r  yuv_filter_rgb2yuv_U0/bound_reg_612_reg/CLK
  -------------------------------------------------------------------    -------------------
    DSP48_X1Y10          DSP48E1 (Prop_dsp48e1_CLK_P[15])
                                                      2.291     4.040 r  yuv_filter_rgb2yuv_U0/bound_reg_612_reg/P[15]
                         net (fo=1, routed)           1.068     5.107    yuv_filter_rgb2yuv_U0/n_90_bound_reg_612_reg
    SLICE_X29Y26         LUT6 (Prop_lut6_I1_O)        0.124     5.231 r  yuv_filter_rgb2yuv_U0/y_mid2_reg_626[6]_i_19/O
                         net (fo=1, routed)           0.000     5.231    yuv_filter_rgb2yuv_U0/n_0_y_mid2_reg_626[6]_i_19
    SLICE_X29Y26         CARRY4 (Prop_carry4_S[1]_CO[3])
                                                      0.550     5.781 r  yuv_filter_rgb2yuv_U0/y_mid2_reg_626_reg[6]_i_8/CO[3]
                         net (fo=1, routed)           0.000     5.781    yuv_filter_rgb2yuv_U0/n_0_y_mid2_reg_626_reg[6]_i_8
    SLICE_X29Y27         CARRY4 (Prop_carry4_CI_CO[2])
                                                      0.228     6.009 r  yuv_filter_rgb2yuv_U0/y_mid2_reg_626_reg[6]_i_4/CO[2]
                         net (fo=8, routed)           0.457     6.466    yuv_filter_rgb2yuv_U0/n_1_y_mid2_reg_626_reg[6]_i_4
    SLICE_X26Y27         LUT4 (Prop_lut4_I3_O)        0.313     6.779 f  yuv_filter_rgb2yuv_U0/y_reg_227[15]_i_2/O
                         net (fo=63, routed)          0.354     7.133    yuv_filter_rgb2yuv_U0/indvar_flatten_reg_2050
    SLICE_X26Y27         LUT6 (Prop_lut6_I5_O)        0.124     7.257 r  yuv_filter_rgb2yuv_U0/y_reg_227[15]_i_1/O
                         net (fo=48, routed)          0.890     8.148    yuv_filter_rgb2yuv_U0/n_0_y_reg_227[15]_i_1
    SLICE_X24Y24         FDRE                                         r  yuv_filter_rgb2yuv_U0/y_reg_227_reg[14]/R
  -------------------------------------------------------------------    -------------------

                         (clock ap_clk rise edge)     8.000     8.000 r  
                                                      0.000     8.000 r  ap_clk
                         net (fo=881, unset)          1.481     9.481    yuv_filter_rgb2yuv_U0/ap_clk
    SLICE_X24Y24                                                      r  yuv_filter_rgb2yuv_U0/y_reg_227_reg[14]/C
                         clock pessimism              0.115     9.596    
                         clock uncertainty           -0.035     9.561    
    SLICE_X24Y24         FDRE (Setup_fdre_C_R)       -0.524     9.037    yuv_filter_rgb2yuv_U0/y_reg_227_reg[14]
  -------------------------------------------------------------------
                         required time                          9.037    
                         arrival time                          -8.148    
  -------------------------------------------------------------------
                         slack                                  0.889    





Min Delay Paths
--------------------------------------------------------------------------------------
Slack (MET) :             0.027ns  (arrival time - required time)
  Source:                 yuv_filter_yuv2rgb_U0/U_reg_675_reg[6]/C
                            (rising edge-triggered cell FDRE clocked by ap_clk  {rise@0.000ns fall@4.000ns period=8.000ns})
  Destination:            yuv_filter_yuv2rgb_U0/D_reg_690_reg[6]/D
                            (rising edge-triggered cell FDRE clocked by ap_clk  {rise@0.000ns fall@4.000ns period=8.000ns})
  Path Group:             ap_clk
  Path Type:              Hold (Min at Fast Process Corner)
  Requirement:            0.000ns  (ap_clk rise@0.000ns - ap_clk rise@0.000ns)
  Data Path Delay:        0.308ns  (logic 0.148ns (47.977%)  route 0.160ns (52.023%))
  Logic Levels:           0  
  Clock Path Skew:        0.264ns (DCD - SCD - CPR)
    Destination Clock Delay (DCD):    0.828ns
    Source Clock Delay      (SCD):    0.559ns
    Clock Pessimism Removal (CPR):    0.005ns

    Location             Delay type                Incr(ns)  Path(ns)    Netlist Resource(s)
  -------------------------------------------------------------------    -------------------
                         (clock ap_clk rise edge)     0.000     0.000 r  
                                                      0.000     0.000 r  ap_clk
                         net (fo=881, unset)          0.559     0.559    yuv_filter_yuv2rgb_U0/ap_clk
    SLICE_X20Y39                                                      r  yuv_filter_yuv2rgb_U0/U_reg_675_reg[6]/C
  -------------------------------------------------------------------    -------------------
    SLICE_X20Y39         FDRE (Prop_fdre_C_Q)         0.148     0.707 r  yuv_filter_yuv2rgb_U0/U_reg_675_reg[6]/Q
                         net (fo=1, routed)           0.160     0.867    yuv_filter_yuv2rgb_U0/U_reg_675[6]
    SLICE_X22Y39         FDRE                                         r  yuv_filter_yuv2rgb_U0/D_reg_690_reg[6]/D
  -------------------------------------------------------------------    -------------------

                         (clock ap_clk rise edge)     0.000     0.000 r  
                                                      0.000     0.000 r  ap_clk
                         net (fo=881, unset)          0.828     0.828    yuv_filter_yuv2rgb_U0/ap_clk
    SLICE_X22Y39                                                      r  yuv_filter_yuv2rgb_U0/D_reg_690_reg[6]/C
                         clock pessimism             -0.005     0.823    
    SLICE_X22Y39         FDRE (Hold_fdre_C_D)         0.017     0.840    yuv_filter_yuv2rgb_U0/D_reg_690_reg[6]
  -------------------------------------------------------------------
                         required time                         -0.840    
                         arrival time                           0.867    
  -------------------------------------------------------------------
                         slack                                  0.027    

Slack (MET) :             0.039ns  (arrival time - required time)
  Source:                 yuv_filter_yuv2rgb_U0/p_addr1_reg_685_reg[7]/C
                            (rising edge-triggered cell FDRE clocked by ap_clk  {rise@0.000ns fall@4.000ns period=8.000ns})
  Destination:            yuv_filter_yuv2rgb_U0/ap_reg_ppstg_p_addr1_reg_685_pp0_it3_reg[7]_srl2/D
                            (rising edge-triggered cell SRL16E clocked by ap_clk  {rise@0.000ns fall@4.000ns period=8.000ns})
  Path Group:             ap_clk
  Path Type:              Hold (Min at Fast Process Corner)
  Requirement:            0.000ns  (ap_clk rise@0.000ns - ap_clk rise@0.000ns)
  Data Path Delay:        0.254ns  (logic 0.141ns (55.537%)  route 0.113ns (44.463%))
  Logic Levels:           0  
  Clock Path Skew:        0.032ns (DCD - SCD - CPR)
    Destination Clock Delay (DCD):    0.826ns
    Source Clock Delay      (SCD):    0.560ns
    Clock Pessimism Removal (CPR):    0.234ns

    Location             Delay type                Incr(ns)  Path(ns)    Netlist Resource(s)
  -------------------------------------------------------------------    -------------------
                         (clock ap_clk rise edge)     0.000     0.000 r  
                                                      0.000     0.000 r  ap_clk
                         net (fo=881, unset)          0.560     0.560    yuv_filter_yuv2rgb_U0/ap_clk
    SLICE_X27Y35                                                      r  yuv_filter_yuv2rgb_U0/p_addr1_reg_685_reg[7]/C
  -------------------------------------------------------------------    -------------------
    SLICE_X27Y35         FDRE (Prop_fdre_C_Q)         0.141     0.701 r  yuv_filter_yuv2rgb_U0/p_addr1_reg_685_reg[7]/Q
                         net (fo=1, routed)           0.113     0.814    yuv_filter_yuv2rgb_U0/p_addr1_reg_685[7]
    SLICE_X28Y34         SRL16E                                       r  yuv_filter_yuv2rgb_U0/ap_reg_ppstg_p_addr1_reg_685_pp0_it3_reg[7]_srl2/D
  -------------------------------------------------------------------    -------------------

                         (clock ap_clk rise edge)     0.000     0.000 r  
                                                      0.000     0.000 r  ap_clk
                         net (fo=881, unset)          0.826     0.826    yuv_filter_yuv2rgb_U0/ap_clk
    SLICE_X28Y34                                                      r  yuv_filter_yuv2rgb_U0/ap_reg_ppstg_p_addr1_reg_685_pp0_it3_reg[7]_srl2/CLK
                         clock pessimism             -0.234     0.592    
    SLICE_X28Y34         SRL16E (Hold_srl16e_CLK_D)
                                                      0.183     0.775    yuv_filter_yuv2rgb_U0/ap_reg_ppstg_p_addr1_reg_685_pp0_it3_reg[7]_srl2
  -------------------------------------------------------------------
                         required time                         -0.775    
                         arrival time                           0.814    
  -------------------------------------------------------------------
                         slack                                  0.039    

Slack (MET) :             0.039ns  (arrival time - required time)
  Source:                 yuv_filter_yuv2rgb_U0/p_addr1_reg_685_reg[15]/C
                            (rising edge-triggered cell FDRE clocked by ap_clk  {rise@0.000ns fall@4.000ns period=8.000ns})
  Destination:            yuv_filter_yuv2rgb_U0/ap_reg_ppstg_p_addr1_reg_685_pp0_it3_reg[15]_srl2/D
                            (rising edge-triggered cell SRL16E clocked by ap_clk  {rise@0.000ns fall@4.000ns period=8.000ns})
  Path Group:             ap_clk
  Path Type:              Hold (Min at Fast Process Corner)
  Requirement:            0.000ns  (ap_clk rise@0.000ns - ap_clk rise@0.000ns)
  Data Path Delay:        0.254ns  (logic 0.141ns (55.537%)  route 0.113ns (44.463%))
  Logic Levels:           0  
  Clock Path Skew:        0.032ns (DCD - SCD - CPR)
    Destination Clock Delay (DCD):    0.827ns
    Source Clock Delay      (SCD):    0.561ns
    Clock Pessimism Removal (CPR):    0.234ns

    Location             Delay type                Incr(ns)  Path(ns)    Netlist Resource(s)
  -------------------------------------------------------------------    -------------------
                         (clock ap_clk rise edge)     0.000     0.000 r  
                                                      0.000     0.000 r  ap_clk
                         net (fo=881, unset)          0.561     0.561    yuv_filter_yuv2rgb_U0/ap_clk
    SLICE_X27Y37                                                      r  yuv_filter_yuv2rgb_U0/p_addr1_reg_685_reg[15]/C
  -------------------------------------------------------------------    -------------------
    SLICE_X27Y37         FDRE (Prop_fdre_C_Q)         0.141     0.702 r  yuv_filter_yuv2rgb_U0/p_addr1_reg_685_reg[15]/Q
                         net (fo=1, routed)           0.113     0.815    yuv_filter_yuv2rgb_U0/p_addr1_reg_685[15]
    SLICE_X28Y36         SRL16E                                       r  yuv_filter_yuv2rgb_U0/ap_reg_ppstg_p_addr1_reg_685_pp0_it3_reg[15]_srl2/D
  -------------------------------------------------------------------    -------------------

                         (clock ap_clk rise edge)     0.000     0.000 r  
                                                      0.000     0.000 r  ap_clk
                         net (fo=881, unset)          0.827     0.827    yuv_filter_yuv2rgb_U0/ap_clk
    SLICE_X28Y36                                                      r  yuv_filter_yuv2rgb_U0/ap_reg_ppstg_p_addr1_reg_685_pp0_it3_reg[15]_srl2/CLK
                         clock pessimism             -0.234     0.593    
    SLICE_X28Y36         SRL16E (Hold_srl16e_CLK_D)
                                                      0.183     0.776    yuv_filter_yuv2rgb_U0/ap_reg_ppstg_p_addr1_reg_685_pp0_it3_reg[15]_srl2
  -------------------------------------------------------------------
                         required time                         -0.776    
                         arrival time                           0.815    
  -------------------------------------------------------------------
                         slack                                  0.039    

Slack (MET) :             0.044ns  (arrival time - required time)
  Source:                 yuv_filter_yuv2rgb_U0/U_reg_675_reg[4]/C
                            (rising edge-triggered cell FDRE clocked by ap_clk  {rise@0.000ns fall@4.000ns period=8.000ns})
  Destination:            yuv_filter_yuv2rgb_U0/D_reg_690_reg[4]/D
                            (rising edge-triggered cell FDRE clocked by ap_clk  {rise@0.000ns fall@4.000ns period=8.000ns})
  Path Group:             ap_clk
  Path Type:              Hold (Min at Fast Process Corner)
  Requirement:            0.000ns  (ap_clk rise@0.000ns - ap_clk rise@0.000ns)
  Data Path Delay:        0.326ns  (logic 0.148ns (45.452%)  route 0.178ns (54.548%))
  Logic Levels:           0  
  Clock Path Skew:        0.265ns (DCD - SCD - CPR)
    Destination Clock Delay (DCD):    0.829ns
    Source Clock Delay      (SCD):    0.559ns
    Clock Pessimism Removal (CPR):    0.005ns

    Location             Delay type                Incr(ns)  Path(ns)    Netlist Resource(s)
  -------------------------------------------------------------------    -------------------
                         (clock ap_clk rise edge)     0.000     0.000 r  
                                                      0.000     0.000 r  ap_clk
                         net (fo=881, unset)          0.559     0.559    yuv_filter_yuv2rgb_U0/ap_clk
    SLICE_X20Y39                                                      r  yuv_filter_yuv2rgb_U0/U_reg_675_reg[4]/C
  -------------------------------------------------------------------    -------------------
    SLICE_X20Y39         FDRE (Prop_fdre_C_Q)         0.148     0.707 r  yuv_filter_yuv2rgb_U0/U_reg_675_reg[4]/Q
                         net (fo=1, routed)           0.178     0.885    yuv_filter_yuv2rgb_U0/U_reg_675[4]
    SLICE_X23Y40         FDRE                                         r  yuv_filter_yuv2rgb_U0/D_reg_690_reg[4]/D
  -------------------------------------------------------------------    -------------------

                         (clock ap_clk rise edge)     0.000     0.000 r  
                                                      0.000     0.000 r  ap_clk
                         net (fo=881, unset)          0.829     0.829    yuv_filter_yuv2rgb_U0/ap_clk
    SLICE_X23Y40                                                      r  yuv_filter_yuv2rgb_U0/D_reg_690_reg[4]/C
                         clock pessimism             -0.005     0.824    
    SLICE_X23Y40         FDRE (Hold_fdre_C_D)         0.017     0.841    yuv_filter_yuv2rgb_U0/D_reg_690_reg[4]
  -------------------------------------------------------------------
                         required time                         -0.841    
                         arrival time                           0.885    
  -------------------------------------------------------------------
                         slack                                  0.044    

Slack (MET) :             0.056ns  (arrival time - required time)
  Source:                 yuv_filter_yuv2rgb_U0/tmp_21_reg_703_reg[11]/C
                            (rising edge-triggered cell FDRE clocked by ap_clk  {rise@0.000ns fall@4.000ns period=8.000ns})
  Destination:            yuv_filter_yuv2rgb_U0/tmp1_reg_725_reg[11]/D
                            (rising edge-triggered cell FDRE clocked by ap_clk  {rise@0.000ns fall@4.000ns period=8.000ns})
  Path Group:             ap_clk
  Path Type:              Hold (Min at Fast Process Corner)
  Requirement:            0.000ns  (ap_clk rise@0.000ns - ap_clk rise@0.000ns)
  Data Path Delay:        0.425ns  (logic 0.272ns (63.964%)  route 0.153ns (36.036%))
  Logic Levels:           2  (CARRY4=1 LUT2=1)
  Clock Path Skew:        0.264ns (DCD - SCD - CPR)
    Destination Clock Delay (DCD):    0.830ns
    Source Clock Delay      (SCD):    0.561ns
    Clock Pessimism Removal (CPR):    0.005ns

    Location             Delay type                Incr(ns)  Path(ns)    Netlist Resource(s)
  -------------------------------------------------------------------    -------------------
                         (clock ap_clk rise edge)     0.000     0.000 r  
                                                      0.000     0.000 r  ap_clk
                         net (fo=881, unset)          0.561     0.561    yuv_filter_yuv2rgb_U0/ap_clk
    SLICE_X20Y43                                                      r  yuv_filter_yuv2rgb_U0/tmp_21_reg_703_reg[11]/C
  -------------------------------------------------------------------    -------------------
    SLICE_X20Y43         FDRE (Prop_fdre_C_Q)         0.164     0.725 r  yuv_filter_yuv2rgb_U0/tmp_21_reg_703_reg[11]/Q
                         net (fo=4, routed)           0.153     0.878    yuv_filter_yuv2rgb_U0/n_0_tmp_21_reg_703_reg[11]
    SLICE_X22Y43         LUT2 (Prop_lut2_I0_O)        0.045     0.923 r  yuv_filter_yuv2rgb_U0/tmp1_reg_725[11]_i_2/O
                         net (fo=1, routed)           0.000     0.923    yuv_filter_yuv2rgb_U0/n_0_tmp1_reg_725[11]_i_2
    SLICE_X22Y43         CARRY4 (Prop_carry4_S[3]_O[3])
                                                      0.063     0.986 r  yuv_filter_yuv2rgb_U0/tmp1_reg_725_reg[11]_i_1/O[3]
                         net (fo=1, routed)           0.000     0.986    yuv_filter_yuv2rgb_U0/tmp1_reg_725[11]
    SLICE_X22Y43         FDRE                                         r  yuv_filter_yuv2rgb_U0/tmp1_reg_725_reg[11]/D
  -------------------------------------------------------------------    -------------------

                         (clock ap_clk rise edge)     0.000     0.000 r  
                                                      0.000     0.000 r  ap_clk
                         net (fo=881, unset)          0.830     0.830    yuv_filter_yuv2rgb_U0/ap_clk
    SLICE_X22Y43                                                      r  yuv_filter_yuv2rgb_U0/tmp1_reg_725_reg[11]/C
                         clock pessimism             -0.005     0.825    
    SLICE_X22Y43         FDRE (Hold_fdre_C_D)         0.105     0.930    yuv_filter_yuv2rgb_U0/tmp1_reg_725_reg[11]
  -------------------------------------------------------------------
                         required time                         -0.930    
                         arrival time                           0.986    
  -------------------------------------------------------------------
                         slack                                  0.056    

Slack (MET) :             0.058ns  (arrival time - required time)
  Source:                 yuv_filter_yuv2rgb_U0/tmp_21_reg_703_reg[15]/C
                            (rising edge-triggered cell FDRE clocked by ap_clk  {rise@0.000ns fall@4.000ns period=8.000ns})
  Destination:            yuv_filter_yuv2rgb_U0/tmp1_reg_725_reg[15]/D
                            (rising edge-triggered cell FDRE clocked by ap_clk  {rise@0.000ns fall@4.000ns period=8.000ns})
  Path Group:             ap_clk
  Path Type:              Hold (Min at Fast Process Corner)
  Requirement:            0.000ns  (ap_clk rise@0.000ns - ap_clk rise@0.000ns)
  Data Path Delay:        0.427ns  (logic 0.272ns (63.692%)  route 0.155ns (36.308%))
  Logic Levels:           2  (CARRY4=1 LUT2=1)
  Clock Path Skew:        0.264ns (DCD - SCD - CPR)
    Destination Clock Delay (DCD):    0.830ns
    Source Clock Delay      (SCD):    0.561ns
    Clock Pessimism Removal (CPR):    0.005ns

    Location             Delay type                Incr(ns)  Path(ns)    Netlist Resource(s)
  -------------------------------------------------------------------    -------------------
                         (clock ap_clk rise edge)     0.000     0.000 r  
                                                      0.000     0.000 r  ap_clk
                         net (fo=881, unset)          0.561     0.561    yuv_filter_yuv2rgb_U0/ap_clk
    SLICE_X20Y44                                                      r  yuv_filter_yuv2rgb_U0/tmp_21_reg_703_reg[15]/C
  -------------------------------------------------------------------    -------------------
    SLICE_X20Y44         FDRE (Prop_fdre_C_Q)         0.164     0.725 r  yuv_filter_yuv2rgb_U0/tmp_21_reg_703_reg[15]/Q
                         net (fo=4, routed)           0.155     0.880    yuv_filter_yuv2rgb_U0/n_0_tmp_21_reg_703_reg[15]
    SLICE_X22Y44         LUT2 (Prop_lut2_I0_O)        0.045     0.925 r  yuv_filter_yuv2rgb_U0/tmp1_reg_725[15]_i_2/O
                         net (fo=1, routed)           0.000     0.925    yuv_filter_yuv2rgb_U0/n_0_tmp1_reg_725[15]_i_2
    SLICE_X22Y44         CARRY4 (Prop_carry4_S[3]_O[3])
                                                      0.063     0.988 r  yuv_filter_yuv2rgb_U0/tmp1_reg_725_reg[15]_i_1/O[3]
                         net (fo=1, routed)           0.000     0.988    yuv_filter_yuv2rgb_U0/tmp1_reg_725[15]
    SLICE_X22Y44         FDRE                                         r  yuv_filter_yuv2rgb_U0/tmp1_reg_725_reg[15]/D
  -------------------------------------------------------------------    -------------------

                         (clock ap_clk rise edge)     0.000     0.000 r  
                                                      0.000     0.000 r  ap_clk
                         net (fo=881, unset)          0.830     0.830    yuv_filter_yuv2rgb_U0/ap_clk
    SLICE_X22Y44                                                      r  yuv_filter_yuv2rgb_U0/tmp1_reg_725_reg[15]/C
                         clock pessimism             -0.005     0.825    
    SLICE_X22Y44         FDRE (Hold_fdre_C_D)         0.105     0.930    yuv_filter_yuv2rgb_U0/tmp1_reg_725_reg[15]
  -------------------------------------------------------------------
                         required time                         -0.930    
                         arrival time                           0.988    
  -------------------------------------------------------------------
                         slack                                  0.058    

Slack (MET) :             0.058ns  (arrival time - required time)
  Source:                 yuv_filter_yuv2rgb_U0/tmp_21_reg_703_reg[7]/C
                            (rising edge-triggered cell FDRE clocked by ap_clk  {rise@0.000ns fall@4.000ns period=8.000ns})
  Destination:            yuv_filter_yuv2rgb_U0/tmp1_reg_725_reg[7]/D
                            (rising edge-triggered cell FDRE clocked by ap_clk  {rise@0.000ns fall@4.000ns period=8.000ns})
  Path Group:             ap_clk
  Path Type:              Hold (Min at Fast Process Corner)
  Requirement:            0.000ns  (ap_clk rise@0.000ns - ap_clk rise@0.000ns)
  Data Path Delay:        0.427ns  (logic 0.272ns (63.692%)  route 0.155ns (36.308%))
  Logic Levels:           2  (CARRY4=1 LUT2=1)
  Clock Path Skew:        0.264ns (DCD - SCD - CPR)
    Destination Clock Delay (DCD):    0.829ns
    Source Clock Delay      (SCD):    0.560ns
    Clock Pessimism Removal (CPR):    0.005ns

    Location             Delay type                Incr(ns)  Path(ns)    Netlist Resource(s)
  -------------------------------------------------------------------    -------------------
                         (clock ap_clk rise edge)     0.000     0.000 r  
                                                      0.000     0.000 r  ap_clk
                         net (fo=881, unset)          0.560     0.560    yuv_filter_yuv2rgb_U0/ap_clk
    SLICE_X20Y42                                                      r  yuv_filter_yuv2rgb_U0/tmp_21_reg_703_reg[7]/C
  -------------------------------------------------------------------    -------------------
    SLICE_X20Y42         FDRE (Prop_fdre_C_Q)         0.164     0.724 r  yuv_filter_yuv2rgb_U0/tmp_21_reg_703_reg[7]/Q
                         net (fo=4, routed)           0.155     0.879    yuv_filter_yuv2rgb_U0/n_0_tmp_21_reg_703_reg[7]
    SLICE_X22Y42         LUT2 (Prop_lut2_I0_O)        0.045     0.924 r  yuv_filter_yuv2rgb_U0/tmp1_reg_725[7]_i_2/O
                         net (fo=1, routed)           0.000     0.924    yuv_filter_yuv2rgb_U0/n_0_tmp1_reg_725[7]_i_2
    SLICE_X22Y42         CARRY4 (Prop_carry4_S[3]_O[3])
                                                      0.063     0.987 r  yuv_filter_yuv2rgb_U0/tmp1_reg_725_reg[7]_i_1/O[3]
                         net (fo=1, routed)           0.000     0.987    yuv_filter_yuv2rgb_U0/tmp1_reg_725[7]
    SLICE_X22Y42         FDRE                                         r  yuv_filter_yuv2rgb_U0/tmp1_reg_725_reg[7]/D
  -------------------------------------------------------------------    -------------------

                         (clock ap_clk rise edge)     0.000     0.000 r  
                                                      0.000     0.000 r  ap_clk
                         net (fo=881, unset)          0.829     0.829    yuv_filter_yuv2rgb_U0/ap_clk
    SLICE_X22Y42                                                      r  yuv_filter_yuv2rgb_U0/tmp1_reg_725_reg[7]/C
                         clock pessimism             -0.005     0.824    
    SLICE_X22Y42         FDRE (Hold_fdre_C_D)         0.105     0.929    yuv_filter_yuv2rgb_U0/tmp1_reg_725_reg[7]
  -------------------------------------------------------------------
                         required time                         -0.929    
                         arrival time                           0.987    
  -------------------------------------------------------------------
                         slack                                  0.058    

Slack (MET) :             0.061ns  (arrival time - required time)
  Source:                 yuv_filter_yuv_scale_U0/ap_CS_fsm_reg[1]/C
                            (rising edge-triggered cell FDRE clocked by ap_clk  {rise@0.000ns fall@4.000ns period=8.000ns})
  Destination:            yuv_filter_yuv_scale_U0/bound_reg_301_reg/CEM
                            (rising edge-triggered cell DSP48E1 clocked by ap_clk  {rise@0.000ns fall@4.000ns period=8.000ns})
  Path Group:             ap_clk
  Path Type:              Hold (Min at Fast Process Corner)
  Requirement:            0.000ns  (ap_clk rise@0.000ns - ap_clk rise@0.000ns)
  Data Path Delay:        0.281ns  (logic 0.141ns (50.177%)  route 0.140ns (49.823%))
  Logic Levels:           0  
  Clock Path Skew:        0.121ns (DCD - SCD - CPR)
    Destination Clock Delay (DCD):    0.914ns
    Source Clock Delay      (SCD):    0.559ns
    Clock Pessimism Removal (CPR):    0.234ns

    Location             Delay type                Incr(ns)  Path(ns)    Netlist Resource(s)
  -------------------------------------------------------------------    -------------------
                         (clock ap_clk rise edge)     0.000     0.000 r  
                                                      0.000     0.000 r  ap_clk
                         net (fo=881, unset)          0.559     0.559    yuv_filter_yuv_scale_U0/ap_clk
    SLICE_X31Y33                                                      r  yuv_filter_yuv_scale_U0/ap_CS_fsm_reg[1]/C
  -------------------------------------------------------------------    -------------------
    SLICE_X31Y33         FDRE (Prop_fdre_C_Q)         0.141     0.700 r  yuv_filter_yuv_scale_U0/ap_CS_fsm_reg[1]/Q
                         net (fo=31, routed)          0.140     0.840    yuv_filter_yuv_scale_U0/ap_sig_bdd_100
    DSP48_X1Y12          DSP48E1                                      r  yuv_filter_yuv_scale_U0/bound_reg_301_reg/CEM
  -------------------------------------------------------------------    -------------------

                         (clock ap_clk rise edge)     0.000     0.000 r  
                                                      0.000     0.000 r  ap_clk
                         net (fo=881, unset)          0.914     0.914    yuv_filter_yuv_scale_U0/ap_clk
    DSP48_X1Y12                                                       r  yuv_filter_yuv_scale_U0/bound_reg_301_reg/CLK
                         clock pessimism             -0.234     0.680    
    DSP48_X1Y12          DSP48E1 (Hold_dsp48e1_CLK_CEM)
                                                      0.100     0.780    yuv_filter_yuv_scale_U0/bound_reg_301_reg
  -------------------------------------------------------------------
                         required time                         -0.780    
                         arrival time                           0.840    
  -------------------------------------------------------------------
                         slack                                  0.061    

Slack (MET) :             0.071ns  (arrival time - required time)
  Source:                 yuv_filter_rgb2yuv_U0/ap_reg_ppstg_exitcond_flatten_reg_617_pp0_it1_reg[0]/C
                            (rising edge-triggered cell FDRE clocked by ap_clk  {rise@0.000ns fall@4.000ns period=8.000ns})
  Destination:            yuv_filter_rgb2yuv_U0/ap_reg_ppstg_exitcond_flatten_reg_617_pp0_it2_reg[0]/D
                            (rising edge-triggered cell FDRE clocked by ap_clk  {rise@0.000ns fall@4.000ns period=8.000ns})
  Path Group:             ap_clk
  Path Type:              Hold (Min at Fast Process Corner)
  Requirement:            0.000ns  (ap_clk rise@0.000ns - ap_clk rise@0.000ns)
  Data Path Delay:        0.406ns  (logic 0.141ns (34.743%)  route 0.265ns (65.257%))
  Logic Levels:           0  
  Clock Path Skew:        0.265ns (DCD - SCD - CPR)
    Destination Clock Delay (DCD):    0.822ns
    Source Clock Delay      (SCD):    0.552ns
    Clock Pessimism Removal (CPR):    0.005ns

    Location             Delay type                Incr(ns)  Path(ns)    Netlist Resource(s)
  -------------------------------------------------------------------    -------------------
                         (clock ap_clk rise edge)     0.000     0.000 r  
                                                      0.000     0.000 r  ap_clk
                         net (fo=881, unset)          0.552     0.552    yuv_filter_rgb2yuv_U0/ap_clk
    SLICE_X23Y29                                                      r  yuv_filter_rgb2yuv_U0/ap_reg_ppstg_exitcond_flatten_reg_617_pp0_it1_reg[0]/C
  -------------------------------------------------------------------    -------------------
    SLICE_X23Y29         FDRE (Prop_fdre_C_Q)         0.141     0.693 r  yuv_filter_rgb2yuv_U0/ap_reg_ppstg_exitcond_flatten_reg_617_pp0_it1_reg[0]/Q
                         net (fo=3, routed)           0.265     0.958    yuv_filter_rgb2yuv_U0/ap_reg_ppstg_exitcond_flatten_reg_617_pp0_it1
    SLICE_X17Y29         FDRE                                         r  yuv_filter_rgb2yuv_U0/ap_reg_ppstg_exitcond_flatten_reg_617_pp0_it2_reg[0]/D
  -------------------------------------------------------------------    -------------------

                         (clock ap_clk rise edge)     0.000     0.000 r  
                                                      0.000     0.000 r  ap_clk
                         net (fo=881, unset)          0.822     0.822    yuv_filter_rgb2yuv_U0/ap_clk
    SLICE_X17Y29                                                      r  yuv_filter_rgb2yuv_U0/ap_reg_ppstg_exitcond_flatten_reg_617_pp0_it2_reg[0]/C
                         clock pessimism             -0.005     0.817    
    SLICE_X17Y29         FDRE (Hold_fdre_C_D)         0.070     0.887    yuv_filter_rgb2yuv_U0/ap_reg_ppstg_exitcond_flatten_reg_617_pp0_it2_reg[0]
  -------------------------------------------------------------------
                         required time                         -0.887    
                         arrival time                           0.958    
  -------------------------------------------------------------------
                         slack                                  0.071    

Slack (MET) :             0.090ns  (arrival time - required time)
  Source:                 yuv_filter_yuv2rgb_U0/tmp_21_reg_703_reg[17]/C
                            (rising edge-triggered cell FDRE clocked by ap_clk  {rise@0.000ns fall@4.000ns period=8.000ns})
  Destination:            yuv_filter_yuv2rgb_U0/tmp1_reg_725_reg[17]/D
                            (rising edge-triggered cell FDRE clocked by ap_clk  {rise@0.000ns fall@4.000ns period=8.000ns})
  Path Group:             ap_clk
  Path Type:              Hold (Min at Fast Process Corner)
  Requirement:            0.000ns  (ap_clk rise@0.000ns - ap_clk rise@0.000ns)
  Data Path Delay:        0.459ns  (logic 0.274ns (59.683%)  route 0.185ns (40.317%))
  Logic Levels:           2  (CARRY4=1 LUT2=1)
  Clock Path Skew:        0.264ns (DCD - SCD - CPR)
    Destination Clock Delay (DCD):    0.830ns
    Source Clock Delay      (SCD):    0.561ns
    Clock Pessimism Removal (CPR):    0.005ns

    Location             Delay type                Incr(ns)  Path(ns)    Netlist Resource(s)
  -------------------------------------------------------------------    -------------------
                         (clock ap_clk rise edge)     0.000     0.000 r  
                                                      0.000     0.000 r  ap_clk
                         net (fo=881, unset)          0.561     0.561    yuv_filter_yuv2rgb_U0/ap_clk
    SLICE_X20Y44                                                      r  yuv_filter_yuv2rgb_U0/tmp_21_reg_703_reg[17]/C
  -------------------------------------------------------------------    -------------------
    SLICE_X20Y44         FDRE (Prop_fdre_C_Q)         0.164     0.725 r  yuv_filter_yuv2rgb_U0/tmp_21_reg_703_reg[17]/Q
                         net (fo=3, routed)           0.185     0.910    yuv_filter_yuv2rgb_U0/n_0_tmp_21_reg_703_reg[17]
    SLICE_X22Y45         LUT2 (Prop_lut2_I1_O)        0.045     0.955 r  yuv_filter_yuv2rgb_U0/tmp1_reg_725[17]_i_3/O
                         net (fo=1, routed)           0.000     0.955    yuv_filter_yuv2rgb_U0/n_0_tmp1_reg_725[17]_i_3
    SLICE_X22Y45         CARRY4 (Prop_carry4_S[1]_O[1])
                                                      0.065     1.020 r  yuv_filter_yuv2rgb_U0/tmp1_reg_725_reg[17]_i_1/O[1]
                         net (fo=1, routed)           0.000     1.020    yuv_filter_yuv2rgb_U0/tmp1_reg_725[17]
    SLICE_X22Y45         FDRE                                         r  yuv_filter_yuv2rgb_U0/tmp1_reg_725_reg[17]/D
  -------------------------------------------------------------------    -------------------

                         (clock ap_clk rise edge)     0.000     0.000 r  
                                                      0.000     0.000 r  ap_clk
                         net (fo=881, unset)          0.830     0.830    yuv_filter_yuv2rgb_U0/ap_clk
    SLICE_X22Y45                                                      r  yuv_filter_yuv2rgb_U0/tmp1_reg_725_reg[17]/C
                         clock pessimism             -0.005     0.825    
    SLICE_X22Y45         FDRE (Hold_fdre_C_D)         0.105     0.930    yuv_filter_yuv2rgb_U0/tmp1_reg_725_reg[17]
  -------------------------------------------------------------------
                         required time                         -0.930    
                         arrival time                           1.020    
  -------------------------------------------------------------------
                         slack                                  0.090    





Pulse Width Checks
--------------------------------------------------------------------------------------
Clock Name:         ap_clk
Waveform:           { 0 4 }
Period:             8.000
Sources:            { ap_clk }

Check Type        Corner  Lib Pin      Reference Pin  Required  Actual  Slack  Location      Pin                                                                                                
Min Period        n/a     DSP48E1/CLK  n/a            2.154     8.000   5.846  DSP48_X1Y14   yuv_filter_yuv2rgb_U0/bound_reg_639_reg/CLK                                                        
Min Period        n/a     DSP48E1/CLK  n/a            2.154     8.000   5.846  DSP48_X1Y12   yuv_filter_yuv_scale_U0/bound_reg_301_reg/CLK                                                      
Min Period        n/a     FDRE/C       n/a            1.000     8.000   7.000  SLICE_X32Y29  ap_reg_ready_yuv_filter_rgb2yuv_U0_ap_ready_reg/C                                                  
Min Period        n/a     FDRE/C       n/a            1.000     8.000   7.000  SLICE_X32Y29  ap_reg_ready_yuv_filter_yuv_scale_U0_ap_ready_reg/C                                                
Min Period        n/a     FDRE/C       n/a            1.000     8.000   7.000  SLICE_X23Y38  p_scale_channels_ch1_U/internal_empty_n_reg/C                                                      
Min Period        n/a     FDRE/C       n/a            1.000     8.000   7.000  SLICE_X22Y37  p_scale_channels_ch1_U/internal_full_n_reg/C                                                       
Min Period        n/a     FDSE/C       n/a            1.000     8.000   7.000  SLICE_X22Y38  p_scale_channels_ch1_U/mOutPtr_reg[0]/C                                                            
Min Period        n/a     FDSE/C       n/a            1.000     8.000   7.000  SLICE_X21Y38  p_scale_channels_ch1_U/mOutPtr_reg[1]/C                                                            
Min Period        n/a     FDSE/C       n/a            1.000     8.000   7.000  SLICE_X21Y38  p_scale_channels_ch1_U/mOutPtr_reg[2]/C                                                            
Min Period        n/a     FDRE/C       n/a            1.000     8.000   7.000  SLICE_X22Y37  p_scale_channels_ch2_U/internal_empty_n_reg/C                                                      
Low Pulse Width   Slow    SRL16E/CLK   n/a            0.980     3.975   2.995  SLICE_X12Y36  p_yuv_channels_ch1_U/U_FIFO_yuv_filter_p_yuv_channels_ch1_shiftReg/SRL_SIG_reg[2][0]_srl3/CLK      
Low Pulse Width   Slow    SRL16E/CLK   n/a            0.980     3.975   2.995  SLICE_X12Y36  p_yuv_channels_ch1_U/U_FIFO_yuv_filter_p_yuv_channels_ch1_shiftReg/SRL_SIG_reg[2][1]_srl3/CLK      
Low Pulse Width   Slow    SRL16E/CLK   n/a            0.980     3.975   2.995  SLICE_X12Y36  p_yuv_channels_ch1_U/U_FIFO_yuv_filter_p_yuv_channels_ch1_shiftReg/SRL_SIG_reg[2][2]_srl3/CLK      
Low Pulse Width   Slow    SRL16E/CLK   n/a            0.980     3.975   2.995  SLICE_X12Y36  p_yuv_channels_ch1_U/U_FIFO_yuv_filter_p_yuv_channels_ch1_shiftReg/SRL_SIG_reg[2][3]_srl3/CLK      
Low Pulse Width   Slow    SRL16E/CLK   n/a            0.980     3.975   2.995  SLICE_X12Y36  p_yuv_channels_ch1_U/U_FIFO_yuv_filter_p_yuv_channels_ch1_shiftReg/SRL_SIG_reg[2][4]_srl3/CLK      
Low Pulse Width   Slow    SRL16E/CLK   n/a            0.980     3.975   2.995  SLICE_X12Y36  p_yuv_channels_ch1_U/U_FIFO_yuv_filter_p_yuv_channels_ch1_shiftReg/SRL_SIG_reg[2][5]_srl3/CLK      
Low Pulse Width   Slow    SRL16E/CLK   n/a            0.980     3.975   2.995  SLICE_X12Y36  p_yuv_channels_ch1_U/U_FIFO_yuv_filter_p_yuv_channels_ch1_shiftReg/SRL_SIG_reg[2][6]_srl3/CLK      
Low Pulse Width   Slow    SRL16E/CLK   n/a            0.980     3.975   2.995  SLICE_X12Y36  p_yuv_channels_ch1_U/U_FIFO_yuv_filter_p_yuv_channels_ch1_shiftReg/SRL_SIG_reg[2][7]_srl3/CLK      
Low Pulse Width   Slow    SRL16E/CLK   n/a            0.980     3.975   2.995  SLICE_X10Y36  p_yuv_channels_ch2_U/U_FIFO_yuv_filter_p_yuv_channels_ch2_shiftReg/SRL_SIG_reg[2][0]_srl3/CLK      
Low Pulse Width   Slow    SRL16E/CLK   n/a            0.980     3.975   2.995  SLICE_X10Y36  p_yuv_channels_ch2_U/U_FIFO_yuv_filter_p_yuv_channels_ch2_shiftReg/SRL_SIG_reg[2][1]_srl3/CLK      
High Pulse Width  Slow    SRL16E/CLK   n/a            0.980     3.975   2.995  SLICE_X20Y40  p_scale_channels_ch1_U/U_FIFO_yuv_filter_p_scale_channels_ch1_shiftReg/SRL_SIG_reg[2][0]_srl3/CLK  
High Pulse Width  Slow    SRL16E/CLK   n/a            0.980     3.975   2.995  SLICE_X20Y40  p_scale_channels_ch1_U/U_FIFO_yuv_filter_p_scale_channels_ch1_shiftReg/SRL_SIG_reg[2][1]_srl3/CLK  
High Pulse Width  Slow    SRL16E/CLK   n/a            0.980     3.975   2.995  SLICE_X20Y40  p_scale_channels_ch1_U/U_FIFO_yuv_filter_p_scale_channels_ch1_shiftReg/SRL_SIG_reg[2][2]_srl3/CLK  
High Pulse Width  Slow    SRL16E/CLK   n/a            0.980     3.975   2.995  SLICE_X20Y40  p_scale_channels_ch1_U/U_FIFO_yuv_filter_p_scale_channels_ch1_shiftReg/SRL_SIG_reg[2][3]_srl3/CLK  
High Pulse Width  Slow    SRL16E/CLK   n/a            0.980     3.975   2.995  SLICE_X20Y40  p_scale_channels_ch1_U/U_FIFO_yuv_filter_p_scale_channels_ch1_shiftReg/SRL_SIG_reg[2][4]_srl3/CLK  
High Pulse Width  Slow    SRL16E/CLK   n/a            0.980     3.975   2.995  SLICE_X20Y40  p_scale_channels_ch1_U/U_FIFO_yuv_filter_p_scale_channels_ch1_shiftReg/SRL_SIG_reg[2][5]_srl3/CLK  
High Pulse Width  Slow    SRL16E/CLK   n/a            0.980     3.975   2.995  SLICE_X20Y40  p_scale_channels_ch1_U/U_FIFO_yuv_filter_p_scale_channels_ch1_shiftReg/SRL_SIG_reg[2][6]_srl3/CLK  
High Pulse Width  Slow    SRL16E/CLK   n/a            0.980     3.975   2.995  SLICE_X20Y40  p_scale_channels_ch1_U/U_FIFO_yuv_filter_p_scale_channels_ch1_shiftReg/SRL_SIG_reg[2][7]_srl3/CLK  
High Pulse Width  Slow    SRL16E/CLK   n/a            0.980     3.975   2.995  SLICE_X20Y39  p_scale_channels_ch2_U/U_FIFO_yuv_filter_p_scale_channels_ch2_shiftReg/SRL_SIG_reg[2][0]_srl3/CLK  
High Pulse Width  Slow    SRL16E/CLK   n/a            0.980     3.975   2.995  SLICE_X20Y39  p_scale_channels_ch2_U/U_FIFO_yuv_filter_p_scale_channels_ch2_shiftReg/SRL_SIG_reg[2][1]_srl3/CLK  



