

================================================================
== Vivado HLS Report for 'iosc_iosThread'
================================================================
* Date:           Fri May 15 11:10:04 2015

* Version:        2014.4 (Build 1071461 on Tue Nov 18 16:42:57 PM 2014)
* Project:        SC_IO
* Solution:       solution1
* Product family: zynq
* Target device:  xc7z010clg400-1


================================================================
== Performance Estimates
================================================================
+ Timing (ns): 
    * Summary: 
    +---------+-------+----------+------------+
    |  Clock  | Target| Estimated| Uncertainty|
    +---------+-------+----------+------------+
    |default  |  10.00|      1.88|        1.25|
    +---------+-------+----------+------------+

+ Latency (clock cycles): 
    * Summary: 
    +-----+-----+-----+-----+---------+
    |  Latency  |  Interval | Pipeline|
    | min | max | min | max |   Type  |
    +-----+-----+-----+-----+---------+
    |    4|    4|    4|    4|   none  |
    +-----+-----+-----+-----+---------+

    + Detail: 
        * Instance: 
        N/A

        * Loop: 
        +----------+-----+-----+----------+-----------+-----------+------+----------+
        |          |  Latency  | Iteration|  Initiation Interval  | Trip |          |
        | Loop Name| min | max |  Latency |  achieved |   target  | Count| Pipelined|
        +----------+-----+-----+----------+-----------+-----------+------+----------+
        |- Loop 1  |    2|    2|         2|          -|          -|  inf |    no    |
        +----------+-----+-----+----------+-----------+-----------+------+----------+



================================================================
== Utilization Estimates
================================================================
* Summary: 
+-----------------+---------+-------+-------+-------+
|       Name      | BRAM_18K| DSP48E|   FF  |  LUT  |
+-----------------+---------+-------+-------+-------+
|Expression       |        -|      -|      0|     20|
|FIFO             |        -|      -|      -|      -|
|Instance         |        -|      -|      -|      -|
|Memory           |        -|      -|      -|      -|
|Multiplexer      |        -|      -|      -|      5|
|Register         |        -|      -|      5|      -|
+-----------------+---------+-------+-------+-------+
|Total            |        0|      0|      5|     25|
+-----------------+---------+-------+-------+-------+
|Available        |      120|     80|  35200|  17600|
+-----------------+---------+-------+-------+-------+
|Utilization (%)  |        0|      0|   ~0  |   ~0  |
+-----------------+---------+-------+-------+-------+

+ Detail: 
    * Instance: 
    N/A

    * Memory: 
    N/A

    * FIFO: 
    N/A

    * Expression: 
    +-----------------------+----------+-------+---+----+------------+------------+
    |     Variable Name     | Operation| DSP48E| FF| LUT| Bitwidth P0| Bitwidth P1|
    +-----------------------+----------+-------+---+----+------------+------------+
    |iosc_second_count_V_o  |     +    |      0|  0|   4|           4|           1|
    |iosc_switchs_V         |    and   |      0|  0|   7|           4|           4|
    |tmp_1_fu_170_p2        |   icmp   |      0|  0|   5|           4|           5|
    |tmp_fu_156_p2          |   icmp   |      0|  0|   4|           4|           1|
    +-----------------------+----------+-------+---+----+------------+------------+
    |Total                  |          |      0|  0|  20|          16|          11|
    +-----------------------+----------+-------+---+----+------------+------------+

    * Multiplexer: 
    +-----------+----+-----------+-----+-----------+
    |    Name   | LUT| Input Size| Bits| Total Bits|
    +-----------+----+-----------+-----+-----------+
    |ap_NS_fsm  |   1|          4|    1|          4|
    |outLeds    |   4|          4|    4|         16|
    +-----------+----+-----------+-----+-----------+
    |Total      |   5|          8|    5|         20|
    +-----------+----+-----------+-----+-----------+

    * Register: 
    +-------------+---+----+-----+-----------+
    |     Name    | FF| LUT| Bits| Const Bits|
    +-------------+---+----+-----+-----------+
    |ap_CS_fsm    |  4|   0|    4|          0|
    |tmp_reg_183  |  1|   0|    1|          0|
    +-------------+---+----+-----+-----------+
    |Total        |  5|   0|    5|          0|
    +-------------+---+----+-----+-----------+



================================================================
== Interface
================================================================
* Summary: 
+------------------------------+-----+-----+------------+----------------------------+--------------+
|           RTL Ports          | Dir | Bits|  Protocol  |        Source Object       |    C Type    |
+------------------------------+-----+-----+------------+----------------------------+--------------+
|ap_clk                        |  in |    1| ap_ctrl_hs | iosc::iosc_iosc::iosThread | return value |
|ap_rst                        |  in |    1| ap_ctrl_hs | iosc::iosc_iosc::iosThread | return value |
|ctrl                          |  in |    4|   ap_none  |            ctrl            |    pointer   |
|inSwitch                      |  in |    4|   ap_none  |          inSwitch          |    pointer   |
|outLeds                       | out |    4|   ap_vld   |           outLeds          |    pointer   |
|outLeds_ap_vld                | out |    1|   ap_vld   |           outLeds          |    pointer   |
|iosc_switchs_V                | out |    4|   ap_vld   |       iosc_switchs_V       |    pointer   |
|iosc_switchs_V_ap_vld         | out |    1|   ap_vld   |       iosc_switchs_V       |    pointer   |
|iosc_switchs_in_V             | out |    4|   ap_vld   |      iosc_switchs_in_V     |    pointer   |
|iosc_switchs_in_V_ap_vld      | out |    1|   ap_vld   |      iosc_switchs_in_V     |    pointer   |
|iosc_ctrl_in_V                | out |    4|   ap_vld   |       iosc_ctrl_in_V       |    pointer   |
|iosc_ctrl_in_V_ap_vld         | out |    1|   ap_vld   |       iosc_ctrl_in_V       |    pointer   |
|iosc_second_count_V_i         |  in |    4|   ap_ovld  |     iosc_second_count_V    |    pointer   |
|iosc_second_count_V_o         | out |    4|   ap_ovld  |     iosc_second_count_V    |    pointer   |
|iosc_second_count_V_o_ap_vld  | out |    1|   ap_ovld  |     iosc_second_count_V    |    pointer   |
|iosc_second                   |  in |    1|   ap_none  |         iosc_second        |    pointer   |
+------------------------------+-----+-----+------------+----------------------------+--------------+

