

================================================================
== Vivado HLS Report for 'iosc'
================================================================
* Date:           Fri May 15 11:10:05 2015

* Version:        2014.4 (Build 1071461 on Tue Nov 18 16:42:57 PM 2014)
* Project:        SC_IO
* Solution:       solution1
* Product family: zynq
* Target device:  xc7z010clg400-1


================================================================
== Performance Estimates
================================================================
+ Timing (ns): 
    * Summary: 
    +---------+-------+----------+------------+
    |  Clock  | Target| Estimated| Uncertainty|
    +---------+-------+----------+------------+
    |default  |  10.00|      2.52|        1.25|
    +---------+-------+----------+------------+

+ Latency (clock cycles): 
    * Summary: 
    +-----+-----+-----+-----+---------+
    |  Latency  |  Interval | Pipeline|
    | min | max | min | max |   Type  |
    +-----+-----+-----+-----+---------+
    |    0|    5|    1|    6|   none  |
    +-----+-----+-----+-----+---------+

    + Detail: 
        * Instance: 
        +----------------------------+------------------+-----+-----+-----+-----+---------+
        |                            |                  |  Latency  |  Interval | Pipeline|
        |          Instance          |      Module      | min | max | min | max |   Type  |
        +----------------------------+------------------+-----+-----+-----+-----+---------+
        |grp_iosc_timerThread_fu_78  |iosc_timerThread  |    3|    3|    3|    3|   none  |
        |grp_iosc_iosThread_fu_104   |iosc_iosThread    |    4|    4|    4|    4|   none  |
        +----------------------------+------------------+-----+-----+-----+-----+---------+

        * Loop: 
        N/A



================================================================
== Utilization Estimates
================================================================
* Summary: 
+-----------------+---------+-------+-------+-------+
|       Name      | BRAM_18K| DSP48E|   FF  |  LUT  |
+-----------------+---------+-------+-------+-------+
|Expression       |        -|      -|      -|      -|
|FIFO             |        -|      -|      -|      -|
|Instance         |        -|      -|      9|    131|
|Memory           |        -|      -|      -|      -|
|Multiplexer      |        -|      -|      -|      -|
|Register         |        -|      -|     41|      -|
+-----------------+---------+-------+-------+-------+
|Total            |        0|      0|     50|    131|
+-----------------+---------+-------+-------+-------+
|Available        |      120|     80|  35200|  17600|
+-----------------+---------+-------+-------+-------+
|Utilization (%)  |        0|      0|   ~0  |   ~0  |
+-----------------+---------+-------+-------+-------+

+ Detail: 
    * Instance: 
    +----------------------------+------------------+---------+-------+---+-----+
    |          Instance          |      Module      | BRAM_18K| DSP48E| FF| LUT |
    +----------------------------+------------------+---------+-------+---+-----+
    |grp_iosc_iosThread_fu_104   |iosc_iosThread    |        0|      0|  5|   25|
    |grp_iosc_timerThread_fu_78  |iosc_timerThread  |        0|      0|  4|  106|
    +----------------------------+------------------+---------+-------+---+-----+
    |Total                       |                  |        0|      0|  9|  131|
    +----------------------------+------------------+---------+-------+---+-----+

    * Memory: 
    N/A

    * FIFO: 
    N/A

    * Expression: 
    N/A

    * Multiplexer: 
    N/A

    * Register: 
    +---------------------+----+----+-----+-----------+
    |         Name        | FF | LUT| Bits| Const Bits|
    +---------------------+----+----+-----+-----------+
    |iosc_second          |   1|   0|    1|          0|
    |iosc_second_count_V  |   4|   0|    4|          0|
    |iosc_timerCount_V    |  32|   0|   32|          0|
    |outLeds              |   4|   0|    4|          0|
    +---------------------+----+----+-----+-----------+
    |Total                |  41|   0|   41|          0|
    +---------------------+----+----+-----+-----------+



================================================================
== Interface
================================================================
* Summary: 
+----------+-----+-----+------------+--------------+--------------+
| RTL Ports| Dir | Bits|  Protocol  | Source Object|    C Type    |
+----------+-----+-----+------------+--------------+--------------+
|clk       |  in |    1| ap_ctrl_hs |  iosc::iosc  | return value |
|reset     |  in |    1| ap_ctrl_hs |  iosc::iosc  | return value |
|ctrl      |  in |    4|   ap_none  |     ctrl     |    pointer   |
|inSwitch  |  in |    4|   ap_none  |   inSwitch   |    pointer   |
|outLeds   | out |    4|   ap_vld   |    outLeds   |    pointer   |
+----------+-----+-----+------------+--------------+--------------+

