#-----------------------------------------------------------
# xsim v2014.4 (64-bit)
# SW Build 1071353 on Tue Nov 18 18:29:27 MST 2014
# IP Build 1070531 on Tue Nov 18 01:10:18 MST 2014
# Start of session at: Thu May 07 13:45:29 2015
# Process ID: 6308
# Log file: C:/Users/Kasper/Documents/GitHub/TIHSC/Exercise2/HLS_labs/lab1/matrixmul.prj/solution1/sim/verilog/xsim.log
# Journal file: C:/Users/Kasper/Documents/GitHub/TIHSC/Exercise2/HLS_labs/lab1/matrixmul.prj/solution1/sim/verilog\xsim.jou
#-----------------------------------------------------------
source xsim.dir/matrixmul/xsim_script.tcl
# xsim {matrixmul} -maxdeltaid 10000 -tclbatch {matrixmul.tcl}
Vivado Simulator 2014.4
Time resolution is 1 ps
source matrixmul.tcl
## add_wave -r /
## save_wave_config matrixmul.wcfg
## run all
$finish called at time : 988400 ps : File "C:/Users/Kasper/Documents/GitHub/TIHSC/Exercise2/HLS_labs/lab1/matrixmul.prj/solution1/sim/verilog/matrixmul.autotb.v" Line 311
## quit
INFO: [Common 17-206] Exiting xsim at Thu May 07 13:45:47 2015...
