@I [LIC-101] Checked out feature [VIVADO_HLS]
@I [HLS-10] Running 'C:/Xilinx/Vivado_HLS/2014.4/bin/unwrapped/win64.o/vivado_hls.exe'
            for user 'Kasper' on host 'kasper-pc' (Windows NT_amd64 version 6.2) on Thu May 21 19:45:13 +0200 2015
            in directory 'C:/Users/Kasper/Documents/GitHub/TIHSC/MotorControl'
@I [HLS-10] Opening project 'C:/Users/Kasper/Documents/GitHub/TIHSC/MotorControl/MotorControl'.
@I [HLS-10] Opening solution 'C:/Users/Kasper/Documents/GitHub/TIHSC/MotorControl/MotorControl/solution1'.
@I [SYN-201] Setting up clock 'default' with a period of 8ns.
@I [LIC-101] Checked out feature [VIVADO_HLS]
@I [HLS-10] Setting target device to 'xc7z010clg400-1'
@I [IMPL-8] Exporting RTL as an IP in IP-XACT.

****** Vivado v2014.4 (64-bit)
  **** SW Build 1071353 on Tue Nov 18 18:29:27 MST 2014
  **** IP Build 1070531 on Tue Nov 18 01:10:18 MST 2014
    ** Copyright 1986-2014 Xilinx, Inc. All Rights Reserved.

source run_ippack.tcl -notrace
INFO: [IP_Flow 19-234] Refreshing IP repositories
INFO: [IP_Flow 19-1704] No user IP repositories specified
INFO: [IP_Flow 19-2313] Loaded Vivado IP repository 'c:/Xilinx/Vivado/2014.4/data/ip'.
INFO: [Common 17-206] Exiting Vivado at Thu May 21 19:45:23 2015...
@I [IMPL-8] Starting RTL evaluation using Vivado ...

C:\Users\Kasper\Documents\GitHub\TIHSC\MotorControl\MotorControl\solution1\impl\verilog>vivado  -notrace -mode batch -source run_vivado.tcl   || exit $? 

****** Vivado v2014.4 (64-bit)
  **** SW Build 1071353 on Tue Nov 18 18:29:27 MST 2014
  **** IP Build 1070531 on Tue Nov 18 01:10:18 MST 2014
    ** Copyright 1986-2014 Xilinx, Inc. All Rights Reserved.

source run_vivado.tcl -notrace
INFO: [Project 1-489] The host OS only allows 260 characters in a normal path. The project is stored in a path with more than 80 characters. If you experience issues with IP, Block Designs, or files not being found, please consider moving the project to a location with a shorter path. Alternately consider using the OS subst command to map part of the path to a drive letter.
Current project path is 'C:/Users/Kasper/Documents/GitHub/TIHSC/MotorControl/MotorControl/solution1/impl/verilog'
[Thu May 21 19:45:31 2015] Launched synth_1...
Run output will be captured here: C:/Users/Kasper/Documents/GitHub/TIHSC/MotorControl/MotorControl/solution1/impl/verilog/project.runs/synth_1/runme.log
[Thu May 21 19:45:31 2015] Waiting for synth_1 to finish...

*** Running vivado
    with args -log MotorCtrl.vds -m64 -mode batch -messageDb vivado.pb -source MotorCtrl.tcl


****** Vivado v2014.4 (64-bit)
  **** SW Build 1071353 on Tue Nov 18 18:29:27 MST 2014
  **** IP Build 1070531 on Tue Nov 18 01:10:18 MST 2014
    ** Copyright 1986-2014 Xilinx, Inc. All Rights Reserved.

source MotorCtrl.tcl
# set_msg_config -id {HDL 9-1061} -limit 100000
# set_msg_config -id {HDL 9-1654} -limit 100000
# create_project -in_memory -part xc7z010clg400-1
# set_param project.compositeFile.enableAutoGeneration 0
# set_param synth.vivado.isSynthRun true
# set_property webtalk.parent_dir C:/Users/Kasper/Documents/GitHub/TIHSC/MotorControl/MotorControl/solution1/impl/verilog/project.cache/wt [current_project]
# set_property parent.project_path C:/Users/Kasper/Documents/GitHub/TIHSC/MotorControl/MotorControl/solution1/impl/verilog/project.xpr [current_project]
# set_property default_lib xil_defaultlib [current_project]
# set_property target_language Verilog [current_project]
# read_verilog -library xil_defaultlib {
#   C:/Users/Kasper/Documents/GitHub/TIHSC/MotorControl/MotorControl/solution1/impl/verilog/MotorCtrl_clockDividerThread.v
#   C:/Users/Kasper/Documents/GitHub/TIHSC/MotorControl/MotorControl/solution1/impl/verilog/MotorCtrl_pwmThread.v
#   C:/Users/Kasper/Documents/GitHub/TIHSC/MotorControl/MotorControl/solution1/impl/verilog/MotorCtrl.v
# }
# read_xdc C:/Users/Kasper/Documents/GitHub/TIHSC/MotorControl/MotorControl/solution1/impl/verilog/MotorCtrl.xdc
# set_property used_in_implementation false [get_files C:/Users/Kasper/Documents/GitHub/TIHSC/MotorControl/MotorControl/solution1/impl/verilog/MotorCtrl.xdc]
# catch { write_hwdef -file MotorCtrl.hwdef }
INFO: [Vivado_Tcl 4-279] hardware handoff file cannot be generated as there is no block diagram instance in the design
# synth_design -top MotorCtrl -part xc7z010clg400-1 -no_iobuf -mode out_of_context
Command: synth_design -top MotorCtrl -part xc7z010clg400-1 -no_iobuf -mode out_of_context
Starting synth_design
Attempting to get a license for feature 'Synthesis' and/or device 'xc7z010'
INFO: [Common 17-349] Got license for feature 'Synthesis' and/or device 'xc7z010'
---------------------------------------------------------------------------------
Starting RTL Elaboration : Time (s): cpu = 00:00:07 ; elapsed = 00:00:08 . Memory (MB): peak = 229.016 ; gain = 69.555
---------------------------------------------------------------------------------
INFO: [Synth 8-638] synthesizing module 'MotorCtrl' [C:/Users/Kasper/Documents/GitHub/TIHSC/MotorControl/MotorControl/solution1/impl/verilog/MotorCtrl.v:12]
	Parameter ap_const_logic_1 bound to: 1'b1 
	Parameter ap_const_logic_0 bound to: 1'b0 
	Parameter ap_const_lv1_0 bound to: 1'b0 
	Parameter ap_const_lv1_1 bound to: 1'b1 
	Parameter ap_const_lv32_1 bound to: 1 - type: integer 
	Parameter ap_const_lv2_0 bound to: 2'b00 
	Parameter ap_true bound to: 1'b1 
INFO: [Synth 8-638] synthesizing module 'MotorCtrl_clockDividerThread' [C:/Users/Kasper/Documents/GitHub/TIHSC/MotorControl/MotorControl/solution1/impl/verilog/MotorCtrl_clockDividerThread.v:10]
	Parameter ap_const_logic_1 bound to: 1'b1 
	Parameter ap_const_logic_0 bound to: 1'b0 
	Parameter ap_ST_st2_fsm_1 bound to: 3'b010 
	Parameter ap_ST_st3_fsm_2 bound to: 3'b100 
	Parameter ap_const_lv32_1 bound to: 1 - type: integer 
	Parameter ap_const_lv1_1 bound to: 1'b1 
	Parameter ap_const_lv32_0 bound to: 0 - type: integer 
	Parameter ap_const_lv32_2 bound to: 2 - type: integer 
	Parameter ap_const_lv1_0 bound to: 1'b0 
	Parameter ap_const_lv32_19 bound to: 25 - type: integer 
	Parameter ap_true bound to: 1'b1 
INFO: [Synth 8-4472] Detected and applied attribute fsm_encoding = none [C:/Users/Kasper/Documents/GitHub/TIHSC/MotorControl/MotorControl/solution1/impl/verilog/MotorCtrl_clockDividerThread.v:46]
INFO: [Synth 8-256] done synthesizing module 'MotorCtrl_clockDividerThread' (1#1) [C:/Users/Kasper/Documents/GitHub/TIHSC/MotorControl/MotorControl/solution1/impl/verilog/MotorCtrl_clockDividerThread.v:10]
INFO: [Synth 8-638] synthesizing module 'MotorCtrl_pwmThread' [C:/Users/Kasper/Documents/GitHub/TIHSC/MotorControl/MotorControl/solution1/impl/verilog/MotorCtrl_pwmThread.v:10]
	Parameter ap_const_logic_1 bound to: 1'b1 
	Parameter ap_const_logic_0 bound to: 1'b0 
	Parameter ap_ST_st2_fsm_1 bound to: 3'b010 
	Parameter ap_ST_st3_fsm_2 bound to: 3'b100 
	Parameter ap_const_lv32_2 bound to: 2 - type: integer 
	Parameter ap_const_lv1_1 bound to: 1'b1 
	Parameter ap_const_lv1_0 bound to: 1'b0 
	Parameter ap_const_lv10_1 bound to: 10'b0000000001 
	Parameter ap_true bound to: 1'b1 
INFO: [Synth 8-4472] Detected and applied attribute fsm_encoding = none [C:/Users/Kasper/Documents/GitHub/TIHSC/MotorControl/MotorControl/solution1/impl/verilog/MotorCtrl_pwmThread.v:71]
INFO: [Synth 8-256] done synthesizing module 'MotorCtrl_pwmThread' (2#1) [C:/Users/Kasper/Documents/GitHub/TIHSC/MotorControl/MotorControl/solution1/impl/verilog/MotorCtrl_pwmThread.v:10]
INFO: [Synth 8-256] done synthesizing module 'MotorCtrl' (3#1) [C:/Users/Kasper/Documents/GitHub/TIHSC/MotorControl/MotorControl/solution1/impl/verilog/MotorCtrl.v:12]
---------------------------------------------------------------------------------
Finished RTL Elaboration : Time (s): cpu = 00:00:09 ; elapsed = 00:00:10 . Memory (MB): peak = 263.109 ; gain = 103.648
---------------------------------------------------------------------------------

Report Check Netlist: 
+------+------------------+-------+---------+-------+------------------+
|      |Item              |Errors |Warnings |Status |Description       |
+------+------------------+-------+---------+-------+------------------+
|1     |multi_driven_nets |      0|        0|Passed |Multi driven nets |
+------+------------------+-------+---------+-------+------------------+
---------------------------------------------------------------------------------
Finished RTL Optimization Phase 1 : Time (s): cpu = 00:00:09 ; elapsed = 00:00:10 . Memory (MB): peak = 263.109 ; gain = 103.648
---------------------------------------------------------------------------------
Loading clock regions from c:/Xilinx/Vivado/2014.4/data\parts/xilinx/zynq/zynq/xc7z010/ClockRegion.xml
Loading clock buffers from c:/Xilinx/Vivado/2014.4/data\parts/xilinx/zynq/zynq/xc7z010/ClockBuffers.xml
Loading clock placement rules from c:/Xilinx/Vivado/2014.4/data/parts/xilinx/zynq/ClockPlacerRules.xml
Loading package pin functions from c:/Xilinx/Vivado/2014.4/data\parts/xilinx/zynq/PinFunctions.xml...
Loading package from c:/Xilinx/Vivado/2014.4/data\parts/xilinx/zynq/zynq/xc7z010/clg400/Package.xml
Loading io standards from c:/Xilinx/Vivado/2014.4/data\./parts/xilinx/zynq/IOStandards.xml
INFO: [Project 1-570] Preparing netlist for logic optimization

Processing XDC Constraints
Initializing timing engine
Parsing XDC File [C:/Users/Kasper/Documents/GitHub/TIHSC/MotorControl/MotorControl/solution1/impl/verilog/MotorCtrl.xdc]
Finished Parsing XDC File [C:/Users/Kasper/Documents/GitHub/TIHSC/MotorControl/MotorControl/solution1/impl/verilog/MotorCtrl.xdc]
Completed Processing XDC Constraints

INFO: [Project 1-111] Unisim Transformation Summary:
No Unisim elements were transformed.

Constraint Validation Runtime : Time (s): cpu = 00:00:00 ; elapsed = 00:00:00.026 . Memory (MB): peak = 559.824 ; gain = 0.000
---------------------------------------------------------------------------------
Finished Constraint Validation : Time (s): cpu = 00:00:22 ; elapsed = 00:00:24 . Memory (MB): peak = 559.824 ; gain = 400.363
---------------------------------------------------------------------------------
---------------------------------------------------------------------------------
Start Loading Part and Timing Information
---------------------------------------------------------------------------------
Loading part: xc7z010clg400-1
---------------------------------------------------------------------------------
Finished Loading Part and Timing Information : Time (s): cpu = 00:00:22 ; elapsed = 00:00:24 . Memory (MB): peak = 559.824 ; gain = 400.363
---------------------------------------------------------------------------------
---------------------------------------------------------------------------------
Start Applying 'set_property' XDC Constraints
---------------------------------------------------------------------------------
---------------------------------------------------------------------------------
Finished applying 'set_property' XDC Constraints : Time (s): cpu = 00:00:22 ; elapsed = 00:00:24 . Memory (MB): peak = 559.824 ; gain = 400.363
---------------------------------------------------------------------------------
INFO: [Synth 8-4490] FSM extraction disabled for register 'ap_CS_fsm_reg' through user attribute
ROM "tmp_5_fu_131_p2" won't be mapped to RAM because address size (32) is larger than maximum supported(18) 
INFO: [Synth 8-4490] FSM extraction disabled for register 'ap_CS_fsm_reg' through user attribute
---------------------------------------------------------------------------------
Finished RTL Optimization Phase 2 : Time (s): cpu = 00:00:22 ; elapsed = 00:00:24 . Memory (MB): peak = 559.824 ; gain = 400.363
---------------------------------------------------------------------------------

Report RTL Partitions: 
+-+--------------+------------+----------+
| |RTL Partition |Replication |Instances |
+-+--------------+------------+----------+
+-+--------------+------------+----------+
---------------------------------------------------------------------------------
Start RTL Component Statistics 
---------------------------------------------------------------------------------
Detailed RTL Component Info : 
+---Adders : 
	   2 Input     32 Bit       Adders := 1     
	   2 Input     10 Bit       Adders := 1     
+---Registers : 
	               32 Bit    Registers := 1     
	               10 Bit    Registers := 1     
	                3 Bit    Registers := 2     
	                1 Bit    Registers := 6     
+---Muxes : 
	   2 Input     32 Bit        Muxes := 1     
	   3 Input      3 Bit        Muxes := 1     
	   2 Input      1 Bit        Muxes := 1     
---------------------------------------------------------------------------------
Finished RTL Component Statistics 
---------------------------------------------------------------------------------
---------------------------------------------------------------------------------
Start RTL Hierarchical Component Statistics 
---------------------------------------------------------------------------------
Hierarchical RTL Component report 
Module MotorCtrl 
Detailed RTL Component Info : 
+---Registers : 
	               32 Bit    Registers := 1     
	               10 Bit    Registers := 1     
	                1 Bit    Registers := 5     
Module MotorCtrl_clockDividerThread 
Detailed RTL Component Info : 
+---Adders : 
	   2 Input     32 Bit       Adders := 1     
+---Registers : 
	                3 Bit    Registers := 1     
	                1 Bit    Registers := 1     
+---Muxes : 
	   2 Input     32 Bit        Muxes := 1     
	   3 Input      3 Bit        Muxes := 1     
	   2 Input      1 Bit        Muxes := 1     
Module MotorCtrl_pwmThread 
Detailed RTL Component Info : 
+---Adders : 
	   2 Input     10 Bit       Adders := 1     
+---Registers : 
	                3 Bit    Registers := 1     
---------------------------------------------------------------------------------
Finished RTL Hierarchical Component Statistics
---------------------------------------------------------------------------------
---------------------------------------------------------------------------------
Start Part Resource Summary
---------------------------------------------------------------------------------
Part Resources:
DSPs: 80 (col length:40)
BRAMs: 120 (col length: RAMB18 40 RAMB36 20)
---------------------------------------------------------------------------------
Finished Part Resource Summary
---------------------------------------------------------------------------------
Start Parallel Synthesis Optimization  : Time (s): cpu = 00:00:23 ; elapsed = 00:00:25 . Memory (MB): peak = 559.824 ; gain = 400.363
---------------------------------------------------------------------------------
Start Cross Boundary Optimization
---------------------------------------------------------------------------------
INFO: [Synth 8-4471] merging register 'DIR2_reg' into 'DIR1_reg' [C:/Users/Kasper/Documents/GitHub/TIHSC/MotorControl/MotorControl/solution1/impl/verilog/MotorCtrl.v:123]
ROM "grp_MotorCtrl_clockDividerThread_fu_90/tmp_5_fu_131_p2" won't be mapped to RAM because address size (32) is larger than maximum supported(18) 
---------------------------------------------------------------------------------
Finished Cross Boundary Optimization : Time (s): cpu = 00:00:23 ; elapsed = 00:00:25 . Memory (MB): peak = 559.824 ; gain = 400.363
---------------------------------------------------------------------------------
Finished Parallel Reinference  : Time (s): cpu = 00:00:23 ; elapsed = 00:00:25 . Memory (MB): peak = 559.824 ; gain = 400.363

Report RTL Partitions: 
+-+--------------+------------+----------+
| |RTL Partition |Replication |Instances |
+-+--------------+------------+----------+
+-+--------------+------------+----------+
---------------------------------------------------------------------------------
Start RAM, DSP and Shift Register Reporting
---------------------------------------------------------------------------------
---------------------------------------------------------------------------------
Finished RAM, DSP and Shift Register Reporting
---------------------------------------------------------------------------------
WARNING: [Synth 8-3332] Sequential element (\grp_MotorCtrl_clockDividerThread_fu_90/ap_CS_fsm_reg[0] ) is unused and will be removed from module MotorCtrl.
WARNING: [Synth 8-3332] Sequential element (\grp_MotorCtrl_pwmThread_fu_120/ap_CS_fsm_reg[1] ) is unused and will be removed from module MotorCtrl.
WARNING: [Synth 8-3332] Sequential element (\grp_MotorCtrl_pwmThread_fu_120/ap_CS_fsm_reg[0] ) is unused and will be removed from module MotorCtrl.
---------------------------------------------------------------------------------
Start Area Optimization
---------------------------------------------------------------------------------
---------------------------------------------------------------------------------
Finished Area Optimization : Time (s): cpu = 00:00:23 ; elapsed = 00:00:25 . Memory (MB): peak = 559.824 ; gain = 400.363
---------------------------------------------------------------------------------
---------------------------------------------------------------------------------
Finished Area Optimization : Time (s): cpu = 00:00:23 ; elapsed = 00:00:25 . Memory (MB): peak = 559.824 ; gain = 400.363
---------------------------------------------------------------------------------
Finished Parallel Area Optimization  : Time (s): cpu = 00:00:23 ; elapsed = 00:00:25 . Memory (MB): peak = 559.824 ; gain = 400.363

Report RTL Partitions: 
+-+--------------+------------+----------+
| |RTL Partition |Replication |Instances |
+-+--------------+------------+----------+
+-+--------------+------------+----------+
Finished Parallel Synthesis Optimization  : Time (s): cpu = 00:00:23 ; elapsed = 00:00:25 . Memory (MB): peak = 559.824 ; gain = 400.363
---------------------------------------------------------------------------------
Start Timing Optimization
---------------------------------------------------------------------------------
---------------------------------------------------------------------------------
Start Applying XDC Timing Constraints
---------------------------------------------------------------------------------
---------------------------------------------------------------------------------
Finished Applying XDC Timing Constraints : Time (s): cpu = 00:00:41 ; elapsed = 00:00:44 . Memory (MB): peak = 559.824 ; gain = 400.363
---------------------------------------------------------------------------------
---------------------------------------------------------------------------------
Finished Timing Optimization : Time (s): cpu = 00:00:42 ; elapsed = 00:00:44 . Memory (MB): peak = 559.824 ; gain = 400.363
---------------------------------------------------------------------------------

Report RTL Partitions: 
+-+--------------+------------+----------+
| |RTL Partition |Replication |Instances |
+-+--------------+------------+----------+
+-+--------------+------------+----------+
---------------------------------------------------------------------------------
Start Technology Mapping
---------------------------------------------------------------------------------
---------------------------------------------------------------------------------
Finished Technology Mapping : Time (s): cpu = 00:00:42 ; elapsed = 00:00:44 . Memory (MB): peak = 559.824 ; gain = 400.363
---------------------------------------------------------------------------------

Report RTL Partitions: 
+-+--------------+------------+----------+
| |RTL Partition |Replication |Instances |
+-+--------------+------------+----------+
+-+--------------+------------+----------+
---------------------------------------------------------------------------------
Start IO Insertion
---------------------------------------------------------------------------------
---------------------------------------------------------------------------------
Start Flattening Before IO Insertion
---------------------------------------------------------------------------------
---------------------------------------------------------------------------------
Finished Flattening Before IO Insertion
---------------------------------------------------------------------------------
---------------------------------------------------------------------------------
Start Final Netlist Cleanup
---------------------------------------------------------------------------------
---------------------------------------------------------------------------------
Finished Final Netlist Cleanup
---------------------------------------------------------------------------------
---------------------------------------------------------------------------------
Finished IO Insertion : Time (s): cpu = 00:00:42 ; elapsed = 00:00:45 . Memory (MB): peak = 559.824 ; gain = 400.363
---------------------------------------------------------------------------------

Report Check Netlist: 
+------+------------------+-------+---------+-------+------------------+
|      |Item              |Errors |Warnings |Status |Description       |
+------+------------------+-------+---------+-------+------------------+
|1     |multi_driven_nets |      0|        0|Passed |Multi driven nets |
+------+------------------+-------+---------+-------+------------------+
---------------------------------------------------------------------------------
Start Renaming Generated Instances
---------------------------------------------------------------------------------
---------------------------------------------------------------------------------
Finished Renaming Generated Instances : Time (s): cpu = 00:00:42 ; elapsed = 00:00:45 . Memory (MB): peak = 559.824 ; gain = 400.363
---------------------------------------------------------------------------------

Report RTL Partitions: 
+-+--------------+------------+----------+
| |RTL Partition |Replication |Instances |
+-+--------------+------------+----------+
+-+--------------+------------+----------+
---------------------------------------------------------------------------------
Start Rebuilding User Hierarchy
---------------------------------------------------------------------------------
---------------------------------------------------------------------------------
Finished Rebuilding User Hierarchy : Time (s): cpu = 00:00:42 ; elapsed = 00:00:45 . Memory (MB): peak = 559.824 ; gain = 400.363
---------------------------------------------------------------------------------
---------------------------------------------------------------------------------
Start RAM, DSP and Shift Register Reporting
---------------------------------------------------------------------------------
---------------------------------------------------------------------------------
Finished RAM, DSP and Shift Register Reporting
---------------------------------------------------------------------------------
---------------------------------------------------------------------------------
Start Writing Synthesis Report
---------------------------------------------------------------------------------

Report BlackBoxes: 
+-+--------------+----------+
| |BlackBox name |Instances |
+-+--------------+----------+
+-+--------------+----------+

Report Cell Usage: 
+------+-------+------+
|      |Cell   |Count |
+------+-------+------+
|1     |CARRY4 |    12|
|2     |LUT1   |     2|
|3     |LUT2   |     8|
|4     |LUT3   |    36|
|5     |LUT4   |     8|
|6     |LUT5   |     5|
|7     |LUT6   |    28|
|8     |FDRE   |    50|
+------+-------+------+

Report Instance Areas: 
+------+-----------------------------------------+-----------------------------+------+
|      |Instance                                 |Module                       |Cells |
+------+-----------------------------------------+-----------------------------+------+
|1     |top                                      |                             |   149|
|2     |  grp_MotorCtrl_clockDividerThread_fu_90 |MotorCtrl_clockDividerThread |    56|
|3     |  grp_MotorCtrl_pwmThread_fu_120         |MotorCtrl_pwmThread          |     3|
+------+-----------------------------------------+-----------------------------+------+
---------------------------------------------------------------------------------
Finished Writing Synthesis Report : Time (s): cpu = 00:00:42 ; elapsed = 00:00:45 . Memory (MB): peak = 559.824 ; gain = 400.363
---------------------------------------------------------------------------------
Synthesis finished with 0 errors, 0 critical warnings and 3 warnings.
Synthesis Optimization Runtime : Time (s): cpu = 00:00:00 ; elapsed = 00:00:33 . Memory (MB): peak = 559.824 ; gain = 88.121
Synthesis Optimization Complete : Time (s): cpu = 00:00:42 ; elapsed = 00:00:45 . Memory (MB): peak = 559.824 ; gain = 400.363
INFO: [Project 1-571] Translating synthesized netlist
INFO: [Netlist 29-17] Analyzing 12 Unisim elements for replacement
INFO: [Netlist 29-28] Unisim Transformation completed in 0 CPU seconds
INFO: [Project 1-570] Preparing netlist for logic optimization
INFO: [Opt 31-138] Pushed 0 inverter(s) to 0 load pin(s).
INFO: [Project 1-111] Unisim Transformation Summary:
No Unisim elements were transformed.

INFO: [Common 17-83] Releasing license: Synthesis
21 Infos, 3 Warnings, 0 Critical Warnings and 0 Errors encountered.
synth_design completed successfully
synth_design: Time (s): cpu = 00:00:42 ; elapsed = 00:00:44 . Memory (MB): peak = 559.824 ; gain = 384.898
# write_checkpoint -noxdef MotorCtrl.dcp
# catch { report_utilization -file MotorCtrl_utilization_synth.rpt -pb MotorCtrl_utilization_synth.pb }
report_utilization: Time (s): cpu = 00:00:00 ; elapsed = 00:00:00.032 . Memory (MB): peak = 559.824 ; gain = 0.000
INFO: [Common 17-206] Exiting Vivado at Thu May 21 19:46:23 2015...
[Thu May 21 19:46:26 2015] synth_1 finished
wait_on_run: Time (s): cpu = 00:00:00 ; elapsed = 00:00:55 . Memory (MB): peak = 188.727 ; gain = 6.012
Design is defaulting to impl run constrset: constrs_1
Design is defaulting to synth run part: xc7z010clg400-1
INFO: [Netlist 29-17] Analyzing 12 Unisim elements for replacement
INFO: [Netlist 29-28] Unisim Transformation completed in 0 CPU seconds
INFO: [Project 1-479] Netlist was created with Vivado 2014.4
Loading clock regions from c:/Xilinx/Vivado/2014.4/data\parts/xilinx/zynq/zynq/xc7z010/ClockRegion.xml
Loading clock buffers from c:/Xilinx/Vivado/2014.4/data\parts/xilinx/zynq/zynq/xc7z010/ClockBuffers.xml
Loading clock placement rules from c:/Xilinx/Vivado/2014.4/data/parts/xilinx/zynq/ClockPlacerRules.xml
Loading package pin functions from c:/Xilinx/Vivado/2014.4/data\parts/xilinx/zynq/PinFunctions.xml...
Loading package from c:/Xilinx/Vivado/2014.4/data\parts/xilinx/zynq/zynq/xc7z010/clg400/Package.xml
Loading io standards from c:/Xilinx/Vivado/2014.4/data\./parts/xilinx/zynq/IOStandards.xml
INFO: [Project 1-570] Preparing netlist for logic optimization
Parsing XDC File [C:/Users/Kasper/Documents/GitHub/TIHSC/MotorControl/MotorControl/solution1/impl/verilog/MotorCtrl.xdc]
Finished Parsing XDC File [C:/Users/Kasper/Documents/GitHub/TIHSC/MotorControl/MotorControl/solution1/impl/verilog/MotorCtrl.xdc]
INFO: [Opt 31-138] Pushed 0 inverter(s) to 0 load pin(s).
INFO: [Project 1-111] Unisim Transformation Summary:
No Unisim elements were transformed.

open_run: Time (s): cpu = 00:00:09 ; elapsed = 00:00:09 . Memory (MB): peak = 442.863 ; gain = 254.137
report_utilization: Time (s): cpu = 00:00:00 ; elapsed = 00:00:00.017 . Memory (MB): peak = 442.863 ; gain = 0.000
INFO: [Timing 38-91] UpdateTimingParams: Speed grade: -1, Delay Type: max.
INFO: [Timing 38-191] Multithreading enabled for timing update using a maximum of 2 CPUs
INFO: [Timing 38-35] Done setting XDC timing constraints.
INFO: [Timing 38-78] ReportTimingParams: -max_paths 1 -nworst 1 -delay_type max -sort_by slack.
report_timing: Time (s): cpu = 00:00:21 ; elapsed = 00:00:22 . Memory (MB): peak = 911.336 ; gain = 468.473
[Thu May 21 19:46:57 2015] Launched impl_1...
Run output will be captured here: C:/Users/Kasper/Documents/GitHub/TIHSC/MotorControl/MotorControl/solution1/impl/verilog/project.runs/impl_1/runme.log
[Thu May 21 19:46:57 2015] Waiting for impl_1 to finish...

*** Running vivado
    with args -log MotorCtrl.vdi -applog -m64 -messageDb vivado.pb -mode batch -source MotorCtrl.tcl -notrace


****** Vivado v2014.4 (64-bit)
  **** SW Build 1071353 on Tue Nov 18 18:29:27 MST 2014
  **** IP Build 1070531 on Tue Nov 18 01:10:18 MST 2014
    ** Copyright 1986-2014 Xilinx, Inc. All Rights Reserved.

source MotorCtrl.tcl -notrace
Command: open_checkpoint C:/Users/Kasper/Documents/GitHub/TIHSC/MotorControl/MotorControl/solution1/impl/verilog/project.runs/impl_1/MotorCtrl.dcp
INFO: [Netlist 29-17] Analyzing 12 Unisim elements for replacement
INFO: [Netlist 29-28] Unisim Transformation completed in 0 CPU seconds
INFO: [Project 1-479] Netlist was created with Vivado 2014.4
Loading clock regions from c:/Xilinx/Vivado/2014.4/data\parts/xilinx/zynq/zynq/xc7z010/ClockRegion.xml
Loading clock buffers from c:/Xilinx/Vivado/2014.4/data\parts/xilinx/zynq/zynq/xc7z010/ClockBuffers.xml
Loading clock placement rules from c:/Xilinx/Vivado/2014.4/data/parts/xilinx/zynq/ClockPlacerRules.xml
Loading package pin functions from c:/Xilinx/Vivado/2014.4/data\parts/xilinx/zynq/PinFunctions.xml...
Loading package from c:/Xilinx/Vivado/2014.4/data\parts/xilinx/zynq/zynq/xc7z010/clg400/Package.xml
Loading io standards from c:/Xilinx/Vivado/2014.4/data\./parts/xilinx/zynq/IOStandards.xml
INFO: [Project 1-570] Preparing netlist for logic optimization
Parsing XDC File [C:/Users/Kasper/Documents/GitHub/TIHSC/MotorControl/MotorControl/solution1/impl/verilog/project.runs/impl_1/.Xil/Vivado-13912-KASPER-PC/dcp/MotorCtrl.xdc]
Finished Parsing XDC File [C:/Users/Kasper/Documents/GitHub/TIHSC/MotorControl/MotorControl/solution1/impl/verilog/project.runs/impl_1/.Xil/Vivado-13912-KASPER-PC/dcp/MotorCtrl.xdc]
INFO: [Opt 31-138] Pushed 0 inverter(s) to 0 load pin(s).
INFO: [Project 1-111] Unisim Transformation Summary:
No Unisim elements were transformed.

INFO: [Project 1-484] Checkpoint was created with build 1071353
open_checkpoint: Time (s): cpu = 00:00:09 ; elapsed = 00:00:10 . Memory (MB): peak = 440.848 ; gain = 269.742
Command: opt_design
Attempting to get a license for feature 'Implementation' and/or device 'xc7z010'
INFO: [Common 17-349] Got license for feature 'Implementation' and/or device 'xc7z010'
Running DRC as a precondition to command opt_design

Starting DRC Task
INFO: [Drc 23-27] Running DRC with 2 threads
INFO: [Project 1-461] DRC finished with 0 Errors
INFO: [Project 1-462] Please refer to the DRC report (report_drc) for more information.

Time (s): cpu = 00:00:00 ; elapsed = 00:00:00.169 . Memory (MB): peak = 443.039 ; gain = 2.191
INFO: [Timing 38-35] Done setting XDC timing constraints.

Starting Logic Optimization Task

Phase 1 Retarget

INFO: [Opt 31-138] Pushed 0 inverter(s) to 0 load pin(s).
INFO: [Opt 31-49] Retargeted 0 cell(s).
Phase 1 Retarget | Checksum: b95978af

Time (s): cpu = 00:00:00 ; elapsed = 00:00:00.014 . Memory (MB): peak = 909.359 ; gain = 0.000

Phase 2 Constant Propagation
INFO: [Opt 31-138] Pushed 0 inverter(s) to 0 load pin(s).
INFO: [Opt 31-10] Eliminated 0 cells.
Phase 2 Constant Propagation | Checksum: b95978af

Time (s): cpu = 00:00:00 ; elapsed = 00:00:00.021 . Memory (MB): peak = 909.359 ; gain = 0.000

Phase 3 Sweep
INFO: [Opt 31-12] Eliminated 30 unconnected nets.
INFO: [Opt 31-11] Eliminated 0 unconnected cells.
Phase 3 Sweep | Checksum: 1142f23b2

Time (s): cpu = 00:00:00 ; elapsed = 00:00:00.045 . Memory (MB): peak = 909.359 ; gain = 0.000
Ending Logic Optimization Task | Checksum: 1142f23b2

Time (s): cpu = 00:00:00 ; elapsed = 00:00:00.046 . Memory (MB): peak = 909.359 ; gain = 0.000
Implement Debug Cores | Checksum: b95978af
Logic Optimization | Checksum: b95978af

Starting Power Optimization Task
INFO: [Pwropt 34-132] Skipping clock gating for clocks with a period < 3.13 ns.
Ending Power Optimization Task | Checksum: 1142f23b2

Time (s): cpu = 00:00:00 ; elapsed = 00:00:00.017 . Memory (MB): peak = 909.359 ; gain = 0.000
INFO: [Common 17-83] Releasing license: Implementation
20 Infos, 0 Warnings, 0 Critical Warnings and 0 Errors encountered.
opt_design completed successfully
opt_design: Time (s): cpu = 00:00:21 ; elapsed = 00:00:22 . Memory (MB): peak = 909.359 ; gain = 468.512
INFO: [Timing 38-35] Done setting XDC timing constraints.
INFO: [Drc 23-27] Running DRC with 2 threads
INFO: [Coretcl 2-168] The results of DRC are in file C:/Users/Kasper/Documents/GitHub/TIHSC/MotorControl/MotorControl/solution1/impl/verilog/project.runs/impl_1/MotorCtrl_drc_opted.rpt.
Command: place_design
Attempting to get a license for feature 'Implementation' and/or device 'xc7z010'
INFO: [Common 17-349] Got license for feature 'Implementation' and/or device 'xc7z010'
INFO: [Drc 23-27] Running DRC with 2 threads
INFO: [Vivado_Tcl 4-198] DRC finished with 0 Errors
INFO: [Vivado_Tcl 4-199] Please refer to the DRC report (report_drc) for more information.
Running DRC as a precondition to command place_design
INFO: [Drc 23-27] Running DRC with 2 threads
INFO: [Vivado_Tcl 4-198] DRC finished with 0 Errors
INFO: [Vivado_Tcl 4-199] Please refer to the DRC report (report_drc) for more information.

Starting Placer Task
INFO: [Place 30-611] Multithreading enabled for place_design using a maximum of 2 CPUs

Phase 1 Placer Runtime Estimator
Phase 1 Placer Runtime Estimator | Checksum: 59382de7

Time (s): cpu = 00:00:00 ; elapsed = 00:00:00.018 . Memory (MB): peak = 926.676 ; gain = 0.000

Phase 2 Placer Initialization

Phase 2.1 Placer Initialization Core
Netlist sorting complete. Time (s): cpu = 00:00:00 ; elapsed = 00:00:00.001 . Memory (MB): peak = 926.676 ; gain = 0.000
Netlist sorting complete. Time (s): cpu = 00:00:00 ; elapsed = 00:00:00 . Memory (MB): peak = 926.676 ; gain = 0.000

Phase 2.1.1 IO Placement/ Clock Placement/ Build Placer Device

Phase 2.1.1.1 Pre-Place Cells
Phase 2.1.1.1 Pre-Place Cells | Checksum: 00000000

Time (s): cpu = 00:00:00 ; elapsed = 00:00:00.031 . Memory (MB): peak = 926.676 ; gain = 0.000

Phase 2.1.1.2 IO & Clk Clean Up
Phase 2.1.1.2 IO & Clk Clean Up | Checksum: 00000000

Time (s): cpu = 00:00:01 ; elapsed = 00:00:00.676 . Memory (MB): peak = 926.676 ; gain = 0.000

Phase 2.1.1.3 Implementation Feasibility check On IDelay
Phase 2.1.1.3 Implementation Feasibility check On IDelay | Checksum: 00000000

Time (s): cpu = 00:00:01 ; elapsed = 00:00:00.679 . Memory (MB): peak = 926.676 ; gain = 0.000

Phase 2.1.1.4 Commit IO Placement
Phase 2.1.1.4 Commit IO Placement | Checksum: 00000000

Time (s): cpu = 00:00:01 ; elapsed = 00:00:00.679 . Memory (MB): peak = 926.676 ; gain = 0.000
Phase 2.1.1 IO Placement/ Clock Placement/ Build Placer Device | Checksum: be25d7bc

Time (s): cpu = 00:00:01 ; elapsed = 00:00:00.680 . Memory (MB): peak = 926.676 ; gain = 0.000

Phase 2.1.2 Build Placer Netlist Model

Phase 2.1.2.1 Place Init Design

Phase 2.1.2.1.1 Init Lut Pin Assignment
Phase 2.1.2.1.1 Init Lut Pin Assignment | Checksum: e9dc8514

Time (s): cpu = 00:00:01 ; elapsed = 00:00:00.715 . Memory (MB): peak = 926.676 ; gain = 0.000
Phase 2.1.2.1 Place Init Design | Checksum: 17f96c282

Time (s): cpu = 00:00:01 ; elapsed = 00:00:00.833 . Memory (MB): peak = 926.676 ; gain = 0.000
Phase 2.1.2 Build Placer Netlist Model | Checksum: 17f96c282

Time (s): cpu = 00:00:01 ; elapsed = 00:00:00.834 . Memory (MB): peak = 926.676 ; gain = 0.000

Phase 2.1.3 Constrain Clocks/Macros

Phase 2.1.3.1 Constrain Global/Regional Clocks
Phase 2.1.3.1 Constrain Global/Regional Clocks | Checksum: 17f96c282

Time (s): cpu = 00:00:01 ; elapsed = 00:00:00.837 . Memory (MB): peak = 926.676 ; gain = 0.000
Phase 2.1.3 Constrain Clocks/Macros | Checksum: 17f96c282

Time (s): cpu = 00:00:01 ; elapsed = 00:00:00.837 . Memory (MB): peak = 926.676 ; gain = 0.000
Phase 2.1 Placer Initialization Core | Checksum: 17f96c282

Time (s): cpu = 00:00:01 ; elapsed = 00:00:00.839 . Memory (MB): peak = 926.676 ; gain = 0.000
Phase 2 Placer Initialization | Checksum: 17f96c282

Time (s): cpu = 00:00:01 ; elapsed = 00:00:00.839 . Memory (MB): peak = 926.676 ; gain = 0.000

Phase 3 Global Placement
Phase 3 Global Placement | Checksum: 18b02a301

Time (s): cpu = 00:00:02 ; elapsed = 00:00:01 . Memory (MB): peak = 926.676 ; gain = 0.000

Phase 4 Detail Placement

Phase 4.1 Commit Multi Column Macros
Phase 4.1 Commit Multi Column Macros | Checksum: 18b02a301

Time (s): cpu = 00:00:02 ; elapsed = 00:00:01 . Memory (MB): peak = 926.676 ; gain = 0.000

Phase 4.2 Commit Most Macros & LUTRAMs
Phase 4.2 Commit Most Macros & LUTRAMs | Checksum: 187e0ccb7

Time (s): cpu = 00:00:02 ; elapsed = 00:00:01 . Memory (MB): peak = 926.676 ; gain = 0.000

Phase 4.3 Area Swap Optimization
Phase 4.3 Area Swap Optimization | Checksum: 17faae975

Time (s): cpu = 00:00:02 ; elapsed = 00:00:01 . Memory (MB): peak = 926.676 ; gain = 0.000

Phase 4.4 updateClock Trees: DP
Phase 4.4 updateClock Trees: DP | Checksum: 17faae975

Time (s): cpu = 00:00:02 ; elapsed = 00:00:01 . Memory (MB): peak = 926.676 ; gain = 0.000

Phase 4.5 Timing Path Optimizer
Phase 4.5 Timing Path Optimizer | Checksum: fc8a6509

Time (s): cpu = 00:00:02 ; elapsed = 00:00:01 . Memory (MB): peak = 926.676 ; gain = 0.000

Phase 4.6 Small Shape Detail Placement

Phase 4.6.1 Commit Small Macros & Core Logic

Phase 4.6.1.1 setBudgets
Phase 4.6.1.1 setBudgets | Checksum: fc460586

Time (s): cpu = 00:00:02 ; elapsed = 00:00:01 . Memory (MB): peak = 926.676 ; gain = 0.000

Phase 4.6.1.2 Commit Slice Clusters
Phase 4.6.1.2 Commit Slice Clusters | Checksum: 16bc0f737

Time (s): cpu = 00:00:02 ; elapsed = 00:00:01 . Memory (MB): peak = 926.676 ; gain = 0.000
Phase 4.6.1 Commit Small Macros & Core Logic | Checksum: 16bc0f737

Time (s): cpu = 00:00:02 ; elapsed = 00:00:01 . Memory (MB): peak = 926.676 ; gain = 0.000

Phase 4.6.2 Clock Restriction Legalization for Leaf Columns
Phase 4.6.2 Clock Restriction Legalization for Leaf Columns | Checksum: 16bc0f737

Time (s): cpu = 00:00:02 ; elapsed = 00:00:01 . Memory (MB): peak = 926.676 ; gain = 0.000

Phase 4.6.3 Clock Restriction Legalization for Non-Clock Pins
Phase 4.6.3 Clock Restriction Legalization for Non-Clock Pins | Checksum: 16bc0f737

Time (s): cpu = 00:00:02 ; elapsed = 00:00:01 . Memory (MB): peak = 926.676 ; gain = 0.000
Phase 4.6 Small Shape Detail Placement | Checksum: 16bc0f737

Time (s): cpu = 00:00:02 ; elapsed = 00:00:01 . Memory (MB): peak = 926.676 ; gain = 0.000

Phase 4.7 Re-assign LUT pins
Phase 4.7 Re-assign LUT pins | Checksum: 16bc0f737

Time (s): cpu = 00:00:02 ; elapsed = 00:00:01 . Memory (MB): peak = 926.676 ; gain = 0.000
Phase 4 Detail Placement | Checksum: 16bc0f737

Time (s): cpu = 00:00:02 ; elapsed = 00:00:01 . Memory (MB): peak = 926.676 ; gain = 0.000

Phase 5 Post Placement Optimization and Clean-Up

Phase 5.1 PCOPT Shape updates
Phase 5.1 PCOPT Shape updates | Checksum: b0843f52

Time (s): cpu = 00:00:02 ; elapsed = 00:00:01 . Memory (MB): peak = 926.676 ; gain = 0.000

Phase 5.2 Post Commit Optimization

Phase 5.2.1 updateClock Trees: PCOPT
Phase 5.2.1 updateClock Trees: PCOPT | Checksum: b0843f52

Time (s): cpu = 00:00:02 ; elapsed = 00:00:01 . Memory (MB): peak = 926.676 ; gain = 0.000

Phase 5.2.2 Post Placement Optimization

Phase 5.2.2.1 Post Placement Timing Optimization
INFO: [Place 30-746] Post Placement Timing Summary WNS=3.740. For the most accurate timing information please run report_timing.
Phase 5.2.2.1 Post Placement Timing Optimization | Checksum: b2da5a00

Time (s): cpu = 00:00:02 ; elapsed = 00:00:02 . Memory (MB): peak = 926.676 ; gain = 0.000
Phase 5.2.2 Post Placement Optimization | Checksum: b2da5a00

Time (s): cpu = 00:00:02 ; elapsed = 00:00:02 . Memory (MB): peak = 926.676 ; gain = 0.000
Phase 5.2 Post Commit Optimization | Checksum: b2da5a00

Time (s): cpu = 00:00:02 ; elapsed = 00:00:02 . Memory (MB): peak = 926.676 ; gain = 0.000

Phase 5.3 Sweep Clock Roots: Post-Placement
Phase 5.3 Sweep Clock Roots: Post-Placement | Checksum: b2da5a00

Time (s): cpu = 00:00:02 ; elapsed = 00:00:02 . Memory (MB): peak = 926.676 ; gain = 0.000

Phase 5.4 Post Placement Cleanup
Phase 5.4 Post Placement Cleanup | Checksum: b2da5a00

Time (s): cpu = 00:00:02 ; elapsed = 00:00:02 . Memory (MB): peak = 926.676 ; gain = 0.000

Phase 5.5 Placer Reporting

Phase 5.5.1 Restore STA
Phase 5.5.1 Restore STA | Checksum: b2da5a00

Time (s): cpu = 00:00:02 ; elapsed = 00:00:02 . Memory (MB): peak = 926.676 ; gain = 0.000
Phase 5.5 Placer Reporting | Checksum: b2da5a00

Time (s): cpu = 00:00:02 ; elapsed = 00:00:02 . Memory (MB): peak = 926.676 ; gain = 0.000

Phase 5.6 Final Placement Cleanup
Phase 5.6 Final Placement Cleanup | Checksum: 7a75975a

Time (s): cpu = 00:00:02 ; elapsed = 00:00:02 . Memory (MB): peak = 926.676 ; gain = 0.000
Phase 5 Post Placement Optimization and Clean-Up | Checksum: 7a75975a

Time (s): cpu = 00:00:02 ; elapsed = 00:00:02 . Memory (MB): peak = 926.676 ; gain = 0.000
Ending Placer Task | Checksum: 771468a7

Time (s): cpu = 00:00:00 ; elapsed = 00:00:02 . Memory (MB): peak = 926.676 ; gain = 0.000
INFO: [Common 17-83] Releasing license: Implementation
33 Infos, 0 Warnings, 0 Critical Warnings and 0 Errors encountered.
place_design completed successfully
Writing placer database...
Writing XDEF routing.
Writing XDEF routing logical nets.
Writing XDEF routing special nets.
Write XDEF Complete: Time (s): cpu = 00:00:00 ; elapsed = 00:00:00.110 . Memory (MB): peak = 926.676 ; gain = 0.000
report_io: Time (s): cpu = 00:00:00 ; elapsed = 00:00:00.074 . Memory (MB): peak = 926.676 ; gain = 0.000
report_utilization: Time (s): cpu = 00:00:00 ; elapsed = 00:00:00.036 . Memory (MB): peak = 926.676 ; gain = 0.000
report_control_sets: Time (s): cpu = 00:00:00 ; elapsed = 00:00:00.002 . Memory (MB): peak = 926.676 ; gain = 0.000
Command: phys_opt_design
Attempting to get a license for feature 'Implementation' and/or device 'xc7z010'
INFO: [Common 17-349] Got license for feature 'Implementation' and/or device 'xc7z010'
INFO: [Vivado_Tcl 4-383] Design worst setup slack (WNS) is greater than or equal to 0.500 ns. Skipping all physical synthesis optimizations.
INFO: [Vivado_Tcl 4-232] No setup violation found. The netlist was not modified.
INFO: [Common 17-83] Releasing license: Implementation
37 Infos, 0 Warnings, 0 Critical Warnings and 0 Errors encountered.
phys_opt_design completed successfully
Writing placer database...
Writing XDEF routing.
Writing XDEF routing logical nets.
Writing XDEF routing special nets.
Write XDEF Complete: Time (s): cpu = 00:00:00 ; elapsed = 00:00:00.109 . Memory (MB): peak = 926.676 ; gain = 0.000
Command: route_design
Attempting to get a license for feature 'Implementation' and/or device 'xc7z010'
INFO: [Common 17-349] Got license for feature 'Implementation' and/or device 'xc7z010'
Running DRC as a precondition to command route_design
INFO: [Drc 23-27] Running DRC with 2 threads
INFO: [Vivado_Tcl 4-198] DRC finished with 0 Errors
INFO: [Vivado_Tcl 4-199] Please refer to the DRC report (report_drc) for more information.


Starting Routing Task
INFO: [Route 35-254] Multithreading enabled for route_design using a maximum of 2 CPUs

Phase 1 Build RT Design
WARNING: [Route 35-198] Port "reset" does not have an associated HD.PARTPIN_LOCS, which will prevent the partial routing of the signal "reset". Without this partial route, timing analysis to/from this port will not be accurate, and no routing information for this port can be exported.
WARNING: [Route 35-198] Port "Direction" does not have an associated HD.PARTPIN_LOCS, which will prevent the partial routing of the signal "Direction". Without this partial route, timing analysis to/from this port will not be accurate, and no routing information for this port can be exported.
WARNING: [Route 35-198] Port "pwmR[7]" does not have an associated HD.PARTPIN_LOCS, which will prevent the partial routing of the signal "pwmR[7]". Without this partial route, timing analysis to/from this port will not be accurate, and no routing information for this port can be exported.
WARNING: [Route 35-198] Port "pwmR[6]" does not have an associated HD.PARTPIN_LOCS, which will prevent the partial routing of the signal "pwmR[6]". Without this partial route, timing analysis to/from this port will not be accurate, and no routing information for this port can be exported.
WARNING: [Route 35-198] Port "pwmR[5]" does not have an associated HD.PARTPIN_LOCS, which will prevent the partial routing of the signal "pwmR[5]". Without this partial route, timing analysis to/from this port will not be accurate, and no routing information for this port can be exported.
WARNING: [Route 35-198] Port "pwmR[4]" does not have an associated HD.PARTPIN_LOCS, which will prevent the partial routing of the signal "pwmR[4]". Without this partial route, timing analysis to/from this port will not be accurate, and no routing information for this port can be exported.
WARNING: [Route 35-198] Port "pwmR[3]" does not have an associated HD.PARTPIN_LOCS, which will prevent the partial routing of the signal "pwmR[3]". Without this partial route, timing analysis to/from this port will not be accurate, and no routing information for this port can be exported.
WARNING: [Route 35-198] Port "pwmR[2]" does not have an associated HD.PARTPIN_LOCS, which will prevent the partial routing of the signal "pwmR[2]". Without this partial route, timing analysis to/from this port will not be accurate, and no routing information for this port can be exported.
WARNING: [Route 35-198] Port "pwmR[1]" does not have an associated HD.PARTPIN_LOCS, which will prevent the partial routing of the signal "pwmR[1]". Without this partial route, timing analysis to/from this port will not be accurate, and no routing information for this port can be exported.
WARNING: [Route 35-198] Port "pwmR[0]" does not have an associated HD.PARTPIN_LOCS, which will prevent the partial routing of the signal "pwmR[0]". Without this partial route, timing analysis to/from this port will not be accurate, and no routing information for this port can be exported.
WARNING: [Route 35-198] Port "pwmR[9]" does not have an associated HD.PARTPIN_LOCS, which will prevent the partial routing of the signal "pwmR[9]". Without this partial route, timing analysis to/from this port will not be accurate, and no routing information for this port can be exported.
WARNING: [Route 35-198] Port "pwmR[8]" does not have an associated HD.PARTPIN_LOCS, which will prevent the partial routing of the signal "pwmR[8]". Without this partial route, timing analysis to/from this port will not be accurate, and no routing information for this port can be exported.
WARNING: [Route 35-198] Port "pwmL[8]" does not have an associated HD.PARTPIN_LOCS, which will prevent the partial routing of the signal "pwmL[8]". Without this partial route, timing analysis to/from this port will not be accurate, and no routing information for this port can be exported.
WARNING: [Route 35-198] Port "pwmL[9]" does not have an associated HD.PARTPIN_LOCS, which will prevent the partial routing of the signal "pwmL[9]". Without this partial route, timing analysis to/from this port will not be accurate, and no routing information for this port can be exported.
WARNING: [Route 35-198] Port "pwmL[5]" does not have an associated HD.PARTPIN_LOCS, which will prevent the partial routing of the signal "pwmL[5]". Without this partial route, timing analysis to/from this port will not be accurate, and no routing information for this port can be exported.
WARNING: [Route 35-198] Port "pwmL[4]" does not have an associated HD.PARTPIN_LOCS, which will prevent the partial routing of the signal "pwmL[4]". Without this partial route, timing analysis to/from this port will not be accurate, and no routing information for this port can be exported.
WARNING: [Route 35-198] Port "pwmL[3]" does not have an associated HD.PARTPIN_LOCS, which will prevent the partial routing of the signal "pwmL[3]". Without this partial route, timing analysis to/from this port will not be accurate, and no routing information for this port can be exported.
WARNING: [Route 35-198] Port "pwmL[2]" does not have an associated HD.PARTPIN_LOCS, which will prevent the partial routing of the signal "pwmL[2]". Without this partial route, timing analysis to/from this port will not be accurate, and no routing information for this port can be exported.
WARNING: [Route 35-198] Port "pwmL[0]" does not have an associated HD.PARTPIN_LOCS, which will prevent the partial routing of the signal "pwmL[0]". Without this partial route, timing analysis to/from this port will not be accurate, and no routing information for this port can be exported.
WARNING: [Route 35-198] Port "pwmL[1]" does not have an associated HD.PARTPIN_LOCS, which will prevent the partial routing of the signal "pwmL[1]". Without this partial route, timing analysis to/from this port will not be accurate, and no routing information for this port can be exported.
WARNING: [Route 35-198] Port "pwmL[7]" does not have an associated HD.PARTPIN_LOCS, which will prevent the partial routing of the signal "pwmL[7]". Without this partial route, timing analysis to/from this port will not be accurate, and no routing information for this port can be exported.
WARNING: [Route 35-198] Port "pwmL[6]" does not have an associated HD.PARTPIN_LOCS, which will prevent the partial routing of the signal "pwmL[6]". Without this partial route, timing analysis to/from this port will not be accurate, and no routing information for this port can be exported.
Phase 1 Build RT Design | Checksum: cd0d3464

Time (s): cpu = 00:00:30 ; elapsed = 00:00:28 . Memory (MB): peak = 966.543 ; gain = 39.867

Phase 2 Router Initialization

Phase 2.1 Create Timer
Phase 2.1 Create Timer | Checksum: cd0d3464

Time (s): cpu = 00:00:30 ; elapsed = 00:00:28 . Memory (MB): peak = 966.543 ; gain = 39.867

Phase 2.2 Pre Route Cleanup
Phase 2.2 Pre Route Cleanup | Checksum: cd0d3464

Time (s): cpu = 00:00:30 ; elapsed = 00:00:28 . Memory (MB): peak = 971.898 ; gain = 45.223
 Number of Nodes with overlaps = 0

Phase 2.3 Update Timing
Phase 2.3 Update Timing | Checksum: 13fe85aea

Time (s): cpu = 00:00:30 ; elapsed = 00:00:28 . Memory (MB): peak = 972.926 ; gain = 46.250
INFO: [Route 35-57] Estimated Timing Summary | WNS=3.69   | TNS=0      | WHS=-0.073 | THS=-0.787 |

Phase 2 Router Initialization | Checksum: 179b5960c

Time (s): cpu = 00:00:30 ; elapsed = 00:00:28 . Memory (MB): peak = 972.926 ; gain = 46.250

Phase 3 Initial Routing
Phase 3 Initial Routing | Checksum: 22eaca737

Time (s): cpu = 00:00:30 ; elapsed = 00:00:28 . Memory (MB): peak = 972.926 ; gain = 46.250

Phase 4 Rip-up And Reroute

Phase 4.1 Global Iteration 0
 Number of Nodes with overlaps = 8
 Number of Nodes with overlaps = 0

Phase 4.1.1 Update Timing
Phase 4.1.1 Update Timing | Checksum: 18ff38cb3

Time (s): cpu = 00:00:30 ; elapsed = 00:00:28 . Memory (MB): peak = 972.926 ; gain = 46.250
INFO: [Route 35-57] Estimated Timing Summary | WNS=3.42   | TNS=0      | WHS=N/A    | THS=N/A    |

Phase 4.1 Global Iteration 0 | Checksum: 21c2edeff

Time (s): cpu = 00:00:31 ; elapsed = 00:00:28 . Memory (MB): peak = 972.926 ; gain = 46.250
Phase 4 Rip-up And Reroute | Checksum: 21c2edeff

Time (s): cpu = 00:00:31 ; elapsed = 00:00:28 . Memory (MB): peak = 972.926 ; gain = 46.250

Phase 5 Delay CleanUp

Phase 5.1 Update Timing
Phase 5.1 Update Timing | Checksum: 198b5438a

Time (s): cpu = 00:00:31 ; elapsed = 00:00:28 . Memory (MB): peak = 972.926 ; gain = 46.250
INFO: [Route 35-57] Estimated Timing Summary | WNS=3.57   | TNS=0      | WHS=N/A    | THS=N/A    |

Phase 5 Delay CleanUp | Checksum: 198b5438a

Time (s): cpu = 00:00:31 ; elapsed = 00:00:28 . Memory (MB): peak = 972.926 ; gain = 46.250

Phase 6 Clock Skew Optimization
Phase 6 Clock Skew Optimization | Checksum: 198b5438a

Time (s): cpu = 00:00:31 ; elapsed = 00:00:28 . Memory (MB): peak = 972.926 ; gain = 46.250

Phase 7 Post Hold Fix

Phase 7.1 Update Timing
Phase 7.1 Update Timing | Checksum: 1376efc93

Time (s): cpu = 00:00:31 ; elapsed = 00:00:28 . Memory (MB): peak = 972.926 ; gain = 46.250
INFO: [Route 35-57] Estimated Timing Summary | WNS=3.57   | TNS=0      | WHS=0.157  | THS=0      |

Phase 7 Post Hold Fix | Checksum: 1376efc93

Time (s): cpu = 00:00:31 ; elapsed = 00:00:28 . Memory (MB): peak = 972.926 ; gain = 46.250

Phase 8 Route finalize

Router Utilization Summary
  Global Vertical Routing Utilization    = 0.0159065 %
  Global Horizontal Routing Utilization  = 0.0147059 %
  Routable Net Status*
  *Does not include unroutable nets such as driverless and loadless.
  Run report_route_status for detailed report.
  Number of Failed Nets               = 0
  Number of Unrouted Nets             = 0
  Number of Partially Routed Nets     = 0
  Number of Node Overlaps             = 0

Phase 8 Route finalize | Checksum: 1578e07b9

Time (s): cpu = 00:00:31 ; elapsed = 00:00:28 . Memory (MB): peak = 972.926 ; gain = 46.250

Phase 9 Verifying routed nets

 Verification completed successfully
Phase 9 Verifying routed nets | Checksum: 1578e07b9

Time (s): cpu = 00:00:31 ; elapsed = 00:00:28 . Memory (MB): peak = 974.992 ; gain = 48.316

Phase 10 Depositing Routes
Phase 10 Depositing Routes | Checksum: 16cd7d9f2

Time (s): cpu = 00:00:31 ; elapsed = 00:00:28 . Memory (MB): peak = 974.992 ; gain = 48.316

Phase 11 Post Router Timing
INFO: [Route 35-57] Estimated Timing Summary | WNS=3.57   | TNS=0      | WHS=0.157  | THS=0      |

INFO: [Route 35-327] The final timing numbers are based on the router estimated timing analysis. For a complete and accurate timing signoff, please run report_timing_summary.
Phase 11 Post Router Timing | Checksum: 16cd7d9f2

Time (s): cpu = 00:00:31 ; elapsed = 00:00:28 . Memory (MB): peak = 974.992 ; gain = 48.316
INFO: [Route 35-16] Router Completed Successfully

Routing Is Done.

Time (s): cpu = 00:00:00 ; elapsed = 00:00:28 . Memory (MB): peak = 974.992 ; gain = 48.316
INFO: [Common 17-83] Releasing license: Implementation
50 Infos, 22 Warnings, 0 Critical Warnings and 0 Errors encountered.
route_design completed successfully
route_design: Time (s): cpu = 00:00:32 ; elapsed = 00:00:29 . Memory (MB): peak = 974.992 ; gain = 48.316
Writing placer database...
Writing XDEF routing.
Writing XDEF routing logical nets.
Writing XDEF routing special nets.
Write XDEF Complete: Time (s): cpu = 00:00:00 ; elapsed = 00:00:00.124 . Memory (MB): peak = 974.992 ; gain = 0.000
INFO: [Drc 23-27] Running DRC with 2 threads
INFO: [Coretcl 2-168] The results of DRC are in file C:/Users/Kasper/Documents/GitHub/TIHSC/MotorControl/MotorControl/solution1/impl/verilog/project.runs/impl_1/MotorCtrl_drc_routed.rpt.
INFO: [Timing 38-91] UpdateTimingParams: Speed grade: -1, Delay Type: min_max.
INFO: [Timing 38-191] Multithreading enabled for timing update using a maximum of 2 CPUs
Running Vector-less Activity Propagation...

Finished Running Vector-less Activity Propagation
INFO: [Common 17-206] Exiting Vivado at Thu May 21 19:48:12 2015...
[Thu May 21 19:48:12 2015] impl_1 finished
wait_on_run: Time (s): cpu = 00:00:00 ; elapsed = 00:01:15 . Memory (MB): peak = 917.984 ; gain = 6.641
INFO: [Netlist 29-17] Analyzing 12 Unisim elements for replacement
INFO: [Netlist 29-28] Unisim Transformation completed in 0 CPU seconds
INFO: [Project 1-479] Netlist was created with Vivado 2014.4
INFO: [Project 1-570] Preparing netlist for logic optimization
Parsing XDC File [C:/Users/Kasper/Documents/GitHub/TIHSC/MotorControl/MotorControl/solution1/impl/verilog/.Xil/Vivado-3036-KASPER-PC/dcp/MotorCtrl.xdc]
Finished Parsing XDC File [C:/Users/Kasper/Documents/GitHub/TIHSC/MotorControl/MotorControl/solution1/impl/verilog/.Xil/Vivado-3036-KASPER-PC/dcp/MotorCtrl.xdc]
Reading XDEF placement.
Reading placer database...
Reading XDEF routing.
Read XDEF File: Time (s): cpu = 00:00:00 ; elapsed = 00:00:00.210 . Memory (MB): peak = 1000.488 ; gain = 1.043
Restored from archive | CPU: 0.000000 secs | Memory: 0.000000 MB |
Finished XDEF File Restore: Time (s): cpu = 00:00:00 ; elapsed = 00:00:00.211 . Memory (MB): peak = 1000.488 ; gain = 1.043
INFO: [Opt 31-138] Pushed 0 inverter(s) to 0 load pin(s).
INFO: [Project 1-111] Unisim Transformation Summary:
No Unisim elements were transformed.

INFO: [Timing 38-35] Done setting XDC timing constraints.
INFO: [Timing 38-91] UpdateTimingParams: Speed grade: -1, Delay Type: min_max.
INFO: [Timing 38-191] Multithreading enabled for timing update using a maximum of 2 CPUs
report_utilization: Time (s): cpu = 00:00:00 ; elapsed = 00:00:00.027 . Memory (MB): peak = 1114.285 ; gain = 0.016


Implementation tool: Xilinx Vivado v.2014.4
Device target:       xc7z010clg400-1
Report date:         Thu May 21 19:48:16 +0200 2015

#=== Resource usage ===
SLICE:           29
LUT:             77
FF:              50
DSP:              0
BRAM:             0
SRL:              0
#=== Final timing ===
CP required:    8.000
CP achieved:    4.426
Timing met
INFO: [Common 17-206] Exiting Vivado at Thu May 21 19:48:16 2015...
@I [LIC-101] Checked in feature [VIVADO_HLS]
