

================================================================
== Vivado HLS Report for 'yuv_filter'
================================================================
* Date:           Fri May 08 13:11:21 2015

* Version:        2014.4 (Build 1071461 on Tue Nov 18 16:42:57 PM 2014)
* Project:        yuv_filter.prj
* Solution:       solution3
* Product family: zynq
* Target device:  xc7z010clg400-1


================================================================
== Performance Estimates
================================================================
+ Timing (ns): 
    * Summary: 
    +---------+-------+----------+------------+
    |  Clock  | Target| Estimated| Uncertainty|
    +---------+-------+----------+------------+
    |default  |   8.00|      6.72|        1.00|
    +---------+-------+----------+------------+

+ Latency (clock cycles): 
    * Summary: 
    +-------+---------+-------+---------+----------+
    |     Latency     |     Interval    | Pipeline |
    |  min  |   max   |  min  |   max   |   Type   |
    +-------+---------+-------+---------+----------+
    |  80008|  2497608|  40008|  2457608| dataflow |
    +-------+---------+-------+---------+----------+

    + Detail: 
        * Instance: 
        N/A

        * Loop: 
        N/A



================================================================
== Utilization Estimates
================================================================
* Summary: 
+-----------------+---------+-------+-------+-------+
|       Name      | BRAM_18K| DSP48E|   FF  |  LUT  |
+-----------------+---------+-------+-------+-------+
|Expression       |        -|      -|      -|      -|
|FIFO             |        -|      -|      -|      -|
|Instance         |        -|      -|      -|      -|
|Memory           |        -|      -|      -|      -|
|Multiplexer      |        -|      -|      -|      -|
|Register         |        -|      -|      -|      -|
+-----------------+---------+-------+-------+-------+
|Total            |        0|      0|      0|      0|
+-----------------+---------+-------+-------+-------+
|Available        |      120|     80|  35200|  17600|
+-----------------+---------+-------+-------+-------+
|Utilization (%)  |        0|      0|      0|      0|
+-----------------+---------+-------+-------+-------+

+ Detail: 
    * Instance: 
    N/A

    * Memory: 
    N/A

    * FIFO: 
    N/A

    * Expression: 
    N/A

    * Multiplexer: 
    N/A

    * Register: 
    N/A



================================================================
== Interface
================================================================
* Summary: 
N/A

============================================================
+ Verbose Summary: Synthesis Manager
============================================================
InlineROM: 1
ExposeGlobal: 0
============================================================
+ Verbose Summary: CDFG Model
============================================================
IsTopModel: 1
ResetActiveHigh: 1
IsCombinational: 2
IsDatapathOnly: 0
HasWiredReturn: 1
HasMFsm: 0
HasVarLatency: 1
IsPipeline: 0
IsRtlPipelined: 0
IsInstanceOverlapped: 0
IsDontTouch: 0
HasImplIP: 0
IsGatedGlobalClock: 0


============================================================
+ Verbose Summary: Schedule
============================================================
* Number of FSM states: 6
* Pipeline: 0
* Dataflow Pipeline: 1
  DF-Pipeline-0: Size = 6, States = { 1 2 3 4 5 6 }

* FSM state transitions: 
1 --> 
	2  / true
2 --> 
	3  / true
3 --> 
	4  / true
4 --> 
	5  / true
5 --> 
	6  / true
6 --> 
* FSM state operations: 

 <State 1>: 6.38ns
ST_1: p_scale_height [1/1] 0.00ns
:3  %p_scale_height = alloca i16, align 2

ST_1: p_scale_width [1/1] 0.00ns
:4  %p_scale_width = alloca i16, align 2

ST_1: p_yuv_height [1/1] 0.00ns
:5  %p_yuv_height = alloca i16, align 2

ST_1: p_yuv_width [1/1] 0.00ns
:6  %p_yuv_width = alloca i16, align 2

ST_1: p_yuv_channels_ch1 [1/1] 0.00ns
:22  %p_yuv_channels_ch1 = alloca i8, align 1

ST_1: p_yuv_channels_ch2 [1/1] 0.00ns
:23  %p_yuv_channels_ch2 = alloca i8, align 1

ST_1: p_yuv_channels_ch3 [1/1] 0.00ns
:24  %p_yuv_channels_ch3 = alloca i8, align 1

ST_1: p_scale_channels_ch1 [1/1] 0.00ns
:25  %p_scale_channels_ch1 = alloca i8, align 1

ST_1: p_scale_channels_ch2 [1/1] 0.00ns
:26  %p_scale_channels_ch2 = alloca i8, align 1

ST_1: p_scale_channels_ch3 [1/1] 0.00ns
:27  %p_scale_channels_ch3 = alloca i8, align 1

ST_1: stg_17 [2/2] 6.38ns
:28  call fastcc void @yuv_filter_rgb2yuv([2457600 x i8]* nocapture %in_channels_ch1, [2457600 x i8]* nocapture %in_channels_ch2, [2457600 x i8]* nocapture %in_channels_ch3, i16* nocapture %in_width, i16* nocapture %in_height, i8* %p_yuv_channels_ch1, i8* %p_yuv_channels_ch2, i8* %p_yuv_channels_ch3, i16* %p_yuv_width, i16* %p_yuv_height)


 <State 2>: 0.00ns
ST_2: stg_18 [1/2] 0.00ns
:28  call fastcc void @yuv_filter_rgb2yuv([2457600 x i8]* nocapture %in_channels_ch1, [2457600 x i8]* nocapture %in_channels_ch2, [2457600 x i8]* nocapture %in_channels_ch3, i16* nocapture %in_width, i16* nocapture %in_height, i8* %p_yuv_channels_ch1, i8* %p_yuv_channels_ch2, i8* %p_yuv_channels_ch3, i16* %p_yuv_width, i16* %p_yuv_height)


 <State 3>: 0.00ns
ST_3: V_scale_read [1/1] 0.00ns
:0  %V_scale_read = call i8 @_ssdm_op_Read.ap_auto.i8(i8 %V_scale)

ST_3: U_scale_read [1/1] 0.00ns
:1  %U_scale_read = call i8 @_ssdm_op_Read.ap_auto.i8(i8 %U_scale)

ST_3: Y_scale_read [1/1] 0.00ns
:2  %Y_scale_read = call i8 @_ssdm_op_Read.ap_auto.i8(i8 %Y_scale)

ST_3: stg_22 [2/2] 0.00ns
:39  call fastcc void @yuv_filter_yuv_scale(i8* %p_yuv_channels_ch1, i8* %p_yuv_channels_ch2, i8* %p_yuv_channels_ch3, i16* %p_yuv_width, i16* %p_yuv_height, i8* %p_scale_channels_ch1, i8* %p_scale_channels_ch2, i8* %p_scale_channels_ch3, i16* %p_scale_width, i16* %p_scale_height, i8 %Y_scale_read, i8 %U_scale_read, i8 %V_scale_read)


 <State 4>: 0.00ns
ST_4: stg_23 [1/2] 0.00ns
:39  call fastcc void @yuv_filter_yuv_scale(i8* %p_yuv_channels_ch1, i8* %p_yuv_channels_ch2, i8* %p_yuv_channels_ch3, i16* %p_yuv_width, i16* %p_yuv_height, i8* %p_scale_channels_ch1, i8* %p_scale_channels_ch2, i8* %p_scale_channels_ch3, i16* %p_scale_width, i16* %p_scale_height, i8 %Y_scale_read, i8 %U_scale_read, i8 %V_scale_read)


 <State 5>: 0.00ns
ST_5: stg_24 [2/2] 0.00ns
:50  call fastcc void @yuv_filter_yuv2rgb(i8* %p_scale_channels_ch1, i8* %p_scale_channels_ch2, i8* %p_scale_channels_ch3, i16* %p_scale_width, i16* %p_scale_height, [2457600 x i8]* nocapture %out_channels_ch1, [2457600 x i8]* nocapture %out_channels_ch2, [2457600 x i8]* nocapture %out_channels_ch3, i16* nocapture %out_width, i16* nocapture %out_height)


 <State 6>: 0.00ns
ST_6: stg_25 [1/1] 0.00ns
:7  call void (...)* @_ssdm_op_SpecDataflowPipeline(i32 -1, [1 x i8]* @p_str) nounwind

ST_6: stg_26 [1/1] 0.00ns
:8  call void (...)* @_ssdm_op_SpecBitsMap([2457600 x i8]* %in_channels_ch1), !map !0

ST_6: stg_27 [1/1] 0.00ns
:9  call void (...)* @_ssdm_op_SpecBitsMap([2457600 x i8]* %in_channels_ch2), !map !7

ST_6: stg_28 [1/1] 0.00ns
:10  call void (...)* @_ssdm_op_SpecBitsMap([2457600 x i8]* %in_channels_ch3), !map !11

ST_6: stg_29 [1/1] 0.00ns
:11  call void (...)* @_ssdm_op_SpecBitsMap(i16* %in_width), !map !15

ST_6: stg_30 [1/1] 0.00ns
:12  call void (...)* @_ssdm_op_SpecBitsMap(i16* %in_height), !map !21

ST_6: stg_31 [1/1] 0.00ns
:13  call void (...)* @_ssdm_op_SpecBitsMap([2457600 x i8]* %out_channels_ch1), !map !25

ST_6: stg_32 [1/1] 0.00ns
:14  call void (...)* @_ssdm_op_SpecBitsMap([2457600 x i8]* %out_channels_ch2), !map !29

ST_6: stg_33 [1/1] 0.00ns
:15  call void (...)* @_ssdm_op_SpecBitsMap([2457600 x i8]* %out_channels_ch3), !map !33

ST_6: stg_34 [1/1] 0.00ns
:16  call void (...)* @_ssdm_op_SpecBitsMap(i16* %out_width), !map !37

ST_6: stg_35 [1/1] 0.00ns
:17  call void (...)* @_ssdm_op_SpecBitsMap(i16* %out_height), !map !41

ST_6: stg_36 [1/1] 0.00ns
:18  call void (...)* @_ssdm_op_SpecBitsMap(i8 %Y_scale), !map !45

ST_6: stg_37 [1/1] 0.00ns
:19  call void (...)* @_ssdm_op_SpecBitsMap(i8 %U_scale), !map !51

ST_6: stg_38 [1/1] 0.00ns
:20  call void (...)* @_ssdm_op_SpecBitsMap(i8 %V_scale), !map !55

ST_6: stg_39 [1/1] 0.00ns
:21  call void (...)* @_ssdm_op_SpecTopModule([11 x i8]* @str) nounwind

ST_6: empty [1/1] 0.00ns
:29  %empty = call i32 (...)* @_ssdm_op_SpecChannel([18 x i8]* @str21, i32 1, [1 x i8]* @str22, [1 x i8]* @str22, i32 2, i32 2457600, i8* %p_yuv_channels_ch1, i8* %p_yuv_channels_ch1)

ST_6: empty_17 [1/1] 0.00ns
:30  %empty_17 = call i32 (...)* @_ssdm_op_SpecInterface(i8* %p_yuv_channels_ch1, [8 x i8]* @str23, i32 0, i32 0, i32 0, i32 0, [8 x i8]* @str23, [8 x i8]* @str23, [8 x i8]* @str23)

ST_6: empty_18 [1/1] 0.00ns
:31  %empty_18 = call i32 (...)* @_ssdm_op_SpecChannel([18 x i8]* @str25, i32 1, [1 x i8]* @str26, [1 x i8]* @str26, i32 2, i32 2457600, i8* %p_yuv_channels_ch2, i8* %p_yuv_channels_ch2)

ST_6: empty_19 [1/1] 0.00ns
:32  %empty_19 = call i32 (...)* @_ssdm_op_SpecInterface(i8* %p_yuv_channels_ch2, [8 x i8]* @str27, i32 0, i32 0, i32 0, i32 0, [8 x i8]* @str27, [8 x i8]* @str27, [8 x i8]* @str27)

ST_6: empty_20 [1/1] 0.00ns
:33  %empty_20 = call i32 (...)* @_ssdm_op_SpecChannel([18 x i8]* @str29, i32 1, [1 x i8]* @str30, [1 x i8]* @str30, i32 2, i32 2457600, i8* %p_yuv_channels_ch3, i8* %p_yuv_channels_ch3)

ST_6: empty_21 [1/1] 0.00ns
:34  %empty_21 = call i32 (...)* @_ssdm_op_SpecInterface(i8* %p_yuv_channels_ch3, [8 x i8]* @str31, i32 0, i32 0, i32 0, i32 0, [8 x i8]* @str31, [8 x i8]* @str31, [8 x i8]* @str31)

ST_6: empty_22 [1/1] 0.00ns
:35  %empty_22 = call i32 (...)* @_ssdm_op_SpecChannel([19 x i8]* @str33, i32 1, [1 x i8]* @str34, [1 x i8]* @str34, i32 2, i32 0, i16* %p_yuv_width, i16* %p_yuv_width)

ST_6: empty_23 [1/1] 0.00ns
:36  %empty_23 = call i32 (...)* @_ssdm_op_SpecInterface(i16* %p_yuv_width, [8 x i8]* @str35, i32 0, i32 0, i32 0, i32 0, [8 x i8]* @str35, [8 x i8]* @str35, [8 x i8]* @str35)

ST_6: empty_24 [1/1] 0.00ns
:37  %empty_24 = call i32 (...)* @_ssdm_op_SpecChannel([20 x i8]* @str36, i32 1, [1 x i8]* @str37, [1 x i8]* @str37, i32 2, i32 0, i16* %p_yuv_height, i16* %p_yuv_height)

ST_6: empty_25 [1/1] 0.00ns
:38  %empty_25 = call i32 (...)* @_ssdm_op_SpecInterface(i16* %p_yuv_height, [8 x i8]* @str38, i32 0, i32 0, i32 0, i32 0, [8 x i8]* @str38, [8 x i8]* @str38, [8 x i8]* @str38)

ST_6: empty_26 [1/1] 0.00ns
:40  %empty_26 = call i32 (...)* @_ssdm_op_SpecChannel([20 x i8]* @str39, i32 1, [1 x i8]* @str40, [1 x i8]* @str40, i32 2, i32 2457600, i8* %p_scale_channels_ch1, i8* %p_scale_channels_ch1)

ST_6: empty_27 [1/1] 0.00ns
:41  %empty_27 = call i32 (...)* @_ssdm_op_SpecInterface(i8* %p_scale_channels_ch1, [8 x i8]* @str41, i32 0, i32 0, i32 0, i32 0, [8 x i8]* @str41, [8 x i8]* @str41, [8 x i8]* @str41)

ST_6: empty_28 [1/1] 0.00ns
:42  %empty_28 = call i32 (...)* @_ssdm_op_SpecChannel([20 x i8]* @str43, i32 1, [1 x i8]* @str44, [1 x i8]* @str44, i32 2, i32 2457600, i8* %p_scale_channels_ch2, i8* %p_scale_channels_ch2)

ST_6: empty_29 [1/1] 0.00ns
:43  %empty_29 = call i32 (...)* @_ssdm_op_SpecInterface(i8* %p_scale_channels_ch2, [8 x i8]* @str45, i32 0, i32 0, i32 0, i32 0, [8 x i8]* @str45, [8 x i8]* @str45, [8 x i8]* @str45)

ST_6: empty_30 [1/1] 0.00ns
:44  %empty_30 = call i32 (...)* @_ssdm_op_SpecChannel([20 x i8]* @str47, i32 1, [1 x i8]* @str48, [1 x i8]* @str48, i32 2, i32 2457600, i8* %p_scale_channels_ch3, i8* %p_scale_channels_ch3)

ST_6: empty_31 [1/1] 0.00ns
:45  %empty_31 = call i32 (...)* @_ssdm_op_SpecInterface(i8* %p_scale_channels_ch3, [8 x i8]* @str49, i32 0, i32 0, i32 0, i32 0, [8 x i8]* @str49, [8 x i8]* @str49, [8 x i8]* @str49)

ST_6: empty_32 [1/1] 0.00ns
:46  %empty_32 = call i32 (...)* @_ssdm_op_SpecChannel([21 x i8]* @str51, i32 1, [1 x i8]* @str52, [1 x i8]* @str52, i32 2, i32 0, i16* %p_scale_width, i16* %p_scale_width)

ST_6: empty_33 [1/1] 0.00ns
:47  %empty_33 = call i32 (...)* @_ssdm_op_SpecInterface(i16* %p_scale_width, [8 x i8]* @str53, i32 0, i32 0, i32 0, i32 0, [8 x i8]* @str53, [8 x i8]* @str53, [8 x i8]* @str53)

ST_6: empty_34 [1/1] 0.00ns
:48  %empty_34 = call i32 (...)* @_ssdm_op_SpecChannel([22 x i8]* @str54, i32 1, [1 x i8]* @str55, [1 x i8]* @str55, i32 2, i32 0, i16* %p_scale_height, i16* %p_scale_height)

ST_6: empty_35 [1/1] 0.00ns
:49  %empty_35 = call i32 (...)* @_ssdm_op_SpecInterface(i16* %p_scale_height, [8 x i8]* @str56, i32 0, i32 0, i32 0, i32 0, [8 x i8]* @str56, [8 x i8]* @str56, [8 x i8]* @str56)

ST_6: stg_60 [1/2] 0.00ns
:50  call fastcc void @yuv_filter_yuv2rgb(i8* %p_scale_channels_ch1, i8* %p_scale_channels_ch2, i8* %p_scale_channels_ch3, i16* %p_scale_width, i16* %p_scale_height, [2457600 x i8]* nocapture %out_channels_ch1, [2457600 x i8]* nocapture %out_channels_ch2, [2457600 x i8]* nocapture %out_channels_ch3, i16* nocapture %out_width, i16* nocapture %out_height)

ST_6: stg_61 [1/1] 0.00ns
:51  ret void



============================================================
+ Verbose Summary: Binding
============================================================
STG Binding: 
---------------- STG Properties BEGIN ----------------
- Is combinational: 0
- Is one-state seq: 0
- Is datapath-only: 0
- Is clock enabled: 0
- Is pipelined: 0
- Is top level: 1
Port [ Return ] is wired: 1; IO mode=ap_ctrl_hs:ce=0
Port [ in_channels_ch1]:  wired=1; compound=1; hidden=0; nouse=0; global=0; static=0; extern=0; dir=0; type=1; mode=0x9456264150; pingpong=0; private_global=0; MemPort=[13]; IO mode=ap_memory:ce=0
Port [ in_channels_ch2]:  wired=1; compound=1; hidden=0; nouse=0; global=0; static=0; extern=0; dir=0; type=1; mode=0x9456264ae0; pingpong=0; private_global=0; MemPort=[13]; IO mode=ap_memory:ce=0
Port [ in_channels_ch3]:  wired=1; compound=1; hidden=0; nouse=0; global=0; static=0; extern=0; dir=0; type=1; mode=0x9456263c40; pingpong=0; private_global=0; MemPort=[13]; IO mode=ap_memory:ce=0
Port [ in_width]:  wired=1; compound=0; hidden=0; nouse=0; global=0; static=0; extern=0; dir=0; type=0; mode=0x9456264780; pingpong=0; private_global=0; IO mode=ap_none:ce=0
Port [ in_height]:  wired=1; compound=0; hidden=0; nouse=0; global=0; static=0; extern=0; dir=0; type=0; mode=0x9456263580; pingpong=0; private_global=0; IO mode=ap_none:ce=0
Port [ out_channels_ch1]:  wired=1; compound=1; hidden=0; nouse=0; global=0; static=0; extern=0; dir=1; type=1; mode=0x9456263cd0; pingpong=0; private_global=0; MemPort=[03]; IO mode=ap_memory:ce=0
Port [ out_channels_ch2]:  wired=1; compound=1; hidden=0; nouse=0; global=0; static=0; extern=0; dir=1; type=1; mode=0x9456263d60; pingpong=0; private_global=0; MemPort=[03]; IO mode=ap_memory:ce=0
Port [ out_channels_ch3]:  wired=1; compound=1; hidden=0; nouse=0; global=0; static=0; extern=0; dir=1; type=1; mode=0x9456263fa0; pingpong=0; private_global=0; MemPort=[03]; IO mode=ap_memory:ce=0
Port [ out_width]:  wired=1; compound=0; hidden=0; nouse=0; global=0; static=0; extern=0; dir=1; type=0; mode=0x9456264300; pingpong=0; private_global=0; IO mode=ap_vld:ce=0
Port [ out_height]:  wired=1; compound=0; hidden=0; nouse=0; global=0; static=0; extern=0; dir=1; type=0; mode=0x9456264810; pingpong=0; private_global=0; IO mode=ap_vld:ce=0
Port [ Y_scale]:  wired=1; compound=0; hidden=0; nouse=0; global=0; static=0; extern=0; dir=0; type=0; mode=0x9456264390; pingpong=0; private_global=0; IO mode=ap_none:ce=0
Port [ U_scale]:  wired=1; compound=0; hidden=0; nouse=0; global=0; static=0; extern=0; dir=0; type=0; mode=0x94562648a0; pingpong=0; private_global=0; IO mode=ap_none:ce=0
Port [ V_scale]:  wired=1; compound=0; hidden=0; nouse=0; global=0; static=0; extern=0; dir=0; type=0; mode=0x9456264420; pingpong=0; private_global=0; IO mode=ap_none:ce=0
---------------- STG Properties END ------------------

---------------- Datapath Model BEGIN ----------------

<LifeTime>
<method=bitvector/>
p_scale_height       (alloca              ) [ 0011111]
p_scale_width        (alloca              ) [ 0011111]
p_yuv_height         (alloca              ) [ 0111111]
p_yuv_width          (alloca              ) [ 0111111]
p_yuv_channels_ch1   (alloca              ) [ 0111111]
p_yuv_channels_ch2   (alloca              ) [ 0111111]
p_yuv_channels_ch3   (alloca              ) [ 0111111]
p_scale_channels_ch1 (alloca              ) [ 0011111]
p_scale_channels_ch2 (alloca              ) [ 0011111]
p_scale_channels_ch3 (alloca              ) [ 0011111]
stg_18               (call                ) [ 0000000]
V_scale_read         (read                ) [ 0000100]
U_scale_read         (read                ) [ 0000100]
Y_scale_read         (read                ) [ 0000100]
stg_23               (call                ) [ 0000000]
stg_25               (specdataflowpipeline) [ 0000000]
stg_26               (specbitsmap         ) [ 0000000]
stg_27               (specbitsmap         ) [ 0000000]
stg_28               (specbitsmap         ) [ 0000000]
stg_29               (specbitsmap         ) [ 0000000]
stg_30               (specbitsmap         ) [ 0000000]
stg_31               (specbitsmap         ) [ 0000000]
stg_32               (specbitsmap         ) [ 0000000]
stg_33               (specbitsmap         ) [ 0000000]
stg_34               (specbitsmap         ) [ 0000000]
stg_35               (specbitsmap         ) [ 0000000]
stg_36               (specbitsmap         ) [ 0000000]
stg_37               (specbitsmap         ) [ 0000000]
stg_38               (specbitsmap         ) [ 0000000]
stg_39               (spectopmodule       ) [ 0000000]
empty                (specchannel         ) [ 0000000]
empty_17             (specinterface       ) [ 0000000]
empty_18             (specchannel         ) [ 0000000]
empty_19             (specinterface       ) [ 0000000]
empty_20             (specchannel         ) [ 0000000]
empty_21             (specinterface       ) [ 0000000]
empty_22             (specchannel         ) [ 0000000]
empty_23             (specinterface       ) [ 0000000]
empty_24             (specchannel         ) [ 0000000]
empty_25             (specinterface       ) [ 0000000]
empty_26             (specchannel         ) [ 0000000]
empty_27             (specinterface       ) [ 0000000]
empty_28             (specchannel         ) [ 0000000]
empty_29             (specinterface       ) [ 0000000]
empty_30             (specchannel         ) [ 0000000]
empty_31             (specinterface       ) [ 0000000]
empty_32             (specchannel         ) [ 0000000]
empty_33             (specinterface       ) [ 0000000]
empty_34             (specchannel         ) [ 0000000]
empty_35             (specinterface       ) [ 0000000]
stg_60               (call                ) [ 0000000]
stg_61               (ret                 ) [ 0000000]
</LifeTime>

<model>

<comp_list>
<comp id="0" class="1000" name="in_channels_ch1">
<pin_list>
<pin id="1" dir="1" index="0" bw="1" slack="0"/>
</pin_list>
<bind>
<StgValue><ssdm name="in_channels_ch1"/><MemPortTyVec>1 3 </MemPortTyVec>
</StgValue>
</bind>
</comp>

<comp id="2" class="1000" name="in_channels_ch2">
<pin_list>
<pin id="3" dir="1" index="0" bw="1" slack="0"/>
</pin_list>
<bind>
<StgValue><ssdm name="in_channels_ch2"/><MemPortTyVec>1 3 </MemPortTyVec>
</StgValue>
</bind>
</comp>

<comp id="4" class="1000" name="in_channels_ch3">
<pin_list>
<pin id="5" dir="1" index="0" bw="1" slack="0"/>
</pin_list>
<bind>
<StgValue><ssdm name="in_channels_ch3"/><MemPortTyVec>1 3 </MemPortTyVec>
</StgValue>
</bind>
</comp>

<comp id="6" class="1000" name="in_width">
<pin_list>
<pin id="7" dir="1" index="0" bw="1" slack="0"/>
</pin_list>
<bind>
<StgValue><ssdm name="in_width"/></StgValue>
</bind>
</comp>

<comp id="8" class="1000" name="in_height">
<pin_list>
<pin id="9" dir="1" index="0" bw="1" slack="0"/>
</pin_list>
<bind>
<StgValue><ssdm name="in_height"/></StgValue>
</bind>
</comp>

<comp id="10" class="1000" name="out_channels_ch1">
<pin_list>
<pin id="11" dir="1" index="0" bw="1" slack="0"/>
</pin_list>
<bind>
<StgValue><ssdm name="out_channels_ch1"/><MemPortTyVec>0 3 </MemPortTyVec>
</StgValue>
</bind>
</comp>

<comp id="12" class="1000" name="out_channels_ch2">
<pin_list>
<pin id="13" dir="1" index="0" bw="1" slack="0"/>
</pin_list>
<bind>
<StgValue><ssdm name="out_channels_ch2"/><MemPortTyVec>0 3 </MemPortTyVec>
</StgValue>
</bind>
</comp>

<comp id="14" class="1000" name="out_channels_ch3">
<pin_list>
<pin id="15" dir="1" index="0" bw="1" slack="0"/>
</pin_list>
<bind>
<StgValue><ssdm name="out_channels_ch3"/><MemPortTyVec>0 3 </MemPortTyVec>
</StgValue>
</bind>
</comp>

<comp id="16" class="1000" name="out_width">
<pin_list>
<pin id="17" dir="1" index="0" bw="1" slack="0"/>
</pin_list>
<bind>
<StgValue><ssdm name="out_width"/></StgValue>
</bind>
</comp>

<comp id="18" class="1000" name="out_height">
<pin_list>
<pin id="19" dir="1" index="0" bw="1" slack="0"/>
</pin_list>
<bind>
<StgValue><ssdm name="out_height"/></StgValue>
</bind>
</comp>

<comp id="20" class="1000" name="Y_scale">
<pin_list>
<pin id="21" dir="1" index="0" bw="1" slack="0"/>
</pin_list>
<bind>
<StgValue><ssdm name="Y_scale"/></StgValue>
</bind>
</comp>

<comp id="22" class="1000" name="U_scale">
<pin_list>
<pin id="23" dir="1" index="0" bw="1" slack="0"/>
</pin_list>
<bind>
<StgValue><ssdm name="U_scale"/></StgValue>
</bind>
</comp>

<comp id="24" class="1000" name="V_scale">
<pin_list>
<pin id="25" dir="1" index="0" bw="1" slack="0"/>
</pin_list>
<bind>
<StgValue><ssdm name="V_scale"/></StgValue>
</bind>
</comp>

<comp id="26" class="1001" name="const_26">
<pin_list>
<pin id="27" dir="1" index="0" bw="1" slack="0"/>
</pin_list>
<bind>
<StgValue><ssdm name=""/></StgValue>
</bind>
</comp>

<comp id="28" class="1001" name="const_28">
<pin_list>
<pin id="29" dir="1" index="0" bw="1" slack="0"/>
</pin_list>
<bind>
<StgValue><ssdm name="yuv_filter_rgb2yuv"/></StgValue>
</bind>
</comp>

<comp id="30" class="1001" name="const_30">
<pin_list>
<pin id="31" dir="1" index="0" bw="1" slack="0"/>
</pin_list>
<bind>
<StgValue><ssdm name="_ssdm_op_Read.ap_auto.i8"/></StgValue>
</bind>
</comp>

<comp id="32" class="1001" name="const_32">
<pin_list>
<pin id="33" dir="1" index="0" bw="1" slack="0"/>
</pin_list>
<bind>
<StgValue><ssdm name="yuv_filter_yuv_scale"/></StgValue>
</bind>
</comp>

<comp id="34" class="1001" name="const_34">
<pin_list>
<pin id="35" dir="1" index="0" bw="1" slack="0"/>
</pin_list>
<bind>
<StgValue><ssdm name="yuv_filter_yuv2rgb"/></StgValue>
</bind>
</comp>

<comp id="36" class="1001" name="const_36">
<pin_list>
<pin id="37" dir="1" index="0" bw="1" slack="2147483647"/>
</pin_list>
<bind>
<StgValue><ssdm name="_ssdm_op_SpecDataflowPipeline"/></StgValue>
</bind>
</comp>

<comp id="38" class="1001" name="const_38">
<pin_list>
<pin id="39" dir="1" index="0" bw="1" slack="2147483647"/>
</pin_list>
<bind>
<StgValue><ssdm name=""/></StgValue>
</bind>
</comp>

<comp id="40" class="1001" name="const_40">
<pin_list>
<pin id="41" dir="1" index="0" bw="1" slack="2147483647"/>
</pin_list>
<bind>
<StgValue><ssdm name="p_str"/></StgValue>
</bind>
</comp>

<comp id="42" class="1001" name="const_42">
<pin_list>
<pin id="43" dir="1" index="0" bw="1" slack="2147483647"/>
</pin_list>
<bind>
<StgValue><ssdm name="_ssdm_op_SpecBitsMap"/></StgValue>
</bind>
</comp>

<comp id="44" class="1001" name="const_44">
<pin_list>
<pin id="45" dir="1" index="0" bw="1" slack="2147483647"/>
</pin_list>
<bind>
<StgValue><ssdm name="_ssdm_op_SpecTopModule"/></StgValue>
</bind>
</comp>

<comp id="46" class="1001" name="const_46">
<pin_list>
<pin id="47" dir="1" index="0" bw="1" slack="2147483647"/>
</pin_list>
<bind>
<StgValue><ssdm name="str"/></StgValue>
</bind>
</comp>

<comp id="48" class="1001" name="const_48">
<pin_list>
<pin id="49" dir="1" index="0" bw="1" slack="2147483647"/>
</pin_list>
<bind>
<StgValue><ssdm name="_ssdm_op_SpecChannel"/></StgValue>
</bind>
</comp>

<comp id="50" class="1001" name="const_50">
<pin_list>
<pin id="51" dir="1" index="0" bw="1" slack="2147483647"/>
</pin_list>
<bind>
<StgValue><ssdm name="str21"/></StgValue>
</bind>
</comp>

<comp id="52" class="1001" name="const_52">
<pin_list>
<pin id="53" dir="1" index="0" bw="1" slack="2147483647"/>
</pin_list>
<bind>
<StgValue><ssdm name=""/></StgValue>
</bind>
</comp>

<comp id="54" class="1001" name="const_54">
<pin_list>
<pin id="55" dir="1" index="0" bw="1" slack="2147483647"/>
</pin_list>
<bind>
<StgValue><ssdm name="str22"/></StgValue>
</bind>
</comp>

<comp id="56" class="1001" name="const_56">
<pin_list>
<pin id="57" dir="1" index="0" bw="1" slack="2147483647"/>
</pin_list>
<bind>
<StgValue><ssdm name=""/></StgValue>
</bind>
</comp>

<comp id="58" class="1001" name="const_58">
<pin_list>
<pin id="59" dir="1" index="0" bw="1" slack="2147483647"/>
</pin_list>
<bind>
<StgValue><ssdm name=""/></StgValue>
</bind>
</comp>

<comp id="60" class="1001" name="const_60">
<pin_list>
<pin id="61" dir="1" index="0" bw="1" slack="2147483647"/>
</pin_list>
<bind>
<StgValue><ssdm name="_ssdm_op_SpecInterface"/></StgValue>
</bind>
</comp>

<comp id="62" class="1001" name="const_62">
<pin_list>
<pin id="63" dir="1" index="0" bw="1" slack="2147483647"/>
</pin_list>
<bind>
<StgValue><ssdm name="str23"/></StgValue>
</bind>
</comp>

<comp id="64" class="1001" name="const_64">
<pin_list>
<pin id="65" dir="1" index="0" bw="1" slack="2147483647"/>
</pin_list>
<bind>
<StgValue><ssdm name=""/></StgValue>
</bind>
</comp>

<comp id="66" class="1001" name="const_66">
<pin_list>
<pin id="67" dir="1" index="0" bw="1" slack="2147483647"/>
</pin_list>
<bind>
<StgValue><ssdm name="str25"/></StgValue>
</bind>
</comp>

<comp id="68" class="1001" name="const_68">
<pin_list>
<pin id="69" dir="1" index="0" bw="1" slack="2147483647"/>
</pin_list>
<bind>
<StgValue><ssdm name="str26"/></StgValue>
</bind>
</comp>

<comp id="70" class="1001" name="const_70">
<pin_list>
<pin id="71" dir="1" index="0" bw="1" slack="2147483647"/>
</pin_list>
<bind>
<StgValue><ssdm name="str27"/></StgValue>
</bind>
</comp>

<comp id="72" class="1001" name="const_72">
<pin_list>
<pin id="73" dir="1" index="0" bw="1" slack="2147483647"/>
</pin_list>
<bind>
<StgValue><ssdm name="str29"/></StgValue>
</bind>
</comp>

<comp id="74" class="1001" name="const_74">
<pin_list>
<pin id="75" dir="1" index="0" bw="1" slack="2147483647"/>
</pin_list>
<bind>
<StgValue><ssdm name="str30"/></StgValue>
</bind>
</comp>

<comp id="76" class="1001" name="const_76">
<pin_list>
<pin id="77" dir="1" index="0" bw="1" slack="2147483647"/>
</pin_list>
<bind>
<StgValue><ssdm name="str31"/></StgValue>
</bind>
</comp>

<comp id="78" class="1001" name="const_78">
<pin_list>
<pin id="79" dir="1" index="0" bw="1" slack="2147483647"/>
</pin_list>
<bind>
<StgValue><ssdm name="str33"/></StgValue>
</bind>
</comp>

<comp id="80" class="1001" name="const_80">
<pin_list>
<pin id="81" dir="1" index="0" bw="1" slack="2147483647"/>
</pin_list>
<bind>
<StgValue><ssdm name="str34"/></StgValue>
</bind>
</comp>

<comp id="82" class="1001" name="const_82">
<pin_list>
<pin id="83" dir="1" index="0" bw="1" slack="2147483647"/>
</pin_list>
<bind>
<StgValue><ssdm name="str35"/></StgValue>
</bind>
</comp>

<comp id="84" class="1001" name="const_84">
<pin_list>
<pin id="85" dir="1" index="0" bw="1" slack="2147483647"/>
</pin_list>
<bind>
<StgValue><ssdm name="str36"/></StgValue>
</bind>
</comp>

<comp id="86" class="1001" name="const_86">
<pin_list>
<pin id="87" dir="1" index="0" bw="1" slack="2147483647"/>
</pin_list>
<bind>
<StgValue><ssdm name="str37"/></StgValue>
</bind>
</comp>

<comp id="88" class="1001" name="const_88">
<pin_list>
<pin id="89" dir="1" index="0" bw="1" slack="2147483647"/>
</pin_list>
<bind>
<StgValue><ssdm name="str38"/></StgValue>
</bind>
</comp>

<comp id="90" class="1001" name="const_90">
<pin_list>
<pin id="91" dir="1" index="0" bw="1" slack="2147483647"/>
</pin_list>
<bind>
<StgValue><ssdm name="str39"/></StgValue>
</bind>
</comp>

<comp id="92" class="1001" name="const_92">
<pin_list>
<pin id="93" dir="1" index="0" bw="1" slack="2147483647"/>
</pin_list>
<bind>
<StgValue><ssdm name="str40"/></StgValue>
</bind>
</comp>

<comp id="94" class="1001" name="const_94">
<pin_list>
<pin id="95" dir="1" index="0" bw="1" slack="2147483647"/>
</pin_list>
<bind>
<StgValue><ssdm name="str41"/></StgValue>
</bind>
</comp>

<comp id="96" class="1001" name="const_96">
<pin_list>
<pin id="97" dir="1" index="0" bw="1" slack="2147483647"/>
</pin_list>
<bind>
<StgValue><ssdm name="str43"/></StgValue>
</bind>
</comp>

<comp id="98" class="1001" name="const_98">
<pin_list>
<pin id="99" dir="1" index="0" bw="1" slack="2147483647"/>
</pin_list>
<bind>
<StgValue><ssdm name="str44"/></StgValue>
</bind>
</comp>

<comp id="100" class="1001" name="const_100">
<pin_list>
<pin id="101" dir="1" index="0" bw="1" slack="2147483647"/>
</pin_list>
<bind>
<StgValue><ssdm name="str45"/></StgValue>
</bind>
</comp>

<comp id="102" class="1001" name="const_102">
<pin_list>
<pin id="103" dir="1" index="0" bw="1" slack="2147483647"/>
</pin_list>
<bind>
<StgValue><ssdm name="str47"/></StgValue>
</bind>
</comp>

<comp id="104" class="1001" name="const_104">
<pin_list>
<pin id="105" dir="1" index="0" bw="1" slack="2147483647"/>
</pin_list>
<bind>
<StgValue><ssdm name="str48"/></StgValue>
</bind>
</comp>

<comp id="106" class="1001" name="const_106">
<pin_list>
<pin id="107" dir="1" index="0" bw="1" slack="2147483647"/>
</pin_list>
<bind>
<StgValue><ssdm name="str49"/></StgValue>
</bind>
</comp>

<comp id="108" class="1001" name="const_108">
<pin_list>
<pin id="109" dir="1" index="0" bw="1" slack="2147483647"/>
</pin_list>
<bind>
<StgValue><ssdm name="str51"/></StgValue>
</bind>
</comp>

<comp id="110" class="1001" name="const_110">
<pin_list>
<pin id="111" dir="1" index="0" bw="1" slack="2147483647"/>
</pin_list>
<bind>
<StgValue><ssdm name="str52"/></StgValue>
</bind>
</comp>

<comp id="112" class="1001" name="const_112">
<pin_list>
<pin id="113" dir="1" index="0" bw="1" slack="2147483647"/>
</pin_list>
<bind>
<StgValue><ssdm name="str53"/></StgValue>
</bind>
</comp>

<comp id="114" class="1001" name="const_114">
<pin_list>
<pin id="115" dir="1" index="0" bw="1" slack="2147483647"/>
</pin_list>
<bind>
<StgValue><ssdm name="str54"/></StgValue>
</bind>
</comp>

<comp id="116" class="1001" name="const_116">
<pin_list>
<pin id="117" dir="1" index="0" bw="1" slack="2147483647"/>
</pin_list>
<bind>
<StgValue><ssdm name="str55"/></StgValue>
</bind>
</comp>

<comp id="118" class="1001" name="const_118">
<pin_list>
<pin id="119" dir="1" index="0" bw="1" slack="2147483647"/>
</pin_list>
<bind>
<StgValue><ssdm name="str56"/></StgValue>
</bind>
</comp>

<comp id="120" class="1004" name="p_scale_height_fu_120">
<pin_list>
<pin id="121" dir="0" index="0" bw="1" slack="0"/>
<pin id="122" dir="1" index="1" bw="16" slack="2"/>
</pin_list>
<bind>
<opcode="alloca(26) " fcode="alloca"/>
<opset="p_scale_height/1 "/>
</bind>
</comp>

<comp id="124" class="1004" name="p_scale_width_fu_124">
<pin_list>
<pin id="125" dir="0" index="0" bw="1" slack="0"/>
<pin id="126" dir="1" index="1" bw="16" slack="2"/>
</pin_list>
<bind>
<opcode="alloca(26) " fcode="alloca"/>
<opset="p_scale_width/1 "/>
</bind>
</comp>

<comp id="128" class="1004" name="p_yuv_height_fu_128">
<pin_list>
<pin id="129" dir="0" index="0" bw="1" slack="0"/>
<pin id="130" dir="1" index="1" bw="16" slack="0"/>
</pin_list>
<bind>
<opcode="alloca(26) " fcode="alloca"/>
<opset="p_yuv_height/1 "/>
</bind>
</comp>

<comp id="132" class="1004" name="p_yuv_width_fu_132">
<pin_list>
<pin id="133" dir="0" index="0" bw="1" slack="0"/>
<pin id="134" dir="1" index="1" bw="16" slack="0"/>
</pin_list>
<bind>
<opcode="alloca(26) " fcode="alloca"/>
<opset="p_yuv_width/1 "/>
</bind>
</comp>

<comp id="136" class="1004" name="p_yuv_channels_ch1_fu_136">
<pin_list>
<pin id="137" dir="0" index="0" bw="1" slack="0"/>
<pin id="138" dir="1" index="1" bw="8" slack="0"/>
</pin_list>
<bind>
<opcode="alloca(26) " fcode="alloca"/>
<opset="p_yuv_channels_ch1/1 "/>
</bind>
</comp>

<comp id="140" class="1004" name="p_yuv_channels_ch2_fu_140">
<pin_list>
<pin id="141" dir="0" index="0" bw="1" slack="0"/>
<pin id="142" dir="1" index="1" bw="8" slack="0"/>
</pin_list>
<bind>
<opcode="alloca(26) " fcode="alloca"/>
<opset="p_yuv_channels_ch2/1 "/>
</bind>
</comp>

<comp id="144" class="1004" name="p_yuv_channels_ch3_fu_144">
<pin_list>
<pin id="145" dir="0" index="0" bw="1" slack="0"/>
<pin id="146" dir="1" index="1" bw="8" slack="0"/>
</pin_list>
<bind>
<opcode="alloca(26) " fcode="alloca"/>
<opset="p_yuv_channels_ch3/1 "/>
</bind>
</comp>

<comp id="148" class="1004" name="p_scale_channels_ch1_fu_148">
<pin_list>
<pin id="149" dir="0" index="0" bw="1" slack="0"/>
<pin id="150" dir="1" index="1" bw="8" slack="2"/>
</pin_list>
<bind>
<opcode="alloca(26) " fcode="alloca"/>
<opset="p_scale_channels_ch1/1 "/>
</bind>
</comp>

<comp id="152" class="1004" name="p_scale_channels_ch2_fu_152">
<pin_list>
<pin id="153" dir="0" index="0" bw="1" slack="0"/>
<pin id="154" dir="1" index="1" bw="8" slack="2"/>
</pin_list>
<bind>
<opcode="alloca(26) " fcode="alloca"/>
<opset="p_scale_channels_ch2/1 "/>
</bind>
</comp>

<comp id="156" class="1004" name="p_scale_channels_ch3_fu_156">
<pin_list>
<pin id="157" dir="0" index="0" bw="1" slack="0"/>
<pin id="158" dir="1" index="1" bw="8" slack="2"/>
</pin_list>
<bind>
<opcode="alloca(26) " fcode="alloca"/>
<opset="p_scale_channels_ch3/1 "/>
</bind>
</comp>

<comp id="160" class="1004" name="V_scale_read_read_fu_160">
<pin_list>
<pin id="161" dir="0" index="0" bw="8" slack="0"/>
<pin id="162" dir="0" index="1" bw="8" slack="0"/>
<pin id="163" dir="1" index="2" bw="8" slack="0"/>
</pin_list>
<bind>
<opcode="read(1150) " fcode="read"/>
<opset="V_scale_read/3 "/>
</bind>
</comp>

<comp id="166" class="1004" name="U_scale_read_read_fu_166">
<pin_list>
<pin id="167" dir="0" index="0" bw="8" slack="0"/>
<pin id="168" dir="0" index="1" bw="8" slack="0"/>
<pin id="169" dir="1" index="2" bw="8" slack="0"/>
</pin_list>
<bind>
<opcode="read(1150) " fcode="read"/>
<opset="U_scale_read/3 "/>
</bind>
</comp>

<comp id="172" class="1004" name="Y_scale_read_read_fu_172">
<pin_list>
<pin id="173" dir="0" index="0" bw="8" slack="0"/>
<pin id="174" dir="0" index="1" bw="8" slack="0"/>
<pin id="175" dir="1" index="2" bw="8" slack="0"/>
</pin_list>
<bind>
<opcode="read(1150) " fcode="read"/>
<opset="Y_scale_read/3 "/>
</bind>
</comp>

<comp id="179" class="1004" name="grp_yuv_filter_rgb2yuv_fu_179">
<pin_list>
<pin id="180" dir="0" index="0" bw="0" slack="0"/>
<pin id="181" dir="0" index="1" bw="8" slack="0"/>
<pin id="182" dir="0" index="2" bw="8" slack="0"/>
<pin id="183" dir="0" index="3" bw="8" slack="0"/>
<pin id="184" dir="0" index="4" bw="16" slack="0"/>
<pin id="185" dir="0" index="5" bw="16" slack="0"/>
<pin id="186" dir="0" index="6" bw="8" slack="0"/>
<pin id="187" dir="0" index="7" bw="8" slack="0"/>
<pin id="188" dir="0" index="8" bw="8" slack="0"/>
<pin id="189" dir="0" index="9" bw="16" slack="0"/>
<pin id="190" dir="0" index="10" bw="16" slack="0"/>
<pin id="191" dir="1" index="11" bw="0" slack="2147483647"/>
</pin_list>
<bind>
<opcode="call(48) " fcode="call"/>
<opset="stg_17/1 "/>
</bind>
</comp>

<comp id="198" class="1004" name="grp_yuv_filter_yuv2rgb_fu_198">
<pin_list>
<pin id="199" dir="0" index="0" bw="0" slack="0"/>
<pin id="200" dir="0" index="1" bw="8" slack="4"/>
<pin id="201" dir="0" index="2" bw="8" slack="4"/>
<pin id="202" dir="0" index="3" bw="8" slack="4"/>
<pin id="203" dir="0" index="4" bw="16" slack="4"/>
<pin id="204" dir="0" index="5" bw="16" slack="4"/>
<pin id="205" dir="0" index="6" bw="8" slack="0"/>
<pin id="206" dir="0" index="7" bw="8" slack="0"/>
<pin id="207" dir="0" index="8" bw="8" slack="0"/>
<pin id="208" dir="0" index="9" bw="16" slack="0"/>
<pin id="209" dir="0" index="10" bw="16" slack="0"/>
<pin id="210" dir="1" index="11" bw="0" slack="2147483647"/>
</pin_list>
<bind>
<opcode="call(48) " fcode="call"/>
<opset="stg_24/5 "/>
</bind>
</comp>

<comp id="217" class="1004" name="grp_yuv_filter_yuv_scale_fu_217">
<pin_list>
<pin id="218" dir="0" index="0" bw="0" slack="0"/>
<pin id="219" dir="0" index="1" bw="8" slack="2"/>
<pin id="220" dir="0" index="2" bw="8" slack="2"/>
<pin id="221" dir="0" index="3" bw="8" slack="2"/>
<pin id="222" dir="0" index="4" bw="16" slack="2"/>
<pin id="223" dir="0" index="5" bw="16" slack="2"/>
<pin id="224" dir="0" index="6" bw="8" slack="2"/>
<pin id="225" dir="0" index="7" bw="8" slack="2"/>
<pin id="226" dir="0" index="8" bw="8" slack="2"/>
<pin id="227" dir="0" index="9" bw="16" slack="2"/>
<pin id="228" dir="0" index="10" bw="16" slack="2"/>
<pin id="229" dir="0" index="11" bw="8" slack="0"/>
<pin id="230" dir="0" index="12" bw="8" slack="0"/>
<pin id="231" dir="0" index="13" bw="8" slack="0"/>
<pin id="232" dir="1" index="14" bw="0" slack="2147483647"/>
</pin_list>
<bind>
<opcode="call(48) " fcode="call"/>
<opset="stg_22/3 "/>
</bind>
</comp>

<comp id="237" class="1005" name="p_scale_height_reg_237">
<pin_list>
<pin id="238" dir="0" index="0" bw="16" slack="2"/>
<pin id="239" dir="1" index="1" bw="16" slack="2"/>
</pin_list>
<bind>
<opset="p_scale_height "/>
</bind>
</comp>

<comp id="243" class="1005" name="p_scale_width_reg_243">
<pin_list>
<pin id="244" dir="0" index="0" bw="16" slack="2"/>
<pin id="245" dir="1" index="1" bw="16" slack="2"/>
</pin_list>
<bind>
<opset="p_scale_width "/>
</bind>
</comp>

<comp id="249" class="1005" name="p_yuv_height_reg_249">
<pin_list>
<pin id="250" dir="0" index="0" bw="16" slack="0"/>
<pin id="251" dir="1" index="1" bw="16" slack="0"/>
</pin_list>
<bind>
<opset="p_yuv_height "/>
</bind>
</comp>

<comp id="255" class="1005" name="p_yuv_width_reg_255">
<pin_list>
<pin id="256" dir="0" index="0" bw="16" slack="0"/>
<pin id="257" dir="1" index="1" bw="16" slack="0"/>
</pin_list>
<bind>
<opset="p_yuv_width "/>
</bind>
</comp>

<comp id="261" class="1005" name="p_yuv_channels_ch1_reg_261">
<pin_list>
<pin id="262" dir="0" index="0" bw="8" slack="0"/>
<pin id="263" dir="1" index="1" bw="8" slack="0"/>
</pin_list>
<bind>
<opset="p_yuv_channels_ch1 "/>
</bind>
</comp>

<comp id="267" class="1005" name="p_yuv_channels_ch2_reg_267">
<pin_list>
<pin id="268" dir="0" index="0" bw="8" slack="0"/>
<pin id="269" dir="1" index="1" bw="8" slack="0"/>
</pin_list>
<bind>
<opset="p_yuv_channels_ch2 "/>
</bind>
</comp>

<comp id="273" class="1005" name="p_yuv_channels_ch3_reg_273">
<pin_list>
<pin id="274" dir="0" index="0" bw="8" slack="0"/>
<pin id="275" dir="1" index="1" bw="8" slack="0"/>
</pin_list>
<bind>
<opset="p_yuv_channels_ch3 "/>
</bind>
</comp>

<comp id="279" class="1005" name="p_scale_channels_ch1_reg_279">
<pin_list>
<pin id="280" dir="0" index="0" bw="8" slack="2"/>
<pin id="281" dir="1" index="1" bw="8" slack="2"/>
</pin_list>
<bind>
<opset="p_scale_channels_ch1 "/>
</bind>
</comp>

<comp id="285" class="1005" name="p_scale_channels_ch2_reg_285">
<pin_list>
<pin id="286" dir="0" index="0" bw="8" slack="2"/>
<pin id="287" dir="1" index="1" bw="8" slack="2"/>
</pin_list>
<bind>
<opset="p_scale_channels_ch2 "/>
</bind>
</comp>

<comp id="291" class="1005" name="p_scale_channels_ch3_reg_291">
<pin_list>
<pin id="292" dir="0" index="0" bw="8" slack="2"/>
<pin id="293" dir="1" index="1" bw="8" slack="2"/>
</pin_list>
<bind>
<opset="p_scale_channels_ch3 "/>
</bind>
</comp>

<comp id="297" class="1005" name="V_scale_read_reg_297">
<pin_list>
<pin id="298" dir="0" index="0" bw="8" slack="1"/>
<pin id="299" dir="1" index="1" bw="8" slack="1"/>
</pin_list>
<bind>
<opset="V_scale_read "/>
</bind>
</comp>

<comp id="302" class="1005" name="U_scale_read_reg_302">
<pin_list>
<pin id="303" dir="0" index="0" bw="8" slack="1"/>
<pin id="304" dir="1" index="1" bw="8" slack="1"/>
</pin_list>
<bind>
<opset="U_scale_read "/>
</bind>
</comp>

<comp id="307" class="1005" name="Y_scale_read_reg_307">
<pin_list>
<pin id="308" dir="0" index="0" bw="8" slack="1"/>
<pin id="309" dir="1" index="1" bw="8" slack="1"/>
</pin_list>
<bind>
<opset="Y_scale_read "/>
</bind>
</comp>

</comp_list>

<net_list>
<net id="123"><net_src comp="26" pin="0"/><net_sink comp="120" pin=0"/></net>

<net id="127"><net_src comp="26" pin="0"/><net_sink comp="124" pin=0"/></net>

<net id="131"><net_src comp="26" pin="0"/><net_sink comp="128" pin=0"/></net>

<net id="135"><net_src comp="26" pin="0"/><net_sink comp="132" pin=0"/></net>

<net id="139"><net_src comp="26" pin="0"/><net_sink comp="136" pin=0"/></net>

<net id="143"><net_src comp="26" pin="0"/><net_sink comp="140" pin=0"/></net>

<net id="147"><net_src comp="26" pin="0"/><net_sink comp="144" pin=0"/></net>

<net id="151"><net_src comp="26" pin="0"/><net_sink comp="148" pin=0"/></net>

<net id="155"><net_src comp="26" pin="0"/><net_sink comp="152" pin=0"/></net>

<net id="159"><net_src comp="26" pin="0"/><net_sink comp="156" pin=0"/></net>

<net id="164"><net_src comp="30" pin="0"/><net_sink comp="160" pin=0"/></net>

<net id="165"><net_src comp="24" pin="0"/><net_sink comp="160" pin=1"/></net>

<net id="170"><net_src comp="30" pin="0"/><net_sink comp="166" pin=0"/></net>

<net id="171"><net_src comp="22" pin="0"/><net_sink comp="166" pin=1"/></net>

<net id="176"><net_src comp="30" pin="0"/><net_sink comp="172" pin=0"/></net>

<net id="177"><net_src comp="20" pin="0"/><net_sink comp="172" pin=1"/></net>

<net id="192"><net_src comp="28" pin="0"/><net_sink comp="179" pin=0"/></net>

<net id="193"><net_src comp="0" pin="0"/><net_sink comp="179" pin=1"/></net>

<net id="194"><net_src comp="2" pin="0"/><net_sink comp="179" pin=2"/></net>

<net id="195"><net_src comp="4" pin="0"/><net_sink comp="179" pin=3"/></net>

<net id="196"><net_src comp="6" pin="0"/><net_sink comp="179" pin=4"/></net>

<net id="197"><net_src comp="8" pin="0"/><net_sink comp="179" pin=5"/></net>

<net id="211"><net_src comp="34" pin="0"/><net_sink comp="198" pin=0"/></net>

<net id="212"><net_src comp="10" pin="0"/><net_sink comp="198" pin=6"/></net>

<net id="213"><net_src comp="12" pin="0"/><net_sink comp="198" pin=7"/></net>

<net id="214"><net_src comp="14" pin="0"/><net_sink comp="198" pin=8"/></net>

<net id="215"><net_src comp="16" pin="0"/><net_sink comp="198" pin=9"/></net>

<net id="216"><net_src comp="18" pin="0"/><net_sink comp="198" pin=10"/></net>

<net id="233"><net_src comp="32" pin="0"/><net_sink comp="217" pin=0"/></net>

<net id="234"><net_src comp="172" pin="2"/><net_sink comp="217" pin=11"/></net>

<net id="235"><net_src comp="166" pin="2"/><net_sink comp="217" pin=12"/></net>

<net id="236"><net_src comp="160" pin="2"/><net_sink comp="217" pin=13"/></net>

<net id="240"><net_src comp="120" pin="1"/><net_sink comp="237" pin=0"/></net>

<net id="241"><net_src comp="237" pin="1"/><net_sink comp="217" pin=10"/></net>

<net id="242"><net_src comp="237" pin="1"/><net_sink comp="198" pin=5"/></net>

<net id="246"><net_src comp="124" pin="1"/><net_sink comp="243" pin=0"/></net>

<net id="247"><net_src comp="243" pin="1"/><net_sink comp="217" pin=9"/></net>

<net id="248"><net_src comp="243" pin="1"/><net_sink comp="198" pin=4"/></net>

<net id="252"><net_src comp="128" pin="1"/><net_sink comp="249" pin=0"/></net>

<net id="253"><net_src comp="249" pin="1"/><net_sink comp="179" pin=10"/></net>

<net id="254"><net_src comp="249" pin="1"/><net_sink comp="217" pin=5"/></net>

<net id="258"><net_src comp="132" pin="1"/><net_sink comp="255" pin=0"/></net>

<net id="259"><net_src comp="255" pin="1"/><net_sink comp="179" pin=9"/></net>

<net id="260"><net_src comp="255" pin="1"/><net_sink comp="217" pin=4"/></net>

<net id="264"><net_src comp="136" pin="1"/><net_sink comp="261" pin=0"/></net>

<net id="265"><net_src comp="261" pin="1"/><net_sink comp="179" pin=6"/></net>

<net id="266"><net_src comp="261" pin="1"/><net_sink comp="217" pin=1"/></net>

<net id="270"><net_src comp="140" pin="1"/><net_sink comp="267" pin=0"/></net>

<net id="271"><net_src comp="267" pin="1"/><net_sink comp="179" pin=7"/></net>

<net id="272"><net_src comp="267" pin="1"/><net_sink comp="217" pin=2"/></net>

<net id="276"><net_src comp="144" pin="1"/><net_sink comp="273" pin=0"/></net>

<net id="277"><net_src comp="273" pin="1"/><net_sink comp="179" pin=8"/></net>

<net id="278"><net_src comp="273" pin="1"/><net_sink comp="217" pin=3"/></net>

<net id="282"><net_src comp="148" pin="1"/><net_sink comp="279" pin=0"/></net>

<net id="283"><net_src comp="279" pin="1"/><net_sink comp="217" pin=6"/></net>

<net id="284"><net_src comp="279" pin="1"/><net_sink comp="198" pin=1"/></net>

<net id="288"><net_src comp="152" pin="1"/><net_sink comp="285" pin=0"/></net>

<net id="289"><net_src comp="285" pin="1"/><net_sink comp="217" pin=7"/></net>

<net id="290"><net_src comp="285" pin="1"/><net_sink comp="198" pin=2"/></net>

<net id="294"><net_src comp="156" pin="1"/><net_sink comp="291" pin=0"/></net>

<net id="295"><net_src comp="291" pin="1"/><net_sink comp="217" pin=8"/></net>

<net id="296"><net_src comp="291" pin="1"/><net_sink comp="198" pin=3"/></net>

<net id="300"><net_src comp="160" pin="2"/><net_sink comp="297" pin=0"/></net>

<net id="301"><net_src comp="297" pin="1"/><net_sink comp="217" pin=13"/></net>

<net id="305"><net_src comp="166" pin="2"/><net_sink comp="302" pin=0"/></net>

<net id="306"><net_src comp="302" pin="1"/><net_sink comp="217" pin=12"/></net>

<net id="310"><net_src comp="172" pin="2"/><net_sink comp="307" pin=0"/></net>

<net id="311"><net_src comp="307" pin="1"/><net_sink comp="217" pin=11"/></net>

</net_list>

</model> 
---------------- Datapath Model END ------------------

* FSMD analyzer results:
  - Output states:
	Port: out_width | {5 6 }
	Port: out_height | {5 6 }
  - Chain level:
	State 1
		stg_17 : 1
	State 2
	State 3
	State 4
	State 5
	State 6


============================================================
+ Verbose Summary: Datapath Resource usage 
============================================================

* Functional unit list:
|----------|---------------------------------|---------|---------|---------|---------|
| Operation|         Functional Unit         |  DSP48E |  Delay  |    FF   |   LUT   |
|----------|---------------------------------|---------|---------|---------|---------|
|          |  grp_yuv_filter_rgb2yuv_fu_179  |    1    |  4.713  |   404   |   390   |
|   call   |  grp_yuv_filter_yuv2rgb_fu_198  |    1    |    0    |   360   |   271   |
|          | grp_yuv_filter_yuv_scale_fu_217 |    4    |    0    |   222   |    72   |
|----------|---------------------------------|---------|---------|---------|---------|
|          |     V_scale_read_read_fu_160    |    0    |    0    |    0    |    0    |
|   read   |     U_scale_read_read_fu_166    |    0    |    0    |    0    |    0    |
|          |     Y_scale_read_read_fu_172    |    0    |    0    |    0    |    0    |
|----------|---------------------------------|---------|---------|---------|---------|
|   Total  |                                 |    6    |  4.713  |   986   |   733   |
|----------|---------------------------------|---------|---------|---------|---------|

Memories:
N/A

* Register list:
+----------------------------+--------+
|                            |   FF   |
+----------------------------+--------+
|    U_scale_read_reg_302    |    8   |
|    V_scale_read_reg_297    |    8   |
|    Y_scale_read_reg_307    |    8   |
|p_scale_channels_ch1_reg_279|    8   |
|p_scale_channels_ch2_reg_285|    8   |
|p_scale_channels_ch3_reg_291|    8   |
|   p_scale_height_reg_237   |   16   |
|    p_scale_width_reg_243   |   16   |
| p_yuv_channels_ch1_reg_261 |    8   |
| p_yuv_channels_ch2_reg_267 |    8   |
| p_yuv_channels_ch3_reg_273 |    8   |
|    p_yuv_height_reg_249    |   16   |
|     p_yuv_width_reg_255    |   16   |
+----------------------------+--------+
|            Total           |   136  |
+----------------------------+--------+

* Multiplexer (MUX) list: 
|---------------------------------|------|------|------|--------||---------||---------|
|               Comp              |  Pin | Size |  BW  | S x BW ||  Delay  ||   LUT   |
|---------------------------------|------|------|------|--------||---------||---------|
| grp_yuv_filter_yuv_scale_fu_217 |  p11 |   2  |   8  |   16   ||    8    |
| grp_yuv_filter_yuv_scale_fu_217 |  p12 |   2  |   8  |   16   ||    8    |
| grp_yuv_filter_yuv_scale_fu_217 |  p13 |   2  |   8  |   16   ||    8    |
|---------------------------------|------|------|------|--------||---------||---------|
|              Total              |      |      |      |   48   ||  4.713  ||    24   |
|---------------------------------|------|------|------|--------||---------||---------|



* Summary:
+-----------+--------+--------+--------+--------+
|           | DSP48E |  Delay |   FF   |   LUT  |
+-----------+--------+--------+--------+--------+
|  Function |    6   |    4   |   986  |   733  |
|   Memory  |    -   |    -   |    -   |    -   |
|Multiplexer|    -   |    4   |    -   |   24   |
|  Register |    -   |    -   |   136  |    -   |
+-----------+--------+--------+--------+--------+
|   Total   |    6   |    9   |  1122  |   757  |
+-----------+--------+--------+--------+--------+
