#-----------------------------------------------------------
# Vivado v2014.4 (64-bit)
# SW Build 1071353 on Tue Nov 18 18:29:27 MST 2014
# IP Build 1070531 on Tue Nov 18 01:10:18 MST 2014
# Start of session at: Tue May 05 12:34:06 2015
# Process ID: 10356
# Log file: C:/Users/Kasper/Documents/GitHub/TIHSC/Exercise3/exercise3/vivado.log
# Journal file: C:/Users/Kasper/Documents/GitHub/TIHSC/Exercise3/exercise3\vivado.jou
#-----------------------------------------------------------
start_gui
open_project C:/Users/Kasper/Documents/GitHub/TIHSC/Exercise3/exercise3/exercise3.xpr
Scanning sources...
Finished scanning sources
INFO: [IP_Flow 19-234] Refreshing IP repositories
INFO: [IP_Flow 19-1700] Loaded user IP repository 'c:/Users/Kasper/Documents/GitHub/TIHSC/lab3/lab_ip'.
INFO: [IP_Flow 19-2313] Loaded Vivado IP repository 'C:/Xilinx/Vivado/2014.4/data/ip'.
open_project: Time (s): cpu = 00:00:51 ; elapsed = 00:00:20 . Memory (MB): peak = 741.391 ; gain = 191.945
save_project_as project_1 C:/Users/Kasper/Documents/GitHub/TIHSC/Exercise3/project_1 -force
INFO: [Common 17-41] Interrupt caught. Command should exit soon.
INFO: [Common 17-344] 'save_project_as' was cancelled
save_project_as exercise4 C:/Users/Kasper/Documents/GitHub/TIHSC/Exercise4/exercise4 -force
save_project_as: Time (s): cpu = 00:00:08 ; elapsed = 00:00:08 . Memory (MB): peak = 741.391 ; gain = 0.000
open_bd_design {C:/Users/Kasper/Documents/GitHub/TIHSC/Exercise4/exercise4/exercise4.srcs/sources_1/bd/system/system.bd}
Adding component instance block -- xilinx.com:ip:processing_system7:5.5 - processing_system7_0
Adding component instance block -- xilinx.com:ip:axi_gpio:2.0 - buttons
Adding component instance block -- xilinx.com:ip:proc_sys_reset:5.0 - rst_processing_system7_0_100M
Adding component instance block -- xilinx.com:ip:axi_gpio:2.0 - switches
Adding component instance block -- xilinx.com:user:led_ip:1.0 - led_ip
Adding component instance block -- xilinx.com:ip:axi_bram_ctrl:4.0 - axi_bram_ctrl_0
Adding component instance block -- xilinx.com:ip:blk_mem_gen:8.2 - axi_bram_ctrl_0_bram
Adding component instance block -- xilinx.com:ip:axi_crossbar:2.1 - xbar
Adding component instance block -- xilinx.com:ip:axi_protocol_converter:2.1 - auto_pc
Adding component instance block -- xilinx.com:ip:axi_protocol_converter:2.1 - auto_pc
Adding component instance block -- xilinx.com:ip:axi_protocol_converter:2.1 - auto_pc
Adding component instance block -- xilinx.com:ip:axi_protocol_converter:2.1 - auto_pc
Successfully read diagram <system> from BD file <C:/Users/Kasper/Documents/GitHub/TIHSC/Exercise4/exercise4/exercise4.srcs/sources_1/bd/system/system.bd>
open_bd_design: Time (s): cpu = 00:00:13 ; elapsed = 00:00:14 . Memory (MB): peak = 743.531 ; gain = 2.141
launch_sdk -workspace C:/Users/Kasper/Documents/GitHub/TIHSC/Exercise4/exercise4/exercise4.sdk -hwspec C:/Users/Kasper/Documents/GitHub/TIHSC/Exercise4/exercise4/exercise4.sdk/system_wrapper.hdf
INFO: [Vivado 12-393] Launching SDK...
INFO: [Vivado 12-417] Running xsdk -workspace C:/Users/Kasper/Documents/GitHub/TIHSC/Exercise4/exercise4/exercise4.sdk -hwspec C:/Users/Kasper/Documents/GitHub/TIHSC/Exercise4/exercise4/exercise4.sdk/system_wrapper.hdf
INFO: [Vivado 12-3157] SDK launch initiated. Please check console for any further messages.
file copy -force C:/Users/Kasper/Documents/GitHub/TIHSC/Exercise4/exercise4/exercise4.runs/impl_1/system_wrapper.sysdef C:/Users/Kasper/Documents/GitHub/TIHSC/Exercise4/exercise4/exercise4.sdk/system_wrapper.hdf

launch_sdk -workspace C:/Users/Kasper/Documents/GitHub/TIHSC/Exercise4/exercise4/exercise4.sdk -hwspec C:/Users/Kasper/Documents/GitHub/TIHSC/Exercise4/exercise4/exercise4.sdk/system_wrapper.hdf
INFO: [Vivado 12-393] Launching SDK...
INFO: [Vivado 12-417] Running xsdk -workspace C:/Users/Kasper/Documents/GitHub/TIHSC/Exercise4/exercise4/exercise4.sdk -hwspec C:/Users/Kasper/Documents/GitHub/TIHSC/Exercise4/exercise4/exercise4.sdk/system_wrapper.hdf
INFO: [Vivado 12-3157] SDK launch initiated. Please check console for any further messages.
file copy -force C:/Users/Kasper/Documents/GitHub/TIHSC/Exercise4/exercise4/exercise4.runs/impl_1/system_wrapper.sysdef C:/Users/Kasper/Documents/GitHub/TIHSC/Exercise4/exercise4/exercise4.sdk/system_wrapper.hdf

launch_sdk -workspace C:/Users/Kasper/Documents/GitHub/TIHSC/Exercise4/exercise4/exercise4.sdk -hwspec C:/Users/Kasper/Documents/GitHub/TIHSC/Exercise4/exercise4/exercise4.sdk/system_wrapper.hdf
INFO: [Vivado 12-393] Launching SDK...
INFO: [Vivado 12-417] Running xsdk -workspace C:/Users/Kasper/Documents/GitHub/TIHSC/Exercise4/exercise4/exercise4.sdk -hwspec C:/Users/Kasper/Documents/GitHub/TIHSC/Exercise4/exercise4/exercise4.sdk/system_wrapper.hdf
INFO: [Vivado 12-3157] SDK launch initiated. Please check console for any further messages.
save_project_as exercise5 C:/Users/Kasper/Documents/GitHub/TIHSC/Exercise5/exercise5 -force
Wrote  : <C:/Users/Kasper/Documents/GitHub/TIHSC/Exercise5/exercise5/exercise5.srcs/sources_1/bd/system/system.bd> 
save_project_as: Time (s): cpu = 00:00:07 ; elapsed = 00:00:10 . Memory (MB): peak = 793.723 ; gain = 0.000
set_property location {1391 442} [get_bd_ports LED]
set_property location {1386 387} [get_bd_ports LED]
WARNING: [IP_Flow 19-3326] Support for unknown family 'kintex7' was added for IP 'base_microblaze', 
save_bd_design
Wrote  : <C:/Users/Kasper/Documents/GitHub/TIHSC/Exercise5/exercise5/exercise5.srcs/sources_1/bd/system/system.bd> 
exit
INFO: [Common 17-206] Exiting Vivado at Tue May 05 14:35:08 2015...
