Copyright 1986-2014 Xilinx, Inc. All Rights Reserved.
-------------------------------------------------------------------------------------------
| Tool Version : Vivado v.2014.4 (win64) Build 1071353 Tue Nov 18 18:29:27 MST 2014
| Date         : Wed May 20 14:58:13 2015
| Host         : KASPER-PC running 64-bit major release  (build 9200)
| Command      : report_control_sets -verbose -file system_wrapper_control_sets_placed.rpt
| Design       : system_wrapper
| Device       : xc7z010
-------------------------------------------------------------------------------------------

Control Set Information

Table of Contents
-----------------
1. Summary
2. Flip-Flop Distribution
3. Detailed Control Set Information

1. Summary
----------

+-------------------------------------------------------------------+-------+
|                               Status                              | Count |
+-------------------------------------------------------------------+-------+
| Number of unique control sets                                     |    40 |
| Minimum Number of register sites lost to control set restrictions |    87 |
+-------------------------------------------------------------------+-------+


2. Flip-Flop Distribution
-------------------------

+--------------+-----------------------+------------------------+-----------------+--------------+
| Clock Enable | Synchronous Set/Reset | Asynchronous Set/Reset | Total Registers | Total Slices |
+--------------+-----------------------+------------------------+-----------------+--------------+
| No           | No                    | No                     |             135 |           48 |
| No           | No                    | Yes                    |               0 |            0 |
| No           | Yes                   | No                     |             102 |           37 |
| Yes          | No                    | No                     |             425 |          104 |
| Yes          | No                    | Yes                    |               0 |            0 |
| Yes          | Yes                   | No                     |              43 |           15 |
+--------------+-----------------------+------------------------+-----------------+--------------+


3. Detailed Control Set Information
-----------------------------------

+-----------------------------------------------+----------------------------------------------------------------------------------------------------------------------------------------------+-----------------------------------------------------------------------------------------------------------------------------------------+------------------+----------------+
|                  Clock Signal                 |                                                                 Enable Signal                                                                |                                                             Set/Reset Signal                                                            | Slice Load Count | Bel Load Count |
+-----------------------------------------------+----------------------------------------------------------------------------------------------------------------------------------------------+-----------------------------------------------------------------------------------------------------------------------------------------+------------------+----------------+
|  system_i/processing_system7_0/inst/FCLK_CLK0 | system_i/processing_system7_0_axi_periph/s00_couplers/auto_pc/inst/gen_axilite.gen_b2s_conv.axilite_b2s/WR.b_channel_0/bid_fifo_0/bresp_push |                                                                                                                                         |                1 |              2 |
|  system_i/processing_system7_0/inst/FCLK_CLK0 | system_i/iosc_0/inst/iosc_slv0_if_U/_ctrl0                                                                                                   |                                                                                                                                         |                1 |              4 |
|  system_i/processing_system7_0/inst/FCLK_CLK0 | system_i/iosc_0/inst/iosc_U/grp_iosc_iosThread_fu_104/E[0]                                                                                   |                                                                                                                                         |                1 |              4 |
|  system_i/processing_system7_0/inst/FCLK_CLK0 | system_i/iosc_0/inst/iosc_U/grp_iosc_iosThread_fu_104/O2[0]                                                                                  |                                                                                                                                         |                1 |              4 |
|  system_i/processing_system7_0/inst/FCLK_CLK0 | system_i/processing_system7_0_axi_periph/s00_couplers/auto_pc/inst/gen_axilite.gen_b2s_conv.axilite_b2s/RD.ar_channel_0/ar_cmd_fsm_0/O12     |                                                                                                                                         |                2 |              4 |
|  system_i/processing_system7_0/inst/FCLK_CLK0 | system_i/processing_system7_0_axi_periph/s00_couplers/auto_pc/inst/gen_axilite.gen_b2s_conv.axilite_b2s/RD.ar_channel_0/ar_cmd_fsm_0/O12     | system_i/processing_system7_0_axi_periph/s00_couplers/auto_pc/inst/gen_axilite.gen_b2s_conv.axilite_b2s/RD.ar_channel_0/ar_cmd_fsm_0/O3 |                1 |              4 |
|  system_i/processing_system7_0/inst/FCLK_CLK0 | system_i/processing_system7_0_axi_periph/s00_couplers/auto_pc/inst/gen_axilite.gen_b2s_conv.axilite_b2s/RD.ar_channel_0/ar_cmd_fsm_0/O14[0]  |                                                                                                                                         |                1 |              4 |
|  system_i/processing_system7_0/inst/FCLK_CLK0 | system_i/processing_system7_0_axi_periph/s00_couplers/auto_pc/inst/gen_axilite.gen_b2s_conv.axilite_b2s/WR.aw_channel_0/aw_cmd_fsm_0/O13     |                                                                                                                                         |                2 |              4 |
|  system_i/processing_system7_0/inst/FCLK_CLK0 | system_i/processing_system7_0_axi_periph/s00_couplers/auto_pc/inst/gen_axilite.gen_b2s_conv.axilite_b2s/WR.aw_channel_0/aw_cmd_fsm_0/O13     | system_i/processing_system7_0_axi_periph/s00_couplers/auto_pc/inst/gen_axilite.gen_b2s_conv.axilite_b2s/WR.aw_channel_0/aw_cmd_fsm_0/O1 |                2 |              4 |
|  system_i/processing_system7_0/inst/FCLK_CLK0 | system_i/processing_system7_0_axi_periph/s00_couplers/auto_pc/inst/gen_axilite.gen_b2s_conv.axilite_b2s/WR.aw_channel_0/aw_cmd_fsm_0/O11[0]  |                                                                                                                                         |                2 |              4 |
|  system_i/processing_system7_0/inst/FCLK_CLK0 |                                                                                                                                              | system_i/rst_processing_system7_0_100M/U0/EXT_LPF/lpf_int                                                                               |                3 |              5 |
|  system_i/processing_system7_0/inst/FCLK_CLK0 | system_i/iosc_0/inst/iosc_slv0_if_U/aw_hs                                                                                                    |                                                                                                                                         |                1 |              5 |
|  system_i/processing_system7_0/inst/FCLK_CLK0 | system_i/rst_processing_system7_0_100M/U0/SEQ/seq_cnt_en                                                                                     | system_i/rst_processing_system7_0_100M/U0/SEQ/SEQ_COUNTER/clear                                                                         |                1 |              6 |
|  system_i/processing_system7_0/inst/FCLK_CLK0 |                                                                                                                                              | system_i/iosc_0/inst/iosc_U/grp_iosc_iosThread_fu_104/SS[0]                                                                             |                4 |              7 |
|  system_i/processing_system7_0/inst/FCLK_CLK0 | system_i/processing_system7_0_axi_periph/xbar/inst/gen_sasd.crossbar_sasd_0/addr_arbiter_inst/E[0]                                           |                                                                                                                                         |                3 |              7 |
|  system_i/processing_system7_0/inst/FCLK_CLK0 | system_i/processing_system7_0_axi_periph/xbar/inst/gen_sasd.crossbar_sasd_0/reg_slice_r/aa_rready                                            |                                                                                                                                         |                3 |              7 |
|  system_i/processing_system7_0/inst/FCLK_CLK0 |                                                                                                                                              | system_i/processing_system7_0_axi_periph/s00_couplers/auto_pc/inst/gen_axilite.gen_b2s_conv.axilite_b2s/SI_REG/ar_pipe/SR[0]            |                5 |              8 |
|  system_i/processing_system7_0/inst/FCLK_CLK0 | system_i/processing_system7_0_axi_periph/s00_couplers/auto_pc/inst/gen_axilite.gen_b2s_conv.axilite_b2s/RD.ar_channel_0/ar_cmd_fsm_0/E[0]    |                                                                                                                                         |                3 |              8 |
|  system_i/processing_system7_0/inst/FCLK_CLK0 | system_i/processing_system7_0_axi_periph/s00_couplers/auto_pc/inst/gen_axilite.gen_b2s_conv.axilite_b2s/RD.ar_channel_0/ar_cmd_fsm_0/O13[0]  |                                                                                                                                         |                3 |              8 |
|  system_i/processing_system7_0/inst/FCLK_CLK0 | system_i/processing_system7_0_axi_periph/s00_couplers/auto_pc/inst/gen_axilite.gen_b2s_conv.axilite_b2s/RD.ar_channel_0/ar_cmd_fsm_0/O16     |                                                                                                                                         |                2 |              8 |
|  system_i/processing_system7_0/inst/FCLK_CLK0 | system_i/processing_system7_0_axi_periph/s00_couplers/auto_pc/inst/gen_axilite.gen_b2s_conv.axilite_b2s/WR.aw_channel_0/aw_cmd_fsm_0/O14     |                                                                                                                                         |                2 |              8 |
|  system_i/processing_system7_0/inst/FCLK_CLK0 | system_i/processing_system7_0_axi_periph/s00_couplers/auto_pc/inst/gen_axilite.gen_b2s_conv.axilite_b2s/WR.aw_channel_0/aw_cmd_fsm_0/E[0]    |                                                                                                                                         |                4 |              8 |
|  system_i/processing_system7_0/inst/FCLK_CLK0 | system_i/processing_system7_0_axi_periph/s00_couplers/auto_pc/inst/gen_axilite.gen_b2s_conv.axilite_b2s/WR.aw_channel_0/aw_cmd_fsm_0/O12[0]  |                                                                                                                                         |                3 |              8 |
|  system_i/processing_system7_0/inst/FCLK_CLK0 | system_i/processing_system7_0_axi_periph/s00_couplers/auto_pc/inst/gen_axilite.gen_b2s_conv.axilite_b2s/WR.b_channel_0/mhandshake_r          | system_i/processing_system7_0_axi_periph/s00_couplers/auto_pc/inst/gen_axilite.gen_b2s_conv.axilite_b2s/WR.b_channel_0/bid_fifo_0/SR[0] |                3 |              8 |
|  system_i/processing_system7_0/inst/FCLK_CLK0 |                                                                                                                                              | system_i/processing_system7_0_axi_periph/xbar/inst/gen_sasd.crossbar_sasd_0/addr_arbiter_inst/SR[0]                                     |                6 |              9 |
|  system_i/processing_system7_0/inst/FCLK_CLK0 | system_i/processing_system7_0_axi_periph/s00_couplers/auto_pc/inst/gen_axilite.gen_b2s_conv.axilite_b2s/RD.r_channel_0/r_push_r              |                                                                                                                                         |                4 |             13 |
|  system_i/processing_system7_0/inst/FCLK_CLK0 | system_i/processing_system7_0_axi_periph/s00_couplers/auto_pc/inst/gen_axilite.gen_b2s_conv.axilite_b2s/SI_REG/b_pipe/O2                     |                                                                                                                                         |                3 |             14 |
|  system_i/processing_system7_0/inst/FCLK_CLK0 | system_i/processing_system7_0_axi_periph/s00_couplers/auto_pc/inst/gen_axilite.gen_b2s_conv.axilite_b2s/SI_REG/b_pipe/p_1_in                 |                                                                                                                                         |                4 |             14 |
|  system_i/processing_system7_0/inst/FCLK_CLK0 | system_i/processing_system7_0_axi_periph/s00_couplers/auto_pc/inst/gen_axilite.gen_b2s_conv.axilite_b2s/WR.aw_channel_0/aw_cmd_fsm_0/O2      |                                                                                                                                         |                4 |             20 |
|  system_i/processing_system7_0/inst/FCLK_CLK0 | system_i/processing_system7_0_axi_periph/xbar/inst/gen_sasd.crossbar_sasd_0/addr_arbiter_inst/p_0_in1_in                                     | system_i/processing_system7_0_axi_periph/xbar/inst/gen_sasd.crossbar_sasd_0/addr_arbiter_inst/SR[0]                                     |                8 |             21 |
|  system_i/processing_system7_0/inst/FCLK_CLK0 | system_i/iosc_0/inst/iosc_U/grp_iosc_timerThread_fu_78/grp_iosc_timerThread_fu_78_iosc_timerCount_V_o_ap_vld                                 |                                                                                                                                         |                8 |             32 |
|  system_i/processing_system7_0/inst/FCLK_CLK0 | system_i/processing_system7_0_axi_periph/s00_couplers/auto_pc/inst/gen_axilite.gen_b2s_conv.axilite_b2s/RD.r_channel_0/rd_data_fifo_0/wr_en0 |                                                                                                                                         |               10 |             34 |
|  system_i/processing_system7_0/inst/FCLK_CLK0 | system_i/processing_system7_0_axi_periph/s00_couplers/auto_pc/inst/gen_axilite.gen_b2s_conv.axilite_b2s/RD.ar_channel_0/ar_cmd_fsm_0/O17[0]  |                                                                                                                                         |               12 |             44 |
|  system_i/processing_system7_0/inst/FCLK_CLK0 | system_i/processing_system7_0_axi_periph/s00_couplers/auto_pc/inst/gen_axilite.gen_b2s_conv.axilite_b2s/SI_REG/ar_pipe/O2                    |                                                                                                                                         |               10 |             44 |
|  system_i/processing_system7_0/inst/FCLK_CLK0 | system_i/processing_system7_0_axi_periph/s00_couplers/auto_pc/inst/gen_axilite.gen_b2s_conv.axilite_b2s/WR.aw_channel_0/aw_cmd_fsm_0/O15[0]  |                                                                                                                                         |                8 |             44 |
|  system_i/processing_system7_0/inst/FCLK_CLK0 | system_i/processing_system7_0_axi_periph/s00_couplers/auto_pc/inst/gen_axilite.gen_b2s_conv.axilite_b2s/SI_REG/aw_pipe/O2                    |                                                                                                                                         |                8 |             44 |
|  system_i/processing_system7_0/inst/FCLK_CLK0 | system_i/processing_system7_0_axi_periph/s00_couplers/auto_pc/inst/gen_axilite.gen_b2s_conv.axilite_b2s/SI_REG/r_pipe/O2                     |                                                                                                                                         |                9 |             47 |
|  system_i/processing_system7_0/inst/FCLK_CLK0 | system_i/processing_system7_0_axi_periph/s00_couplers/auto_pc/inst/gen_axilite.gen_b2s_conv.axilite_b2s/SI_REG/r_pipe/p_1_in                 |                                                                                                                                         |                8 |             47 |
|  system_i/processing_system7_0/inst/FCLK_CLK0 |                                                                                                                                              | system_i/processing_system7_0_axi_periph/s00_couplers/auto_pc/inst/gen_axilite.gen_b2s_conv.axilite_b2s/areset_d1                       |               19 |             73 |
|  system_i/processing_system7_0/inst/FCLK_CLK0 |                                                                                                                                              |                                                                                                                                         |               49 |            136 |
+-----------------------------------------------+----------------------------------------------------------------------------------------------------------------------------------------------+-----------------------------------------------------------------------------------------------------------------------------------------+------------------+----------------+


