#-----------------------------------------------------------
# Webtalk v2014.4 (64-bit)
# SW Build 1071353 on Tue Nov 18 17:18:21 MST 2014
# 
# Start of session at: Wed May 27 00:09:56 2015
# Process ID: 10972
# Log file: C:/Users/Kasper/Documents/GitHub/TIHSC/AI_Project/ZyboCar/ZyboCar.sdk/webtalk/webtalk.log
# Journal file: C:/Users/Kasper/Documents/GitHub/TIHSC/AI_Project/ZyboCar/ZyboCar.sdk/webtalk\webtalk.jou
#-----------------------------------------------------------
WARNING: [Common 17-204] Your XILINX environment variable is undefined. You will not be able to run Synthesis and Implementation using ISE based strategies, or import ngc netlists. Please set up your XILINX environment to get full functionality.
source sdk_webtalk.tcl
# webtalk_init -webtalk_dir C:\\Users\\Kasper\\Documents\\GitHub\\TIHSC\\AI_Project\\ZyboCar\\ZyboCar.sdk\\webtalk
# webtalk_register_client -client project
# webtalk_add_data -client project -key date_generated -value "on maj 27 00:09:53 2015" -context "software_version_and_target_device"
# webtalk_add_data -client project -key product_version -value "SDK v2014.4" -context "software_version_and_target_device"
# webtalk_add_data -client project -key build_version -value "2014.4" -context "software_version_and_target_device"
# webtalk_add_data -client project -key os_platform -value "amd64" -context "software_version_and_target_device"
# webtalk_add_data -client project -key registration_id -value "211042119_0_0_130" -context "software_version_and_target_device"
# webtalk_add_data -client project -key tool_flow -value "SDK" -context "software_version_and_target_device"
# webtalk_add_data -client project -key beta -value "false" -context "software_version_and_target_device"
# webtalk_add_data -client project -key route_design -value "NA" -context "software_version_and_target_device"
# webtalk_add_data -client project -key target_family -value "NA" -context "software_version_and_target_device"
# webtalk_add_data -client project -key target_device -value "NA" -context "software_version_and_target_device"
# webtalk_add_data -client project -key target_package -value "NA" -context "software_version_and_target_device"
# webtalk_add_data -client project -key target_speed -value "NA" -context "software_version_and_target_device"
# webtalk_add_data -client project -key random_id -value "kej91osq3murevir58flp0auve" -context "software_version_and_target_device"
# webtalk_add_data -client project -key project_id -value "2014.4_29" -context "software_version_and_target_device"
# webtalk_add_data -client project -key project_iteration -value "29" -context "software_version_and_target_device"
# webtalk_add_data -client project -key os_name -value "Microsoft Windows 8 or later , 64-bit" -context "user_environment"
# webtalk_add_data -client project -key os_release -value "major release  (build 9200)" -context "user_environment"
# webtalk_add_data -client project -key cpu_name -value "Intel(R) Core(TM) i7 CPU       Q 820  @ 1.73GHz" -context "user_environment"
# webtalk_add_data -client project -key cpu_speed -value "1729 MHz" -context "user_environment"
# webtalk_add_data -client project -key total_processors -value "1" -context "user_environment"
# webtalk_add_data -client project -key system_ram -value "8.000 GB" -context "user_environment"
# webtalk_register_client -client sdk
# webtalk_add_data -client sdk -key uid -value "1432674098910" -context "sdk\\\\bsp/1432674098910"
# webtalk_add_data -client sdk -key hwid -value "1432224082633" -context "sdk\\\\bsp/1432674098910"
# webtalk_add_data -client sdk -key os -value "standalone" -context "sdk\\\\bsp/1432674098910"
# webtalk_add_data -client sdk -key apptemplate -value "zynq_fsbl" -context "sdk\\\\bsp/1432674098910"
# webtalk_add_data -client sdk -key uid -value "1432674101380" -context "sdk\\\\application/1432674101380"
# webtalk_add_data -client sdk -key hwid -value "1432224082633" -context "sdk\\\\application/1432674101380"
# webtalk_add_data -client sdk -key bspid -value "1432674098910" -context "sdk\\\\application/1432674101380"
# webtalk_add_data -client sdk -key newbsp -value "true" -context "sdk\\\\application/1432674101380"
# webtalk_add_data -client sdk -key os -value "standalone" -context "sdk\\\\application/1432674101380"
# webtalk_add_data -client sdk -key apptemplate -value "zynq_fsbl" -context "sdk\\\\application/1432674101380"
# webtalk_add_data -client sdk -key uid -value "1432674742320" -context "sdk\\\\application/1432674742320"
# webtalk_add_data -client sdk -key hwid -value "1432224082633" -context "sdk\\\\application/1432674742320"
# webtalk_add_data -client sdk -key bspid -value "1432224094821" -context "sdk\\\\application/1432674742320"
# webtalk_add_data -client sdk -key newbsp -value "false" -context "sdk\\\\application/1432674742320"
# webtalk_add_data -client sdk -key os -value "standalone" -context "sdk\\\\application/1432674742320"
# webtalk_add_data -client sdk -key apptemplate -value "zynq_fsbl" -context "sdk\\\\application/1432674742320"
# webtalk_transmit -clientid 2945502567 -regid "211042119_0_0_130" -xml C:\\Users\\Kasper\\Documents\\GitHub\\TIHSC\\AI_Project\\ZyboCar\\ZyboCar.sdk\\webtalk\\usage_statistics_ext_sdk.xml -html C:\\Users\\Kasper\\Documents\\GitHub\\TIHSC\\AI_Project\\ZyboCar\\ZyboCar.sdk\\webtalk\\usage_statistics_ext_sdk.html -wdm C:\\Users\\Kasper\\Documents\\GitHub\\TIHSC\\AI_Project\\ZyboCar\\ZyboCar.sdk\\webtalk\\sdk_webtalk.wdm -intro "<H3>SDK Usage Report</H3><BR>"

    while executing
"webtalk_transmit -clientid 2945502567 -regid "211042119_0_0_130" -xml C:\\Users\\Kasper\\Documents\\GitHub\\TIHSC\\AI_Project\\ZyboCar\\ZyboCar.sdk\\w..."
    (file "sdk_webtalk.tcl" line 41)
INFO: [Common 17-206] Exiting Webtalk at Wed May 27 00:09:56 2015...
