15:01:48 INFO  : Processing command line option -hwspec C:/Users/Kasper/Documents/GitHub/TIHSC/Exercise3/exercise3/exercise3.sdk/system_wrapper.hdf.
15:01:55 INFO  : Launching XSDB server: xsdb.bat -s C:/Xilinx/SDK/2014.4/scripts/xsdb/xsdb/xsdb-server.tcl 2450
15:03:20 INFO  : BSP Project P/standalone_bsp_0 has been successfully migrated.
15:31:13 INFO  : FPGA configured successfully with bitstream "C:/Users/Kasper/Documents/GitHub/TIHSC/Exercise3/exercise3/exercise3.sdk/system_wrapper_hw_platform_0/system_wrapper.bit"
15:32:49 INFO  : ps7_init is completed.
15:32:49 INFO  : ps7_post_config is completed.
15:32:50 INFO  : Processor reset is completed for ps7_cortexa9_0
15:37:06 INFO  : Processor reset is completed for ps7_cortexa9_0
15:37:40 INFO  : ps7_cortexa9_0 Processor is in use. Please stop existing Run or Debug sessions before launching.
15:37:44 INFO  : Processor reset is completed for ps7_cortexa9_0
15:40:38 INFO  : ps7_cortexa9_0 Processor is in use. Please stop existing Run or Debug sessions before launching.
15:40:40 INFO  : Processor reset is completed for ps7_cortexa9_0
15:47:49 INFO  : ps7_cortexa9_0 Processor is in use. Please stop existing Run or Debug sessions before launching.
15:47:51 INFO  : Processor reset is completed for ps7_cortexa9_0
16:00:40 ERROR : Unexpected error while parsing XMD response ?: com.google.gson.JsonSyntaxException: com.google.gson.stream.MalformedJsonException: invalid number or unquoted string near 
12:43:19 INFO  : Processing command line option -hwspec C:/Users/Kasper/Documents/GitHub/TIHSC/Exercise4/exercise4/exercise4.sdk/system_wrapper.hdf.
12:43:21 INFO  : Launching XSDB server: xsdb.bat -s C:/Xilinx/SDK/2014.4/scripts/xsdb/xsdb/xsdb-server.tcl 2450
12:45:14 WARN  :  [Hsi 55-1559] Software Design already exists with Name C:\Users\Kasper\Documents\GitHub\TIHSC\Exercise3\exercise3\exercise3.sdk\standalone_bsp_0\system.mss
12:45:14 WARN  :  [Hsi 55-1559] Software Design already exists with Name C:\Users\Kasper\Documents\GitHub\TIHSC\Exercise3\exercise3\exercise3.sdk\standalone_bsp_0\system.mss
12:45:14 WARN  :  [Hsi 55-1559] Software Design already exists with Name C:\Users\Kasper\Documents\GitHub\TIHSC\Exercise3\exercise3\exercise3.sdk\standalone_bsp_0\system.mss
 [Hsi 55-1559] Software Design already exists with Name C:\Users\Kasper\Documents\GitHub\TIHSC\Exercise3\exercise3\exercise3.sdk\standalone_bsp_0\system.mss
12:46:34 INFO  : Processing command line option -hwspec C:/Users/Kasper/Documents/GitHub/TIHSC/Exercise4/exercise4/exercise4.sdk/system_wrapper.hdf.
12:46:36 INFO  : Launching XSDB server: xsdb.bat -s C:/Xilinx/SDK/2014.4/scripts/xsdb/xsdb/xsdb-server.tcl 2450
12:49:36 INFO  : Processing command line option -hwspec C:/Users/Kasper/Documents/GitHub/TIHSC/Exercise4/exercise4/exercise4.sdk/system_wrapper.hdf.
12:49:38 INFO  : Launching XSDB server: xsdb.bat -s C:/Xilinx/SDK/2014.4/scripts/xsdb/xsdb/xsdb-server.tcl 2450
12:50:23 INFO  : BSP Project P/standalone_exercise4_bsp has been successfully migrated.
13:36:15 INFO  : FPGA configured successfully with bitstream "C:/Users/Kasper/Documents/GitHub/TIHSC/Exercise4/exercise4/exercise4.sdk/system_wrapper_hw_platform_2/system_wrapper.bit"
13:37:08 INFO  : ps7_init is completed.
13:37:08 INFO  : ps7_post_config is completed.
13:37:09 INFO  : Processor reset is completed for ps7_cortexa9_0
13:38:23 INFO  : Processor reset is completed for ps7_cortexa9_0
13:51:43 INFO  : Processor reset is completed for ps7_cortexa9_0
13:52:27 INFO  : Processor reset is completed for ps7_cortexa9_0
13:54:12 INFO  : Processor reset is completed for ps7_cortexa9_0
13:57:01 INFO  : Processor reset is completed for ps7_cortexa9_0
14:01:20 INFO  : Processor reset is completed for ps7_cortexa9_0
14:09:34 INFO  : Processor reset is completed for ps7_cortexa9_0
14:11:33 INFO  : Processor reset is completed for ps7_cortexa9_0
14:12:05 INFO  : Processor reset is completed for ps7_cortexa9_0
14:13:30 INFO  : Processor reset is completed for ps7_cortexa9_0
14:18:23 INFO  : Processor reset is completed for ps7_cortexa9_0
14:19:48 INFO  : Processor reset is completed for ps7_cortexa9_0
14:21:01 INFO  : Processor reset is completed for ps7_cortexa9_0
14:21:35 INFO  : Processor reset is completed for ps7_cortexa9_0
15:32:55 INFO  : Processing command line option -hwspec C:/Users/Kasper/Documents/GitHub/TIHSC/Exercise5/exercise5/exercise5.sdk/system_wrapper.hdf.
15:32:57 INFO  : Launching XSDB server: xsdb.bat -s C:/Xilinx/SDK/2014.4/scripts/xsdb/xsdb/xsdb-server.tcl 2450
15:33:37 WARN  :  [Hsi 55-1559] Software Design already exists with Name C:\Users\Kasper\Documents\GitHub\TIHSC\Exercise4\exercise4\exercise4.sdk\standalone_exercise4_bsp\system.mss
15:33:37 WARN  :  [Hsi 55-1559] Software Design already exists with Name C:\Users\Kasper\Documents\GitHub\TIHSC\Exercise4\exercise4\exercise4.sdk\standalone_exercise4_bsp\system.mss
15:33:37 WARN  :  [Hsi 55-1559] Software Design already exists with Name C:\Users\Kasper\Documents\GitHub\TIHSC\Exercise4\exercise4\exercise4.sdk\standalone_exercise4_bsp\system.mss
 [Hsi 55-1559] Software Design already exists with Name C:\Users\Kasper\Documents\GitHub\TIHSC\Exercise4\exercise4\exercise4.sdk\standalone_exercise4_bsp\system.mss
15:35:15 INFO  : Processing command line option -hwspec C:/Users/Kasper/Documents/GitHub/TIHSC/Exercise5/exercise5/exercise5.sdk/system_wrapper.hdf.
15:35:17 INFO  : Launching XSDB server: xsdb.bat -s C:/Xilinx/SDK/2014.4/scripts/xsdb/xsdb/xsdb-server.tcl 2450
15:35:41 INFO  : BSP Project P/exerise5_bsp_0 has been successfully migrated.
15:57:52 INFO  : FPGA configured successfully with bitstream "C:/Users/Kasper/Documents/GitHub/TIHSC/Exercise5/exercise5/exercise5.sdk/system_wrapper_hw_platform_0/system_wrapper.bit"
15:58:41 INFO  : ps7_init is completed.
15:58:41 INFO  : ps7_post_config is completed.
15:58:42 INFO  : Processor reset is completed for ps7_cortexa9_0
15:59:11 INFO  : Processor reset is completed for ps7_cortexa9_0
15:59:31 INFO  : Processor reset is completed for ps7_cortexa9_0
15:59:46 INFO  : Processor reset is completed for ps7_cortexa9_0
10:40:09 ERROR : Unexpected error while parsing XMD response ?: com.google.gson.JsonSyntaxException: com.google.gson.stream.MalformedJsonException: invalid number or unquoted string near 
22:47:10 INFO  : Processing command line option -hwspec C:/Users/Kasper/Documents/GitHub/TIHSC/Exercise2/Exercise5/exercise5/exercise5.sdk/system_wrapper.hdf.
22:47:13 INFO  : Launching XSDB server: xsdb.bat -s C:/Xilinx/SDK/2014.4/scripts/xsdb/xsdb/xsdb-server.tcl 2450
22:47:18 WARN  :  [Hsi 55-1607] Software Repository Paths c:/Users/Kasper/Documents/GitHub/TIHSC/lab3/lab_ip/ip_repo/led_ip_1.0 and C:/Users/Kasper/Documents/GitHub/TIHSC/Exercise2/Exercise5/exercise5/exercise5.sdk/system_wrapper_hw_platform_1/../../../../../../../lab3/lab_ip/ip_repo/led_ip_1.0 do not exist or not accessible
 [Hsi 55-1607] Software Repository Paths c:/Users/Kasper/Documents/GitHub/TIHSC/Exercise5/ip_repo/matrix_ip_1.0 and C:/Users/Kasper/Documents/GitHub/TIHSC/Exercise2/Exercise5/exercise5/exercise5.sdk/system_wrapper_hw_platform_1/../../../../../../ip_repo/matrix_ip_1.0 do not exist or not accessible
22:47:35 ERROR :  [Hsi 55-1594] Core led_ip of version 1.0 not found in repositories
 [Hsi 55-1594] Core matrix_ip of version 1.0 not found in repositories
22:47:35 ERROR :  [Hsi 55-1594] Core led_ip of version 1.0 not found in repositories
 [Hsi 55-1594] Core matrix_ip of version 1.0 not found in repositories
 [Hsi 55-1594] Core led_ip of version 1.0 not found in repositories
 [Hsi 55-1594] Core matrix_ip of version 1.0 not found in repositories
 [Hsi 55-1594] Core led_ip of version 1.0 not found in repositories
 [Hsi 55-1594] Core matrix_ip of version 1.0 not found in repositories
 [Hsi 55-1594] Core  of version  not found in repositories
22:47:35 ERROR :  [Hsi 55-1430] Driver Name is empty
22:47:35 ERROR :  [Hsi 55-1594] Core led_ip of version 1.0 not found in repositories
 [Hsi 55-1594] Core matrix_ip of version 1.0 not found in repositories
22:47:35 ERROR :  [Hsi 55-1594] Core led_ip of version 1.0 not found in repositories
 [Hsi 55-1594] Core matrix_ip of version 1.0 not found in repositories
 [Hsi 55-1594] Core led_ip of version 1.0 not found in repositories
 [Hsi 55-1594] Core matrix_ip of version 1.0 not found in repositories
 [Hsi 55-1594] Core led_ip of version 1.0 not found in repositories
 [Hsi 55-1594] Core matrix_ip of version 1.0 not found in repositories
 [Hsi 55-1594] Core led_ip of version 1.0 not found in repositories
 [Hsi 55-1594] Core matrix_ip of version 1.0 not found in repositories
22:47:46 ERROR : Checking FPGA configuration failed..Connection to Board Failed


    Unknown Error Occured
    Cable is not connected to the host

22:47:46 ERROR : Unexpected error while launching program.
com.xilinx.sdk.targetmanager.TMException: Connection to Board Failed


    Unknown Error Occured
    Cable is not connected to the host

	at com.xilinx.sdk.targetmanager.internal.TM.isFPGAConfigured(TM.java:372)
	at com.xilinx.sdk.debug.core.XilinxAppLaunchConfigurationDelegate.isFpgaConfigured(XilinxAppLaunchConfigurationDelegate.java:378)
	at com.xilinx.sdk.debug.core.XilinxAppLaunchConfigurationDelegate.launch(XilinxAppLaunchConfigurationDelegate.java:287)
	at com.xilinx.sdk.debug.ui.XilinxAppLaunchDelegateWrapper.launch(XilinxAppLaunchDelegateWrapper.java:31)
	at org.eclipse.debug.internal.core.LaunchConfiguration.launch(LaunchConfiguration.java:858)
	at org.eclipse.debug.internal.core.LaunchConfiguration.launch(LaunchConfiguration.java:707)
	at org.eclipse.debug.internal.ui.DebugUIPlugin.buildAndLaunch(DebugUIPlugin.java:1018)
	at org.eclipse.debug.internal.ui.DebugUIPlugin$8.run(DebugUIPlugin.java:1222)
	at org.eclipse.core.internal.jobs.Worker.run(Worker.java:53)
22:48:26 INFO  : FPGA configured successfully with bitstream "C:/Users/Kasper/Documents/GitHub/TIHSC/Exercise2/Exercise5/exercise5/exercise5.sdk/system_wrapper_hw_platform_1/system_wrapper.bit"
22:48:27 ERROR :  [Hsi 55-1594] Core led_ip of version 1.0 not found in repositories
 [Hsi 55-1594] Core matrix_ip of version 1.0 not found in repositories
22:48:27 ERROR :  [Hsi 55-1594] Core led_ip of version 1.0 not found in repositories
 [Hsi 55-1594] Core matrix_ip of version 1.0 not found in repositories
 [Hsi 55-1594] Core led_ip of version 1.0 not found in repositories
 [Hsi 55-1594] Core matrix_ip of version 1.0 not found in repositories
 [Hsi 55-1594] Core led_ip of version 1.0 not found in repositories
 [Hsi 55-1594] Core matrix_ip of version 1.0 not found in repositories
 [Hsi 55-1430] Driver Name is empty
22:48:27 ERROR :  [Hsi 55-1594] Core led_ip of version 1.0 not found in repositories
 [Hsi 55-1594] Core matrix_ip of version 1.0 not found in repositories
 [Hsi 55-1594] Core led_ip of version 1.0 not found in repositories
 [Hsi 55-1594] Core matrix_ip of version 1.0 not found in repositories
 [Hsi 55-1546] Processor Instance  doesn't exist in Xml/HwDb
22:48:29 ERROR :  [Hsi 55-1594] Core led_ip of version 1.0 not found in repositories
 [Hsi 55-1594] Core matrix_ip of version 1.0 not found in repositories
22:48:39 ERROR :  [Hsi 55-1594] Core led_ip of version 1.0 not found in repositories
 [Hsi 55-1594] Core matrix_ip of version 1.0 not found in repositories
 [Hsi 55-1594] Core led_ip of version 1.0 not found in repositories
 [Hsi 55-1594] Core matrix_ip of version 1.0 not found in repositories
 [Hsi 55-1594] Core led_ip of version 1.0 not found in repositories
 [Hsi 55-1594] Core matrix_ip of version 1.0 not found in repositories
22:48:54 INFO  : ps7_init is completed.
22:48:55 INFO  : ps7_post_config is completed.
22:48:56 INFO  : Processor reset is completed for ps7_cortexa9_0
22:49:15 INFO  : Processor reset is completed for ps7_cortexa9_0
22:50:59 INFO  : Processor reset is completed for ps7_cortexa9_0
22:52:12 INFO  : Processor reset is completed for ps7_cortexa9_0
22:53:19 INFO  : Processor reset is completed for ps7_cortexa9_0
22:53:53 INFO  : Processor reset is completed for ps7_cortexa9_0
22:54:17 INFO  : Processor reset is completed for ps7_cortexa9_0
22:55:00 INFO  : Processor reset is completed for ps7_cortexa9_0
22:55:25 INFO  : Processor reset is completed for ps7_cortexa9_0
22:55:43 INFO  : Processor reset is completed for ps7_cortexa9_0
22:56:08 INFO  : Processor reset is completed for ps7_cortexa9_0
22:58:21 INFO  : Processor reset is completed for ps7_cortexa9_0
22:58:53 INFO  : Processor reset is completed for ps7_cortexa9_0
22:59:02 ERROR :  [Hsi 55-1594] Core led_ip of version 1.0 not found in repositories
 [Hsi 55-1594] Core matrix_ip of version 1.0 not found in repositories
22:59:02 ERROR :  [Hsi 55-1594] Core led_ip of version 1.0 not found in repositories
 [Hsi 55-1594] Core matrix_ip of version 1.0 not found in repositories
 [Hsi 55-1594] Core led_ip of version 1.0 not found in repositories
 [Hsi 55-1594] Core matrix_ip of version 1.0 not found in repositories
 [Hsi 55-1594] Core led_ip of version 1.0 not found in repositories
 [Hsi 55-1594] Core matrix_ip of version 1.0 not found in repositories
 [Hsi 55-1464] Hardware instance  not found in the design
22:59:10 ERROR :  [Hsi 55-1594] Core led_ip of version 1.0 not found in repositories
 [Hsi 55-1594] Core matrix_ip of version 1.0 not found in repositories
22:59:53 ERROR :  [Hsi 55-1594] Core led_ip of version 1.0 not found in repositories
 [Hsi 55-1594] Core matrix_ip of version 1.0 not found in repositories
 [Hsi 55-1594] Core led_ip of version 1.0 not found in repositories
 [Hsi 55-1594] Core matrix_ip of version 1.0 not found in repositories
 [Hsi 55-1594] Core led_ip of version 1.0 not found in repositories
 [Hsi 55-1594] Core matrix_ip of version 1.0 not found in repositories
22:59:57 ERROR : Unexpected error while launching program.
java.lang.RuntimeException: The program file specified in the launch configuration does not exist
	at com.xilinx.sdk.debug.core.XilinxAppLaunchConfigurationDelegate.runApplication(XilinxAppLaunchConfigurationDelegate.java:548)
	at com.xilinx.sdk.debug.core.XilinxAppLaunchConfigurationDelegate.launch(XilinxAppLaunchConfigurationDelegate.java:293)
	at com.xilinx.sdk.debug.ui.XilinxAppLaunchDelegateWrapper.launch(XilinxAppLaunchDelegateWrapper.java:31)
	at org.eclipse.debug.internal.core.LaunchConfiguration.launch(LaunchConfiguration.java:858)
	at org.eclipse.debug.internal.core.LaunchConfiguration.launch(LaunchConfiguration.java:707)
	at org.eclipse.debug.internal.ui.DebugUIPlugin.buildAndLaunch(DebugUIPlugin.java:1018)
	at org.eclipse.debug.internal.ui.DebugUIPlugin$8.run(DebugUIPlugin.java:1222)
	at org.eclipse.core.internal.jobs.Worker.run(Worker.java:53)
23:00:09 ERROR : Unexpected error while launching program.
java.lang.RuntimeException: The program file specified in the launch configuration does not exist
	at com.xilinx.sdk.debug.core.XilinxAppLaunchConfigurationDelegate.runApplication(XilinxAppLaunchConfigurationDelegate.java:548)
	at com.xilinx.sdk.debug.core.XilinxAppLaunchConfigurationDelegate.launch(XilinxAppLaunchConfigurationDelegate.java:293)
	at com.xilinx.sdk.debug.ui.XilinxAppLaunchDelegateWrapper.launch(XilinxAppLaunchDelegateWrapper.java:31)
	at org.eclipse.debug.internal.core.LaunchConfiguration.launch(LaunchConfiguration.java:858)
	at org.eclipse.debug.internal.core.LaunchConfiguration.launch(LaunchConfiguration.java:707)
	at org.eclipse.debug.internal.ui.DebugUIPlugin.buildAndLaunch(DebugUIPlugin.java:1018)
	at org.eclipse.debug.internal.ui.DebugUIPlugin$8.run(DebugUIPlugin.java:1222)
	at org.eclipse.core.internal.jobs.Worker.run(Worker.java:53)
23:00:15 ERROR :  [Hsi 55-1594] Core led_ip of version 1.0 not found in repositories
 [Hsi 55-1594] Core matrix_ip of version 1.0 not found in repositories
23:00:30 ERROR :  [Hsi 55-1594] Core led_ip of version 1.0 not found in repositories
 [Hsi 55-1594] Core matrix_ip of version 1.0 not found in repositories
 [Hsi 55-1594] Core led_ip of version 1.0 not found in repositories
 [Hsi 55-1594] Core matrix_ip of version 1.0 not found in repositories
 [Hsi 55-1594] Core led_ip of version 1.0 not found in repositories
 [Hsi 55-1594] Core matrix_ip of version 1.0 not found in repositories
23:00:36 INFO  : Processor reset is completed for ps7_cortexa9_0
23:01:12 INFO  : Processor reset is completed for ps7_cortexa9_0
23:02:20 INFO  : Processor reset is completed for ps7_cortexa9_0
23:02:30 INFO  : Processor reset is completed for ps7_cortexa9_0
