

================================================================
== Vivado HLS Report for 'MotorCtrl_pwmThread'
================================================================
* Date:           Wed May 20 15:18:45 2015

* Version:        2014.4 (Build 1071461 on Tue Nov 18 16:42:57 PM 2014)
* Project:        MotorControl
* Solution:       solution1
* Product family: zynq
* Target device:  xc7z010clg400-1


================================================================
== Performance Estimates
================================================================
+ Timing (ns): 
    * Summary: 
    +---------+-------+----------+------------+
    |  Clock  | Target| Estimated| Uncertainty|
    +---------+-------+----------+------------+
    |default  |   8.00|      2.07|        1.00|
    +---------+-------+----------+------------+

+ Latency (clock cycles): 
    * Summary: 
    +-----+-----+-----+-----+---------+
    |  Latency  |  Interval | Pipeline|
    | min | max | min | max |   Type  |
    +-----+-----+-----+-----+---------+
    |    4|    4|    4|    4|   none  |
    +-----+-----+-----+-----+---------+

    + Detail: 
        * Instance: 
        N/A

        * Loop: 
        +----------+-----+-----+----------+-----------+-----------+------+----------+
        |          |  Latency  | Iteration|  Initiation Interval  | Trip |          |
        | Loop Name| min | max |  Latency |  achieved |   target  | Count| Pipelined|
        +----------+-----+-----+----------+-----------+-----------+------+----------+
        |- Loop 1  |    2|    2|         2|          -|          -|  inf |    no    |
        +----------+-----+-----+----------+-----------+-----------+------+----------+



================================================================
== Utilization Estimates
================================================================
* Summary: 
+-----------------+---------+-------+-------+-------+
|       Name      | BRAM_18K| DSP48E|   FF  |  LUT  |
+-----------------+---------+-------+-------+-------+
|Expression       |        -|      -|      0|     27|
|FIFO             |        -|      -|      -|      -|
|Instance         |        -|      -|      -|      -|
|Memory           |        -|      -|      -|      -|
|Multiplexer      |        -|      -|      -|      3|
|Register         |        -|      -|     14|      -|
+-----------------+---------+-------+-------+-------+
|Total            |        0|      0|     14|     30|
+-----------------+---------+-------+-------+-------+
|Available        |      120|     80|  35200|  17600|
+-----------------+---------+-------+-------+-------+
|Utilization (%)  |        0|      0|   ~0  |   ~0  |
+-----------------+---------+-------+-------+-------+

+ Detail: 
    * Instance: 
    N/A

    * Memory: 
    N/A

    * FIFO: 
    N/A

    * Expression: 
    +-----------------+----------+-------+---+----+------------+------------+
    |  Variable Name  | Operation| DSP48E| FF| LUT| Bitwidth P0| Bitwidth P1|
    +-----------------+----------+-------+---+----+------------+------------+
    |ap_sig_bdd_49    |    and   |      0|  0|   1|           1|           1|
    |tmp_2_fu_166_p2  |   icmp   |      0|  0|  13|          11|          11|
    |tmp_4_fu_176_p2  |   icmp   |      0|  0|  13|          11|          11|
    +-----------------+----------+-------+---+----+------------+------------+
    |Total            |          |      0|  0|  27|          23|          23|
    +-----------------+----------+-------+---+----+------------+------------+

    * Multiplexer: 
    +-----------+----+-----------+-----+-----------+
    |    Name   | LUT| Input Size| Bits| Total Bits|
    +-----------+----+-----------+-----+-----------+
    |EN1        |   1|          3|    1|          3|
    |EN2        |   1|          3|    1|          3|
    |ap_NS_fsm  |   1|          4|    1|          4|
    +-----------+----+-----------+-----+-----------+
    |Total      |   3|         10|    3|         10|
    +-----------+----+-----------+-----+-----------+

    * Register: 
    +---------------+----+----+-----+-----------+
    |      Name     | FF | LUT| Bits| Const Bits|
    +---------------+----+----+-----+-----------+
    |ap_CS_fsm      |   4|   0|    4|          0|
    |val_V_reg_186  |  10|   0|   10|          0|
    +---------------+----+----+-----+-----------+
    |Total          |  14|   0|   14|          0|
    +---------------+----+----+-----+-----------+



================================================================
== Interface
================================================================
* Summary: 
+----------------------+-----+-----+------------+-------------------------------------------+--------------+
|       RTL Ports      | Dir | Bits|  Protocol  |               Source Object               |    C Type    |
+----------------------+-----+-----+------------+-------------------------------------------+--------------+
|ap_clk                |  in |    1| ap_ctrl_hs | MotorCtrl::MotorCtrl_MotorCtrl::pwmThread | return value |
|ap_rst                |  in |    1| ap_ctrl_hs | MotorCtrl::MotorCtrl_MotorCtrl::pwmThread | return value |
|pwmR                  |  in |   10|   ap_none  |                    pwmR                   |    pointer   |
|Direction             |  in |    1|   ap_none  |                 Direction                 |    pointer   |
|EN1                   | out |    1|   ap_vld   |                    EN1                    |    pointer   |
|EN1_ap_vld            | out |    1|   ap_vld   |                    EN1                    |    pointer   |
|EN2                   | out |    1|   ap_vld   |                    EN2                    |    pointer   |
|EN2_ap_vld            | out |    1|   ap_vld   |                    EN2                    |    pointer   |
|DIR1                  | out |    1|   ap_vld   |                    DIR1                   |    pointer   |
|DIR1_ap_vld           | out |    1|   ap_vld   |                    DIR1                   |    pointer   |
|DIR2                  | out |    1|   ap_vld   |                    DIR2                   |    pointer   |
|DIR2_ap_vld           | out |    1|   ap_vld   |                    DIR2                   |    pointer   |
|MotorCtrl_pwmCount_V  |  in |   10|   ap_none  |            MotorCtrl_pwmCount_V           |    pointer   |
|MotorCtrl_pwmClock_V  |  in |    1|   ap_none  |            MotorCtrl_pwmClock_V           |    pointer   |
+----------------------+-----+-----+------------+-------------------------------------------+--------------+

