

================================================================
== Vivado HLS Report for 'yuv_filter_rgb2yuv'
================================================================
* Date:           Fri May 08 12:54:54 2015

* Version:        2014.4 (Build 1071461 on Tue Nov 18 16:42:57 PM 2014)
* Project:        yuv_filter.prj
* Solution:       solution2
* Product family: zynq
* Target device:  xc7z010clg400-1


================================================================
== Performance Estimates
================================================================
+ Timing (ns): 
    * Summary: 
    +---------+-------+----------+------------+
    |  Clock  | Target| Estimated| Uncertainty|
    +---------+-------+----------+------------+
    |default  |   8.00|      6.38|        1.00|
    +---------+-------+----------+------------+

+ Latency (clock cycles): 
    * Summary: 
    +-------+---------+-------+---------+---------+
    |     Latency     |     Interval    | Pipeline|
    |  min  |   max   |  min  |   max   |   Type  |
    +-------+---------+-------+---------+---------+
    |  40007|  2457607|  40007|  2457607|   none  |
    +-------+---------+-------+---------+---------+

    + Detail: 
        * Instance: 
        N/A

        * Loop: 
        +---------------------------------+-------+---------+----------+-----------+-----------+-----------------+----------+
        |                                 |     Latency     | Iteration|  Initiation Interval  |       Trip      |          |
        |            Loop Name            |  min  |   max   |  Latency |  achieved |   target  |      Count      | Pipelined|
        +---------------------------------+-------+---------+----------+-----------+-----------+-----------------+----------+
        |- RGB2YUV_LOOP_X_RGB2YUV_LOOP_Y  |  40005|  2457605|         7|          1|          1| 40000 ~ 2457600 |    yes   |
        +---------------------------------+-------+---------+----------+-----------+-----------+-----------------+----------+



================================================================
== Utilization Estimates
================================================================
* Summary: 
+-----------------+---------+-------+-------+-------+
|       Name      | BRAM_18K| DSP48E|   FF  |  LUT  |
+-----------------+---------+-------+-------+-------+
|Expression       |        -|      6|      0|    360|
|FIFO             |        -|      -|      -|      -|
|Instance         |        -|      -|      -|      -|
|Memory           |        -|      -|      -|      -|
|Multiplexer      |        -|      -|      -|     82|
|Register         |        -|      -|    344|     28|
+-----------------+---------+-------+-------+-------+
|Total            |        0|      6|    344|    470|
+-----------------+---------+-------+-------+-------+
|Available        |      120|     80|  35200|  17600|
+-----------------+---------+-------+-------+-------+
|Utilization (%)  |        0|      7|   ~0  |      2|
+-----------------+---------+-------+-------+-------+

+ Detail: 
    * Instance: 
    N/A

    * Memory: 
    N/A

    * FIFO: 
    N/A

    * Expression: 
    +-------------------------------+----------+-------+---+----+------------+------------+
    |         Variable Name         | Operation| DSP48E| FF| LUT| Bitwidth P0| Bitwidth P1|
    +-------------------------------+----------+-------+---+----+------------+------------+
    |bound_fu_230_p2                |     *    |      1|  0|   0|          16|          16|
    |tmp_11_fu_368_p2               |     *    |      1|  0|   0|           8|           7|
    |tmp_12_fu_484_p2               |     *    |      1|  0|   0|           8|           8|
    |tmp_6_fu_437_p2                |     *    |      1|  0|   0|           8|           7|
    |tmp_7_fu_362_p2                |     *    |      1|  0|   0|           8|           8|
    |tmp_8_fu_336_p2                |     *    |      1|  0|   0|           8|           5|
    |indvar_flatten_next_fu_241_p2  |     +    |      0|  0|  32|          32|           1|
    |out_channels_ch1_d0            |     +    |      0|  0|   8|           8|           5|
    |p_addr1_fu_311_p2              |     +    |      0|  0|  13|          27|          27|
    |p_addr_fu_305_p2               |     +    |      0|  0|  13|          27|          27|
    |tmp1_fu_416_p2                 |     +    |      0|  0|  13|          16|          16|
    |tmp2_fu_410_p2                 |     +    |      0|  0|  16|          16|          16|
    |tmp4_fu_342_p2                 |     +    |      0|  0|   9|           9|           8|
    |tmp6_fu_533_p2                 |     +    |      0|  0|  13|          16|           8|
    |tmp8_fu_521_p2                 |     +    |      0|  0|  13|          14|           8|
    |tmp_14_fu_556_p2               |     +    |      0|  0|  16|          16|          16|
    |tmp_1_fu_422_p2                |     +    |      0|  0|  13|          16|          16|
    |tmp_s_fu_538_p2                |     +    |      0|  0|  13|          16|          16|
    |x_s_fu_260_p2                  |     +    |      0|  0|  16|          16|           1|
    |y_1_fu_274_p2                  |     +    |      0|  0|  16|          16|           1|
    |p_neg_fu_489_p2                |     -    |      0|  0|  13|           1|          13|
    |tmp_13_fu_510_p2               |     -    |      0|  0|  13|          14|          14|
    |tmp_9_fu_473_p2                |     -    |      0|  0|  16|          16|          16|
    |x_mid2_fu_266_p3               |  Select  |      0|  0|  16|           1|          16|
    |y_mid2_fu_252_p3               |  Select  |      0|  0|  16|           1|           1|
    |exitcond_flatten_fu_236_p2     |   icmp   |      0|  0|  40|          32|          32|
    |exitcond_fu_247_p2             |   icmp   |      0|  0|  20|          16|          16|
    |out_channels_ch2_d0            |    xor   |      0|  0|   9|           8|           9|
    |out_channels_ch3_d0            |    xor   |      0|  0|   9|           8|           9|
    +-------------------------------+----------+-------+---+----+------------+------------+
    |Total                          |          |      6|  0| 360|         398|         343|
    +-------------------------------+----------+-------+---+----+------------+------------+

    * Multiplexer: 
    +------------------------+----+-----------+-----+-----------+
    |          Name          | LUT| Input Size| Bits| Total Bits|
    +------------------------+----+-----------+-----+-----------+
    |ap_NS_fsm               |   1|          4|    1|          4|
    |ap_reg_ppiten_pp0_it6   |   1|          2|    1|          2|
    |indvar_flatten_reg_188  |  32|          2|   32|         64|
    |x_phi_fu_203_p4         |  16|          2|   16|         32|
    |x_reg_199               |  16|          2|   16|         32|
    |y_reg_210               |  16|          2|   16|         32|
    +------------------------+----+-----------+-----+-----------+
    |Total                   |  82|         14|   82|        166|
    +------------------------+----+-----------+-----+-----------+

    * Register: 
    +--------------------------------+----+----+-----+-----------+
    |              Name              | FF | LUT| Bits| Const Bits|
    +--------------------------------+----+----+-----+-----------+
    |B_reg_672                       |   8|   0|    8|          0|
    |G_reg_665                       |   8|   0|    8|          0|
    |R_reg_657                       |   8|   0|    8|          0|
    |ap_CS_fsm                       |   3|   0|    3|          0|
    |ap_reg_ppiten_pp0_it0           |   1|   0|    1|          0|
    |ap_reg_ppiten_pp0_it1           |   1|   0|    1|          0|
    |ap_reg_ppiten_pp0_it2           |   1|   0|    1|          0|
    |ap_reg_ppiten_pp0_it3           |   1|   0|    1|          0|
    |ap_reg_ppiten_pp0_it4           |   1|   0|    1|          0|
    |ap_reg_ppiten_pp0_it5           |   1|   0|    1|          0|
    |ap_reg_ppiten_pp0_it6           |   1|   0|    1|          0|
    |ap_reg_ppstg_B_reg_672_pp0_it3  |   8|   0|    8|          0|
    |ap_reg_ppstg_G_reg_665_pp0_it3  |   8|   0|    8|          0|
    |ap_reg_ppstg_R_reg_657_pp0_it3  |   8|   0|    8|          0|
    |bound_reg_604                   |  32|   0|   32|          0|
    |exitcond_flatten_reg_609        |   1|   0|    1|          0|
    |indvar_flatten_reg_188          |  32|   0|   32|          0|
    |tmp3_cast_reg_685               |  13|   0|   16|          3|
    |tmp5_reg_710                    |  15|   0|   16|          1|
    |tmp7_reg_715                    |  15|   0|   16|          1|
    |tmp8_reg_720                    |  13|   0|   14|          1|
    |tmp_10_reg_725                  |   8|   0|    8|          0|
    |tmp_11_reg_695                  |  15|   0|   16|          1|
    |tmp_15_reg_730                  |   8|   0|    8|          0|
    |tmp_4_reg_635                   |  27|   0|   64|         37|
    |tmp_5_cast2_reg_680             |   8|   0|   16|          8|
    |tmp_5_reg_700                   |   8|   0|    8|          0|
    |tmp_7_reg_690                   |  15|   0|   16|          1|
    |tmp_9_reg_705                   |  12|   0|   16|          4|
    |x_mid2_reg_623                  |  16|   0|   16|          0|
    |x_reg_199                       |  16|   0|   16|          0|
    |y_mid2_reg_618                  |  16|   0|   16|          0|
    |y_reg_210                       |  16|   0|   16|          0|
    |exitcond_flatten_reg_609        |   0|   1|    1|          0|
    |tmp_4_reg_635                   |   0|  27|   64|         37|
    +--------------------------------+----+----+-----+-----------+
    |Total                           | 344|  28|  466|         94|
    +--------------------------------+----+----+-----+-----------+



================================================================
== Interface
================================================================
* Summary: 
+---------------------------+-----+-----+------------+--------------------+--------------+
|         RTL Ports         | Dir | Bits|  Protocol  |    Source Object   |    C Type    |
+---------------------------+-----+-----+------------+--------------------+--------------+
|ap_clk                     |  in |    1| ap_ctrl_hs | yuv_filter_rgb2yuv | return value |
|ap_rst                     |  in |    1| ap_ctrl_hs | yuv_filter_rgb2yuv | return value |
|ap_start                   |  in |    1| ap_ctrl_hs | yuv_filter_rgb2yuv | return value |
|ap_done                    | out |    1| ap_ctrl_hs | yuv_filter_rgb2yuv | return value |
|ap_idle                    | out |    1| ap_ctrl_hs | yuv_filter_rgb2yuv | return value |
|ap_ready                   | out |    1| ap_ctrl_hs | yuv_filter_rgb2yuv | return value |
|ap_return_0                | out |   16| ap_ctrl_hs | yuv_filter_rgb2yuv | return value |
|ap_return_1                | out |   16| ap_ctrl_hs | yuv_filter_rgb2yuv | return value |
|in_channels_ch1_address0   | out |   22|  ap_memory |   in_channels_ch1  |     array    |
|in_channels_ch1_ce0        | out |    1|  ap_memory |   in_channels_ch1  |     array    |
|in_channels_ch1_q0         |  in |    8|  ap_memory |   in_channels_ch1  |     array    |
|in_channels_ch2_address0   | out |   22|  ap_memory |   in_channels_ch2  |     array    |
|in_channels_ch2_ce0        | out |    1|  ap_memory |   in_channels_ch2  |     array    |
|in_channels_ch2_q0         |  in |    8|  ap_memory |   in_channels_ch2  |     array    |
|in_channels_ch3_address0   | out |   22|  ap_memory |   in_channels_ch3  |     array    |
|in_channels_ch3_ce0        | out |    1|  ap_memory |   in_channels_ch3  |     array    |
|in_channels_ch3_q0         |  in |    8|  ap_memory |   in_channels_ch3  |     array    |
|in_width_read              |  in |   16|   ap_none  |    in_width_read   |    scalar    |
|in_height_read             |  in |   16|   ap_none  |   in_height_read   |    scalar    |
|out_channels_ch1_address0  | out |   22|  ap_memory |  out_channels_ch1  |     array    |
|out_channels_ch1_ce0       | out |    1|  ap_memory |  out_channels_ch1  |     array    |
|out_channels_ch1_we0       | out |    1|  ap_memory |  out_channels_ch1  |     array    |
|out_channels_ch1_d0        | out |    8|  ap_memory |  out_channels_ch1  |     array    |
|out_channels_ch2_address0  | out |   22|  ap_memory |  out_channels_ch2  |     array    |
|out_channels_ch2_ce0       | out |    1|  ap_memory |  out_channels_ch2  |     array    |
|out_channels_ch2_we0       | out |    1|  ap_memory |  out_channels_ch2  |     array    |
|out_channels_ch2_d0        | out |    8|  ap_memory |  out_channels_ch2  |     array    |
|out_channels_ch3_address0  | out |   22|  ap_memory |  out_channels_ch3  |     array    |
|out_channels_ch3_ce0       | out |    1|  ap_memory |  out_channels_ch3  |     array    |
|out_channels_ch3_we0       | out |    1|  ap_memory |  out_channels_ch3  |     array    |
|out_channels_ch3_d0        | out |    8|  ap_memory |  out_channels_ch3  |     array    |
+---------------------------+-----+-----+------------+--------------------+--------------+

