@I [HLS-0] Workspace C:/Users/Kasper/Documents/GitHub/TIHSC/Exercise2/HLS_labs/lab1/matrixmul.prj/solution1 opened at Thu May 07 14:04:15 +0200 2015
@I [HLS-100] Command "config_clock -quiet -name default -period 8 -default=false "
@I [SYN-201] Setting up clock 'default' with a period of 8ns.
@I [HLS-100] Command 'config_clock' returned 0; elapsed 0Total elapsed time: 2.22 sec.
@I [HLS-100] Command "open_platform DefaultPlatform "
@I [HLS-100] Command 'open_platform' returned 0; elapsed 0Total elapsed time: 2.22 sec.
@I [HLS-100] Command "import_lib C:/Xilinx/Vivado_HLS/2014.4/common/technology/xilinx/zynq/zynq "
@I [HLS-100] Command "source C:/Xilinx/Vivado_HLS/2014.4/common/technology/xilinx/common/xilinx.lib "
@I [HLS-100] Command "source C:/Xilinx/Vivado_HLS/2014.4/common/technology/xilinx/interface/xilinx_interface.lib "
@I [HLS-100] Command "source C:/Xilinx/Vivado_HLS/2014.4/common/technology/xilinx/interface/plb46.lib "
@I [HLS-100] Command 'ap_source' returned 0; elapsed 0.01Total elapsed time: 2.32 sec.
@I [HLS-100] Command "source C:/Xilinx/Vivado_HLS/2014.4/common/technology/xilinx/interface/fsl.lib "
@I [HLS-100] Command 'ap_source' returned 0; elapsed 0Total elapsed time: 2.32 sec.
@I [HLS-100] Command "source C:/Xilinx/Vivado_HLS/2014.4/common/technology/xilinx/interface/axi4.lib "
@I [HLS-100] Command 'ap_source' returned 0; elapsed 0Total elapsed time: 2.32 sec.
@I [HLS-100] Command "source C:/Xilinx/Vivado_HLS/2014.4/common/technology/xilinx/interface/maxi.lib "
@I [HLS-100] Command 'ap_source' returned 0; elapsed 0Total elapsed time: 2.32 sec.
@I [HLS-100] Command "source C:/Xilinx/Vivado_HLS/2014.4/common/technology/xilinx/interface/saxilite.lib "
@I [HLS-100] Command 'ap_source' returned 0; elapsed 0Total elapsed time: 2.32 sec.
@I [HLS-100] Command 'ap_source' returned 0; elapsed 0.01Total elapsed time: 2.32 sec.
@I [HLS-100] Command "source C:/Xilinx/Vivado_HLS/2014.4/common/technology/xilinx/common/dsp48.lib "
@I [HLS-100] Command 'ap_source' returned 0; elapsed 0Total elapsed time: 2.32 sec.
@I [HLS-100] Command "source C:/Xilinx/Vivado_HLS/2014.4/common/technology/xilinx/ip/xfft.lib "
@I [HLS-100] Command 'ap_source' returned 0; elapsed 0Total elapsed time: 2.32 sec.
@I [HLS-100] Command "source C:/Xilinx/Vivado_HLS/2014.4/common/technology/xilinx/ip/xfir.lib "
@I [HLS-100] Command 'ap_source' returned 0; elapsed 0Total elapsed time: 2.32 sec.
@I [HLS-100] Command 'ap_source' returned 0; elapsed 0.01Total elapsed time: 2.32 sec.
@I [HLS-100] Command "source C:/Xilinx/Vivado_HLS/2014.4/common/technology/xilinx/common/xilinx_old.lib "
@I [HLS-100] Command 'ap_source' returned 0; elapsed 0.01Total elapsed time: 2.42 sec.
@I [HLS-100] Command "source C:/Xilinx/Vivado_HLS/2014.4/common/technology/xilinx/common/xilinx_vivado.lib "
@I [HLS-100] Command 'ap_source' returned 0; elapsed 0Total elapsed time: 2.42 sec.
@I [HLS-100] Command "source C:/Xilinx/Vivado_HLS/2014.4/common/technology/xilinx/common/xilinx.hlp "
@I [HLS-100] Command "source C:/Xilinx/Vivado_HLS/2014.4/common/technology/xilinx/common/target_info.tcl "
@I [HLS-100] Command 'ap_source' returned 0; elapsed 0Total elapsed time: 2.62 sec.
@I [HLS-100] Command "source C:/Xilinx/Vivado_HLS/2014.4/common/technology/xilinx/interface/xilinx_interface.hlp "
@I [HLS-100] Command "source C:/Xilinx/Vivado_HLS/2014.4/common/technology/xilinx/interface/maxi.hlp "
@I [HLS-100] Command 'ap_source' returned 0; elapsed 0.01Total elapsed time: 2.82 sec.
@I [HLS-100] Command "source C:/Xilinx/Vivado_HLS/2014.4/common/technology/xilinx/interface/saxilite.hlp "
@I [HLS-100] Command 'ap_source' returned 0; elapsed 0.01Total elapsed time: 2.92 sec.
@I [HLS-100] Command 'ap_source' returned 0; elapsed 0.03Total elapsed time: 2.92 sec.
@I [HLS-100] Command "source C:/Xilinx/Vivado_HLS/2014.4/common/technology/xilinx/common/dsp48.hlp "
@I [HLS-100] Command 'ap_source' returned 0; elapsed 0.01Total elapsed time: 2.102 sec.
@I [HLS-100] Command 'ap_source' returned 0; elapsed 0.051Total elapsed time: 2.103 sec.
@I [HLS-100] Command "source C:/Xilinx/Vivado_HLS/2014.4/common/technology/xilinx/zynq/dsp48e1.hlp "
@I [HLS-100] Command 'ap_source' returned 0; elapsed 0.004Total elapsed time: 2.107 sec.
@I [HLS-100] Command "get_default_platform "
@I [HLS-100] Command 'get_default_platform' returned 0; elapsed 0Total elapsed time: 2.107 sec.
@I [HLS-100] Command "config_chip_info -quiet -resource  {SLICE 13300}  {LUT 53200}     {FF 106400} {DSP48E 220}   {BRAM 280}  "
@I [HLS-100] Command 'config_chip_info' returned 0; elapsed 0Total elapsed time: 2.107 sec.
@I [HLS-100] Command "config_chip_info -quiet -speed medium "
@I [HLS-100] Command 'config_chip_info' returned 0; elapsed 0Total elapsed time: 2.107 sec.
@I [HLS-100] Command 'import_lib' returned 0; elapsed 0.087Total elapsed time: 2.109 sec.
@I [HLS-100] Command "source C:/Xilinx/Vivado_HLS/2014.4/common/technology/xilinx/zynq/zynq.gen "
@I [HLS-100] Command "source C:/Xilinx/Vivado_HLS/2014.4/common/technology/xilinx/common/virtex.gen "
@I [HLS-100] Command "source C:/Xilinx/Vivado_HLS/2014.4/common/technology/xilinx/common/xilinx.gen "
@I [HLS-100] Command "source C:/Xilinx/Vivado_HLS/2014.4/common/technology/xilinx/interface/plb46.gen "
@I [HLS-100] Command 'ap_source' returned 0; elapsed 0.002Total elapsed time: 2.114 sec.
@I [HLS-100] Command "source C:/Xilinx/Vivado_HLS/2014.4/common/technology/xilinx/interface/fsl.gen "
@I [HLS-100] Command 'ap_source' returned 0; elapsed 0.001Total elapsed time: 2.115 sec.
@I [HLS-100] Command "source C:/Xilinx/Vivado_HLS/2014.4/common/technology/xilinx/interface/axi4.gen "
@I [HLS-100] Command 'ap_source' returned 0; elapsed 0.004Total elapsed time: 2.119 sec.
@I [HLS-100] Command "source C:/Xilinx/Vivado_HLS/2014.4/common/technology/xilinx/interface/nativeAXI4.gen "
@I [HLS-100] Command "source C:/Xilinx/Vivado_HLS/2014.4/common/technology/xilinx/interface/saxilite.gen "
@I [HLS-100] Command 'ap_source' returned 0; elapsed 0.006Total elapsed time: 2.125 sec.
@I [HLS-100] Command "source C:/Xilinx/Vivado_HLS/2014.4/common/technology/xilinx/interface/maxi.gen "
@I [HLS-100] Command 'ap_source' returned 0; elapsed 0.011Total elapsed time: 2.136 sec.
@I [HLS-100] Command 'ap_source' returned 0; elapsed 0.017Total elapsed time: 2.136 sec.
@I [HLS-100] Command "source C:/Xilinx/Vivado_HLS/2014.4/common/technology/xilinx/scripts/xilinxcoregen.gen "
@I [HLS-100] Command 'ap_source' returned 0; elapsed 0.013Total elapsed time: 2.149 sec.
@I [HLS-100] Command "source C:/Xilinx/Vivado_HLS/2014.4/common/technology/xilinx/interface/XilEDKCoreGen.gen "
@I [HLS-100] Command 'ap_source' returned 0; elapsed 0.012Total elapsed time: 2.160 sec.
@I [HLS-100] Command "source C:/Xilinx/Vivado_HLS/2014.4/common/technology/xilinx/ip/util.gen "
@I [HLS-100] Command 'ap_source' returned 0; elapsed 0Total elapsed time: 2.160 sec.
@I [HLS-100] Command "source C:/Xilinx/Vivado_HLS/2014.4/common/technology/xilinx/ip/xfft.gen "
@I [HLS-100] Command 'ap_source' returned 0; elapsed 0.14Total elapsed time: 2.300 sec.
@I [HLS-100] Command "source C:/Xilinx/Vivado_HLS/2014.4/common/technology/xilinx/ip/xfir.gen "
@I [HLS-100] Command "source C:/Xilinx/Vivado_HLS/2014.4/tps/tcl/tcllib1.11.1/struct/list.tcl "
@I [HLS-100] Command "source C:/Xilinx/Vivado_HLS/2014.4/tps/tcl/tcllib1.11.1/cmdline/cmdline.tcl "
@I [HLS-100] Command 'ap_source' returned 0; elapsed 0Total elapsed time: 2.340 sec.
@I [HLS-100] Command 'ap_source' returned 0; elapsed 0.01Total elapsed time: 2.340 sec.
@I [HLS-100] Command "source C:/Xilinx/Vivado_HLS/2014.4/tps/tcl/tcllib1.11.1/math/bignum.tcl "
@I [HLS-100] Command 'ap_source' returned 0; elapsed 0.01Total elapsed time: 2.350 sec.
@I [HLS-100] Command 'ap_source' returned 0; elapsed 0.05Total elapsed time: 2.350 sec.
@I [HLS-100] Command 'ap_source' returned 0; elapsed 0.24Total elapsed time: 2.350 sec.
@I [HLS-100] Command "source C:/Xilinx/Vivado_HLS/2014.4/common/technology/xilinx/common/dsp48.gen "
@I [HLS-100] Command 'ap_source' returned 0; elapsed 0Total elapsed time: 2.350 sec.
@I [HLS-100] Command 'ap_source' returned 0; elapsed 0.241Total elapsed time: 2.350 sec.
@I [HLS-100] Command 'ap_source' returned 0; elapsed 0.242Total elapsed time: 2.350 sec.
@I [HLS-100] Command "open_platform DefaultPlatform "
@I [HLS-100] Command 'open_platform' returned 0; elapsed 0Total elapsed time: 2.360 sec.
@I [HLS-100] Command "import_lib C:/Xilinx/Vivado_HLS/2014.4/common/technology/xilinx/zynq/zynq_fpv6 "
@I [HLS-100] Command "source C:/Xilinx/Vivado_HLS/2014.4/common/technology/xilinx/common/xilinx_fpv7.lib "
@I [HLS-100] Command 'ap_source' returned 0; elapsed 0Total elapsed time: 2.360 sec.
@I [HLS-100] Command "source C:/Xilinx/Vivado_HLS/2014.4/common/technology/xilinx/common/xilinx_fpv.hlp "
@I [HLS-100] Command "source C:/Xilinx/Vivado_HLS/2014.4/common/technology/xilinx/common/xilinx.hlp "
@I [HLS-100] Command "source C:/Xilinx/Vivado_HLS/2014.4/common/technology/xilinx/common/target_info.tcl "
@I [HLS-100] Command 'ap_source' returned 0; elapsed 0Total elapsed time: 2.390 sec.
@I [HLS-100] Command "source C:/Xilinx/Vivado_HLS/2014.4/common/technology/xilinx/interface/xilinx_interface.hlp "
@I [HLS-100] Command "source C:/Xilinx/Vivado_HLS/2014.4/common/technology/xilinx/interface/maxi.hlp "
@I [HLS-100] Command 'ap_source' returned 0; elapsed 0Total elapsed time: 2.390 sec.
@I [HLS-100] Command "source C:/Xilinx/Vivado_HLS/2014.4/common/technology/xilinx/interface/saxilite.hlp "
@I [HLS-100] Command 'ap_source' returned 0; elapsed 0Total elapsed time: 2.390 sec.
@I [HLS-100] Command 'ap_source' returned 0; elapsed 0Total elapsed time: 2.390 sec.
@I [HLS-100] Command "source C:/Xilinx/Vivado_HLS/2014.4/common/technology/xilinx/common/dsp48.hlp "
@I [HLS-100] Command 'ap_source' returned 0; elapsed 0Total elapsed time: 2.390 sec.
@I [HLS-100] Command 'ap_source' returned 0; elapsed 0Total elapsed time: 2.390 sec.
@I [HLS-100] Command 'ap_source' returned 0; elapsed 0.02Total elapsed time: 2.390 sec.
@I [HLS-100] Command 'import_lib' returned 0; elapsed 0.04Total elapsed time: 2.400 sec.
@I [HLS-100] Command "source C:/Xilinx/Vivado_HLS/2014.4/common/technology/xilinx/zynq/zynq_fpv6.gen "
@I [HLS-100] Command "source C:/Xilinx/Vivado_HLS/2014.4/common/technology/xilinx/common/xilinx_fpv6.gen "
@I [HLS-100] Command 'ap_source' returned 0; elapsed 0Total elapsed time: 2.400 sec.
@I [HLS-100] Command 'ap_source' returned 0; elapsed 0Total elapsed time: 2.400 sec.
@I [HLS-100] Command "set_part xc7z010clg400-1 "
@I [HLS-100] Command "add_library xilinx/zynq/zynq:xc7z010:clg400:-1 "
@I [HLS-100] Command "get_default_platform "
@I [HLS-100] Command 'get_default_platform' returned 0; elapsed 0Total elapsed time: 2.410 sec.
@I [HLS-100] Command "license_exists VIVADO_HLS "
@I [LICQ-103] Checked out feature [VIVADO_HLS]
@I [LIC-101] Checked out feature [VIVADO_HLS]
@I [HLS-100] Command 'license_exists' returned 0; elapsed 0Total elapsed time: 2.410 sec.
@I [HLS-100] Command "get_default_platform "
@I [HLS-100] Command 'get_default_platform' returned 0; elapsed 0Total elapsed time: 2.420 sec.
@I [HLS-100] Command "config_chip_info -quiet -resource  {SLICE 4400}   {LUT 17600}     {FF 35200}  {DSP48E 80}    {BRAM 120}  "
@I [HLS-100] Command 'config_chip_info' returned 0; elapsed 0Total elapsed time: 2.420 sec.
@I [HLS-100] Command "config_chip_info -quiet -speed slow "
@I [HLS-100] Command 'config_chip_info' returned 0; elapsed 0Total elapsed time: 2.420 sec.
@I [HLS-100] Command 'add_library' returned 0; elapsed 0.01Total elapsed time: 2.420 sec.
@I [HLS-100] Command "add_library xilinx/zynq/zynq_fpv6 "
@I [HLS-100] Command "get_default_platform "
@I [HLS-100] Command 'get_default_platform' returned 0; elapsed 0Total elapsed time: 2.420 sec.
@I [HLS-100] Command "license_exists VIVADO_HLS "
@I [HLS-100] Command 'license_exists' returned 0; elapsed 0Total elapsed time: 2.420 sec.
@I [HLS-100] Command 'add_library' returned 0; elapsed 0.01Total elapsed time: 2.430 sec.
@I [HLS-10] Setting target device to 'xc7z010clg400-1'
@I [HLS-100] Command 'set_part' returned 0; elapsed 0.03Total elapsed time: 2.430 sec.
@I [HLS-100] Command "get_default_platform "
@I [HLS-100] Command 'get_default_platform' returned 0; elapsed 0Total elapsed time: 2.430 sec.
@I [HLS-100] Command "config_chip_info -quiet -resource  {SLICE 4400}   {LUT 17600}     {FF 35200}  {DSP48E 80}    {BRAM 120}  "
@I [HLS-100] Command 'config_chip_info' returned 0; elapsed 0Total elapsed time: 2.430 sec.
@I [HLS-100] Command "config_chip_info -quiet -speed slow "
@I [HLS-100] Command 'config_chip_info' returned 0; elapsed 0Total elapsed time: 2.430 sec.
@I [HLS-100] Command 'open_solution' returned 0; elapsed 0.429Total elapsed time: 2.430 sec.
@I [HLS-100] Command "export_design -evaluate vhdl -format ip_catalog "
@I [HLS-100] Command "source C:/Users/Kasper/Documents/GitHub/TIHSC/Exercise2/HLS_labs/lab1/matrixmul.prj/solution1/.autopilot/db/global.setting.tcl "
@I [HLS-100] Command 'ap_source' returned 0; elapsed 0Total elapsed time: 2.450 sec.
@I [HLS-100] Command "source C:/Xilinx/Vivado_HLS/2014.4/common/technology/generic/autopilot/common.gen "
@I [HLS-100] Command "source C:/Xilinx/Vivado_HLS/2014.4/common/technology/generic/autopilot/APCoreGen.gen "
@I [HLS-100] Command 'ap_source' returned 0; elapsed 0.002Total elapsed time: 2.474 sec.
@I [HLS-100] Command 'ap_source' returned 0; elapsed 0.003Total elapsed time: 2.474 sec.
@I [HLS-100] Command "source C:/Xilinx/Vivado_HLS/2014.4/common/technology/generic/autopilot/op.gen "
@I [HLS-100] Command 'ap_source' returned 0; elapsed 0.001Total elapsed time: 2.476 sec.
@I [HLS-100] Command "source C:/Xilinx/Vivado_HLS/2014.4/common/technology/generic/autopilot/op_simcore.gen "
@I [HLS-100] Command 'ap_source' returned 0; elapsed 0.002Total elapsed time: 2.478 sec.
@I [HLS-100] Command "source C:/Xilinx/Vivado_HLS/2014.4/common/technology/generic/autopilot/interface.gen "
@I [HLS-100] Command 'ap_source' returned 0; elapsed 0.001Total elapsed time: 2.479 sec.
@I [HLS-100] Command "source C:/Users/Kasper/Documents/GitHub/TIHSC/Exercise2/HLS_labs/lab1/matrixmul.prj/solution1/.autopilot/db/global.setting.tcl "
@I [HLS-100] Command 'ap_source' returned 0; elapsed 0.002Total elapsed time: 2.481 sec.
@I [HLS-100] Command "source C:/Xilinx/Vivado_HLS/2014.4/common/technology/xilinx/zynq/zynq.gen "
@I [HLS-100] Command "source C:/Xilinx/Vivado_HLS/2014.4/common/technology/xilinx/common/virtex.gen "
@I [HLS-100] Command "source C:/Xilinx/Vivado_HLS/2014.4/common/technology/xilinx/common/xilinx.gen "
@I [HLS-100] Command "source C:/Xilinx/Vivado_HLS/2014.4/common/technology/xilinx/interface/plb46.gen "
@I [HLS-100] Command 'ap_source' returned 0; elapsed 0.001Total elapsed time: 2.484 sec.
@I [HLS-100] Command "source C:/Xilinx/Vivado_HLS/2014.4/common/technology/xilinx/interface/fsl.gen "
@I [HLS-100] Command 'ap_source' returned 0; elapsed 0.001Total elapsed time: 2.485 sec.
@I [HLS-100] Command "source C:/Xilinx/Vivado_HLS/2014.4/common/technology/xilinx/interface/axi4.gen "
@I [HLS-100] Command 'ap_source' returned 0; elapsed 0.003Total elapsed time: 2.488 sec.
@I [HLS-100] Command "source C:/Xilinx/Vivado_HLS/2014.4/common/technology/xilinx/interface/nativeAXI4.gen "
@I [HLS-100] Command "source C:/Xilinx/Vivado_HLS/2014.4/common/technology/xilinx/interface/saxilite.gen "
@I [HLS-100] Command 'ap_source' returned 0; elapsed 0.004Total elapsed time: 2.493 sec.
@I [HLS-100] Command "source C:/Xilinx/Vivado_HLS/2014.4/common/technology/xilinx/interface/maxi.gen "
@I [HLS-100] Command 'ap_source' returned 0; elapsed 0.004Total elapsed time: 2.497 sec.
@I [HLS-100] Command 'ap_source' returned 0; elapsed 0.009Total elapsed time: 2.497 sec.
@I [HLS-100] Command "source C:/Xilinx/Vivado_HLS/2014.4/common/technology/xilinx/scripts/xilinxcoregen.gen "
@I [HLS-100] Command 'ap_source' returned 0; elapsed 0.01Total elapsed time: 2.507 sec.
@I [HLS-100] Command "source C:/Xilinx/Vivado_HLS/2014.4/common/technology/xilinx/interface/XilEDKCoreGen.gen "
@I [HLS-100] Command 'ap_source' returned 0; elapsed 0.01Total elapsed time: 2.527 sec.
@I [HLS-100] Command "source C:/Xilinx/Vivado_HLS/2014.4/common/technology/xilinx/ip/util.gen "
@I [HLS-100] Command 'ap_source' returned 0; elapsed 0Total elapsed time: 2.527 sec.
@I [HLS-100] Command "source C:/Xilinx/Vivado_HLS/2014.4/common/technology/xilinx/ip/xfft.gen "
@I [HLS-100] Command 'ap_source' returned 0; elapsed 0.126Total elapsed time: 2.652 sec.
@I [HLS-100] Command "source C:/Xilinx/Vivado_HLS/2014.4/common/technology/xilinx/ip/xfir.gen "
@I [HLS-100] Command 'ap_source' returned 0; elapsed 0.04Total elapsed time: 2.692 sec.
@I [HLS-100] Command 'ap_source' returned 0; elapsed 0.21Total elapsed time: 2.692 sec.
@I [HLS-100] Command "source C:/Xilinx/Vivado_HLS/2014.4/common/technology/xilinx/common/dsp48.gen "
@I [HLS-100] Command 'ap_source' returned 0; elapsed 0Total elapsed time: 2.692 sec.
@I [HLS-100] Command 'ap_source' returned 0; elapsed 0.211Total elapsed time: 2.692 sec.
@I [HLS-100] Command 'ap_source' returned 0; elapsed 0.212Total elapsed time: 2.692 sec.
@I [HLS-100] Command "source C:/Xilinx/Vivado_HLS/2014.4/common/technology/xilinx/zynq/zynq_fpv6.gen "
@I [HLS-100] Command "source C:/Xilinx/Vivado_HLS/2014.4/common/technology/xilinx/common/xilinx_fpv6.gen "
@I [HLS-100] Command 'ap_source' returned 0; elapsed 0Total elapsed time: 2.692 sec.
@I [HLS-100] Command 'ap_source' returned 0; elapsed 0Total elapsed time: 2.692 sec.
@I [HLS-100] Command "source C:/Users/Kasper/Documents/GitHub/TIHSC/Exercise2/HLS_labs/lab1/matrixmul.prj/solution1/.autopilot/db/global.setting.tcl "
@I [HLS-100] Command 'ap_source' returned 0; elapsed 0.01Total elapsed time: 2.712 sec.
@I [IMPL-8] Exporting RTL as an IP in IP-XACT.
@I [HLS-100] Command "source C:/Users/Kasper/Documents/GitHub/TIHSC/Exercise2/HLS_labs/lab1/matrixmul.prj/solution1/.autopilot/db/global.setting.tcl "
@I [HLS-100] Command 'ap_source' returned 0; elapsed 0Total elapsed time: 2.712 sec.
@I [HLS-100] Command "source C:/Users/Kasper/Documents/GitHub/TIHSC/Exercise2/HLS_labs/lab1/matrixmul.prj/solution1/.autopilot/db/global.setting.tcl "
@I [HLS-100] Command 'ap_source' returned 0; elapsed 0.01Total elapsed time: 2.732 sec.
@I [HLS-100] Command "source C:/Xilinx/Vivado_HLS/2014.4/common/technology/generic/autopilot/common.gen "
@I [HLS-100] Command "source C:/Xilinx/Vivado_HLS/2014.4/common/technology/generic/autopilot/APCoreGen.gen "
@I [HLS-100] Command 'ap_source' returned 0; elapsed 0Total elapsed time: 2.732 sec.
@I [HLS-100] Command 'ap_source' returned 0; elapsed 0Total elapsed time: 2.732 sec.
@I [HLS-100] Command "source C:/Xilinx/Vivado_HLS/2014.4/common/technology/generic/autopilot/op.gen "
@I [HLS-100] Command 'ap_source' returned 0; elapsed 0Total elapsed time: 2.732 sec.
@I [HLS-100] Command "source C:/Xilinx/Vivado_HLS/2014.4/common/technology/generic/autopilot/op_simcore.gen "
@I [HLS-100] Command 'ap_source' returned 0; elapsed 0Total elapsed time: 2.732 sec.
@I [HLS-100] Command "source C:/Xilinx/Vivado_HLS/2014.4/common/technology/generic/autopilot/interface.gen "
@I [HLS-100] Command 'ap_source' returned 0; elapsed 0Total elapsed time: 2.732 sec.
@I [HLS-100] Command "source C:/Users/Kasper/Documents/GitHub/TIHSC/Exercise2/HLS_labs/lab1/matrixmul.prj/solution1/.autopilot/db/global.setting.tcl "
@I [HLS-100] Command 'ap_source' returned 0; elapsed 0Total elapsed time: 2.732 sec.
@I [HLS-100] Command "source C:/Xilinx/Vivado_HLS/2014.4/common/technology/xilinx/zynq/zynq.gen "
@I [HLS-100] Command "source C:/Xilinx/Vivado_HLS/2014.4/common/technology/xilinx/common/virtex.gen "
@I [HLS-100] Command "source C:/Xilinx/Vivado_HLS/2014.4/common/technology/xilinx/common/xilinx.gen "
@I [HLS-100] Command "source C:/Xilinx/Vivado_HLS/2014.4/common/technology/xilinx/interface/plb46.gen "
@I [HLS-100] Command 'ap_source' returned 0; elapsed 0Total elapsed time: 2.742 sec.
@I [HLS-100] Command "source C:/Xilinx/Vivado_HLS/2014.4/common/technology/xilinx/interface/fsl.gen "
@I [HLS-100] Command 'ap_source' returned 0; elapsed 0Total elapsed time: 2.742 sec.
@I [HLS-100] Command "source C:/Xilinx/Vivado_HLS/2014.4/common/technology/xilinx/interface/axi4.gen "
@I [HLS-100] Command 'ap_source' returned 0; elapsed 0Total elapsed time: 2.742 sec.
@I [HLS-100] Command "source C:/Xilinx/Vivado_HLS/2014.4/common/technology/xilinx/interface/nativeAXI4.gen "
@I [HLS-100] Command "source C:/Xilinx/Vivado_HLS/2014.4/common/technology/xilinx/interface/saxilite.gen "
@I [HLS-100] Command 'ap_source' returned 0; elapsed 0.01Total elapsed time: 2.752 sec.
@I [HLS-100] Command "source C:/Xilinx/Vivado_HLS/2014.4/common/technology/xilinx/interface/maxi.gen "
@I [HLS-100] Command 'ap_source' returned 0; elapsed 0.01Total elapsed time: 2.762 sec.
@I [HLS-100] Command 'ap_source' returned 0; elapsed 0.02Total elapsed time: 2.762 sec.
@I [HLS-100] Command "source C:/Xilinx/Vivado_HLS/2014.4/common/technology/xilinx/scripts/xilinxcoregen.gen "
@I [HLS-100] Command 'ap_source' returned 0; elapsed 0.01Total elapsed time: 2.772 sec.
@I [HLS-100] Command "source C:/Xilinx/Vivado_HLS/2014.4/common/technology/xilinx/interface/XilEDKCoreGen.gen "
@I [HLS-100] Command 'ap_source' returned 0; elapsed 0.01Total elapsed time: 2.782 sec.
@I [HLS-100] Command "source C:/Xilinx/Vivado_HLS/2014.4/common/technology/xilinx/ip/util.gen "
@I [HLS-100] Command 'ap_source' returned 0; elapsed 0Total elapsed time: 2.782 sec.
@I [HLS-100] Command "source C:/Xilinx/Vivado_HLS/2014.4/common/technology/xilinx/ip/xfft.gen "
@I [HLS-100] Command 'ap_source' returned 0; elapsed 0.13Total elapsed time: 2.912 sec.
@I [HLS-100] Command "source C:/Xilinx/Vivado_HLS/2014.4/common/technology/xilinx/ip/xfir.gen "
@I [HLS-100] Command 'ap_source' returned 0; elapsed 0.03Total elapsed time: 2.942 sec.
@I [HLS-100] Command 'ap_source' returned 0; elapsed 0.2Total elapsed time: 2.942 sec.
@I [HLS-100] Command "source C:/Xilinx/Vivado_HLS/2014.4/common/technology/xilinx/common/dsp48.gen "
@I [HLS-100] Command 'ap_source' returned 0; elapsed 0Total elapsed time: 2.942 sec.
@I [HLS-100] Command 'ap_source' returned 0; elapsed 0.21Total elapsed time: 2.942 sec.
@I [HLS-100] Command 'ap_source' returned 0; elapsed 0.21Total elapsed time: 2.942 sec.
@I [HLS-100] Command "source C:/Xilinx/Vivado_HLS/2014.4/common/technology/xilinx/zynq/zynq_fpv6.gen "
@I [HLS-100] Command "source C:/Xilinx/Vivado_HLS/2014.4/common/technology/xilinx/common/xilinx_fpv6.gen "
@I [HLS-100] Command 'ap_source' returned 0; elapsed 0Total elapsed time: 2.942 sec.
@I [HLS-100] Command 'ap_source' returned 0; elapsed 0Total elapsed time: 2.942 sec.
@I [HLS-100] Command "source C:/Users/Kasper/Documents/GitHub/TIHSC/Exercise2/HLS_labs/lab1/matrixmul.prj/solution1/.autopilot/db/global.setting.tcl "
@I [HLS-100] Command 'ap_source' returned 0; elapsed 0Total elapsed time: 2.952 sec.
@I [HLS-100] Command "source C:/Users/Kasper/Documents/GitHub/TIHSC/Exercise2/HLS_labs/lab1/matrixmul.prj/solution1/.autopilot/db/matrixmul.compgen.tcl "
@I [HLS-100] Command 'ap_source' returned 0; elapsed 0Total elapsed time: 2.962 sec.
@I [HLS-100] Command "source C:/Users/Kasper/Documents/GitHub/TIHSC/Exercise2/HLS_labs/lab1/matrixmul.prj/solution1/.autopilot/db/global.setting.tcl "
@I [HLS-100] Command 'ap_source' returned 0; elapsed 0Total elapsed time: 2.992 sec.
@I [HLS-100] Command "source C:/Users/Kasper/Documents/GitHub/TIHSC/Exercise2/HLS_labs/lab1/matrixmul.prj/solution1/.autopilot/db/matrixmul.compgen.tcl "
@I [HLS-100] Command "source C:/Users/Kasper/Documents/GitHub/TIHSC/Exercise2/HLS_labs/lab1/matrixmul.prj/solution1/.autopilot/db/matrixmul.rtl_wrap.cfg.tcl "
@I [HLS-100] Command 'ap_source' returned 0; elapsed 0Total elapsed time: 3.2 sec.
@I [HLS-100] Command "source C:/Users/Kasper/Documents/GitHub/TIHSC/Exercise2/HLS_labs/lab1/matrixmul.prj/solution1/.autopilot/db/matrixmul.rtl_wrap.cfg.tcl "
@I [HLS-100] Command 'ap_source' returned 0; elapsed 0.01Total elapsed time: 3.12 sec.
@I [HLS-100] Command "source C:/Users/Kasper/Documents/GitHub/TIHSC/Exercise2/HLS_labs/lab1/matrixmul.prj/solution1/.autopilot/db/matrixmul.tbgen.tcl "
@I [HLS-100] Command 'ap_source' returned 0; elapsed 0Total elapsed time: 3.12 sec.
@I [HLS-100] Command "source C:/Users/Kasper/Documents/GitHub/TIHSC/Exercise2/HLS_labs/lab1/matrixmul.prj/solution1/.autopilot/db/matrixmul.tbgen.tcl "
@I [HLS-100] Command 'ap_source' returned 0; elapsed 0.01Total elapsed time: 3.22 sec.
@I [HLS-100] Command "source C:/Users/Kasper/Documents/GitHub/TIHSC/Exercise2/HLS_labs/lab1/matrixmul.prj/solution1/.autopilot/db/matrixmul.tbgen.tcl "
@I [HLS-100] Command 'ap_source' returned 0; elapsed 0.01Total elapsed time: 3.62 sec.
@I [HLS-100] Command "source C:/Users/Kasper/Documents/GitHub/TIHSC/Exercise2/HLS_labs/lab1/matrixmul.prj/solution1/.autopilot/db/matrixmul.tbgen.tcl "
@I [HLS-100] Command 'ap_source' returned 0; elapsed 0Total elapsed time: 3.82 sec.
@I [HLS-100] Command "source C:/Users/Kasper/Documents/GitHub/TIHSC/Exercise2/HLS_labs/lab1/matrixmul.prj/solution1/.autopilot/db/matrixmul.tbgen.tcl "
@I [HLS-100] Command 'ap_source' returned 0; elapsed 0Total elapsed time: 3.112 sec.
@I [HLS-100] Command 'ap_source' returned 0; elapsed 0.17Total elapsed time: 3.162 sec.
@I [HLS-100] Command "source C:/Users/Kasper/Documents/GitHub/TIHSC/Exercise2/HLS_labs/lab1/matrixmul.prj/solution1/.autopilot/db/global.setting.tcl "
@I [HLS-100] Command 'ap_source' returned 0; elapsed 0Total elapsed time: 3.312 sec.
@I [HLS-100] Command "source C:/Users/Kasper/Documents/GitHub/TIHSC/Exercise2/HLS_labs/lab1/matrixmul.prj/solution1/.autopilot/db/matrixmul.compgen.tcl "
@I [HLS-100] Command 'ap_source' returned 0; elapsed 0.01Total elapsed time: 3.322 sec.
@I [HLS-100] Command "source C:/Users/Kasper/Documents/GitHub/TIHSC/Exercise2/HLS_labs/lab1/matrixmul.prj/solution1/.autopilot/db/global.setting.tcl "
@I [HLS-100] Command 'ap_source' returned 0; elapsed 0Total elapsed time: 3.512 sec.
@I [HLS-100] Command "source C:/Users/Kasper/Documents/GitHub/TIHSC/Exercise2/HLS_labs/lab1/matrixmul.prj/solution1/.autopilot/db/matrixmul.constraint.tcl "
@I [HLS-100] Command 'ap_source' returned 0; elapsed 0Total elapsed time: 3.512 sec.
@I [HLS-100] Command "source C:/Users/Kasper/Documents/GitHub/TIHSC/Exercise2/HLS_labs/lab1/matrixmul.prj/solution1/.autopilot/db/matrixmul.rtl_wrap.cfg.tcl "
@I [HLS-100] Command 'ap_source' returned 0; elapsed 0Total elapsed time: 3.612 sec.
@I [HLS-100] Command "source C:/Users/Kasper/Documents/GitHub/TIHSC/Exercise2/HLS_labs/lab1/matrixmul.prj/solution1/.autopilot/db/matrixmul.rtl_wrap.cfg.tcl "
@I [HLS-100] Command 'ap_source' returned 0; elapsed 0Total elapsed time: 3.612 sec.
@I [HLS-100] Command "source C:/Users/Kasper/Documents/GitHub/TIHSC/Exercise2/HLS_labs/lab1/matrixmul.prj/solution1/.autopilot/db/matrixmul.tbgen.tcl "
@I [HLS-100] Command 'ap_source' returned 0; elapsed 0.01Total elapsed time: 3.622 sec.
@I [HLS-100] Command "source C:/Users/Kasper/Documents/GitHub/TIHSC/Exercise2/HLS_labs/lab1/matrixmul.prj/solution1/.autopilot/db/matrixmul.tbgen.tcl "
@I [HLS-100] Command 'ap_source' returned 0; elapsed 0Total elapsed time: 3.622 sec.
@I [HLS-100] Command "source C:/Users/Kasper/Documents/GitHub/TIHSC/Exercise2/HLS_labs/lab1/matrixmul.prj/solution1/.autopilot/db/matrixmul.rtl_wrap.cfg.tcl "
@I [HLS-100] Command 'ap_source' returned 0; elapsed 0Total elapsed time: 3.682 sec.
@I [HLS-100] Command "source C:/Users/Kasper/Documents/GitHub/TIHSC/Exercise2/HLS_labs/lab1/matrixmul.prj/solution1/.autopilot/db/matrixmul.rtl_wrap.cfg.tcl "
@I [HLS-100] Command 'ap_source' returned 0; elapsed 0Total elapsed time: 3.682 sec.
@I [HLS-100] Command "source C:/Users/Kasper/Documents/GitHub/TIHSC/Exercise2/HLS_labs/lab1/matrixmul.prj/solution1/.autopilot/db/matrixmul.tbgen.tcl "
@I [HLS-100] Command 'ap_source' returned 0; elapsed 0Total elapsed time: 3.682 sec.
@I [HLS-100] Command "source C:/Users/Kasper/Documents/GitHub/TIHSC/Exercise2/HLS_labs/lab1/matrixmul.prj/solution1/.autopilot/db/matrixmul.tbgen.tcl "
@I [HLS-100] Command 'ap_source' returned 0; elapsed 0.01Total elapsed time: 3.692 sec.
@I [HLS-100] Command "source C:/Users/Kasper/Documents/GitHub/TIHSC/Exercise2/HLS_labs/lab1/matrixmul.prj/solution1/.autopilot/db/global.setting.tcl "
@I [HLS-100] Command 'ap_source' returned 0; elapsed 0Total elapsed time: 3.742 sec.
@I [HLS-100] Command "source C:/Users/Kasper/Documents/GitHub/TIHSC/Exercise2/HLS_labs/lab1/matrixmul.prj/solution1/.autopilot/db/global.setting.tcl "
@I [HLS-100] Command 'ap_source' returned 0; elapsed 0Total elapsed time: 3.772 sec.
@I [HLS-100] Command "source C:/Users/Kasper/Documents/GitHub/TIHSC/Exercise2/HLS_labs/lab1/matrixmul.prj/solution1/.autopilot/db/matrixmul.constraint.tcl "
@I [HLS-100] Command 'ap_source' returned 0; elapsed 0Total elapsed time: 3.782 sec.
@I [HLS-100] Command "source C:/Users/Kasper/Documents/GitHub/TIHSC/Exercise2/HLS_labs/lab1/matrixmul.prj/solution1/.autopilot/db/matrixmul.constraint.tcl "
@I [HLS-100] Command 'ap_source' returned 0; elapsed 0Total elapsed time: 3.782 sec.
@I [HLS-100] Command "source C:/Xilinx/Vivado_HLS/2014.4/common/technology/generic/autopilot/common.gen "
@I [HLS-100] Command "source C:/Xilinx/Vivado_HLS/2014.4/common/technology/generic/autopilot/APCoreGen.gen "
@I [HLS-100] Command 'ap_source' returned 0; elapsed 0.01Total elapsed time: 3.872 sec.
@I [HLS-100] Command 'ap_source' returned 0; elapsed 0.01Total elapsed time: 3.872 sec.
@I [HLS-100] Command "source C:/Xilinx/Vivado_HLS/2014.4/common/technology/generic/autopilot/op.gen "
@I [HLS-100] Command 'ap_source' returned 0; elapsed 0Total elapsed time: 3.872 sec.
@I [HLS-100] Command "source C:/Xilinx/Vivado_HLS/2014.4/common/technology/generic/autopilot/op_simcore.gen "
@I [HLS-100] Command 'ap_source' returned 0; elapsed 0Total elapsed time: 3.872 sec.
@I [HLS-100] Command "source C:/Xilinx/Vivado_HLS/2014.4/common/technology/generic/autopilot/interface.gen "
@I [HLS-100] Command 'ap_source' returned 0; elapsed 0Total elapsed time: 3.872 sec.
@I [HLS-100] Command "source C:/Users/Kasper/Documents/GitHub/TIHSC/Exercise2/HLS_labs/lab1/matrixmul.prj/solution1/.autopilot/db/global.setting.tcl "
@I [HLS-100] Command 'ap_source' returned 0; elapsed 0Total elapsed time: 3.872 sec.
@I [HLS-100] Command "source C:/Xilinx/Vivado_HLS/2014.4/common/technology/xilinx/zynq/zynq.gen "
@I [HLS-100] Command "source C:/Xilinx/Vivado_HLS/2014.4/common/technology/xilinx/common/virtex.gen "
@I [HLS-100] Command "source C:/Xilinx/Vivado_HLS/2014.4/common/technology/xilinx/common/xilinx.gen "
@I [HLS-100] Command "source C:/Xilinx/Vivado_HLS/2014.4/common/technology/xilinx/interface/plb46.gen "
@I [HLS-100] Command 'ap_source' returned 0; elapsed 0Total elapsed time: 3.872 sec.
@I [HLS-100] Command "source C:/Xilinx/Vivado_HLS/2014.4/common/technology/xilinx/interface/fsl.gen "
@I [HLS-100] Command 'ap_source' returned 0; elapsed 0.01Total elapsed time: 3.882 sec.
@I [HLS-100] Command "source C:/Xilinx/Vivado_HLS/2014.4/common/technology/xilinx/interface/axi4.gen "
@I [HLS-100] Command 'ap_source' returned 0; elapsed 0Total elapsed time: 3.882 sec.
@I [HLS-100] Command "source C:/Xilinx/Vivado_HLS/2014.4/common/technology/xilinx/interface/nativeAXI4.gen "
@I [HLS-100] Command "source C:/Xilinx/Vivado_HLS/2014.4/common/technology/xilinx/interface/saxilite.gen "
@I [HLS-100] Command 'ap_source' returned 0; elapsed 0Total elapsed time: 3.882 sec.
@I [HLS-100] Command "source C:/Xilinx/Vivado_HLS/2014.4/common/technology/xilinx/interface/maxi.gen "
@I [HLS-100] Command 'ap_source' returned 0; elapsed 0.01Total elapsed time: 3.892 sec.
@I [HLS-100] Command 'ap_source' returned 0; elapsed 0.01Total elapsed time: 3.892 sec.
@I [HLS-100] Command "source C:/Xilinx/Vivado_HLS/2014.4/common/technology/xilinx/scripts/xilinxcoregen.gen "
@I [HLS-100] Command 'ap_source' returned 0; elapsed 0.01Total elapsed time: 3.902 sec.
@I [HLS-100] Command "source C:/Xilinx/Vivado_HLS/2014.4/common/technology/xilinx/interface/XilEDKCoreGen.gen "
@I [HLS-100] Command 'ap_source' returned 0; elapsed 0.02Total elapsed time: 3.922 sec.
@I [HLS-100] Command "source C:/Xilinx/Vivado_HLS/2014.4/common/technology/xilinx/ip/util.gen "
@I [HLS-100] Command 'ap_source' returned 0; elapsed 0Total elapsed time: 3.922 sec.
@I [HLS-100] Command "source C:/Xilinx/Vivado_HLS/2014.4/common/technology/xilinx/ip/xfft.gen "
@I [HLS-100] Command 'ap_source' returned 0; elapsed 0.13Total elapsed time: 4.52 sec.
@I [HLS-100] Command "source C:/Xilinx/Vivado_HLS/2014.4/common/technology/xilinx/ip/xfir.gen "
@I [HLS-100] Command 'ap_source' returned 0; elapsed 0.03Total elapsed time: 4.82 sec.
@I [HLS-100] Command 'ap_source' returned 0; elapsed 0.21Total elapsed time: 4.82 sec.
@I [HLS-100] Command "source C:/Xilinx/Vivado_HLS/2014.4/common/technology/xilinx/common/dsp48.gen "
@I [HLS-100] Command 'ap_source' returned 0; elapsed 0Total elapsed time: 4.82 sec.
@I [HLS-100] Command 'ap_source' returned 0; elapsed 0.21Total elapsed time: 4.82 sec.
@I [HLS-100] Command 'ap_source' returned 0; elapsed 0.21Total elapsed time: 4.82 sec.
@I [HLS-100] Command "source C:/Xilinx/Vivado_HLS/2014.4/common/technology/xilinx/zynq/zynq_fpv6.gen "
@I [HLS-100] Command "source C:/Xilinx/Vivado_HLS/2014.4/common/technology/xilinx/common/xilinx_fpv6.gen "
@I [HLS-100] Command 'ap_source' returned 0; elapsed 0.01Total elapsed time: 4.92 sec.
@I [HLS-100] Command 'ap_source' returned 0; elapsed 0.01Total elapsed time: 4.92 sec.
@I [HLS-100] Command "source C:/Users/Kasper/Documents/GitHub/TIHSC/Exercise2/HLS_labs/lab1/matrixmul.prj/solution1/.autopilot/db/global.setting.tcl "
@I [HLS-100] Command 'ap_source' returned 0; elapsed 0Total elapsed time: 12.487 sec.
@I [HLS-100] Command "source C:/Xilinx/Vivado_HLS/2014.4/common/technology/generic/autopilot/common.gen "
@I [HLS-100] Command "source C:/Xilinx/Vivado_HLS/2014.4/common/technology/generic/autopilot/APCoreGen.gen "
@I [HLS-100] Command 'ap_source' returned 0; elapsed 0Total elapsed time: 12.497 sec.
@I [HLS-100] Command 'ap_source' returned 0; elapsed 0Total elapsed time: 12.497 sec.
@I [HLS-100] Command "source C:/Xilinx/Vivado_HLS/2014.4/common/technology/generic/autopilot/op.gen "
@I [HLS-100] Command 'ap_source' returned 0; elapsed 0Total elapsed time: 12.497 sec.
@I [HLS-100] Command "source C:/Xilinx/Vivado_HLS/2014.4/common/technology/generic/autopilot/op_simcore.gen "
@I [HLS-100] Command 'ap_source' returned 0; elapsed 0Total elapsed time: 12.497 sec.
@I [HLS-100] Command "source C:/Xilinx/Vivado_HLS/2014.4/common/technology/generic/autopilot/interface.gen "
@I [HLS-100] Command 'ap_source' returned 0; elapsed 0Total elapsed time: 12.497 sec.
@I [HLS-100] Command "source C:/Users/Kasper/Documents/GitHub/TIHSC/Exercise2/HLS_labs/lab1/matrixmul.prj/solution1/.autopilot/db/global.setting.tcl "
@I [HLS-100] Command 'ap_source' returned 0; elapsed 0.01Total elapsed time: 12.507 sec.
@I [HLS-100] Command "source C:/Xilinx/Vivado_HLS/2014.4/common/technology/xilinx/zynq/zynq.gen "
@I [HLS-100] Command "source C:/Xilinx/Vivado_HLS/2014.4/common/technology/xilinx/common/virtex.gen "
@I [HLS-100] Command "source C:/Xilinx/Vivado_HLS/2014.4/common/technology/xilinx/common/xilinx.gen "
@I [HLS-100] Command "source C:/Xilinx/Vivado_HLS/2014.4/common/technology/xilinx/interface/plb46.gen "
@I [HLS-100] Command 'ap_source' returned 0; elapsed 0Total elapsed time: 12.507 sec.
@I [HLS-100] Command "source C:/Xilinx/Vivado_HLS/2014.4/common/technology/xilinx/interface/fsl.gen "
@I [HLS-100] Command 'ap_source' returned 0; elapsed 0Total elapsed time: 12.507 sec.
@I [HLS-100] Command "source C:/Xilinx/Vivado_HLS/2014.4/common/technology/xilinx/interface/axi4.gen "
@I [HLS-100] Command 'ap_source' returned 0; elapsed 0Total elapsed time: 12.507 sec.
@I [HLS-100] Command "source C:/Xilinx/Vivado_HLS/2014.4/common/technology/xilinx/interface/nativeAXI4.gen "
@I [HLS-100] Command "source C:/Xilinx/Vivado_HLS/2014.4/common/technology/xilinx/interface/saxilite.gen "
@I [HLS-100] Command 'ap_source' returned 0; elapsed 0.01Total elapsed time: 12.517 sec.
@I [HLS-100] Command "source C:/Xilinx/Vivado_HLS/2014.4/common/technology/xilinx/interface/maxi.gen "
@I [HLS-100] Command 'ap_source' returned 0; elapsed 0.01Total elapsed time: 12.527 sec.
@I [HLS-100] Command 'ap_source' returned 0; elapsed 0.02Total elapsed time: 12.527 sec.
@I [HLS-100] Command "source C:/Xilinx/Vivado_HLS/2014.4/common/technology/xilinx/scripts/xilinxcoregen.gen "
@I [HLS-100] Command 'ap_source' returned 0; elapsed 0.01Total elapsed time: 12.537 sec.
@I [HLS-100] Command "source C:/Xilinx/Vivado_HLS/2014.4/common/technology/xilinx/interface/XilEDKCoreGen.gen "
@I [HLS-100] Command 'ap_source' returned 0; elapsed 0.01Total elapsed time: 12.547 sec.
@I [HLS-100] Command "source C:/Xilinx/Vivado_HLS/2014.4/common/technology/xilinx/ip/util.gen "
@I [HLS-100] Command 'ap_source' returned 0; elapsed 0Total elapsed time: 12.547 sec.
@I [HLS-100] Command "source C:/Xilinx/Vivado_HLS/2014.4/common/technology/xilinx/ip/xfft.gen "
@I [HLS-100] Command 'ap_source' returned 0; elapsed 0.14Total elapsed time: 12.687 sec.
@I [HLS-100] Command "source C:/Xilinx/Vivado_HLS/2014.4/common/technology/xilinx/ip/xfir.gen "
@I [HLS-100] Command 'ap_source' returned 0; elapsed 0.03Total elapsed time: 12.717 sec.
@I [HLS-100] Command 'ap_source' returned 0; elapsed 0.21Total elapsed time: 12.717 sec.
@I [HLS-100] Command "source C:/Xilinx/Vivado_HLS/2014.4/common/technology/xilinx/common/dsp48.gen "
@I [HLS-100] Command 'ap_source' returned 0; elapsed 0Total elapsed time: 12.727 sec.
@I [HLS-100] Command 'ap_source' returned 0; elapsed 0.22Total elapsed time: 12.727 sec.
@I [HLS-100] Command 'ap_source' returned 0; elapsed 0.22Total elapsed time: 12.727 sec.
@I [HLS-100] Command "source C:/Xilinx/Vivado_HLS/2014.4/common/technology/xilinx/zynq/zynq_fpv6.gen "
@I [HLS-100] Command "source C:/Xilinx/Vivado_HLS/2014.4/common/technology/xilinx/common/xilinx_fpv6.gen "
@I [HLS-100] Command 'ap_source' returned 0; elapsed 0Total elapsed time: 12.727 sec.
@I [HLS-100] Command 'ap_source' returned 0; elapsed 0Total elapsed time: 12.727 sec.
@I [HLS-100] Command "source C:/Users/Kasper/Documents/GitHub/TIHSC/Exercise2/HLS_labs/lab1/matrixmul.prj/solution1/.autopilot/db/global.setting.tcl "
@I [HLS-100] Command 'ap_source' returned 0; elapsed 0.01Total elapsed time: 12.737 sec.
@I [IMPL-8] Starting RTL evaluation using Vivado ...
@I [HLS-100] Command "source C:/Users/Kasper/Documents/GitHub/TIHSC/Exercise2/HLS_labs/lab1/matrixmul.prj/solution1/.autopilot/db/global.setting.tcl "
@I [HLS-100] Command 'ap_source' returned 0; elapsed 0Total elapsed time: 12.737 sec.
@I [HLS-100] Command "source C:/Users/Kasper/Documents/GitHub/TIHSC/Exercise2/HLS_labs/lab1/matrixmul.prj/solution1/.autopilot/db/global.setting.tcl "
@I [HLS-100] Command 'ap_source' returned 0; elapsed 0Total elapsed time: 12.747 sec.
@I [HLS-100] Command "source C:/Xilinx/Vivado_HLS/2014.4/common/technology/generic/autopilot/common.gen "
@I [HLS-100] Command "source C:/Xilinx/Vivado_HLS/2014.4/common/technology/generic/autopilot/APCoreGen.gen "
@I [HLS-100] Command 'ap_source' returned 0; elapsed 0Total elapsed time: 12.757 sec.
@I [HLS-100] Command 'ap_source' returned 0; elapsed 0Total elapsed time: 12.757 sec.
@I [HLS-100] Command "source C:/Xilinx/Vivado_HLS/2014.4/common/technology/generic/autopilot/op.gen "
@I [HLS-100] Command 'ap_source' returned 0; elapsed 0Total elapsed time: 12.757 sec.
@I [HLS-100] Command "source C:/Xilinx/Vivado_HLS/2014.4/common/technology/generic/autopilot/op_simcore.gen "
@I [HLS-100] Command 'ap_source' returned 0; elapsed 0Total elapsed time: 12.757 sec.
@I [HLS-100] Command "source C:/Xilinx/Vivado_HLS/2014.4/common/technology/generic/autopilot/interface.gen "
@I [HLS-100] Command 'ap_source' returned 0; elapsed 0Total elapsed time: 12.757 sec.
@I [HLS-100] Command "source C:/Users/Kasper/Documents/GitHub/TIHSC/Exercise2/HLS_labs/lab1/matrixmul.prj/solution1/.autopilot/db/global.setting.tcl "
@I [HLS-100] Command 'ap_source' returned 0; elapsed 0Total elapsed time: 12.757 sec.
@I [HLS-100] Command "source C:/Xilinx/Vivado_HLS/2014.4/common/technology/xilinx/zynq/zynq.gen "
@I [HLS-100] Command "source C:/Xilinx/Vivado_HLS/2014.4/common/technology/xilinx/common/virtex.gen "
@I [HLS-100] Command "source C:/Xilinx/Vivado_HLS/2014.4/common/technology/xilinx/common/xilinx.gen "
@I [HLS-100] Command "source C:/Xilinx/Vivado_HLS/2014.4/common/technology/xilinx/interface/plb46.gen "
@I [HLS-100] Command 'ap_source' returned 0; elapsed 0Total elapsed time: 12.767 sec.
@I [HLS-100] Command "source C:/Xilinx/Vivado_HLS/2014.4/common/technology/xilinx/interface/fsl.gen "
@I [HLS-100] Command 'ap_source' returned 0; elapsed 0Total elapsed time: 12.767 sec.
@I [HLS-100] Command "source C:/Xilinx/Vivado_HLS/2014.4/common/technology/xilinx/interface/axi4.gen "
@I [HLS-100] Command 'ap_source' returned 0; elapsed 0Total elapsed time: 12.767 sec.
@I [HLS-100] Command "source C:/Xilinx/Vivado_HLS/2014.4/common/technology/xilinx/interface/nativeAXI4.gen "
@I [HLS-100] Command "source C:/Xilinx/Vivado_HLS/2014.4/common/technology/xilinx/interface/saxilite.gen "
@I [HLS-100] Command 'ap_source' returned 0; elapsed 0.01Total elapsed time: 12.777 sec.
@I [HLS-100] Command "source C:/Xilinx/Vivado_HLS/2014.4/common/technology/xilinx/interface/maxi.gen "
@I [HLS-100] Command 'ap_source' returned 0; elapsed 0.01Total elapsed time: 12.787 sec.
@I [HLS-100] Command 'ap_source' returned 0; elapsed 0.02Total elapsed time: 12.787 sec.
@I [HLS-100] Command "source C:/Xilinx/Vivado_HLS/2014.4/common/technology/xilinx/scripts/xilinxcoregen.gen "
@I [HLS-100] Command 'ap_source' returned 0; elapsed 0.01Total elapsed time: 12.797 sec.
@I [HLS-100] Command "source C:/Xilinx/Vivado_HLS/2014.4/common/technology/xilinx/interface/XilEDKCoreGen.gen "
@I [HLS-100] Command 'ap_source' returned 0; elapsed 0.01Total elapsed time: 12.807 sec.
@I [HLS-100] Command "source C:/Xilinx/Vivado_HLS/2014.4/common/technology/xilinx/ip/util.gen "
@I [HLS-100] Command 'ap_source' returned 0; elapsed 0Total elapsed time: 12.807 sec.
@I [HLS-100] Command "source C:/Xilinx/Vivado_HLS/2014.4/common/technology/xilinx/ip/xfft.gen "
@I [HLS-100] Command 'ap_source' returned 0; elapsed 0.13Total elapsed time: 12.937 sec.
@I [HLS-100] Command "source C:/Xilinx/Vivado_HLS/2014.4/common/technology/xilinx/ip/xfir.gen "
@I [HLS-100] Command 'ap_source' returned 0; elapsed 0.04Total elapsed time: 12.977 sec.
@I [HLS-100] Command 'ap_source' returned 0; elapsed 0.21Total elapsed time: 12.977 sec.
@I [HLS-100] Command "source C:/Xilinx/Vivado_HLS/2014.4/common/technology/xilinx/common/dsp48.gen "
@I [HLS-100] Command 'ap_source' returned 0; elapsed 0Total elapsed time: 12.977 sec.
@I [HLS-100] Command 'ap_source' returned 0; elapsed 0.22Total elapsed time: 12.977 sec.
@I [HLS-100] Command 'ap_source' returned 0; elapsed 0.22Total elapsed time: 12.977 sec.
@I [HLS-100] Command "source C:/Xilinx/Vivado_HLS/2014.4/common/technology/xilinx/zynq/zynq_fpv6.gen "
@I [HLS-100] Command "source C:/Xilinx/Vivado_HLS/2014.4/common/technology/xilinx/common/xilinx_fpv6.gen "
@I [HLS-100] Command 'ap_source' returned 0; elapsed 0Total elapsed time: 12.977 sec.
@I [HLS-100] Command 'ap_source' returned 0; elapsed 0Total elapsed time: 12.977 sec.
@I [HLS-100] Command "source C:/Users/Kasper/Documents/GitHub/TIHSC/Exercise2/HLS_labs/lab1/matrixmul.prj/solution1/.autopilot/db/global.setting.tcl "
@I [HLS-100] Command 'ap_source' returned 0; elapsed 0.01Total elapsed time: 12.987 sec.
@I [HLS-100] Command "source C:/Users/Kasper/Documents/GitHub/TIHSC/Exercise2/HLS_labs/lab1/matrixmul.prj/solution1/.autopilot/db/matrixmul.compgen.tcl "
@I [HLS-100] Command 'ap_source' returned 0; elapsed 0Total elapsed time: 12.987 sec.
@I [HLS-100] Command "source C:/Users/Kasper/Documents/GitHub/TIHSC/Exercise2/HLS_labs/lab1/matrixmul.prj/solution1/.autopilot/db/global.setting.tcl "
@I [HLS-100] Command 'ap_source' returned 0; elapsed 0Total elapsed time: 13.47 sec.
@I [HLS-100] Command "source C:/Users/Kasper/Documents/GitHub/TIHSC/Exercise2/HLS_labs/lab1/matrixmul.prj/solution1/.autopilot/db/matrixmul.constraint.tcl "
@I [HLS-100] Command 'ap_source' returned 0; elapsed 0Total elapsed time: 13.47 sec.
@I [HLS-100] Command "source C:/Xilinx/Vivado_HLS/2014.4/common/technology/generic/autopilot/common.gen "
@I [HLS-100] Command "source C:/Xilinx/Vivado_HLS/2014.4/common/technology/generic/autopilot/APCoreGen.gen "
@I [HLS-100] Command 'ap_source' returned 0; elapsed 0Total elapsed time: 13.97 sec.
@I [HLS-100] Command 'ap_source' returned 0; elapsed 0Total elapsed time: 13.97 sec.
@I [HLS-100] Command "source C:/Xilinx/Vivado_HLS/2014.4/common/technology/generic/autopilot/op.gen "
@I [HLS-100] Command 'ap_source' returned 0; elapsed 0Total elapsed time: 13.107 sec.
@I [HLS-100] Command "source C:/Xilinx/Vivado_HLS/2014.4/common/technology/generic/autopilot/op_simcore.gen "
@I [HLS-100] Command 'ap_source' returned 0; elapsed 0Total elapsed time: 13.107 sec.
@I [HLS-100] Command "source C:/Xilinx/Vivado_HLS/2014.4/common/technology/generic/autopilot/interface.gen "
@I [HLS-100] Command 'ap_source' returned 0; elapsed 0Total elapsed time: 13.107 sec.
@I [HLS-100] Command "source C:/Users/Kasper/Documents/GitHub/TIHSC/Exercise2/HLS_labs/lab1/matrixmul.prj/solution1/.autopilot/db/global.setting.tcl "
@I [HLS-100] Command 'ap_source' returned 0; elapsed 0Total elapsed time: 13.107 sec.
@I [HLS-100] Command "source C:/Xilinx/Vivado_HLS/2014.4/common/technology/xilinx/zynq/zynq.gen "
@I [HLS-100] Command "source C:/Xilinx/Vivado_HLS/2014.4/common/technology/xilinx/common/virtex.gen "
@I [HLS-100] Command "source C:/Xilinx/Vivado_HLS/2014.4/common/technology/xilinx/common/xilinx.gen "
@I [HLS-100] Command "source C:/Xilinx/Vivado_HLS/2014.4/common/technology/xilinx/interface/plb46.gen "
@I [HLS-100] Command 'ap_source' returned 0; elapsed 0Total elapsed time: 13.117 sec.
@I [HLS-100] Command "source C:/Xilinx/Vivado_HLS/2014.4/common/technology/xilinx/interface/fsl.gen "
@I [HLS-100] Command 'ap_source' returned 0; elapsed 0Total elapsed time: 13.117 sec.
@I [HLS-100] Command "source C:/Xilinx/Vivado_HLS/2014.4/common/technology/xilinx/interface/axi4.gen "
@I [HLS-100] Command 'ap_source' returned 0; elapsed 0Total elapsed time: 13.117 sec.
@I [HLS-100] Command "source C:/Xilinx/Vivado_HLS/2014.4/common/technology/xilinx/interface/nativeAXI4.gen "
@I [HLS-100] Command "source C:/Xilinx/Vivado_HLS/2014.4/common/technology/xilinx/interface/saxilite.gen "
@I [HLS-100] Command 'ap_source' returned 0; elapsed 0.01Total elapsed time: 13.127 sec.
@I [HLS-100] Command "source C:/Xilinx/Vivado_HLS/2014.4/common/technology/xilinx/interface/maxi.gen "
@I [HLS-100] Command 'ap_source' returned 0; elapsed 0.01Total elapsed time: 13.137 sec.
@I [HLS-100] Command 'ap_source' returned 0; elapsed 0.02Total elapsed time: 13.137 sec.
@I [HLS-100] Command "source C:/Xilinx/Vivado_HLS/2014.4/common/technology/xilinx/scripts/xilinxcoregen.gen "
@I [HLS-100] Command 'ap_source' returned 0; elapsed 0.01Total elapsed time: 13.147 sec.
@I [HLS-100] Command "source C:/Xilinx/Vivado_HLS/2014.4/common/technology/xilinx/interface/XilEDKCoreGen.gen "
@I [HLS-100] Command 'ap_source' returned 0; elapsed 0.01Total elapsed time: 13.157 sec.
@I [HLS-100] Command "source C:/Xilinx/Vivado_HLS/2014.4/common/technology/xilinx/ip/util.gen "
@I [HLS-100] Command 'ap_source' returned 0; elapsed 0Total elapsed time: 13.157 sec.
@I [HLS-100] Command "source C:/Xilinx/Vivado_HLS/2014.4/common/technology/xilinx/ip/xfft.gen "
@I [HLS-100] Command 'ap_source' returned 0; elapsed 0.13Total elapsed time: 13.287 sec.
@I [HLS-100] Command "source C:/Xilinx/Vivado_HLS/2014.4/common/technology/xilinx/ip/xfir.gen "
@I [HLS-100] Command 'ap_source' returned 0; elapsed 0.04Total elapsed time: 13.327 sec.
@I [HLS-100] Command 'ap_source' returned 0; elapsed 0.21Total elapsed time: 13.327 sec.
@I [HLS-100] Command "source C:/Xilinx/Vivado_HLS/2014.4/common/technology/xilinx/common/dsp48.gen "
@I [HLS-100] Command 'ap_source' returned 0; elapsed 0Total elapsed time: 13.327 sec.
@I [HLS-100] Command 'ap_source' returned 0; elapsed 0.21Total elapsed time: 13.327 sec.
@I [HLS-100] Command 'ap_source' returned 0; elapsed 0.22Total elapsed time: 13.327 sec.
@I [HLS-100] Command "source C:/Xilinx/Vivado_HLS/2014.4/common/technology/xilinx/zynq/zynq_fpv6.gen "
@I [HLS-100] Command "source C:/Xilinx/Vivado_HLS/2014.4/common/technology/xilinx/common/xilinx_fpv6.gen "
@I [HLS-100] Command 'ap_source' returned 0; elapsed 0.01Total elapsed time: 13.337 sec.
@I [HLS-100] Command 'ap_source' returned 0; elapsed 0.01Total elapsed time: 13.337 sec.
@I [HLS-100] Command "source C:/Users/Kasper/Documents/GitHub/TIHSC/Exercise2/HLS_labs/lab1/matrixmul.prj/solution1/.autopilot/db/global.setting.tcl "
@I [HLS-100] Command 'ap_source' returned 0; elapsed 0.01Total elapsed time: 13.377 sec.
@I [HLS-100] Command 'export_design' returned 0; elapsed 174.355Total elapsed time: 176.786 sec.
@I [HLS-100] Command "cleanup_all "
@I [HLS-100] Command 'cleanup_all' returned 0; elapsed 0Total elapsed time: 176.786 sec.
