@I [HLS-0] Workspace C:/Users/Kasper/Documents/GitHub/TIHSC/MotorControl/MotorControl/solution1 opened at Wed May 20 15:26:21 +0200 2015
@I [HLS-100] Command "config_clock -quiet -name default -period 8 -default=false "
@I [SYN-201] Setting up clock 'default' with a period of 8ns.
@I [HLS-100] Command 'config_clock' returned 0; elapsed 0Total elapsed time: 1.551 sec.
@I [HLS-100] Command "open_platform DefaultPlatform "
@I [HLS-100] Command 'open_platform' returned 0; elapsed 0Total elapsed time: 1.551 sec.
@I [HLS-100] Command "import_lib C:/Xilinx/Vivado_HLS/2014.4/common/technology/xilinx/zynq/zynq "
@I [HLS-100] Command "source C:/Xilinx/Vivado_HLS/2014.4/common/technology/xilinx/common/xilinx.lib "
@I [HLS-100] Command "source C:/Xilinx/Vivado_HLS/2014.4/common/technology/xilinx/interface/xilinx_interface.lib "
@I [HLS-100] Command "source C:/Xilinx/Vivado_HLS/2014.4/common/technology/xilinx/interface/plb46.lib "
@I [HLS-100] Command 'ap_source' returned 0; elapsed 0Total elapsed time: 1.551 sec.
@I [HLS-100] Command "source C:/Xilinx/Vivado_HLS/2014.4/common/technology/xilinx/interface/fsl.lib "
@I [HLS-100] Command 'ap_source' returned 0; elapsed 0Total elapsed time: 1.551 sec.
@I [HLS-100] Command "source C:/Xilinx/Vivado_HLS/2014.4/common/technology/xilinx/interface/axi4.lib "
@I [HLS-100] Command 'ap_source' returned 0; elapsed 0Total elapsed time: 1.551 sec.
@I [HLS-100] Command "source C:/Xilinx/Vivado_HLS/2014.4/common/technology/xilinx/interface/maxi.lib "
@I [HLS-100] Command 'ap_source' returned 0; elapsed 0Total elapsed time: 1.551 sec.
@I [HLS-100] Command "source C:/Xilinx/Vivado_HLS/2014.4/common/technology/xilinx/interface/saxilite.lib "
@I [HLS-100] Command 'ap_source' returned 0; elapsed 0Total elapsed time: 1.551 sec.
@I [HLS-100] Command 'ap_source' returned 0; elapsed 0Total elapsed time: 1.551 sec.
@I [HLS-100] Command "source C:/Xilinx/Vivado_HLS/2014.4/common/technology/xilinx/common/dsp48.lib "
@I [HLS-100] Command 'ap_source' returned 0; elapsed 0Total elapsed time: 1.551 sec.
@I [HLS-100] Command "source C:/Xilinx/Vivado_HLS/2014.4/common/technology/xilinx/ip/xfft.lib "
@I [HLS-100] Command 'ap_source' returned 0; elapsed 0Total elapsed time: 1.551 sec.
@I [HLS-100] Command "source C:/Xilinx/Vivado_HLS/2014.4/common/technology/xilinx/ip/xfir.lib "
@I [HLS-100] Command 'ap_source' returned 0; elapsed 0Total elapsed time: 1.551 sec.
@I [HLS-100] Command 'ap_source' returned 0; elapsed 0.01Total elapsed time: 1.561 sec.
@I [HLS-100] Command "source C:/Xilinx/Vivado_HLS/2014.4/common/technology/xilinx/common/xilinx_old.lib "
@I [HLS-100] Command 'ap_source' returned 0; elapsed 0Total elapsed time: 1.561 sec.
@I [HLS-100] Command "source C:/Xilinx/Vivado_HLS/2014.4/common/technology/xilinx/common/xilinx_vivado.lib "
@I [HLS-100] Command 'ap_source' returned 0; elapsed 0Total elapsed time: 1.561 sec.
@I [HLS-100] Command "source C:/Xilinx/Vivado_HLS/2014.4/common/technology/xilinx/common/xilinx.hlp "
@I [HLS-100] Command "source C:/Xilinx/Vivado_HLS/2014.4/common/technology/xilinx/common/target_info.tcl "
@I [HLS-100] Command 'ap_source' returned 0; elapsed 0Total elapsed time: 1.561 sec.
@I [HLS-100] Command "source C:/Xilinx/Vivado_HLS/2014.4/common/technology/xilinx/interface/xilinx_interface.hlp "
@I [HLS-100] Command "source C:/Xilinx/Vivado_HLS/2014.4/common/technology/xilinx/interface/maxi.hlp "
@I [HLS-100] Command 'ap_source' returned 0; elapsed 0Total elapsed time: 1.561 sec.
@I [HLS-100] Command "source C:/Xilinx/Vivado_HLS/2014.4/common/technology/xilinx/interface/saxilite.hlp "
@I [HLS-100] Command 'ap_source' returned 0; elapsed 0Total elapsed time: 1.561 sec.
@I [HLS-100] Command 'ap_source' returned 0; elapsed 0Total elapsed time: 1.561 sec.
@I [HLS-100] Command "source C:/Xilinx/Vivado_HLS/2014.4/common/technology/xilinx/common/dsp48.hlp "
@I [HLS-100] Command 'ap_source' returned 0; elapsed 0.01Total elapsed time: 1.571 sec.
@I [HLS-100] Command 'ap_source' returned 0; elapsed 0.01Total elapsed time: 1.571 sec.
@I [HLS-100] Command "source C:/Xilinx/Vivado_HLS/2014.4/common/technology/xilinx/zynq/dsp48e1.hlp "
@I [HLS-100] Command 'ap_source' returned 0; elapsed 0Total elapsed time: 1.571 sec.
@I [HLS-100] Command "get_default_platform "
@I [HLS-100] Command 'get_default_platform' returned 0; elapsed 0Total elapsed time: 1.571 sec.
@I [HLS-100] Command "config_chip_info -quiet -resource  {SLICE 13300}  {LUT 53200}     {FF 106400} {DSP48E 220}   {BRAM 280}  "
@I [HLS-100] Command 'config_chip_info' returned 0; elapsed 0Total elapsed time: 1.571 sec.
@I [HLS-100] Command "config_chip_info -quiet -speed medium "
@I [HLS-100] Command 'config_chip_info' returned 0; elapsed 0Total elapsed time: 1.571 sec.
@I [HLS-100] Command 'import_lib' returned 0; elapsed 0.02Total elapsed time: 1.571 sec.
@I [HLS-100] Command "source C:/Xilinx/Vivado_HLS/2014.4/common/technology/xilinx/zynq/zynq.gen "
@I [HLS-100] Command "source C:/Xilinx/Vivado_HLS/2014.4/common/technology/xilinx/common/virtex.gen "
@I [HLS-100] Command "source C:/Xilinx/Vivado_HLS/2014.4/common/technology/xilinx/common/xilinx.gen "
@I [HLS-100] Command "source C:/Xilinx/Vivado_HLS/2014.4/common/technology/xilinx/interface/plb46.gen "
@I [HLS-100] Command 'ap_source' returned 0; elapsed 0Total elapsed time: 1.571 sec.
@I [HLS-100] Command "source C:/Xilinx/Vivado_HLS/2014.4/common/technology/xilinx/interface/fsl.gen "
@I [HLS-100] Command 'ap_source' returned 0; elapsed 0Total elapsed time: 1.571 sec.
@I [HLS-100] Command "source C:/Xilinx/Vivado_HLS/2014.4/common/technology/xilinx/interface/axi4.gen "
@I [HLS-100] Command 'ap_source' returned 0; elapsed 0Total elapsed time: 1.571 sec.
@I [HLS-100] Command "source C:/Xilinx/Vivado_HLS/2014.4/common/technology/xilinx/interface/nativeAXI4.gen "
@I [HLS-100] Command "source C:/Xilinx/Vivado_HLS/2014.4/common/technology/xilinx/interface/saxilite.gen "
@I [HLS-100] Command 'ap_source' returned 0; elapsed 0.01Total elapsed time: 1.581 sec.
@I [HLS-100] Command "source C:/Xilinx/Vivado_HLS/2014.4/common/technology/xilinx/interface/maxi.gen "
@I [HLS-100] Command 'ap_source' returned 0; elapsed 0.01Total elapsed time: 1.591 sec.
@I [HLS-100] Command 'ap_source' returned 0; elapsed 0.02Total elapsed time: 1.591 sec.
@I [HLS-100] Command "source C:/Xilinx/Vivado_HLS/2014.4/common/technology/xilinx/scripts/xilinxcoregen.gen "
@I [HLS-100] Command 'ap_source' returned 0; elapsed 0.01Total elapsed time: 1.601 sec.
@I [HLS-100] Command "source C:/Xilinx/Vivado_HLS/2014.4/common/technology/xilinx/interface/XilEDKCoreGen.gen "
@I [HLS-100] Command 'ap_source' returned 0; elapsed 0.01Total elapsed time: 1.611 sec.
@I [HLS-100] Command "source C:/Xilinx/Vivado_HLS/2014.4/common/technology/xilinx/ip/util.gen "
@I [HLS-100] Command 'ap_source' returned 0; elapsed 0Total elapsed time: 1.611 sec.
@I [HLS-100] Command "source C:/Xilinx/Vivado_HLS/2014.4/common/technology/xilinx/ip/xfft.gen "
@I [HLS-100] Command 'ap_source' returned 0; elapsed 0.14Total elapsed time: 1.751 sec.
@I [HLS-100] Command "source C:/Xilinx/Vivado_HLS/2014.4/common/technology/xilinx/ip/xfir.gen "
@I [HLS-100] Command "source C:/Xilinx/Vivado_HLS/2014.4/tps/tcl/tcllib1.11.1/struct/list.tcl "
@I [HLS-100] Command "source C:/Xilinx/Vivado_HLS/2014.4/tps/tcl/tcllib1.11.1/cmdline/cmdline.tcl "
@I [HLS-100] Command 'ap_source' returned 0; elapsed 0Total elapsed time: 1.771 sec.
@I [HLS-100] Command 'ap_source' returned 0; elapsed 0.01Total elapsed time: 1.781 sec.
@I [HLS-100] Command "source C:/Xilinx/Vivado_HLS/2014.4/tps/tcl/tcllib1.11.1/math/bignum.tcl "
@I [HLS-100] Command 'ap_source' returned 0; elapsed 0Total elapsed time: 1.781 sec.
@I [HLS-100] Command 'ap_source' returned 0; elapsed 0.04Total elapsed time: 1.791 sec.
@I [HLS-100] Command 'ap_source' returned 0; elapsed 0.22Total elapsed time: 1.791 sec.
@I [HLS-100] Command "source C:/Xilinx/Vivado_HLS/2014.4/common/technology/xilinx/common/dsp48.gen "
@I [HLS-100] Command 'ap_source' returned 0; elapsed 0Total elapsed time: 1.791 sec.
@I [HLS-100] Command 'ap_source' returned 0; elapsed 0.22Total elapsed time: 1.791 sec.
@I [HLS-100] Command 'ap_source' returned 0; elapsed 0.22Total elapsed time: 1.791 sec.
@I [HLS-100] Command "open_platform DefaultPlatform "
@I [HLS-100] Command 'open_platform' returned 0; elapsed 0Total elapsed time: 1.791 sec.
@I [HLS-100] Command "import_lib C:/Xilinx/Vivado_HLS/2014.4/common/technology/xilinx/zynq/zynq_fpv6 "
@I [HLS-100] Command "source C:/Xilinx/Vivado_HLS/2014.4/common/technology/xilinx/common/xilinx_fpv7.lib "
@I [HLS-100] Command 'ap_source' returned 0; elapsed 0Total elapsed time: 1.791 sec.
@I [HLS-100] Command "source C:/Xilinx/Vivado_HLS/2014.4/common/technology/xilinx/common/xilinx_fpv.hlp "
@I [HLS-100] Command "source C:/Xilinx/Vivado_HLS/2014.4/common/technology/xilinx/common/xilinx.hlp "
@I [HLS-100] Command "source C:/Xilinx/Vivado_HLS/2014.4/common/technology/xilinx/common/target_info.tcl "
@I [HLS-100] Command 'ap_source' returned 0; elapsed 0.01Total elapsed time: 1.811 sec.
@I [HLS-100] Command "source C:/Xilinx/Vivado_HLS/2014.4/common/technology/xilinx/interface/xilinx_interface.hlp "
@I [HLS-100] Command "source C:/Xilinx/Vivado_HLS/2014.4/common/technology/xilinx/interface/maxi.hlp "
@I [HLS-100] Command 'ap_source' returned 0; elapsed 0Total elapsed time: 1.811 sec.
@I [HLS-100] Command "source C:/Xilinx/Vivado_HLS/2014.4/common/technology/xilinx/interface/saxilite.hlp "
@I [HLS-100] Command 'ap_source' returned 0; elapsed 0Total elapsed time: 1.811 sec.
@I [HLS-100] Command 'ap_source' returned 0; elapsed 0Total elapsed time: 1.811 sec.
@I [HLS-100] Command "source C:/Xilinx/Vivado_HLS/2014.4/common/technology/xilinx/common/dsp48.hlp "
@I [HLS-100] Command 'ap_source' returned 0; elapsed 0Total elapsed time: 1.811 sec.
@I [HLS-100] Command 'ap_source' returned 0; elapsed 0.01Total elapsed time: 1.811 sec.
@I [HLS-100] Command 'ap_source' returned 0; elapsed 0.01Total elapsed time: 1.811 sec.
@I [HLS-100] Command 'import_lib' returned 0; elapsed 0.02Total elapsed time: 1.811 sec.
@I [HLS-100] Command "source C:/Xilinx/Vivado_HLS/2014.4/common/technology/xilinx/zynq/zynq_fpv6.gen "
@I [HLS-100] Command "source C:/Xilinx/Vivado_HLS/2014.4/common/technology/xilinx/common/xilinx_fpv6.gen "
@I [HLS-100] Command 'ap_source' returned 0; elapsed 0.01Total elapsed time: 1.821 sec.
@I [HLS-100] Command 'ap_source' returned 0; elapsed 0.01Total elapsed time: 1.821 sec.
@I [HLS-100] Command "set_part xc7z010clg400-1 "
@I [HLS-100] Command "add_library xilinx/zynq/zynq:xc7z010:clg400:-1 "
@I [HLS-100] Command "get_default_platform "
@I [HLS-100] Command 'get_default_platform' returned 0; elapsed 0Total elapsed time: 1.821 sec.
@I [HLS-100] Command "license_exists VIVADO_HLS "
@I [LICQ-103] Checked out feature [VIVADO_HLS]
@I [LIC-101] Checked out feature [VIVADO_HLS]
@I [HLS-100] Command 'license_exists' returned 0; elapsed 0Total elapsed time: 1.821 sec.
@I [HLS-100] Command "get_default_platform "
@I [HLS-100] Command 'get_default_platform' returned 0; elapsed 0Total elapsed time: 1.821 sec.
@I [HLS-100] Command "config_chip_info -quiet -resource  {SLICE 4400}   {LUT 17600}     {FF 35200}  {DSP48E 80}    {BRAM 120}  "
@I [HLS-100] Command 'config_chip_info' returned 0; elapsed 0Total elapsed time: 1.821 sec.
@I [HLS-100] Command "config_chip_info -quiet -speed slow "
@I [HLS-100] Command 'config_chip_info' returned 0; elapsed 0Total elapsed time: 1.821 sec.
@I [HLS-100] Command 'add_library' returned 0; elapsed 0.01Total elapsed time: 1.831 sec.
@I [HLS-100] Command "add_library xilinx/zynq/zynq_fpv6 "
@I [HLS-100] Command "get_default_platform "
@I [HLS-100] Command 'get_default_platform' returned 0; elapsed 0Total elapsed time: 1.831 sec.
@I [HLS-100] Command "license_exists VIVADO_HLS "
@I [HLS-100] Command 'license_exists' returned 0; elapsed 0Total elapsed time: 1.831 sec.
@I [HLS-100] Command 'add_library' returned 0; elapsed 0Total elapsed time: 1.831 sec.
@I [HLS-10] Setting target device to 'xc7z010clg400-1'
@I [HLS-100] Command 'set_part' returned 0; elapsed 0.01Total elapsed time: 1.831 sec.
@I [HLS-100] Command "get_default_platform "
@I [HLS-100] Command 'get_default_platform' returned 0; elapsed 0Total elapsed time: 1.831 sec.
@I [HLS-100] Command "config_chip_info -quiet -resource  {SLICE 4400}   {LUT 17600}     {FF 35200}  {DSP48E 80}    {BRAM 120}  "
@I [HLS-100] Command 'config_chip_info' returned 0; elapsed 0Total elapsed time: 1.831 sec.
@I [HLS-100] Command "config_chip_info -quiet -speed slow "
@I [HLS-100] Command 'config_chip_info' returned 0; elapsed 0Total elapsed time: 1.831 sec.
@I [HLS-100] Command 'open_solution' returned 0; elapsed 0.3Total elapsed time: 1.831 sec.
@I [HLS-100] Command "export_design -evaluate vhdl -format ip_catalog "
@I [HLS-100] Command "source C:/Users/Kasper/Documents/GitHub/TIHSC/MotorControl/MotorControl/solution1/.autopilot/db/global.setting.tcl "
@I [HLS-100] Command 'ap_source' returned 0; elapsed 0Total elapsed time: 1.841 sec.
@I [HLS-100] Command "source C:/Xilinx/Vivado_HLS/2014.4/common/technology/generic/autopilot/common.gen "
@I [HLS-100] Command "source C:/Xilinx/Vivado_HLS/2014.4/common/technology/generic/autopilot/APCoreGen.gen "
@I [HLS-100] Command 'ap_source' returned 0; elapsed 0Total elapsed time: 1.851 sec.
@I [HLS-100] Command 'ap_source' returned 0; elapsed 0Total elapsed time: 1.851 sec.
@I [HLS-100] Command "source C:/Xilinx/Vivado_HLS/2014.4/common/technology/generic/autopilot/op.gen "
@I [HLS-100] Command 'ap_source' returned 0; elapsed 0Total elapsed time: 1.851 sec.
@I [HLS-100] Command "source C:/Xilinx/Vivado_HLS/2014.4/common/technology/generic/autopilot/op_simcore.gen "
@I [HLS-100] Command 'ap_source' returned 0; elapsed 0Total elapsed time: 1.851 sec.
@I [HLS-100] Command "source C:/Xilinx/Vivado_HLS/2014.4/common/technology/generic/autopilot/interface.gen "
@I [HLS-100] Command 'ap_source' returned 0; elapsed 0Total elapsed time: 1.851 sec.
@I [HLS-100] Command "source C:/Users/Kasper/Documents/GitHub/TIHSC/MotorControl/MotorControl/solution1/.autopilot/db/global.setting.tcl "
@I [HLS-100] Command 'ap_source' returned 0; elapsed 0Total elapsed time: 1.851 sec.
@I [HLS-100] Command "source C:/Xilinx/Vivado_HLS/2014.4/common/technology/xilinx/zynq/zynq.gen "
@I [HLS-100] Command "source C:/Xilinx/Vivado_HLS/2014.4/common/technology/xilinx/common/virtex.gen "
@I [HLS-100] Command "source C:/Xilinx/Vivado_HLS/2014.4/common/technology/xilinx/common/xilinx.gen "
@I [HLS-100] Command "source C:/Xilinx/Vivado_HLS/2014.4/common/technology/xilinx/interface/plb46.gen "
@I [HLS-100] Command 'ap_source' returned 0; elapsed 0Total elapsed time: 1.851 sec.
@I [HLS-100] Command "source C:/Xilinx/Vivado_HLS/2014.4/common/technology/xilinx/interface/fsl.gen "
@I [HLS-100] Command 'ap_source' returned 0; elapsed 0.01Total elapsed time: 1.861 sec.
@I [HLS-100] Command "source C:/Xilinx/Vivado_HLS/2014.4/common/technology/xilinx/interface/axi4.gen "
@I [HLS-100] Command 'ap_source' returned 0; elapsed 0Total elapsed time: 1.861 sec.
@I [HLS-100] Command "source C:/Xilinx/Vivado_HLS/2014.4/common/technology/xilinx/interface/nativeAXI4.gen "
@I [HLS-100] Command "source C:/Xilinx/Vivado_HLS/2014.4/common/technology/xilinx/interface/saxilite.gen "
@I [HLS-100] Command 'ap_source' returned 0; elapsed 0Total elapsed time: 1.861 sec.
@I [HLS-100] Command "source C:/Xilinx/Vivado_HLS/2014.4/common/technology/xilinx/interface/maxi.gen "
@I [HLS-100] Command 'ap_source' returned 0; elapsed 0.01Total elapsed time: 1.871 sec.
@I [HLS-100] Command 'ap_source' returned 0; elapsed 0.01Total elapsed time: 1.871 sec.
@I [HLS-100] Command "source C:/Xilinx/Vivado_HLS/2014.4/common/technology/xilinx/scripts/xilinxcoregen.gen "
@I [HLS-100] Command 'ap_source' returned 0; elapsed 0.01Total elapsed time: 1.881 sec.
@I [HLS-100] Command "source C:/Xilinx/Vivado_HLS/2014.4/common/technology/xilinx/interface/XilEDKCoreGen.gen "
@I [HLS-100] Command 'ap_source' returned 0; elapsed 0.02Total elapsed time: 1.901 sec.
@I [HLS-100] Command "source C:/Xilinx/Vivado_HLS/2014.4/common/technology/xilinx/ip/util.gen "
@I [HLS-100] Command 'ap_source' returned 0; elapsed 0Total elapsed time: 1.901 sec.
@I [HLS-100] Command "source C:/Xilinx/Vivado_HLS/2014.4/common/technology/xilinx/ip/xfft.gen "
@I [HLS-100] Command 'ap_source' returned 0; elapsed 0.12Total elapsed time: 2.21 sec.
@I [HLS-100] Command "source C:/Xilinx/Vivado_HLS/2014.4/common/technology/xilinx/ip/xfir.gen "
@I [HLS-100] Command 'ap_source' returned 0; elapsed 0.03Total elapsed time: 2.51 sec.
@I [HLS-100] Command 'ap_source' returned 0; elapsed 0.2Total elapsed time: 2.51 sec.
@I [HLS-100] Command "source C:/Xilinx/Vivado_HLS/2014.4/common/technology/xilinx/common/dsp48.gen "
@I [HLS-100] Command 'ap_source' returned 0; elapsed 0Total elapsed time: 2.61 sec.
@I [HLS-100] Command 'ap_source' returned 0; elapsed 0.21Total elapsed time: 2.61 sec.
@I [HLS-100] Command 'ap_source' returned 0; elapsed 0.21Total elapsed time: 2.61 sec.
@I [HLS-100] Command "source C:/Xilinx/Vivado_HLS/2014.4/common/technology/xilinx/zynq/zynq_fpv6.gen "
@I [HLS-100] Command "source C:/Xilinx/Vivado_HLS/2014.4/common/technology/xilinx/common/xilinx_fpv6.gen "
@I [HLS-100] Command 'ap_source' returned 0; elapsed 0Total elapsed time: 2.61 sec.
@I [HLS-100] Command 'ap_source' returned 0; elapsed 0Total elapsed time: 2.61 sec.
@I [HLS-100] Command "source C:/Users/Kasper/Documents/GitHub/TIHSC/MotorControl/MotorControl/solution1/.autopilot/db/global.setting.tcl "
@I [HLS-100] Command 'ap_source' returned 0; elapsed 0Total elapsed time: 2.71 sec.
@I [IMPL-8] Exporting RTL as an IP in IP-XACT.
@I [HLS-100] Command "source C:/Users/Kasper/Documents/GitHub/TIHSC/MotorControl/MotorControl/solution1/.autopilot/db/global.setting.tcl "
@I [HLS-100] Command 'ap_source' returned 0; elapsed 0Total elapsed time: 2.71 sec.
@I [HLS-100] Command "source C:/Users/Kasper/Documents/GitHub/TIHSC/MotorControl/MotorControl/solution1/.autopilot/db/global.setting.tcl "
@I [HLS-100] Command 'ap_source' returned 0; elapsed 0Total elapsed time: 2.91 sec.
@I [HLS-100] Command "source C:/Xilinx/Vivado_HLS/2014.4/common/technology/generic/autopilot/common.gen "
@I [HLS-100] Command "source C:/Xilinx/Vivado_HLS/2014.4/common/technology/generic/autopilot/APCoreGen.gen "
@I [HLS-100] Command 'ap_source' returned 0; elapsed 0Total elapsed time: 2.91 sec.
@I [HLS-100] Command 'ap_source' returned 0; elapsed 0Total elapsed time: 2.91 sec.
@I [HLS-100] Command "source C:/Xilinx/Vivado_HLS/2014.4/common/technology/generic/autopilot/op.gen "
@I [HLS-100] Command 'ap_source' returned 0; elapsed 0Total elapsed time: 2.91 sec.
@I [HLS-100] Command "source C:/Xilinx/Vivado_HLS/2014.4/common/technology/generic/autopilot/op_simcore.gen "
@I [HLS-100] Command 'ap_source' returned 0; elapsed 0Total elapsed time: 2.91 sec.
@I [HLS-100] Command "source C:/Xilinx/Vivado_HLS/2014.4/common/technology/generic/autopilot/interface.gen "
@I [HLS-100] Command 'ap_source' returned 0; elapsed 0Total elapsed time: 2.91 sec.
@I [HLS-100] Command "source C:/Users/Kasper/Documents/GitHub/TIHSC/MotorControl/MotorControl/solution1/.autopilot/db/global.setting.tcl "
@I [HLS-100] Command 'ap_source' returned 0; elapsed 0Total elapsed time: 2.91 sec.
@I [HLS-100] Command "source C:/Xilinx/Vivado_HLS/2014.4/common/technology/xilinx/zynq/zynq.gen "
@I [HLS-100] Command "source C:/Xilinx/Vivado_HLS/2014.4/common/technology/xilinx/common/virtex.gen "
@I [HLS-100] Command "source C:/Xilinx/Vivado_HLS/2014.4/common/technology/xilinx/common/xilinx.gen "
@I [HLS-100] Command "source C:/Xilinx/Vivado_HLS/2014.4/common/technology/xilinx/interface/plb46.gen "
@I [HLS-100] Command 'ap_source' returned 0; elapsed 0Total elapsed time: 2.101 sec.
@I [HLS-100] Command "source C:/Xilinx/Vivado_HLS/2014.4/common/technology/xilinx/interface/fsl.gen "
@I [HLS-100] Command 'ap_source' returned 0; elapsed 0Total elapsed time: 2.101 sec.
@I [HLS-100] Command "source C:/Xilinx/Vivado_HLS/2014.4/common/technology/xilinx/interface/axi4.gen "
@I [HLS-100] Command 'ap_source' returned 0; elapsed 0Total elapsed time: 2.101 sec.
@I [HLS-100] Command "source C:/Xilinx/Vivado_HLS/2014.4/common/technology/xilinx/interface/nativeAXI4.gen "
@I [HLS-100] Command "source C:/Xilinx/Vivado_HLS/2014.4/common/technology/xilinx/interface/saxilite.gen "
@I [HLS-100] Command 'ap_source' returned 0; elapsed 0.01Total elapsed time: 2.111 sec.
@I [HLS-100] Command "source C:/Xilinx/Vivado_HLS/2014.4/common/technology/xilinx/interface/maxi.gen "
@I [HLS-100] Command 'ap_source' returned 0; elapsed 0.01Total elapsed time: 2.121 sec.
@I [HLS-100] Command 'ap_source' returned 0; elapsed 0.02Total elapsed time: 2.121 sec.
@I [HLS-100] Command "source C:/Xilinx/Vivado_HLS/2014.4/common/technology/xilinx/scripts/xilinxcoregen.gen "
@I [HLS-100] Command 'ap_source' returned 0; elapsed 0.013Total elapsed time: 2.133 sec.
@I [HLS-100] Command "source C:/Xilinx/Vivado_HLS/2014.4/common/technology/xilinx/interface/XilEDKCoreGen.gen "
@I [HLS-100] Command 'ap_source' returned 0; elapsed 0.012Total elapsed time: 2.145 sec.
@I [HLS-100] Command "source C:/Xilinx/Vivado_HLS/2014.4/common/technology/xilinx/ip/util.gen "
@I [HLS-100] Command 'ap_source' returned 0; elapsed 0Total elapsed time: 2.145 sec.
@I [HLS-100] Command "source C:/Xilinx/Vivado_HLS/2014.4/common/technology/xilinx/ip/xfft.gen "
@I [HLS-100] Command 'ap_source' returned 0; elapsed 0.13Total elapsed time: 2.275 sec.
@I [HLS-100] Command "source C:/Xilinx/Vivado_HLS/2014.4/common/technology/xilinx/ip/xfir.gen "
@I [HLS-100] Command 'ap_source' returned 0; elapsed 0.03Total elapsed time: 2.305 sec.
@I [HLS-100] Command 'ap_source' returned 0; elapsed 0.205Total elapsed time: 2.305 sec.
@I [HLS-100] Command "source C:/Xilinx/Vivado_HLS/2014.4/common/technology/xilinx/common/dsp48.gen "
@I [HLS-100] Command 'ap_source' returned 0; elapsed 0Total elapsed time: 2.305 sec.
@I [HLS-100] Command 'ap_source' returned 0; elapsed 0.205Total elapsed time: 2.305 sec.
@I [HLS-100] Command 'ap_source' returned 0; elapsed 0.215Total elapsed time: 2.305 sec.
@I [HLS-100] Command "source C:/Xilinx/Vivado_HLS/2014.4/common/technology/xilinx/zynq/zynq_fpv6.gen "
@I [HLS-100] Command "source C:/Xilinx/Vivado_HLS/2014.4/common/technology/xilinx/common/xilinx_fpv6.gen "
@I [HLS-100] Command 'ap_source' returned 0; elapsed 0Total elapsed time: 2.305 sec.
@I [HLS-100] Command 'ap_source' returned 0; elapsed 0Total elapsed time: 2.305 sec.
@I [HLS-100] Command "source C:/Users/Kasper/Documents/GitHub/TIHSC/MotorControl/MotorControl/solution1/.autopilot/db/global.setting.tcl "
@I [HLS-100] Command 'ap_source' returned 0; elapsed 0Total elapsed time: 2.315 sec.
@I [HLS-100] Command "source C:/Users/Kasper/Documents/GitHub/TIHSC/MotorControl/MotorControl/solution1/.autopilot/db/MotorCtrl_clockDividerThread.compgen.tcl "
@I [HLS-100] Command 'ap_source' returned 0; elapsed 0Total elapsed time: 2.315 sec.
@I [HLS-100] Command "source C:/Users/Kasper/Documents/GitHub/TIHSC/MotorControl/MotorControl/solution1/.autopilot/db/MotorCtrl_pwmThread.compgen.tcl "
@I [HLS-100] Command 'ap_source' returned 0; elapsed 0.01Total elapsed time: 2.325 sec.
@I [HLS-100] Command "source C:/Users/Kasper/Documents/GitHub/TIHSC/MotorControl/MotorControl/solution1/.autopilot/db/MotorCtrl.compgen.tcl "
@I [HLS-100] Command 'ap_source' returned 0; elapsed 0Total elapsed time: 2.325 sec.
@I [HLS-100] Command "source C:/Users/Kasper/Documents/GitHub/TIHSC/MotorControl/MotorControl/solution1/.autopilot/db/global.setting.tcl "
@I [HLS-100] Command 'ap_source' returned 0; elapsed 0Total elapsed time: 2.365 sec.
@I [HLS-100] Command "source C:/Users/Kasper/Documents/GitHub/TIHSC/MotorControl/MotorControl/solution1/.autopilot/db/MotorCtrl_clockDividerThread.compgen.tcl "
@I [HLS-100] Command 'ap_source' returned 0; elapsed 0Total elapsed time: 2.365 sec.
@I [HLS-100] Command "source C:/Users/Kasper/Documents/GitHub/TIHSC/MotorControl/MotorControl/solution1/.autopilot/db/MotorCtrl_pwmThread.compgen.tcl "
@I [HLS-100] Command 'ap_source' returned 0; elapsed 0.01Total elapsed time: 2.375 sec.
@I [HLS-100] Command "source C:/Users/Kasper/Documents/GitHub/TIHSC/MotorControl/MotorControl/solution1/.autopilot/db/MotorCtrl.compgen.tcl "
@I [HLS-100] Command "source C:/Users/Kasper/Documents/GitHub/TIHSC/MotorControl/MotorControl/solution1/.autopilot/db/MotorCtrl.rtl_wrap.cfg.tcl "
@I [HLS-100] Command 'ap_source' returned 0; elapsed 0.01Total elapsed time: 2.385 sec.
@I [HLS-100] Command "source C:/Users/Kasper/Documents/GitHub/TIHSC/MotorControl/MotorControl/solution1/.autopilot/db/MotorCtrl.rtl_wrap.cfg.tcl "
@I [HLS-100] Command 'ap_source' returned 0; elapsed 0Total elapsed time: 2.385 sec.
@I [HLS-100] Command "source C:/Users/Kasper/Documents/GitHub/TIHSC/MotorControl/MotorControl/solution1/.autopilot/db/MotorCtrl.tbgen.tcl "
@I [HLS-100] Command 'ap_source' returned 0; elapsed 0Total elapsed time: 2.385 sec.
@I [HLS-100] Command 'ap_source' returned 0; elapsed 0.05Total elapsed time: 2.425 sec.
@I [HLS-100] Command "source C:/Users/Kasper/Documents/GitHub/TIHSC/MotorControl/MotorControl/solution1/.autopilot/db/global.setting.tcl "
@I [HLS-100] Command 'ap_source' returned 0; elapsed 0.01Total elapsed time: 2.505 sec.
@I [HLS-100] Command "source C:/Users/Kasper/Documents/GitHub/TIHSC/MotorControl/MotorControl/solution1/.autopilot/db/MotorCtrl_clockDividerThread.compgen.tcl "
@I [HLS-100] Command 'ap_source' returned 0; elapsed 0Total elapsed time: 2.505 sec.
@I [HLS-100] Command "source C:/Users/Kasper/Documents/GitHub/TIHSC/MotorControl/MotorControl/solution1/.autopilot/db/MotorCtrl_pwmThread.compgen.tcl "
@I [HLS-100] Command 'ap_source' returned 0; elapsed 0Total elapsed time: 2.505 sec.
@I [HLS-100] Command "source C:/Users/Kasper/Documents/GitHub/TIHSC/MotorControl/MotorControl/solution1/.autopilot/db/MotorCtrl.compgen.tcl "
@I [HLS-100] Command 'ap_source' returned 0; elapsed 0.01Total elapsed time: 2.515 sec.
@I [HLS-100] Command "source C:/Users/Kasper/Documents/GitHub/TIHSC/MotorControl/MotorControl/solution1/impl/.pcores/verilog/slv0.slave.tcl "
@I [HLS-100] Command 'ap_source' returned 0; elapsed 0Total elapsed time: 2.655 sec.
@I [HLS-100] Command "source C:/Users/Kasper/Documents/GitHub/TIHSC/MotorControl/MotorControl/solution1/.autopilot/db/global.setting.tcl "
@I [HLS-100] Command 'ap_source' returned 0; elapsed 0Total elapsed time: 2.745 sec.
@I [HLS-100] Command "source C:/Users/Kasper/Documents/GitHub/TIHSC/MotorControl/MotorControl/solution1/.autopilot/db/MotorCtrl.constraint.tcl "
@I [HLS-100] Command 'ap_source' returned 0; elapsed 0Total elapsed time: 2.755 sec.
@I [HLS-100] Command "source C:/Users/Kasper/Documents/GitHub/TIHSC/MotorControl/MotorControl/solution1/.autopilot/db/MotorCtrl.rtl_wrap.cfg.tcl "
@I [HLS-100] Command 'ap_source' returned 0; elapsed 0Total elapsed time: 2.875 sec.
@I [HLS-100] Command "source C:/Users/Kasper/Documents/GitHub/TIHSC/MotorControl/MotorControl/solution1/.autopilot/db/MotorCtrl.rtl_wrap.cfg.tcl "
@I [HLS-100] Command 'ap_source' returned 0; elapsed 0Total elapsed time: 2.885 sec.
@I [HLS-100] Command "source C:/Users/Kasper/Documents/GitHub/TIHSC/MotorControl/MotorControl/solution1/.autopilot/db/MotorCtrl.tbgen.tcl "
@I [HLS-100] Command 'ap_source' returned 0; elapsed 0Total elapsed time: 2.885 sec.
@I [HLS-100] Command "source C:/Users/Kasper/Documents/GitHub/TIHSC/MotorControl/MotorControl/solution1/.autopilot/db/global.setting.tcl "
@I [HLS-100] Command 'ap_source' returned 0; elapsed 0Total elapsed time: 2.925 sec.
@I [HLS-100] Command "source C:/Users/Kasper/Documents/GitHub/TIHSC/MotorControl/MotorControl/solution1/.autopilot/db/global.setting.tcl "
@I [HLS-100] Command 'ap_source' returned 0; elapsed 0Total elapsed time: 2.955 sec.
@I [HLS-100] Command "source C:/Users/Kasper/Documents/GitHub/TIHSC/MotorControl/MotorControl/solution1/.autopilot/db/MotorCtrl.constraint.tcl "
@I [HLS-100] Command 'ap_source' returned 0; elapsed 0Total elapsed time: 2.955 sec.
@I [HLS-100] Command "source C:/Users/Kasper/Documents/GitHub/TIHSC/MotorControl/MotorControl/solution1/.autopilot/db/MotorCtrl.constraint.tcl "
@I [HLS-100] Command 'ap_source' returned 0; elapsed 0.01Total elapsed time: 2.965 sec.
@I [HLS-100] Command "source C:/Xilinx/Vivado_HLS/2014.4/common/technology/generic/autopilot/common.gen "
@I [HLS-100] Command "source C:/Xilinx/Vivado_HLS/2014.4/common/technology/generic/autopilot/APCoreGen.gen "
@I [HLS-100] Command 'ap_source' returned 0; elapsed 0Total elapsed time: 2.995 sec.
@I [HLS-100] Command 'ap_source' returned 0; elapsed 0Total elapsed time: 2.995 sec.
@I [HLS-100] Command "source C:/Xilinx/Vivado_HLS/2014.4/common/technology/generic/autopilot/op.gen "
@I [HLS-100] Command 'ap_source' returned 0; elapsed 0.01Total elapsed time: 3.5 sec.
@I [HLS-100] Command "source C:/Xilinx/Vivado_HLS/2014.4/common/technology/generic/autopilot/op_simcore.gen "
@I [HLS-100] Command 'ap_source' returned 0; elapsed 0Total elapsed time: 3.5 sec.
@I [HLS-100] Command "source C:/Xilinx/Vivado_HLS/2014.4/common/technology/generic/autopilot/interface.gen "
@I [HLS-100] Command 'ap_source' returned 0; elapsed 0Total elapsed time: 3.5 sec.
@I [HLS-100] Command "source C:/Users/Kasper/Documents/GitHub/TIHSC/MotorControl/MotorControl/solution1/.autopilot/db/global.setting.tcl "
@I [HLS-100] Command 'ap_source' returned 0; elapsed 0.01Total elapsed time: 3.15 sec.
@I [HLS-100] Command "source C:/Xilinx/Vivado_HLS/2014.4/common/technology/xilinx/zynq/zynq.gen "
@I [HLS-100] Command "source C:/Xilinx/Vivado_HLS/2014.4/common/technology/xilinx/common/virtex.gen "
@I [HLS-100] Command "source C:/Xilinx/Vivado_HLS/2014.4/common/technology/xilinx/common/xilinx.gen "
@I [HLS-100] Command "source C:/Xilinx/Vivado_HLS/2014.4/common/technology/xilinx/interface/plb46.gen "
@I [HLS-100] Command 'ap_source' returned 0; elapsed 0Total elapsed time: 3.15 sec.
@I [HLS-100] Command "source C:/Xilinx/Vivado_HLS/2014.4/common/technology/xilinx/interface/fsl.gen "
@I [HLS-100] Command 'ap_source' returned 0; elapsed 0Total elapsed time: 3.15 sec.
@I [HLS-100] Command "source C:/Xilinx/Vivado_HLS/2014.4/common/technology/xilinx/interface/axi4.gen "
@I [HLS-100] Command 'ap_source' returned 0; elapsed 0Total elapsed time: 3.15 sec.
@I [HLS-100] Command "source C:/Xilinx/Vivado_HLS/2014.4/common/technology/xilinx/interface/nativeAXI4.gen "
@I [HLS-100] Command "source C:/Xilinx/Vivado_HLS/2014.4/common/technology/xilinx/interface/saxilite.gen "
@I [HLS-100] Command 'ap_source' returned 0; elapsed 0.01Total elapsed time: 3.25 sec.
@I [HLS-100] Command "source C:/Xilinx/Vivado_HLS/2014.4/common/technology/xilinx/interface/maxi.gen "
@I [HLS-100] Command 'ap_source' returned 0; elapsed 0.01Total elapsed time: 3.35 sec.
@I [HLS-100] Command 'ap_source' returned 0; elapsed 0.02Total elapsed time: 3.35 sec.
@I [HLS-100] Command "source C:/Xilinx/Vivado_HLS/2014.4/common/technology/xilinx/scripts/xilinxcoregen.gen "
@I [HLS-100] Command 'ap_source' returned 0; elapsed 0.01Total elapsed time: 3.45 sec.
@I [HLS-100] Command "source C:/Xilinx/Vivado_HLS/2014.4/common/technology/xilinx/interface/XilEDKCoreGen.gen "
@I [HLS-100] Command 'ap_source' returned 0; elapsed 0.01Total elapsed time: 3.55 sec.
@I [HLS-100] Command "source C:/Xilinx/Vivado_HLS/2014.4/common/technology/xilinx/ip/util.gen "
@I [HLS-100] Command 'ap_source' returned 0; elapsed 0Total elapsed time: 3.55 sec.
@I [HLS-100] Command "source C:/Xilinx/Vivado_HLS/2014.4/common/technology/xilinx/ip/xfft.gen "
@I [HLS-100] Command 'ap_source' returned 0; elapsed 0.13Total elapsed time: 3.185 sec.
@I [HLS-100] Command "source C:/Xilinx/Vivado_HLS/2014.4/common/technology/xilinx/ip/xfir.gen "
@I [HLS-100] Command 'ap_source' returned 0; elapsed 0.04Total elapsed time: 3.225 sec.
@I [HLS-100] Command 'ap_source' returned 0; elapsed 0.21Total elapsed time: 3.225 sec.
@I [HLS-100] Command "source C:/Xilinx/Vivado_HLS/2014.4/common/technology/xilinx/common/dsp48.gen "
@I [HLS-100] Command 'ap_source' returned 0; elapsed 0Total elapsed time: 3.225 sec.
@I [HLS-100] Command 'ap_source' returned 0; elapsed 0.21Total elapsed time: 3.225 sec.
@I [HLS-100] Command 'ap_source' returned 0; elapsed 0.21Total elapsed time: 3.225 sec.
@I [HLS-100] Command "source C:/Xilinx/Vivado_HLS/2014.4/common/technology/xilinx/zynq/zynq_fpv6.gen "
@I [HLS-100] Command "source C:/Xilinx/Vivado_HLS/2014.4/common/technology/xilinx/common/xilinx_fpv6.gen "
@I [HLS-100] Command 'ap_source' returned 0; elapsed 0Total elapsed time: 3.225 sec.
@I [HLS-100] Command 'ap_source' returned 0; elapsed 0Total elapsed time: 3.225 sec.
@I [HLS-100] Command "source C:/Users/Kasper/Documents/GitHub/TIHSC/MotorControl/MotorControl/solution1/.autopilot/db/global.setting.tcl "
@I [HLS-100] Command 'ap_source' returned 0; elapsed 0Total elapsed time: 9.36 sec.
@I [HLS-100] Command "source C:/Xilinx/Vivado_HLS/2014.4/common/technology/generic/autopilot/common.gen "
@I [HLS-100] Command "source C:/Xilinx/Vivado_HLS/2014.4/common/technology/generic/autopilot/APCoreGen.gen "
@I [HLS-100] Command 'ap_source' returned 0; elapsed 0Total elapsed time: 9.46 sec.
@I [HLS-100] Command 'ap_source' returned 0; elapsed 0Total elapsed time: 9.46 sec.
@I [HLS-100] Command "source C:/Xilinx/Vivado_HLS/2014.4/common/technology/generic/autopilot/op.gen "
@I [HLS-100] Command 'ap_source' returned 0; elapsed 0Total elapsed time: 9.46 sec.
@I [HLS-100] Command "source C:/Xilinx/Vivado_HLS/2014.4/common/technology/generic/autopilot/op_simcore.gen "
@I [HLS-100] Command 'ap_source' returned 0; elapsed 0Total elapsed time: 9.46 sec.
@I [HLS-100] Command "source C:/Xilinx/Vivado_HLS/2014.4/common/technology/generic/autopilot/interface.gen "
@I [HLS-100] Command 'ap_source' returned 0; elapsed 0Total elapsed time: 9.46 sec.
@I [HLS-100] Command "source C:/Users/Kasper/Documents/GitHub/TIHSC/MotorControl/MotorControl/solution1/.autopilot/db/global.setting.tcl "
@I [HLS-100] Command 'ap_source' returned 0; elapsed 0Total elapsed time: 9.46 sec.
@I [HLS-100] Command "source C:/Xilinx/Vivado_HLS/2014.4/common/technology/xilinx/zynq/zynq.gen "
@I [HLS-100] Command "source C:/Xilinx/Vivado_HLS/2014.4/common/technology/xilinx/common/virtex.gen "
@I [HLS-100] Command "source C:/Xilinx/Vivado_HLS/2014.4/common/technology/xilinx/common/xilinx.gen "
@I [HLS-100] Command "source C:/Xilinx/Vivado_HLS/2014.4/common/technology/xilinx/interface/plb46.gen "
@I [HLS-100] Command 'ap_source' returned 0; elapsed 0Total elapsed time: 9.46 sec.
@I [HLS-100] Command "source C:/Xilinx/Vivado_HLS/2014.4/common/technology/xilinx/interface/fsl.gen "
@I [HLS-100] Command 'ap_source' returned 0; elapsed 0.01Total elapsed time: 9.56 sec.
@I [HLS-100] Command "source C:/Xilinx/Vivado_HLS/2014.4/common/technology/xilinx/interface/axi4.gen "
@I [HLS-100] Command 'ap_source' returned 0; elapsed 0Total elapsed time: 9.56 sec.
@I [HLS-100] Command "source C:/Xilinx/Vivado_HLS/2014.4/common/technology/xilinx/interface/nativeAXI4.gen "
@I [HLS-100] Command "source C:/Xilinx/Vivado_HLS/2014.4/common/technology/xilinx/interface/saxilite.gen "
@I [HLS-100] Command 'ap_source' returned 0; elapsed 0Total elapsed time: 9.56 sec.
@I [HLS-100] Command "source C:/Xilinx/Vivado_HLS/2014.4/common/technology/xilinx/interface/maxi.gen "
@I [HLS-100] Command 'ap_source' returned 0; elapsed 0.01Total elapsed time: 9.66 sec.
@I [HLS-100] Command 'ap_source' returned 0; elapsed 0.01Total elapsed time: 9.66 sec.
@I [HLS-100] Command "source C:/Xilinx/Vivado_HLS/2014.4/common/technology/xilinx/scripts/xilinxcoregen.gen "
@I [HLS-100] Command 'ap_source' returned 0; elapsed 0.01Total elapsed time: 9.76 sec.
@I [HLS-100] Command "source C:/Xilinx/Vivado_HLS/2014.4/common/technology/xilinx/interface/XilEDKCoreGen.gen "
@I [HLS-100] Command 'ap_source' returned 0; elapsed 0.02Total elapsed time: 9.96 sec.
@I [HLS-100] Command "source C:/Xilinx/Vivado_HLS/2014.4/common/technology/xilinx/ip/util.gen "
@I [HLS-100] Command 'ap_source' returned 0; elapsed 0Total elapsed time: 9.96 sec.
@I [HLS-100] Command "source C:/Xilinx/Vivado_HLS/2014.4/common/technology/xilinx/ip/xfft.gen "
@I [HLS-100] Command 'ap_source' returned 0; elapsed 0.13Total elapsed time: 9.226 sec.
@I [HLS-100] Command "source C:/Xilinx/Vivado_HLS/2014.4/common/technology/xilinx/ip/xfir.gen "
@I [HLS-100] Command 'ap_source' returned 0; elapsed 0.03Total elapsed time: 9.256 sec.
@I [HLS-100] Command 'ap_source' returned 0; elapsed 0.21Total elapsed time: 9.256 sec.
@I [HLS-100] Command "source C:/Xilinx/Vivado_HLS/2014.4/common/technology/xilinx/common/dsp48.gen "
@I [HLS-100] Command 'ap_source' returned 0; elapsed 0Total elapsed time: 9.256 sec.
@I [HLS-100] Command 'ap_source' returned 0; elapsed 0.21Total elapsed time: 9.256 sec.
@I [HLS-100] Command 'ap_source' returned 0; elapsed 0.21Total elapsed time: 9.256 sec.
@I [HLS-100] Command "source C:/Xilinx/Vivado_HLS/2014.4/common/technology/xilinx/zynq/zynq_fpv6.gen "
@I [HLS-100] Command "source C:/Xilinx/Vivado_HLS/2014.4/common/technology/xilinx/common/xilinx_fpv6.gen "
@I [HLS-100] Command 'ap_source' returned 0; elapsed 0.01Total elapsed time: 9.266 sec.
@I [HLS-100] Command 'ap_source' returned 0; elapsed 0.01Total elapsed time: 9.266 sec.
@I [HLS-100] Command "source C:/Users/Kasper/Documents/GitHub/TIHSC/MotorControl/MotorControl/solution1/.autopilot/db/global.setting.tcl "
@I [HLS-100] Command 'ap_source' returned 0; elapsed 0.01Total elapsed time: 9.276 sec.
@I [IMPL-8] Starting RTL evaluation using Vivado ...
@I [HLS-100] Command "source C:/Users/Kasper/Documents/GitHub/TIHSC/MotorControl/MotorControl/solution1/.autopilot/db/global.setting.tcl "
@I [HLS-100] Command 'ap_source' returned 0; elapsed 0Total elapsed time: 9.276 sec.
@I [HLS-100] Command "source C:/Users/Kasper/Documents/GitHub/TIHSC/MotorControl/MotorControl/solution1/.autopilot/db/global.setting.tcl "
@I [HLS-100] Command 'ap_source' returned 0; elapsed 0Total elapsed time: 9.286 sec.
@I [HLS-100] Command "source C:/Xilinx/Vivado_HLS/2014.4/common/technology/generic/autopilot/common.gen "
@I [HLS-100] Command "source C:/Xilinx/Vivado_HLS/2014.4/common/technology/generic/autopilot/APCoreGen.gen "
@I [HLS-100] Command 'ap_source' returned 0; elapsed 0Total elapsed time: 9.296 sec.
@I [HLS-100] Command 'ap_source' returned 0; elapsed 0.01Total elapsed time: 9.296 sec.
@I [HLS-100] Command "source C:/Xilinx/Vivado_HLS/2014.4/common/technology/generic/autopilot/op.gen "
@I [HLS-100] Command 'ap_source' returned 0; elapsed 0Total elapsed time: 9.296 sec.
@I [HLS-100] Command "source C:/Xilinx/Vivado_HLS/2014.4/common/technology/generic/autopilot/op_simcore.gen "
@I [HLS-100] Command 'ap_source' returned 0; elapsed 0Total elapsed time: 9.296 sec.
@I [HLS-100] Command "source C:/Xilinx/Vivado_HLS/2014.4/common/technology/generic/autopilot/interface.gen "
@I [HLS-100] Command 'ap_source' returned 0; elapsed 0Total elapsed time: 9.296 sec.
@I [HLS-100] Command "source C:/Users/Kasper/Documents/GitHub/TIHSC/MotorControl/MotorControl/solution1/.autopilot/db/global.setting.tcl "
@I [HLS-100] Command 'ap_source' returned 0; elapsed 0Total elapsed time: 9.296 sec.
@I [HLS-100] Command "source C:/Xilinx/Vivado_HLS/2014.4/common/technology/xilinx/zynq/zynq.gen "
@I [HLS-100] Command "source C:/Xilinx/Vivado_HLS/2014.4/common/technology/xilinx/common/virtex.gen "
@I [HLS-100] Command "source C:/Xilinx/Vivado_HLS/2014.4/common/technology/xilinx/common/xilinx.gen "
@I [HLS-100] Command "source C:/Xilinx/Vivado_HLS/2014.4/common/technology/xilinx/interface/plb46.gen "
@I [HLS-100] Command 'ap_source' returned 0; elapsed 0Total elapsed time: 9.296 sec.
@I [HLS-100] Command "source C:/Xilinx/Vivado_HLS/2014.4/common/technology/xilinx/interface/fsl.gen "
@I [HLS-100] Command 'ap_source' returned 0; elapsed 0.01Total elapsed time: 9.306 sec.
@I [HLS-100] Command "source C:/Xilinx/Vivado_HLS/2014.4/common/technology/xilinx/interface/axi4.gen "
@I [HLS-100] Command 'ap_source' returned 0; elapsed 0Total elapsed time: 9.306 sec.
@I [HLS-100] Command "source C:/Xilinx/Vivado_HLS/2014.4/common/technology/xilinx/interface/nativeAXI4.gen "
@I [HLS-100] Command "source C:/Xilinx/Vivado_HLS/2014.4/common/technology/xilinx/interface/saxilite.gen "
@I [HLS-100] Command 'ap_source' returned 0; elapsed 0Total elapsed time: 9.306 sec.
@I [HLS-100] Command "source C:/Xilinx/Vivado_HLS/2014.4/common/technology/xilinx/interface/maxi.gen "
@I [HLS-100] Command 'ap_source' returned 0; elapsed 0.01Total elapsed time: 9.316 sec.
@I [HLS-100] Command 'ap_source' returned 0; elapsed 0.01Total elapsed time: 9.316 sec.
@I [HLS-100] Command "source C:/Xilinx/Vivado_HLS/2014.4/common/technology/xilinx/scripts/xilinxcoregen.gen "
@I [HLS-100] Command 'ap_source' returned 0; elapsed 0.01Total elapsed time: 9.326 sec.
@I [HLS-100] Command "source C:/Xilinx/Vivado_HLS/2014.4/common/technology/xilinx/interface/XilEDKCoreGen.gen "
@I [HLS-100] Command 'ap_source' returned 0; elapsed 0.02Total elapsed time: 9.346 sec.
@I [HLS-100] Command "source C:/Xilinx/Vivado_HLS/2014.4/common/technology/xilinx/ip/util.gen "
@I [HLS-100] Command 'ap_source' returned 0; elapsed 0Total elapsed time: 9.346 sec.
@I [HLS-100] Command "source C:/Xilinx/Vivado_HLS/2014.4/common/technology/xilinx/ip/xfft.gen "
@I [HLS-100] Command 'ap_source' returned 0; elapsed 0.15Total elapsed time: 9.496 sec.
@I [HLS-100] Command "source C:/Xilinx/Vivado_HLS/2014.4/common/technology/xilinx/ip/xfir.gen "
@I [HLS-100] Command 'ap_source' returned 0; elapsed 0.03Total elapsed time: 9.526 sec.
@I [HLS-100] Command 'ap_source' returned 0; elapsed 0.23Total elapsed time: 9.526 sec.
@I [HLS-100] Command "source C:/Xilinx/Vivado_HLS/2014.4/common/technology/xilinx/common/dsp48.gen "
@I [HLS-100] Command 'ap_source' returned 0; elapsed 0Total elapsed time: 9.536 sec.
@I [HLS-100] Command 'ap_source' returned 0; elapsed 0.24Total elapsed time: 9.536 sec.
@I [HLS-100] Command 'ap_source' returned 0; elapsed 0.24Total elapsed time: 9.536 sec.
@I [HLS-100] Command "source C:/Xilinx/Vivado_HLS/2014.4/common/technology/xilinx/zynq/zynq_fpv6.gen "
@I [HLS-100] Command "source C:/Xilinx/Vivado_HLS/2014.4/common/technology/xilinx/common/xilinx_fpv6.gen "
@I [HLS-100] Command 'ap_source' returned 0; elapsed 0Total elapsed time: 9.536 sec.
@I [HLS-100] Command 'ap_source' returned 0; elapsed 0Total elapsed time: 9.536 sec.
@I [HLS-100] Command "source C:/Users/Kasper/Documents/GitHub/TIHSC/MotorControl/MotorControl/solution1/.autopilot/db/global.setting.tcl "
@I [HLS-100] Command 'ap_source' returned 0; elapsed 0Total elapsed time: 9.536 sec.
@I [HLS-100] Command "source C:/Users/Kasper/Documents/GitHub/TIHSC/MotorControl/MotorControl/solution1/.autopilot/db/MotorCtrl_clockDividerThread.compgen.tcl "
@I [HLS-100] Command 'ap_source' returned 0; elapsed 0Total elapsed time: 9.546 sec.
@I [HLS-100] Command "source C:/Users/Kasper/Documents/GitHub/TIHSC/MotorControl/MotorControl/solution1/.autopilot/db/MotorCtrl_pwmThread.compgen.tcl "
@I [HLS-100] Command 'ap_source' returned 0; elapsed 0Total elapsed time: 9.546 sec.
@I [HLS-100] Command "source C:/Users/Kasper/Documents/GitHub/TIHSC/MotorControl/MotorControl/solution1/.autopilot/db/MotorCtrl.compgen.tcl "
@I [HLS-100] Command 'ap_source' returned 0; elapsed 0Total elapsed time: 9.546 sec.
@I [HLS-100] Command "source C:/Users/Kasper/Documents/GitHub/TIHSC/MotorControl/MotorControl/solution1/.autopilot/db/global.setting.tcl "
@I [HLS-100] Command 'ap_source' returned 0; elapsed 0Total elapsed time: 9.616 sec.
@I [HLS-100] Command "source C:/Users/Kasper/Documents/GitHub/TIHSC/MotorControl/MotorControl/solution1/.autopilot/db/MotorCtrl.constraint.tcl "
@I [HLS-100] Command 'ap_source' returned 0; elapsed 0Total elapsed time: 9.616 sec.
@I [HLS-100] Command "source C:/Xilinx/Vivado_HLS/2014.4/common/technology/generic/autopilot/common.gen "
@I [HLS-100] Command "source C:/Xilinx/Vivado_HLS/2014.4/common/technology/generic/autopilot/APCoreGen.gen "
@I [HLS-100] Command 'ap_source' returned 0; elapsed 0Total elapsed time: 9.626 sec.
@I [HLS-100] Command 'ap_source' returned 0; elapsed 0Total elapsed time: 9.626 sec.
@I [HLS-100] Command "source C:/Xilinx/Vivado_HLS/2014.4/common/technology/generic/autopilot/op.gen "
@I [HLS-100] Command 'ap_source' returned 0; elapsed 0Total elapsed time: 9.626 sec.
@I [HLS-100] Command "source C:/Xilinx/Vivado_HLS/2014.4/common/technology/generic/autopilot/op_simcore.gen "
@I [HLS-100] Command 'ap_source' returned 0; elapsed 0.01Total elapsed time: 9.636 sec.
@I [HLS-100] Command "source C:/Xilinx/Vivado_HLS/2014.4/common/technology/generic/autopilot/interface.gen "
@I [HLS-100] Command 'ap_source' returned 0; elapsed 0Total elapsed time: 9.636 sec.
@I [HLS-100] Command "source C:/Users/Kasper/Documents/GitHub/TIHSC/MotorControl/MotorControl/solution1/.autopilot/db/global.setting.tcl "
@I [HLS-100] Command 'ap_source' returned 0; elapsed 0Total elapsed time: 9.636 sec.
@I [HLS-100] Command "source C:/Xilinx/Vivado_HLS/2014.4/common/technology/xilinx/zynq/zynq.gen "
@I [HLS-100] Command "source C:/Xilinx/Vivado_HLS/2014.4/common/technology/xilinx/common/virtex.gen "
@I [HLS-100] Command "source C:/Xilinx/Vivado_HLS/2014.4/common/technology/xilinx/common/xilinx.gen "
@I [HLS-100] Command "source C:/Xilinx/Vivado_HLS/2014.4/common/technology/xilinx/interface/plb46.gen "
@I [HLS-100] Command 'ap_source' returned 0; elapsed 0Total elapsed time: 9.636 sec.
@I [HLS-100] Command "source C:/Xilinx/Vivado_HLS/2014.4/common/technology/xilinx/interface/fsl.gen "
@I [HLS-100] Command 'ap_source' returned 0; elapsed 0.01Total elapsed time: 9.646 sec.
@I [HLS-100] Command "source C:/Xilinx/Vivado_HLS/2014.4/common/technology/xilinx/interface/axi4.gen "
@I [HLS-100] Command 'ap_source' returned 0; elapsed 0Total elapsed time: 9.646 sec.
@I [HLS-100] Command "source C:/Xilinx/Vivado_HLS/2014.4/common/technology/xilinx/interface/nativeAXI4.gen "
@I [HLS-100] Command "source C:/Xilinx/Vivado_HLS/2014.4/common/technology/xilinx/interface/saxilite.gen "
@I [HLS-100] Command 'ap_source' returned 0; elapsed 0Total elapsed time: 9.646 sec.
@I [HLS-100] Command "source C:/Xilinx/Vivado_HLS/2014.4/common/technology/xilinx/interface/maxi.gen "
@I [HLS-100] Command 'ap_source' returned 0; elapsed 0.01Total elapsed time: 9.656 sec.
@I [HLS-100] Command 'ap_source' returned 0; elapsed 0.01Total elapsed time: 9.656 sec.
@I [HLS-100] Command "source C:/Xilinx/Vivado_HLS/2014.4/common/technology/xilinx/scripts/xilinxcoregen.gen "
@I [HLS-100] Command 'ap_source' returned 0; elapsed 0.02Total elapsed time: 9.676 sec.
@I [HLS-100] Command "source C:/Xilinx/Vivado_HLS/2014.4/common/technology/xilinx/interface/XilEDKCoreGen.gen "
@I [HLS-100] Command 'ap_source' returned 0; elapsed 0.01Total elapsed time: 9.686 sec.
@I [HLS-100] Command "source C:/Xilinx/Vivado_HLS/2014.4/common/technology/xilinx/ip/util.gen "
@I [HLS-100] Command 'ap_source' returned 0; elapsed 0Total elapsed time: 9.686 sec.
@I [HLS-100] Command "source C:/Xilinx/Vivado_HLS/2014.4/common/technology/xilinx/ip/xfft.gen "
@I [HLS-100] Command 'ap_source' returned 0; elapsed 0.13Total elapsed time: 9.816 sec.
@I [HLS-100] Command "source C:/Xilinx/Vivado_HLS/2014.4/common/technology/xilinx/ip/xfir.gen "
@I [HLS-100] Command 'ap_source' returned 0; elapsed 0.03Total elapsed time: 9.846 sec.
@I [HLS-100] Command 'ap_source' returned 0; elapsed 0.21Total elapsed time: 9.846 sec.
@I [HLS-100] Command "source C:/Xilinx/Vivado_HLS/2014.4/common/technology/xilinx/common/dsp48.gen "
@I [HLS-100] Command 'ap_source' returned 0; elapsed 0Total elapsed time: 9.846 sec.
@I [HLS-100] Command 'ap_source' returned 0; elapsed 0.21Total elapsed time: 9.846 sec.
@I [HLS-100] Command 'ap_source' returned 0; elapsed 0.21Total elapsed time: 9.846 sec.
@I [HLS-100] Command "source C:/Xilinx/Vivado_HLS/2014.4/common/technology/xilinx/zynq/zynq_fpv6.gen "
@I [HLS-100] Command "source C:/Xilinx/Vivado_HLS/2014.4/common/technology/xilinx/common/xilinx_fpv6.gen "
@I [HLS-100] Command 'ap_source' returned 0; elapsed 0Total elapsed time: 9.846 sec.
@I [HLS-100] Command 'ap_source' returned 0; elapsed 0Total elapsed time: 9.846 sec.
@I [HLS-100] Command "source C:/Users/Kasper/Documents/GitHub/TIHSC/MotorControl/MotorControl/solution1/.autopilot/db/global.setting.tcl "
@I [HLS-100] Command 'ap_source' returned 0; elapsed 0Total elapsed time: 9.876 sec.
@I [HLS-100] Command 'export_design' returned 0; elapsed 153.309Total elapsed time: 155.140 sec.
@I [HLS-100] Command "cleanup_all "
@I [HLS-100] Command 'cleanup_all' returned 0; elapsed 0Total elapsed time: 155.140 sec.
