

================================================================
== Vivado HLS Report for 'MotorCtrl'
================================================================
* Date:           Thu May 21 19:42:25 2015

* Version:        2014.4 (Build 1071461 on Tue Nov 18 16:42:57 PM 2014)
* Project:        MotorControl
* Solution:       solution1
* Product family: zynq
* Target device:  xc7z010clg400-1


================================================================
== Performance Estimates
================================================================
+ Timing (ns): 
    * Summary: 
    +---------+-------+----------+------------+
    |  Clock  | Target| Estimated| Uncertainty|
    +---------+-------+----------+------------+
    |default  |   8.00|      3.91|        1.00|
    +---------+-------+----------+------------+

+ Latency (clock cycles): 
    * Summary: 
    +-----+-----+-----+-----+---------+
    |  Latency  |  Interval | Pipeline|
    | min | max | min | max |   Type  |
    +-----+-----+-----+-----+---------+
    |    0|    4|    1|    5|   none  |
    +-----+-----+-----+-----+---------+

    + Detail: 
        * Instance: 
        N/A

        * Loop: 
        N/A



================================================================
== Utilization Estimates
================================================================
* Summary: 
+-----------------+---------+-------+-------+-------+
|       Name      | BRAM_18K| DSP48E|   FF  |  LUT  |
+-----------------+---------+-------+-------+-------+
|Expression       |        -|      -|      -|      -|
|FIFO             |        -|      -|      -|      -|
|Instance         |        -|      -|      -|      -|
|Memory           |        -|      -|      -|      -|
|Multiplexer      |        -|      -|      -|      -|
|Register         |        -|      -|      -|      -|
+-----------------+---------+-------+-------+-------+
|Total            |        0|      0|      0|      0|
+-----------------+---------+-------+-------+-------+
|Available        |      120|     80|  35200|  17600|
+-----------------+---------+-------+-------+-------+
|Utilization (%)  |        0|      0|      0|      0|
+-----------------+---------+-------+-------+-------+

+ Detail: 
    * Instance: 
    N/A

    * Memory: 
    N/A

    * FIFO: 
    N/A

    * Expression: 
    N/A

    * Multiplexer: 
    N/A

    * Register: 
    N/A



================================================================
== Interface
================================================================
* Summary: 
N/A

============================================================
+ Verbose Summary: Synthesis Manager
============================================================
InlineROM: 1
ExposeGlobal: 0
============================================================
+ Verbose Summary: CDFG Model
============================================================
IsTopModel: 1
ResetActiveHigh: 1
IsCombinational: 0
IsDatapathOnly: 0
HasWiredReturn: 1
HasMFsm: 0
HasVarLatency: 1
IsPipeline: 0
IsRtlPipelined: 0
IsInstanceOverlapped: 0
IsDontTouch: 0
HasImplIP: 0
IsGatedGlobalClock: 0


============================================================
+ Verbose Summary: Schedule
============================================================
* Number of FSM states: 2
* Pipeline: 0
* Dataflow Pipeline: 0

* FSM state transitions: 
1 --> 
	2  / (MotorCtrl_ssdm_thread_M_pwm) | (MotorCtrl_ssdm_thread_M_clo)
2 --> 
* FSM state operations: 

 <State 1>: 3.91ns
ST_1: stg_3 [1/1] 0.00ns
:0  call void (...)* @_ssdm_op_SpecBitsMap(i1* %clk), !map !82

ST_1: stg_4 [1/1] 0.00ns
:1  call void (...)* @_ssdm_op_SpecBitsMap(i1* %reset), !map !86

ST_1: stg_5 [1/1] 0.00ns
:2  call void (...)* @_ssdm_op_SpecBitsMap(i10* %pwmR), !map !90

ST_1: stg_6 [1/1] 0.00ns
:3  call void (...)* @_ssdm_op_SpecBitsMap(i10* %pwmL), !map !94

ST_1: stg_7 [1/1] 0.00ns
:4  call void (...)* @_ssdm_op_SpecBitsMap(i1* %Direction), !map !98

ST_1: stg_8 [1/1] 0.00ns
:5  call void (...)* @_ssdm_op_SpecBitsMap(i1* %EN1), !map !102

ST_1: stg_9 [1/1] 0.00ns
:6  call void (...)* @_ssdm_op_SpecBitsMap(i1* %EN2), !map !106

ST_1: stg_10 [1/1] 0.00ns
:7  call void (...)* @_ssdm_op_SpecBitsMap(i1* %DIR1), !map !110

ST_1: stg_11 [1/1] 0.00ns
:8  call void (...)* @_ssdm_op_SpecBitsMap(i1* %DIR2), !map !114

ST_1: stg_12 [1/1] 0.00ns
:9  call void (...)* @_ssdm_op_SpecBitsMap(i10* %MotorCtrl_pwmCount_V), !map !118

ST_1: stg_13 [1/1] 0.00ns
:10  call void (...)* @_ssdm_op_SpecBitsMap(i32* %MotorCtrl_dividerCount_V), !map !122

ST_1: stg_14 [1/1] 0.00ns
:11  call void (...)* @_ssdm_op_SpecBitsMap(i1* %MotorCtrl_DIR), !map !126

ST_1: stg_15 [1/1] 0.00ns
:12  call void (...)* @_ssdm_op_SpecBitsMap(i1* %MotorCtrl_pwmClock_V), !map !130

ST_1: stg_16 [1/1] 0.00ns
:13  call void (...)* @_ssdm_op_SpecIFCore(i1* %Direction, [1 x i8]* @p_str14, [10 x i8]* @p_str20, [1 x i8]* @p_str14, i32 -1, [1 x i8]* @p_str14, [1 x i8]* @p_str14, [17 x i8]* @p_str21)

ST_1: stg_17 [1/1] 0.00ns
:14  call void (...)* @_ssdm_op_SpecIFCore(i10* %pwmL, [1 x i8]* @p_str14, [10 x i8]* @p_str20, [1 x i8]* @p_str14, i32 -1, [1 x i8]* @p_str14, [1 x i8]* @p_str14, [17 x i8]* @p_str21)

ST_1: stg_18 [1/1] 0.00ns
:15  call void (...)* @_ssdm_op_SpecIFCore(i10* %pwmR, [1 x i8]* @p_str14, [10 x i8]* @p_str20, [1 x i8]* @p_str14, i32 -1, [1 x i8]* @p_str14, [1 x i8]* @p_str14, [17 x i8]* @p_str21)

ST_1: stg_19 [1/1] 0.00ns
:16  call void (...)* @_ssdm_op_SpecTopModule([10 x i8]* @p_str, [10 x i8]* @p_str) nounwind

ST_1: MotorCtrl_ssdm_thread_M_pwm [1/1] 0.00ns
:17  %MotorCtrl_ssdm_thread_M_pwm = load i1* @MotorCtrl_ssdm_thread_M_pwmThread, align 1

ST_1: stg_21 [1/1] 0.00ns
:18  br i1 %MotorCtrl_ssdm_thread_M_pwm, label %1, label %2

ST_1: stg_22 [1/1] 0.00ns
:0  call void (...)* @_ssdm_op_SpecProcessDecl([10 x i8]* @p_str, i32 2, [10 x i8]* @p_str12) nounwind

ST_1: stg_23 [1/1] 0.00ns
:1  call void (...)* @_ssdm_op_SpecSensitive([10 x i8]* @p_str12, [4 x i8]* @p_str2, i1* %clk, i32 1) nounwind

ST_1: MotorCtrl_ssdm_thread_M_clo [1/1] 0.00ns
:2  %MotorCtrl_ssdm_thread_M_clo = load i1* @MotorCtrl_ssdm_thread_M_clockDividerThread, align 1

ST_1: stg_25 [1/1] 0.00ns
:3  br i1 %MotorCtrl_ssdm_thread_M_clo, label %3, label %4

ST_1: stg_26 [1/1] 0.00ns
:0  call void (...)* @_ssdm_op_SpecProcessDecl([10 x i8]* @p_str, i32 2, [19 x i8]* @p_str22) nounwind

ST_1: stg_27 [1/1] 0.00ns
:1  call void (...)* @_ssdm_op_SpecSensitive([19 x i8]* @p_str22, [4 x i8]* @p_str2, i1* %clk, i32 1) nounwind

ST_1: stg_28 [1/1] 0.00ns
:2  call void (...)* @_ssdm_op_SpecSensitive([19 x i8]* @p_str22, [6 x i8]* @p_str3, i1* %reset, i32 3) nounwind

ST_1: stg_29 [1/1] 0.00ns
:3  call void (...)* @_ssdm_op_SpecPort([10 x i8]* @p_str, i32 0, [7 x i8]* @p_str1, [4 x i8]* @p_str2, i32 0, i32 0, i1* %clk) nounwind

ST_1: stg_30 [1/1] 0.00ns
:4  call void (...)* @_ssdm_op_SpecPort([10 x i8]* @p_str, i32 0, [7 x i8]* @p_str1, [6 x i8]* @p_str3, i32 0, i32 0, i1* %reset) nounwind

ST_1: stg_31 [1/1] 0.00ns
:5  call void (...)* @_ssdm_op_SpecPort([10 x i8]* @p_str, i32 0, [14 x i8]* @p_str4, [5 x i8]* @p_str5, i32 0, i32 0, i10* %pwmR) nounwind

ST_1: stg_32 [1/1] 0.00ns
:6  call void (...)* @_ssdm_op_SpecPort([10 x i8]* @p_str, i32 0, [14 x i8]* @p_str4, [5 x i8]* @p_str6, i32 0, i32 0, i10* %pwmL) nounwind

ST_1: stg_33 [1/1] 0.00ns
:7  call void (...)* @_ssdm_op_SpecPort([10 x i8]* @p_str, i32 0, [7 x i8]* @p_str1, [10 x i8]* @p_str7, i32 0, i32 0, i1* %Direction) nounwind

ST_1: stg_34 [1/1] 0.00ns
:8  call void (...)* @_ssdm_op_SpecPort([10 x i8]* @p_str, i32 1, [7 x i8]* @p_str1, [4 x i8]* @p_str8, i32 0, i32 0, i1* %EN1) nounwind

ST_1: stg_35 [1/1] 0.00ns
:9  call void (...)* @_ssdm_op_SpecPort([10 x i8]* @p_str, i32 1, [7 x i8]* @p_str1, [4 x i8]* @p_str9, i32 0, i32 0, i1* %EN2) nounwind

ST_1: stg_36 [1/1] 0.00ns
:10  call void (...)* @_ssdm_op_SpecPort([10 x i8]* @p_str, i32 1, [7 x i8]* @p_str1, [5 x i8]* @p_str10, i32 0, i32 0, i1* %DIR1) nounwind

ST_1: stg_37 [1/1] 0.00ns
:11  call void (...)* @_ssdm_op_SpecPort([10 x i8]* @p_str, i32 1, [7 x i8]* @p_str1, [5 x i8]* @p_str11, i32 0, i32 0, i1* %DIR2) nounwind

ST_1: stg_38 [1/1] 0.00ns
:12  ret void

ST_1: stg_39 [2/2] 2.52ns
:0  call void @"MotorCtrl::MotorCtrl_MotorCtrl::clockDividerThread"(i1* %clk, i1* %reset, i10* %pwmR, i10* %pwmL, i1* %Direction, i1* %EN1, i1* %EN2, i1* %DIR1, i1* %DIR2, i10* %MotorCtrl_pwmCount_V, i32* %MotorCtrl_dividerCount_V, i1* %MotorCtrl_DIR, i1* %MotorCtrl_pwmClock_V)

ST_1: stg_40 [2/2] 3.91ns
:0  call void @"MotorCtrl::MotorCtrl_MotorCtrl::pwmThread"(i1* %clk, i1* %reset, i10* %pwmR, i10* %pwmL, i1* %Direction, i1* %EN1, i1* %EN2, i1* %DIR1, i1* %DIR2, i10* %MotorCtrl_pwmCount_V, i32* %MotorCtrl_dividerCount_V, i1* %MotorCtrl_DIR, i1* %MotorCtrl_pwmClock_V)


 <State 2>: 2.44ns
ST_2: stg_41 [1/2] 2.44ns
:0  call void @"MotorCtrl::MotorCtrl_MotorCtrl::clockDividerThread"(i1* %clk, i1* %reset, i10* %pwmR, i10* %pwmL, i1* %Direction, i1* %EN1, i1* %EN2, i1* %DIR1, i1* %DIR2, i10* %MotorCtrl_pwmCount_V, i32* %MotorCtrl_dividerCount_V, i1* %MotorCtrl_DIR, i1* %MotorCtrl_pwmClock_V)

ST_2: stg_42 [1/1] 0.00ns
:1  br label %UnifiedUnreachableBlock

ST_2: stg_43 [1/2] 1.84ns
:0  call void @"MotorCtrl::MotorCtrl_MotorCtrl::pwmThread"(i1* %clk, i1* %reset, i10* %pwmR, i10* %pwmL, i1* %Direction, i1* %EN1, i1* %EN2, i1* %DIR1, i1* %DIR2, i10* %MotorCtrl_pwmCount_V, i32* %MotorCtrl_dividerCount_V, i1* %MotorCtrl_DIR, i1* %MotorCtrl_pwmClock_V)

ST_2: stg_44 [1/1] 0.00ns
:1  br label %UnifiedUnreachableBlock

ST_2: stg_45 [1/1] 0.00ns
UnifiedUnreachableBlock:0  unreachable



============================================================
+ Verbose Summary: Binding
============================================================
N/A
* FSMD analyzer results:
  - Output states:
  - Chain level:
	State 1
	State 2


============================================================
+ Verbose Summary: Datapath Resource usage 
============================================================
N/A
