#-----------------------------------------------------------
# Vivado v2014.4 (64-bit)
# SW Build 1071353 on Tue Nov 18 18:29:27 MST 2014
# IP Build 1070531 on Tue Nov 18 01:10:18 MST 2014
# Start of session at: Tue May 19 13:20:53 2015
# Process ID: 11456
# Log file: C:/Users/Kasper/Documents/GitHub/TIHSC/Exercise2/Exercise7/core/exercise7/vivado.log
# Journal file: C:/Users/Kasper/Documents/GitHub/TIHSC/Exercise2/Exercise7/core/exercise7\vivado.jou
#-----------------------------------------------------------
start_gui
open_project C:/Users/Kasper/Documents/GitHub/TIHSC/Exercise2/Exercise7/core/exercise7/exercise7.xpr
Scanning sources...
Finished scanning sources
INFO: [IP_Flow 19-234] Refreshing IP repositories
INFO: [IP_Flow 19-1700] Loaded user IP repository 'c:/Users/Kasper/Documents/GitHub/TIHSC/Exercise2/Exercise7/SC_IO/solution1/impl/ip'.
INFO: [IP_Flow 19-2313] Loaded Vivado IP repository 'C:/Xilinx/Vivado/2014.4/data/ip'.
open_project: Time (s): cpu = 00:00:42 ; elapsed = 00:00:16 . Memory (MB): peak = 726.152 ; gain = 160.441
INFO: [Vivado 12-4158] Exported Hardware file is out of date. Exported hardware information may be inconsistent with respect to the current state of the design. It is recommended that you re-export the design and launch SDK otherwise SDK is launched with out of date hardware system file.
launch_sdk -workspace C:/Users/Kasper/Documents/GitHub/TIHSC/Exercise2/Exercise7/core/exercise7/exercise7.sdk -hwspec C:/Users/Kasper/Documents/GitHub/TIHSC/Exercise2/Exercise7/core/exercise7/exercise7.sdk/system_wrapper.hdf
INFO: [Vivado 12-393] Launching SDK...
INFO: [Vivado 12-417] Running xsdk -workspace C:/Users/Kasper/Documents/GitHub/TIHSC/Exercise2/Exercise7/core/exercise7/exercise7.sdk -hwspec C:/Users/Kasper/Documents/GitHub/TIHSC/Exercise2/Exercise7/core/exercise7/exercise7.sdk/system_wrapper.hdf
INFO: [Vivado 12-3157] SDK launch initiated. Please check console for any further messages.
exit
INFO: [Common 17-206] Exiting Vivado at Tue May 19 15:12:54 2015...
