#-----------------------------------------------------------
# Vivado v2014.4 (64-bit)
# SW Build 1071353 on Tue Nov 18 18:29:27 MST 2014
# IP Build 1070531 on Tue Nov 18 01:10:18 MST 2014
# Start of session at: Mon May 18 23:47:13 2015
# Process ID: 5780
# Log file: C:/Users/Kasper/Documents/GitHub/TIHSC/Exercise2/Exercise7/core/exercise7/vivado.log
# Journal file: C:/Users/Kasper/Documents/GitHub/TIHSC/Exercise2/Exercise7/core/exercise7\vivado.jou
#-----------------------------------------------------------
start_gui
open_project C:/Users/Kasper/Documents/GitHub/TIHSC/Exercise2/Exercise7/core/exercise7/exercise7.xpr
Scanning sources...
Finished scanning sources
INFO: [IP_Flow 19-234] Refreshing IP repositories
INFO: [IP_Flow 19-1700] Loaded user IP repository 'c:/Users/Kasper/Documents/GitHub/TIHSC/Exercise2/Exercise7/SC_IO/solution1/impl/ip'.
INFO: [IP_Flow 19-2313] Loaded Vivado IP repository 'C:/Xilinx/Vivado/2014.4/data/ip'.
open_project: Time (s): cpu = 00:00:38 ; elapsed = 00:00:15 . Memory (MB): peak = 725.176 ; gain = 163.227
open_bd_design {C:/Users/Kasper/Documents/GitHub/TIHSC/Exercise2/Exercise7/core/exercise7/exercise7.srcs/sources_1/bd/system/system.bd}
Adding component instance block -- xilinx.com:ip:processing_system7:5.5 - processing_system7_0
Adding component instance block -- xilinx.com:ip:proc_sys_reset:5.0 - rst_processing_system7_0_100M
Adding component instance block -- xilinx.com:hls:iosc:1.0 - iosc_0
Adding component instance block -- xilinx.com:ip:axi_crossbar:2.1 - xbar
Adding component instance block -- xilinx.com:ip:axi_protocol_converter:2.1 - auto_pc
Successfully read diagram <system> from BD file <C:/Users/Kasper/Documents/GitHub/TIHSC/Exercise2/Exercise7/core/exercise7/exercise7.srcs/sources_1/bd/system/system.bd>
open_bd_design: Time (s): cpu = 00:00:18 ; elapsed = 00:00:12 . Memory (MB): peak = 762.816 ; gain = 37.641
set_property location {3 1030 410} [get_bd_cells iosc_0]
set_property location {3 1030 400} [get_bd_cells iosc_0]
set_property location {3 1020 390} [get_bd_cells iosc_0]
set_property location {3 1020 380} [get_bd_cells iosc_0]
set_property location {3 1020 370} [get_bd_cells iosc_0]
set_property location {120 410} [get_bd_ports inSwitch]
set_property location {120 420} [get_bd_ports inSwitch]
set_property location {120 430} [get_bd_ports inSwitch]
set_property location {3 1030 380} [get_bd_cells iosc_0]
set_property location {3 1020 390} [get_bd_cells iosc_0]
set_property location {3 1020 380} [get_bd_cells iosc_0]
set_property location {3 1020 370} [get_bd_cells iosc_0]
set_property location {3 1030 380} [get_bd_cells iosc_0]
set_property location {120 440} [get_bd_ports inSwitch]
set_property location {120 450} [get_bd_ports inSwitch]
set_property location {120 460} [get_bd_ports inSwitch]
set_property location {120 450} [get_bd_ports inSwitch]
set_property location {120 440} [get_bd_ports inSwitch]
set_property location {3 1020 370} [get_bd_cells iosc_0]
set_property location {3 1030 380} [get_bd_cells iosc_0]
set_property location {3 1020 390} [get_bd_cells iosc_0]
set_property location {3 1020 400} [get_bd_cells iosc_0]
set_property location {3 1020 410} [get_bd_cells iosc_0]
set_property location {120 430} [get_bd_ports inSwitch]
set_property location {120 420} [get_bd_ports inSwitch]
set_property location {120 410} [get_bd_ports inSwitch]
set_property location {120 400} [get_bd_ports inSwitch]
set_property location {120 390} [get_bd_ports inSwitch]
set_property location {120 400} [get_bd_ports inSwitch]
set_property location {120 410} [get_bd_ports inSwitch]
set_property location {120 420} [get_bd_ports inSwitch]
set_property location {120 430} [get_bd_ports inSwitch]
set_property location {120 440} [get_bd_ports inSwitch]
set_property location {120 450} [get_bd_ports inSwitch]
set_property location {3 1030 420} [get_bd_cells iosc_0]
set_property location {120 440} [get_bd_ports inSwitch]
set_property location {120 430} [get_bd_ports inSwitch]
set_property location {120 420} [get_bd_ports inSwitch]
set_property location {120 410} [get_bd_ports inSwitch]
set_property location {3 1030 410} [get_bd_cells iosc_0]
set_property location {3 1030 400} [get_bd_cells iosc_0]
set_property location {3 1020 390} [get_bd_cells iosc_0]
set_property location {3 1020 380} [get_bd_cells iosc_0]
set_property location {3 1020 370} [get_bd_cells iosc_0]
set_property location {3 1030 360} [get_bd_cells iosc_0]
set_property location {3 1030 350} [get_bd_cells iosc_0]
set_property location {3 1030 340} [get_bd_cells iosc_0]
set_property location {3 1030 330} [get_bd_cells iosc_0]
set_property location {3 1030 320} [get_bd_cells iosc_0]
set_property location {3 1030 310} [get_bd_cells iosc_0]
set_property location {3 1030 300} [get_bd_cells iosc_0]
set_property location {3 1030 290} [get_bd_cells iosc_0]
set_property location {3 1030 280} [get_bd_cells iosc_0]
set_property location {3 1040 270} [get_bd_cells iosc_0]
set_property location {120 410} [get_bd_ports inSwitch]
set_property location {120 420} [get_bd_ports inSwitch]
set_property location {120 430} [get_bd_ports inSwitch]
set_property location {120 440} [get_bd_ports inSwitch]
set_property location {120 450} [get_bd_ports inSwitch]
set_property location {120 460} [get_bd_ports inSwitch]
set_property location {120 470} [get_bd_ports inSwitch]
set_property location {120 480} [get_bd_ports inSwitch]
set_property location {120 490} [get_bd_ports inSwitch]
set_property location {120 500} [get_bd_ports inSwitch]
set_property location {120 510} [get_bd_ports inSwitch]
set_property location {120 520} [get_bd_ports inSwitch]
set_property location {120 530} [get_bd_ports inSwitch]
set_property location {120 540} [get_bd_ports inSwitch]
set_property location {120 550} [get_bd_ports inSwitch]
set_property location {120 560} [get_bd_ports inSwitch]
set_property location {120 570} [get_bd_ports inSwitch]
set_property location {120 580} [get_bd_ports inSwitch]
set_property location {120 570} [get_bd_ports inSwitch]
set_property location {120 560} [get_bd_ports inSwitch]
set_property location {120 550} [get_bd_ports inSwitch]
set_property location {120 540} [get_bd_ports inSwitch]
set_property location {120 530} [get_bd_ports inSwitch]
set_property location {120 520} [get_bd_ports inSwitch]
set_property location {120 510} [get_bd_ports inSwitch]
set_property location {120 500} [get_bd_ports inSwitch]
set_property location {120 490} [get_bd_ports inSwitch]
set_property location {120 480} [get_bd_ports inSwitch]
set_property location {120 470} [get_bd_ports inSwitch]
set_property location {120 460} [get_bd_ports inSwitch]
set_property location {120 450} [get_bd_ports inSwitch]
set_property location {120 440} [get_bd_ports inSwitch]
set_property location {120 430} [get_bd_ports inSwitch]
set_property location {120 420} [get_bd_ports inSwitch]
set_property location {120 410} [get_bd_ports inSwitch]
set_property location {120 400} [get_bd_ports inSwitch]
set_property location {120 390} [get_bd_ports inSwitch]
set_property location {120 380} [get_bd_ports inSwitch]
set_property location {120 370} [get_bd_ports inSwitch]
set_property location {120 360} [get_bd_ports inSwitch]
set_property location {120 350} [get_bd_ports inSwitch]
set_property location {120 340} [get_bd_ports inSwitch]
set_property location {120 330} [get_bd_ports inSwitch]
set_property location {120 320} [get_bd_ports inSwitch]
set_property location {120 310} [get_bd_ports inSwitch]
set_property location {120 300} [get_bd_ports inSwitch]
set_property location {120 290} [get_bd_ports inSwitch]
set_property location {120 280} [get_bd_ports inSwitch]
set_property location {120 270} [get_bd_ports inSwitch]
set_property location {120 260} [get_bd_ports inSwitch]
set_property location {120 250} [get_bd_ports inSwitch]
set_property location {120 240} [get_bd_ports inSwitch]
set_property location {120 230} [get_bd_ports inSwitch]
set_property location {120 220} [get_bd_ports inSwitch]
set_property location {120 210} [get_bd_ports inSwitch]
set_property location {120 200} [get_bd_ports inSwitch]
set_property location {120 190} [get_bd_ports inSwitch]
set_property location {120 180} [get_bd_ports inSwitch]
set_property location {120 170} [get_bd_ports inSwitch]
set_property location {120 160} [get_bd_ports inSwitch]
set_property location {120 150} [get_bd_ports inSwitch]
set_property location {120 140} [get_bd_ports inSwitch]
set_property location {120 130} [get_bd_ports inSwitch]
set_property location {120 120} [get_bd_ports inSwitch]
set_property location {120 110} [get_bd_ports inSwitch]
set_property location {120 100} [get_bd_ports inSwitch]
set_property location {120 90} [get_bd_ports inSwitch]
set_property location {120 80} [get_bd_ports inSwitch]
set_property location {120 70} [get_bd_ports inSwitch]
set_property location {120 60} [get_bd_ports inSwitch]
set_property location {120 50} [get_bd_ports inSwitch]
set_property location {120 40} [get_bd_ports inSwitch]
set_property location {120 50} [get_bd_ports inSwitch]
set_property location {120 60} [get_bd_ports inSwitch]
set_property location {120 70} [get_bd_ports inSwitch]
set_property location {120 80} [get_bd_ports inSwitch]
set_property location {120 90} [get_bd_ports inSwitch]
set_property location {120 100} [get_bd_ports inSwitch]
set_property location {120 110} [get_bd_ports inSwitch]
set_property location {120 120} [get_bd_ports inSwitch]
set_property location {120 130} [get_bd_ports inSwitch]
set_property location {120 140} [get_bd_ports inSwitch]
set_property location {120 150} [get_bd_ports inSwitch]
set_property location {120 160} [get_bd_ports inSwitch]
set_property location {120 170} [get_bd_ports inSwitch]
set_property location {120 180} [get_bd_ports inSwitch]
set_property location {120 190} [get_bd_ports inSwitch]
set_property location {120 200} [get_bd_ports inSwitch]
set_property location {120 210} [get_bd_ports inSwitch]
set_property location {120 220} [get_bd_ports inSwitch]
set_property location {120 230} [get_bd_ports inSwitch]
set_property location {120 240} [get_bd_ports inSwitch]
set_property location {120 250} [get_bd_ports inSwitch]
set_property location {120 260} [get_bd_ports inSwitch]
set_property location {120 270} [get_bd_ports inSwitch]
set_property location {120 280} [get_bd_ports inSwitch]
set_property location {120 290} [get_bd_ports inSwitch]
set_property location {120 300} [get_bd_ports inSwitch]
set_property location {120 310} [get_bd_ports inSwitch]
set_property location {120 320} [get_bd_ports inSwitch]
set_property location {120 330} [get_bd_ports inSwitch]
set_property location {120 340} [get_bd_ports inSwitch]
set_property location {120 350} [get_bd_ports inSwitch]
set_property location {120 360} [get_bd_ports inSwitch]
set_property location {120 370} [get_bd_ports inSwitch]
set_property location {120 380} [get_bd_ports inSwitch]
set_property location {120 390} [get_bd_ports inSwitch]
set_property location {120 400} [get_bd_ports inSwitch]
set_property location {120 410} [get_bd_ports inSwitch]
set_property location {120 420} [get_bd_ports inSwitch]
set_property location {120 430} [get_bd_ports inSwitch]
set_property location {120 440} [get_bd_ports inSwitch]
set_property location {120 450} [get_bd_ports inSwitch]
set_property location {120 440} [get_bd_ports inSwitch]
set_property location {120 430} [get_bd_ports inSwitch]
set_property location {120 420} [get_bd_ports inSwitch]
set_property location {120 410} [get_bd_ports inSwitch]
set_property location {3 1040 280} [get_bd_cells iosc_0]
set_property location {3 1040 290} [get_bd_cells iosc_0]
set_property location {3 1030 300} [get_bd_cells iosc_0]
set_property location {3 1030 310} [get_bd_cells iosc_0]
set_property location {3 1030 320} [get_bd_cells iosc_0]
set_property location {3 1030 330} [get_bd_cells iosc_0]
set_property location {3 1040 340} [get_bd_cells iosc_0]
set_property location {3 1040 350} [get_bd_cells iosc_0]
set_property location {3 1040 360} [get_bd_cells iosc_0]
launch_sdk -workspace C:/Users/Kasper/Documents/GitHub/TIHSC/Exercise2/Exercise7/core/exercise7/exercise7.sdk -hwspec C:/Users/Kasper/Documents/GitHub/TIHSC/Exercise2/Exercise7/core/exercise7/exercise7.sdk/system_wrapper.hdf
INFO: [Vivado 12-393] Launching SDK...
INFO: [Vivado 12-417] Running xsdk -workspace C:/Users/Kasper/Documents/GitHub/TIHSC/Exercise2/Exercise7/core/exercise7/exercise7.sdk -hwspec C:/Users/Kasper/Documents/GitHub/TIHSC/Exercise2/Exercise7/core/exercise7/exercise7.sdk/system_wrapper.hdf
INFO: [Vivado 12-3157] SDK launch initiated. Please check console for any further messages.
save_bd_design
Wrote  : <C:/Users/Kasper/Documents/GitHub/TIHSC/Exercise2/Exercise7/core/exercise7/exercise7.srcs/sources_1/bd/system/system.bd> 
exit
INFO: [Common 17-206] Exiting Vivado at Mon May 18 23:54:05 2015...
