@I [LIC-101] Checked out feature [VIVADO_HLS]
@I [HLS-10] Running 'C:/Xilinx/Vivado_HLS/2014.4/bin/unwrapped/win64.o/vivado_hls.exe'
            for user 'Kasper' on host 'kasper-pc' (Windows NT_amd64 version 6.2) on Fri May 15 11:12:56 +0200 2015
            in directory 'C:/Users/Kasper/Documents/GitHub/TIHSC/Exercise2/Exercise7'
@I [HLS-10] Opening project 'C:/Users/Kasper/Documents/GitHub/TIHSC/Exercise2/Exercise7/SC_IO'.
@I [HLS-10] Opening solution 'C:/Users/Kasper/Documents/GitHub/TIHSC/Exercise2/Exercise7/SC_IO/solution1'.
@I [SYN-201] Setting up clock 'default' with a period of 10ns.
@I [LIC-101] Checked out feature [VIVADO_HLS]
@I [HLS-10] Setting target device to 'xc7z010clg400-1'
@I [IMPL-8] Exporting RTL as an IP in IP-XACT.

****** Vivado v2014.4 (64-bit)
  **** SW Build 1071353 on Tue Nov 18 18:29:27 MST 2014
  **** IP Build 1070531 on Tue Nov 18 01:10:18 MST 2014
    ** Copyright 1986-2014 Xilinx, Inc. All Rights Reserved.

source run_ippack.tcl -notrace
INFO: [IP_Flow 19-234] Refreshing IP repositories
INFO: [IP_Flow 19-1704] No user IP repositories specified
INFO: [IP_Flow 19-2313] Loaded Vivado IP repository 'c:/Xilinx/Vivado/2014.4/data/ip'.
INFO: [Common 17-206] Exiting Vivado at Fri May 15 11:13:05 2015...
@I [LIC-101] Checked in feature [VIVADO_HLS]
